2026-04-27 09:21:08,009 - INFO - Старт анализа. БД: D:\МК_Кран\script_M_Kran\database\BD_Kingisepp\M_Kran_Kingesepp.db, таблица: wl_china
2026-04-27 09:21:08,010 - WARNING - Не найден список пар/гор/вода: пар_гор_вода.xlsx
2026-04-27 09:21:08,010 - WARNING - Не найден файл правила объёма (например '10%_..._V.xlsx') в D:\МК_Кран\script_M_Kran
2026-04-27 09:21:08,010 - WARNING - Не найден файл правила 10% от объёма по чертежу: 10%_от_об_V.xlsx
2026-04-27 09:21:08,687 - INFO - Обновление wl_china из condition_weld выполнено, затронуто строк: 47
2026-04-27 09:21:08,702 - INFO - Нормализация pending-статусов в wl_china выполнена, затронуто строк: 39
2026-04-27 09:21:09,204 - INFO - Колонка 'Номер_сварного_шва' сопоставлена с 'Номер_сварного_шва' по алиасу
2026-04-27 09:21:09,205 - INFO - Колонка 'Номер_чертежа' сопоставлена с 'Номер_чертежа' по алиасу
2026-04-27 09:21:09,205 - INFO - Колонка 'N_Линии' сопоставлена с 'N_Линии' по алиасу
2026-04-27 09:21:09,205 - INFO - Колонка 'Клеймо_сварщика_корневой_слой' сопоставлена с 'Клеймо_сварщика_корневой_слой' по алиасу
2026-04-27 09:21:09,205 - INFO - Колонка 'Клеймо_сварщика_заполнение_облицовка' сопоставлена с 'Клеймо_сварщика_заполнение_облицовка' по алиасу
2026-04-27 09:21:09,205 - INFO - Колонка 'Проектный_контроля' сопоставлена с 'Проектный_контроля' по алиасу
2026-04-27 09:21:09,206 - INFO - Колонка 'Заключение_РК_N' сопоставлена с 'Заключение_РК_N' по алиасу
2026-04-27 09:21:09,206 - INFO - Колонка 'Дата_Заключения_РК' сопоставлена с 'Дата_Заключения_РК' по алиасу
2026-04-27 09:21:09,206 - INFO - Колонка 'Результаты_Заключения_РК' сопоставлена с 'Результаты_Заключения_РК' по алиасу
2026-04-27 09:21:15,421 - INFO - Готово. Отчёт: D:\МК_Кран\МК_Кран_Кингесеп\ОГС\Журналы\Результат_анализа_по_ГОСТ_32569_12_3_17_DEV__V5_27.04.2026.xlsx
2026-04-28 08:20:02,910 - INFO - Старт анализа. БД: D:\МК_Кран\script_M_Kran\database\BD_Kingisepp\M_Kran_Kingesepp.db, таблица: wl_china
2026-04-28 08:20:02,910 - WARNING - Не найден список пар/гор/вода: пар_гор_вода.xlsx
2026-04-28 08:20:02,911 - WARNING - Не найден файл правила объёма (например '10%_..._V.xlsx') в D:\МК_Кран\script_M_Kran
2026-04-28 08:20:02,912 - WARNING - Не найден файл правила 10% от объёма по чертежу: 10%_от_об_V.xlsx
2026-04-28 08:20:03,734 - INFO - Обновление wl_china из condition_weld выполнено, затронуто строк: 46
2026-04-28 08:20:03,748 - INFO - Нормализация pending-статусов в wl_china выполнена, затронуто строк: 38
2026-04-28 08:20:04,259 - INFO - Колонка 'Номер_сварного_шва' сопоставлена с 'Номер_сварного_шва' по алиасу
2026-04-28 08:20:04,260 - INFO - Колонка 'Номер_чертежа' сопоставлена с 'Номер_чертежа' по алиасу
2026-04-28 08:20:04,260 - INFO - Колонка 'N_Линии' сопоставлена с 'N_Линии' по алиасу
2026-04-28 08:20:04,260 - INFO - Колонка 'Клеймо_сварщика_корневой_слой' сопоставлена с 'Клеймо_сварщика_корневой_слой' по алиасу
2026-04-28 08:20:04,261 - INFO - Колонка 'Клеймо_сварщика_заполнение_облицовка' сопоставлена с 'Клеймо_сварщика_заполнение_облицовка' по алиасу
2026-04-28 08:20:04,261 - INFO - Колонка 'Проектный_контроля' сопоставлена с 'Проектный_контроля' по алиасу
2026-04-28 08:20:04,261 - INFO - Колонка 'Заключение_РК_N' сопоставлена с 'Заключение_РК_N' по алиасу
2026-04-28 08:20:04,261 - INFO - Колонка 'Дата_Заключения_РК' сопоставлена с 'Дата_Заключения_РК' по алиасу
2026-04-28 08:20:04,262 - INFO - Колонка 'Результаты_Заключения_РК' сопоставлена с 'Результаты_Заключения_РК' по алиасу
2026-04-28 08:20:10,332 - INFO - Готово. Отчёт: D:\МК_Кран\МК_Кран_Кингесеп\ОГС\Журналы\Результат_анализа_по_ГОСТ_32569_12_3_17_DEV__V5_28.04.2026.xlsx
2026-04-28 12:44:39,915 - INFO - Старт анализа. БД: D:\МК_Кран\script_M_Kran\database\BD_Kingisepp\M_Kran_Kingesepp.db, таблица: wl_china
2026-04-28 12:44:39,915 - WARNING - Не найден список пар/гор/вода: пар_гор_вода.xlsx
2026-04-28 12:44:39,916 - WARNING - Не найден файл правила объёма (например '10%_..._V.xlsx') в D:\МК_Кран\script_M_Kran
2026-04-28 12:44:39,916 - WARNING - Не найден файл правила 10% от объёма по чертежу: 10%_от_об_V.xlsx
2026-04-28 12:44:40,645 - INFO - Обновление wl_china из condition_weld выполнено, затронуто строк: 45
2026-04-28 12:44:40,662 - INFO - Нормализация pending-статусов в wl_china выполнена, затронуто строк: 38
2026-04-28 12:44:41,206 - INFO - Колонка 'Номер_сварного_шва' сопоставлена с 'Номер_сварного_шва' по алиасу
2026-04-28 12:44:41,206 - INFO - Колонка 'Номер_чертежа' сопоставлена с 'Номер_чертежа' по алиасу
2026-04-28 12:44:41,207 - INFO - Колонка 'N_Линии' сопоставлена с 'N_Линии' по алиасу
2026-04-28 12:44:41,207 - INFO - Колонка 'Клеймо_сварщика_корневой_слой' сопоставлена с 'Клеймо_сварщика_корневой_слой' по алиасу
2026-04-28 12:44:41,207 - INFO - Колонка 'Клеймо_сварщика_заполнение_облицовка' сопоставлена с 'Клеймо_сварщика_заполнение_облицовка' по алиасу
2026-04-28 12:44:41,207 - INFO - Колонка 'Проектный_контроля' сопоставлена с 'Проектный_контроля' по алиасу
2026-04-28 12:44:41,207 - INFO - Колонка 'Заключение_РК_N' сопоставлена с 'Заключение_РК_N' по алиасу
2026-04-28 12:44:41,207 - INFO - Колонка 'Дата_Заключения_РК' сопоставлена с 'Дата_Заключения_РК' по алиасу
2026-04-28 12:44:41,208 - INFO - Колонка 'Результаты_Заключения_РК' сопоставлена с 'Результаты_Заключения_РК' по алиасу
2026-04-28 12:44:48,292 - INFO - Готово. Отчёт: D:\МК_Кран\МК_Кран_Кингесеп\ОГС\Журналы\Результат_анализа_по_ГОСТ_32569_12_3_17_DEV__V5_28.04.2026.xlsx
2026-04-28 12:50:46,514 - INFO - Старт анализа. БД: D:\МК_Кран\script_M_Kran\database\BD_Kingisepp\M_Kran_Kingesepp.db, таблица: wl_china
2026-04-28 12:50:46,515 - WARNING - Не найден список пар/гор/вода: пар_гор_вода.xlsx
2026-04-28 12:50:46,516 - WARNING - Не найден файл правила объёма (например '10%_..._V.xlsx') в D:\МК_Кран\script_M_Kran
2026-04-28 12:50:46,516 - WARNING - Не найден файл правила 10% от объёма по чертежу: 10%_от_об_V.xlsx
2026-04-28 12:50:59,153 - INFO - Старт анализа. БД: D:\МК_Кран\script_M_Kran\database\BD_Kingisepp\M_Kran_Kingesepp.db, таблица: wl_china
2026-04-28 12:50:59,154 - WARNING - Не найден список пар/гор/вода: пар_гор_вода.xlsx
2026-04-28 12:50:59,154 - WARNING - Не найден файл правила объёма (например '10%_..._V.xlsx') в D:\МК_Кран\script_M_Kran
2026-04-28 12:50:59,155 - WARNING - Не найден файл правила 10% от объёма по чертежу: 10%_от_об_V.xlsx
2026-04-28 12:52:17,665 - INFO - Старт анализа. БД: D:\МК_Кран\script_M_Kran\database\BD_Kingisepp\M_Kran_Kingesepp.db, таблица: wl_china
2026-04-28 12:52:17,667 - WARNING - Не найден список пар/гор/вода: пар_гор_вода.xlsx
2026-04-28 12:52:17,667 - WARNING - Не найден файл правила объёма (например '10%_..._V.xlsx') в D:\МК_Кран\script_M_Kran
2026-04-28 12:52:17,668 - WARNING - Не найден файл правила 10% от объёма по чертежу: 10%_от_об_V.xlsx
2026-04-28 12:52:18,365 - INFO - Обновление wl_china из condition_weld выполнено, затронуто строк: 46
2026-04-28 12:52:18,377 - INFO - Нормализация pending-статусов в wl_china выполнена, затронуто строк: 34
2026-04-28 12:52:18,944 - INFO - Колонка 'Номер_сварного_шва' сопоставлена с 'Номер_сварного_шва' по алиасу
2026-04-28 12:52:18,945 - INFO - Колонка 'Номер_чертежа' сопоставлена с 'Номер_чертежа' по алиасу
2026-04-28 12:52:18,945 - INFO - Колонка 'N_Линии' сопоставлена с 'N_Линии' по алиасу
2026-04-28 12:52:18,945 - INFO - Колонка 'Клеймо_сварщика_корневой_слой' сопоставлена с 'Клеймо_сварщика_корневой_слой' по алиасу
2026-04-28 12:52:18,945 - INFO - Колонка 'Клеймо_сварщика_заполнение_облицовка' сопоставлена с 'Клеймо_сварщика_заполнение_облицовка' по алиасу
2026-04-28 12:52:18,946 - INFO - Колонка 'Проектный_контроля' сопоставлена с 'Проектный_контроля' по алиасу
2026-04-28 12:52:18,946 - INFO - Колонка 'Заключение_РК_N' сопоставлена с 'Заключение_РК_N' по алиасу
2026-04-28 12:52:18,946 - INFO - Колонка 'Дата_Заключения_РК' сопоставлена с 'Дата_Заключения_РК' по алиасу
2026-04-28 12:52:18,946 - INFO - Колонка 'Результаты_Заключения_РК' сопоставлена с 'Результаты_Заключения_РК' по алиасу
2026-04-28 12:52:25,344 - INFO - Готово. Отчёт: D:\МК_Кран\МК_Кран_Кингесеп\ОГС\Журналы\Результат_анализа_по_ГОСТ_32569_12_3_17_DEV__V5_28.04.2026.xlsx
2026-04-29 08:48:47,946 - INFO - Старт анализа. БД: D:\МК_Кран\script_M_Kran\database\BD_Kingisepp\M_Kran_Kingesepp.db, таблица: wl_china
2026-04-29 08:48:47,947 - WARNING - Не найден список пар/гор/вода: пар_гор_вода.xlsx
2026-04-29 08:48:47,947 - WARNING - Не найден файл правила объёма (например '10%_..._V.xlsx') в D:\МК_Кран\script_M_Kran
2026-04-29 08:48:47,948 - WARNING - Не найден файл правила 10% от объёма по чертежу: 10%_от_об_V.xlsx
2026-04-29 08:48:48,649 - INFO - Обновление wl_china из condition_weld выполнено, затронуто строк: 44
2026-04-29 08:48:48,661 - INFO - Нормализация pending-статусов в wl_china выполнена, затронуто строк: 37
2026-04-29 08:48:49,116 - INFO - Колонка 'Номер_сварного_шва' сопоставлена с 'Номер_сварного_шва' по алиасу
2026-04-29 08:48:49,116 - INFO - Колонка 'Номер_чертежа' сопоставлена с 'Номер_чертежа' по алиасу
2026-04-29 08:48:49,116 - INFO - Колонка 'N_Линии' сопоставлена с 'N_Линии' по алиасу
2026-04-29 08:48:49,117 - INFO - Колонка 'Клеймо_сварщика_корневой_слой' сопоставлена с 'Клеймо_сварщика_корневой_слой' по алиасу
2026-04-29 08:48:49,117 - INFO - Колонка 'Клеймо_сварщика_заполнение_облицовка' сопоставлена с 'Клеймо_сварщика_заполнение_облицовка' по алиасу
2026-04-29 08:48:49,117 - INFO - Колонка 'Проектный_контроля' сопоставлена с 'Проектный_контроля' по алиасу
2026-04-29 08:48:49,117 - INFO - Колонка 'Заключение_РК_N' сопоставлена с 'Заключение_РК_N' по алиасу
2026-04-29 08:48:49,118 - INFO - Колонка 'Дата_Заключения_РК' сопоставлена с 'Дата_Заключения_РК' по алиасу
2026-04-29 08:48:49,118 - INFO - Колонка 'Результаты_Заключения_РК' сопоставлена с 'Результаты_Заключения_РК' по алиасу
2026-04-29 08:48:51,414 - INFO - Сравнение 'СводнаяАнализ' с предыдущим отчётом: D:\МК_Кран\МК_Кран_Кингесеп\ОГС\Журналы\Результат_анализа_по_ГОСТ_32569_12_3_17_DEV__V5_28.04.2026.xlsx
2026-04-29 08:48:56,309 - INFO - Готово. Отчёт: D:\МК_Кран\МК_Кран_Кингесеп\ОГС\Журналы\Результат_анализа_по_ГОСТ_32569_12_3_17_DEV__V5_29.04.2026.xlsx
2026-04-29 10:32:35,559 - INFO - Старт анализа. БД: D:\МК_Кран\script_M_Kran\database\BD_Kingisepp\M_Kran_Kingesepp.db, таблица: wl_china
2026-04-29 10:32:35,560 - WARNING - Не найден список пар/гор/вода: пар_гор_вода.xlsx
2026-04-29 10:32:35,560 - WARNING - Не найден файл правила объёма (например '10%_..._V.xlsx') в D:\МК_Кран\script_M_Kran
2026-04-29 10:32:35,560 - WARNING - Не найден файл правила 10% от объёма по чертежу: 10%_от_об_V.xlsx
2026-04-29 10:32:36,256 - INFO - Обновление wl_china из condition_weld выполнено, затронуто строк: 43
2026-04-29 10:32:36,272 - INFO - Нормализация pending-статусов в wl_china выполнена, затронуто строк: 37
2026-04-29 10:32:36,747 - INFO - Колонка 'Номер_сварного_шва' сопоставлена с 'Номер_сварного_шва' по алиасу
2026-04-29 10:32:36,747 - INFO - Колонка 'Номер_чертежа' сопоставлена с 'Номер_чертежа' по алиасу
2026-04-29 10:32:36,747 - INFO - Колонка 'N_Линии' сопоставлена с 'N_Линии' по алиасу
2026-04-29 10:32:36,747 - INFO - Колонка 'Клеймо_сварщика_корневой_слой' сопоставлена с 'Клеймо_сварщика_корневой_слой' по алиасу
2026-04-29 10:32:36,748 - INFO - Колонка 'Клеймо_сварщика_заполнение_облицовка' сопоставлена с 'Клеймо_сварщика_заполнение_облицовка' по алиасу
2026-04-29 10:32:36,748 - INFO - Колонка 'Проектный_контроля' сопоставлена с 'Проектный_контроля' по алиасу
2026-04-29 10:32:36,748 - INFO - Колонка 'Заключение_РК_N' сопоставлена с 'Заключение_РК_N' по алиасу
2026-04-29 10:32:36,748 - INFO - Колонка 'Дата_Заключения_РК' сопоставлена с 'Дата_Заключения_РК' по алиасу
2026-04-29 10:32:36,748 - INFO - Колонка 'Результаты_Заключения_РК' сопоставлена с 'Результаты_Заключения_РК' по алиасу
2026-04-29 10:32:39,105 - INFO - Сравнение 'СводнаяАнализ' с предыдущим отчётом: D:\МК_Кран\МК_Кран_Кингесеп\ОГС\Журналы\Результат_анализа_по_ГОСТ_32569_12_3_17_DEV__V5_28.04.2026.xlsx
2026-04-29 10:32:44,344 - INFO - Готово. Отчёт: D:\МК_Кран\МК_Кран_Кингесеп\ОГС\Журналы\Результат_анализа_по_ГОСТ_32569_12_3_17_DEV__V5_29.04.2026.xlsx
2026-05-01 09:20:28,658 - INFO - Старт анализа. БД: D:\МК_Кран\script_M_Kran\database\BD_Kingisepp\M_Kran_Kingesepp.db, таблица: wl_china
2026-05-01 09:20:28,660 - WARNING - Не найден список пар/гор/вода: пар_гор_вода.xlsx
2026-05-01 09:20:28,661 - WARNING - Не найден файл правила объёма (например '10%_..._V.xlsx') в D:\МК_Кран\script_M_Kran
2026-05-01 09:20:28,661 - WARNING - Не найден файл правила 10% от объёма по чертежу: 10%_от_об_V.xlsx
2026-05-01 09:20:29,413 - INFO - Обновление wl_china из condition_weld выполнено, затронуто строк: 44
2026-05-01 09:20:29,424 - INFO - Нормализация pending-статусов в wl_china выполнена, затронуто строк: 32
2026-05-01 09:20:29,922 - INFO - Колонка 'Номер_сварного_шва' сопоставлена с 'Номер_сварного_шва' по алиасу
2026-05-01 09:20:29,922 - INFO - Колонка 'Номер_чертежа' сопоставлена с 'Номер_чертежа' по алиасу
2026-05-01 09:20:29,923 - INFO - Колонка 'N_Линии' сопоставлена с 'N_Линии' по алиасу
2026-05-01 09:20:29,923 - INFO - Колонка 'Клеймо_сварщика_корневой_слой' сопоставлена с 'Клеймо_сварщика_корневой_слой' по алиасу
2026-05-01 09:20:29,923 - INFO - Колонка 'Клеймо_сварщика_заполнение_облицовка' сопоставлена с 'Клеймо_сварщика_заполнение_облицовка' по алиасу
2026-05-01 09:20:29,923 - INFO - Колонка 'Проектный_контроля' сопоставлена с 'Проектный_контроля' по алиасу
2026-05-01 09:20:29,923 - INFO - Колонка 'Заключение_РК_N' сопоставлена с 'Заключение_РК_N' по алиасу
2026-05-01 09:20:29,923 - INFO - Колонка 'Дата_Заключения_РК' сопоставлена с 'Дата_Заключения_РК' по алиасу
2026-05-01 09:20:29,924 - INFO - Колонка 'Результаты_Заключения_РК' сопоставлена с 'Результаты_Заключения_РК' по алиасу
2026-05-01 09:20:32,417 - INFO - Сравнение 'СводнаяАнализ' с предыдущим отчётом: D:\МК_Кран\МК_Кран_Кингесеп\ОГС\Журналы\Результат_анализа_по_ГОСТ_32569_12_3_17_DEV__V5_29.04.2026.xlsx
2026-05-01 09:20:37,706 - INFO - Готово. Отчёт: D:\МК_Кран\МК_Кран_Кингесеп\ОГС\Журналы\Результат_анализа_по_ГОСТ_32569_12_3_17_DEV__V5_01.05.2026.xlsx
2026-05-02 11:00:23,210 - INFO - Старт анализа. БД: D:\МК_Кран\script_M_Kran\database\BD_Kingisepp\M_Kran_Kingesepp.db, таблица: wl_china
2026-05-02 11:00:23,211 - WARNING - Не найден список пар/гор/вода: пар_гор_вода.xlsx
2026-05-02 11:00:23,211 - WARNING - Не найден файл правила объёма (например '10%_..._V.xlsx') в D:\МК_Кран\script_M_Kran
2026-05-02 11:00:23,212 - WARNING - Не найден файл правила 10% от объёма по чертежу: 10%_от_об_V.xlsx
2026-05-02 11:00:23,961 - INFO - Обновление wl_china из condition_weld выполнено, затронуто строк: 43
2026-05-02 11:00:23,976 - INFO - Нормализация pending-статусов в wl_china выполнена, затронуто строк: 32
2026-05-02 11:00:24,385 - INFO - Колонка 'Номер_сварного_шва' сопоставлена с 'Номер_сварного_шва' по алиасу
2026-05-02 11:00:24,385 - INFO - Колонка 'Номер_чертежа' сопоставлена с 'Номер_чертежа' по алиасу
2026-05-02 11:00:24,385 - INFO - Колонка 'N_Линии' сопоставлена с 'N_Линии' по алиасу
2026-05-02 11:00:24,385 - INFO - Колонка 'Клеймо_сварщика_корневой_слой' сопоставлена с 'Клеймо_сварщика_корневой_слой' по алиасу
2026-05-02 11:00:24,386 - INFO - Колонка 'Клеймо_сварщика_заполнение_облицовка' сопоставлена с 'Клеймо_сварщика_заполнение_облицовка' по алиасу
2026-05-02 11:00:24,386 - INFO - Колонка 'Проектный_контроля' сопоставлена с 'Проектный_контроля' по алиасу
2026-05-02 11:00:24,386 - INFO - Колонка 'Заключение_РК_N' сопоставлена с 'Заключение_РК_N' по алиасу
2026-05-02 11:00:24,386 - INFO - Колонка 'Дата_Заключения_РК' сопоставлена с 'Дата_Заключения_РК' по алиасу
2026-05-02 11:00:24,387 - INFO - Колонка 'Результаты_Заключения_РК' сопоставлена с 'Результаты_Заключения_РК' по алиасу
2026-05-02 11:00:26,791 - INFO - СводнаяАнализ + RfiStatusBySk: строк 619, с непустым «Конструктив / RFI№» после объединения: 102
2026-05-02 11:00:26,795 - INFO - Сравнение 'СводнаяАнализ' с предыдущим отчётом: D:\МК_Кран\МК_Кран_Кингесеп\ОГС\Журналы\Результат_анализа_по_ГОСТ_32569_12_3_17_DEV__V5_01.05.2026.xlsx
2026-05-02 11:00:32,265 - INFO - Готово. Отчёт: D:\МК_Кран\МК_Кран_Кингесеп\ОГС\Журналы\Результат_анализа_по_ГОСТ_32569_12_3_17_DEV__V5_02.05.2026.xlsx
2026-05-02 11:02:48,400 - INFO - Старт анализа. БД: D:\МК_Кран\script_M_Kran\database\BD_Kingisepp\M_Kran_Kingesepp.db, таблица: wl_china
2026-05-02 11:02:48,400 - WARNING - Не найден список пар/гор/вода: пар_гор_вода.xlsx
2026-05-02 11:02:48,401 - WARNING - Не найден файл правила объёма (например '10%_..._V.xlsx') в D:\МК_Кран\script_M_Kran
2026-05-02 11:02:48,401 - WARNING - Не найден файл правила 10% от объёма по чертежу: 10%_от_об_V.xlsx
2026-05-02 11:02:49,138 - INFO - Обновление wl_china из condition_weld выполнено, затронуто строк: 43
2026-05-02 11:02:49,148 - INFO - Нормализация pending-статусов в wl_china выполнена, затронуто строк: 32
2026-05-02 11:02:49,586 - INFO - Колонка 'Номер_сварного_шва' сопоставлена с 'Номер_сварного_шва' по алиасу
2026-05-02 11:02:49,587 - INFO - Колонка 'Номер_чертежа' сопоставлена с 'Номер_чертежа' по алиасу
2026-05-02 11:02:49,587 - INFO - Колонка 'N_Линии' сопоставлена с 'N_Линии' по алиасу
2026-05-02 11:02:49,587 - INFO - Колонка 'Клеймо_сварщика_корневой_слой' сопоставлена с 'Клеймо_сварщика_корневой_слой' по алиасу
2026-05-02 11:02:49,587 - INFO - Колонка 'Клеймо_сварщика_заполнение_облицовка' сопоставлена с 'Клеймо_сварщика_заполнение_облицовка' по алиасу
2026-05-02 11:02:49,588 - INFO - Колонка 'Проектный_контроля' сопоставлена с 'Проектный_контроля' по алиасу
2026-05-02 11:02:49,588 - INFO - Колонка 'Заключение_РК_N' сопоставлена с 'Заключение_РК_N' по алиасу
2026-05-02 11:02:49,588 - INFO - Колонка 'Дата_Заключения_РК' сопоставлена с 'Дата_Заключения_РК' по алиасу
2026-05-02 11:02:49,588 - INFO - Колонка 'Результаты_Заключения_РК' сопоставлена с 'Результаты_Заключения_РК' по алиасу
2026-05-02 11:02:51,839 - INFO - СводнаяАнализ + RfiStatusBySk: строк 619, с непустым «Конструктив / RFI№» после объединения: 102
2026-05-02 11:02:51,842 - INFO - Сравнение 'СводнаяАнализ' с предыдущим отчётом: D:\МК_Кран\МК_Кран_Кингесеп\ОГС\Журналы\Результат_анализа_по_ГОСТ_32569_12_3_17_DEV__V5_01.05.2026.xlsx
2026-05-02 11:02:57,130 - INFO - Готово. Отчёт: D:\МК_Кран\МК_Кран_Кингесеп\ОГС\Журналы\Результат_анализа_по_ГОСТ_32569_12_3_17_DEV__V5_02.05.2026.xlsx
2026-05-02 11:05:53,108 - INFO - Старт анализа. БД: D:\МК_Кран\script_M_Kran\database\BD_Kingisepp\M_Kran_Kingesepp.db, таблица: wl_china
2026-05-02 11:05:53,110 - WARNING - Не найден список пар/гор/вода: пар_гор_вода.xlsx
2026-05-02 11:05:53,110 - WARNING - Не найден файл правила объёма (например '10%_..._V.xlsx') в D:\МК_Кран\script_M_Kran
2026-05-02 11:05:53,111 - WARNING - Не найден файл правила 10% от объёма по чертежу: 10%_от_об_V.xlsx
2026-05-02 11:05:53,852 - INFO - Обновление wl_china из condition_weld выполнено, затронуто строк: 43
2026-05-02 11:05:53,864 - INFO - Нормализация pending-статусов в wl_china выполнена, затронуто строк: 32
2026-05-02 11:05:54,306 - INFO - Колонка 'Номер_сварного_шва' сопоставлена с 'Номер_сварного_шва' по алиасу
2026-05-02 11:05:54,306 - INFO - Колонка 'Номер_чертежа' сопоставлена с 'Номер_чертежа' по алиасу
2026-05-02 11:05:54,307 - INFO - Колонка 'N_Линии' сопоставлена с 'N_Линии' по алиасу
2026-05-02 11:05:54,307 - INFO - Колонка 'Клеймо_сварщика_корневой_слой' сопоставлена с 'Клеймо_сварщика_корневой_слой' по алиасу
2026-05-02 11:05:54,307 - INFO - Колонка 'Клеймо_сварщика_заполнение_облицовка' сопоставлена с 'Клеймо_сварщика_заполнение_облицовка' по алиасу
2026-05-02 11:05:54,308 - INFO - Колонка 'Проектный_контроля' сопоставлена с 'Проектный_контроля' по алиасу
2026-05-02 11:05:54,308 - INFO - Колонка 'Заключение_РК_N' сопоставлена с 'Заключение_РК_N' по алиасу
2026-05-02 11:05:54,308 - INFO - Колонка 'Дата_Заключения_РК' сопоставлена с 'Дата_Заключения_РК' по алиасу
2026-05-02 11:05:54,308 - INFO - Колонка 'Результаты_Заключения_РК' сопоставлена с 'Результаты_Заключения_РК' по алиасу
2026-05-02 11:05:56,561 - INFO - СводнаяАнализ + RfiStatusBySk: строк 619, с непустым «Конструктив / RFI№» после объединения: 102
2026-05-02 11:05:56,564 - INFO - Сравнение 'СводнаяАнализ' с предыдущим отчётом: D:\МК_Кран\МК_Кран_Кингесеп\ОГС\Журналы\Результат_анализа_по_ГОСТ_32569_12_3_17_DEV__V5_01.05.2026.xlsx
2026-05-02 11:06:01,981 - INFO - Готово. Отчёт: D:\МК_Кран\МК_Кран_Кингесеп\ОГС\Журналы\Результат_анализа_по_ГОСТ_32569_12_3_17_DEV__V5_02.05.2026.xlsx
2026-05-02 11:06:06,296 - INFO - Колонки RFI на «СводнаяАнализ» размещены после «Всего не верифицированно».
2026-05-02 11:08:57,138 - INFO - Старт анализа. БД: D:\МК_Кран\script_M_Kran\database\BD_Kingisepp\M_Kran_Kingesepp.db, таблица: wl_china
2026-05-02 11:08:57,151 - INFO - Список пар/гор/вода загружен: 48 линий, 0 пар (чертёж+линия)
2026-05-02 11:08:57,154 - INFO - Список пар/гор/вода: файл из папки D:\МК_Кран\МК_Кран_Кингесеп\ОГС\Журналы
2026-05-02 11:08:57,164 - INFO - Файл правила объёма найден: 10%_от_об_V.xlsx (листы: ['10_от_V'])
2026-05-02 11:08:57,186 - INFO - Колонки файла правила объёма: ['титул / title', 'Изм./ Rev. ', 'Номер линии / Line No', 'код_среды']
2026-05-02 11:08:57,189 - INFO - Первые 10 строк файла правила объёма:
титул / title Изм./ Rev.  Номер линии / Line No код_среды
        12460           -          087-FLL-0600       FLL
        12460           -          087-FLL-0601       FLL
        12460           -          087-FLL-0602       FLL
        12460           -          087-FLL-0603       FLL
        12460           -          087-FLL-0604       FLL
        12460           -          087-FLL-0605       FLL
        12460           -          087-ING-0600       ING
        12460           -          087-ING-0601       ING
        12460           -          087-ING-0602       ING
        12460           -          087-ING-0603       ING
2026-05-02 11:08:57,247 - INFO - Правило 10% от объёма по чертежу: загружено 263 линий из 10%_от_об_V.xlsx
2026-05-02 11:08:57,248 - INFO - Правило 10% от объёма: файл из папки D:\МК_Кран\МК_Кран_Кингесеп\ОГС\Журналы
2026-05-02 11:08:57,994 - INFO - Обновление wl_china из condition_weld выполнено, затронуто строк: 43
2026-05-02 11:08:58,002 - INFO - Нормализация pending-статусов в wl_china выполнена, затронуто строк: 32
2026-05-02 11:08:58,478 - INFO - Колонка 'Номер_сварного_шва' сопоставлена с 'Номер_сварного_шва' по алиасу
2026-05-02 11:08:58,479 - INFO - Колонка 'Номер_чертежа' сопоставлена с 'Номер_чертежа' по алиасу
2026-05-02 11:08:58,479 - INFO - Колонка 'N_Линии' сопоставлена с 'N_Линии' по алиасу
2026-05-02 11:08:58,479 - INFO - Колонка 'Клеймо_сварщика_корневой_слой' сопоставлена с 'Клеймо_сварщика_корневой_слой' по алиасу
2026-05-02 11:08:58,479 - INFO - Колонка 'Клеймо_сварщика_заполнение_облицовка' сопоставлена с 'Клеймо_сварщика_заполнение_облицовка' по алиасу
2026-05-02 11:08:58,480 - INFO - Колонка 'Проектный_контроля' сопоставлена с 'Проектный_контроля' по алиасу
2026-05-02 11:08:58,480 - INFO - Колонка 'Заключение_РК_N' сопоставлена с 'Заключение_РК_N' по алиасу
2026-05-02 11:08:58,480 - INFO - Колонка 'Дата_Заключения_РК' сопоставлена с 'Дата_Заключения_РК' по алиасу
2026-05-02 11:08:58,480 - INFO - Колонка 'Результаты_Заключения_РК' сопоставлена с 'Результаты_Заключения_РК' по алиасу
2026-05-02 11:09:00,818 - INFO - СводнаяАнализ + RfiStatusBySk: строк 619, с непустым «Конструктив / RFI№» после объединения: 102
2026-05-02 11:09:00,996 - INFO - Сравнение 'СводнаяАнализ' с предыдущим отчётом: D:\МК_Кран\МК_Кран_Кингесеп\ОГС\Журналы\Результат_анализа_по_ГОСТ_32569_12_3_17_DEV__V5_01.05.2026.xlsx
2026-05-02 11:09:06,429 - INFO - Готово. Отчёт: D:\МК_Кран\МК_Кран_Кингесеп\ОГС\Журналы\Результат_анализа_по_ГОСТ_32569_12_3_17_DEV__V5_02.05.2026.xlsx
2026-05-02 11:09:10,837 - INFO - Колонки RFI на «СводнаяАнализ» размещены после «Всего не верифицированно».
2026-05-02 12:35:09,573 - INFO - Старт анализа. БД: D:\МК_Кран\script_M_Kran\database\BD_Kingisepp\M_Kran_Kingesepp.db, таблица: wl_china
2026-05-02 12:35:09,587 - INFO - Список пар/гор/вода загружен: 48 линий, 0 пар (чертёж+линия)
2026-05-02 12:35:09,588 - INFO - Список пар/гор/вода: файл из папки D:\МК_Кран\МК_Кран_Кингесеп\ОГС\Журналы
2026-05-02 12:35:09,598 - INFO - Файл правила объёма найден: 10%_от_об_V.xlsx (листы: ['10_от_V'])
2026-05-02 12:35:09,632 - INFO - Колонки файла правила объёма: ['титул / title', 'Изм./ Rev. ', 'Номер линии / Line No', 'код_среды']
2026-05-02 12:35:09,642 - INFO - Первые 10 строк файла правила объёма:
титул / title Изм./ Rev.  Номер линии / Line No код_среды
        12460           -          087-FLL-0600       FLL
        12460           -          087-FLL-0601       FLL
        12460           -          087-FLL-0602       FLL
        12460           -          087-FLL-0603       FLL
        12460           -          087-FLL-0604       FLL
        12460           -          087-FLL-0605       FLL
        12460           -          087-ING-0600       ING
        12460           -          087-ING-0601       ING
        12460           -          087-ING-0602       ING
        12460           -          087-ING-0603       ING
2026-05-02 12:35:09,695 - INFO - Правило 10% от объёма по чертежу: загружено 263 линий из 10%_от_об_V.xlsx
2026-05-02 12:35:09,696 - INFO - Правило 10% от объёма: файл из папки D:\МК_Кран\МК_Кран_Кингесеп\ОГС\Журналы
2026-05-02 12:35:10,505 - INFO - Обновление wl_china из condition_weld выполнено, затронуто строк: 44
2026-05-02 12:35:10,514 - INFO - Нормализация pending-статусов в wl_china выполнена, затронуто строк: 32
2026-05-02 12:35:10,958 - INFO - Колонка 'Номер_сварного_шва' сопоставлена с 'Номер_сварного_шва' по алиасу
2026-05-02 12:35:10,958 - INFO - Колонка 'Номер_чертежа' сопоставлена с 'Номер_чертежа' по алиасу
2026-05-02 12:35:10,959 - INFO - Колонка 'N_Линии' сопоставлена с 'N_Линии' по алиасу
2026-05-02 12:35:10,959 - INFO - Колонка 'Клеймо_сварщика_корневой_слой' сопоставлена с 'Клеймо_сварщика_корневой_слой' по алиасу
2026-05-02 12:35:10,959 - INFO - Колонка 'Клеймо_сварщика_заполнение_облицовка' сопоставлена с 'Клеймо_сварщика_заполнение_облицовка' по алиасу
2026-05-02 12:35:10,959 - INFO - Колонка 'Проектный_контроля' сопоставлена с 'Проектный_контроля' по алиасу
2026-05-02 12:35:10,960 - INFO - Колонка 'Заключение_РК_N' сопоставлена с 'Заключение_РК_N' по алиасу
2026-05-02 12:35:10,960 - INFO - Колонка 'Дата_Заключения_РК' сопоставлена с 'Дата_Заключения_РК' по алиасу
2026-05-02 12:35:10,961 - INFO - Колонка 'Результаты_Заключения_РК' сопоставлена с 'Результаты_Заключения_РК' по алиасу
2026-05-02 12:35:13,432 - INFO - СводнаяАнализ + RfiStatusBySk: строк 619, с непустым «Конструктив / RFI№» после объединения: 102
2026-05-02 12:35:13,561 - INFO - Сравнение 'СводнаяАнализ' с предыдущим отчётом: D:\МК_Кран\МК_Кран_Кингесеп\ОГС\Журналы\Результат_анализа_по_ГОСТ_32569_12_3_17_DEV__V5_01.05.2026.xlsx
2026-05-02 12:35:19,342 - INFO - Готово. Отчёт: D:\МК_Кран\МК_Кран_Кингесеп\ОГС\Журналы\Результат_анализа_по_ГОСТ_32569_12_3_17_DEV__V5_02.05.2026.xlsx
2026-05-02 12:35:23,686 - INFO - Колонки RFI на «СводнаяАнализ» размещены после «Всего не верифицированно».
2026-05-02 13:04:49,418 - INFO - Старт анализа. БД: D:\МК_Кран\script_M_Kran\database\BD_Kingisepp\M_Kran_Kingesepp.db, таблица: wl_china
2026-05-02 13:04:49,438 - INFO - Список пар/гор/вода загружен: 48 линий, 0 пар (чертёж+линия)
2026-05-02 13:04:49,438 - INFO - Список пар/гор/вода: файл из папки D:\МК_Кран\МК_Кран_Кингесеп\ОГС\Журналы
2026-05-02 13:04:49,450 - INFO - Файл правила объёма найден: 10%_от_об_V.xlsx (листы: ['10_от_V'])
2026-05-02 13:04:49,477 - INFO - Колонки файла правила объёма: ['титул / title', 'Изм./ Rev. ', 'Номер линии / Line No', 'код_среды']
2026-05-02 13:04:49,482 - INFO - Первые 10 строк файла правила объёма:
титул / title Изм./ Rev.  Номер линии / Line No код_среды
        12460           -          087-FLL-0600       FLL
        12460           -          087-FLL-0601       FLL
        12460           -          087-FLL-0602       FLL
        12460           -          087-FLL-0603       FLL
        12460           -          087-FLL-0604       FLL
        12460           -          087-FLL-0605       FLL
        12460           -          087-ING-0600       ING
        12460           -          087-ING-0601       ING
        12460           -          087-ING-0602       ING
        12460           -          087-ING-0603       ING
2026-05-02 13:04:49,505 - INFO - Правило 10% от объёма по чертежу: загружено 263 линий из 10%_от_об_V.xlsx
2026-05-02 13:04:49,505 - INFO - Правило 10% от объёма: файл из папки D:\МК_Кран\МК_Кран_Кингесеп\ОГС\Журналы
2026-05-02 13:04:50,267 - INFO - Обновление wl_china из condition_weld выполнено, затронуто строк: 41
2026-05-02 13:04:50,280 - INFO - Нормализация pending-статусов в wl_china выполнена, затронуто строк: 29
2026-05-02 13:04:50,814 - INFO - Колонка 'Номер_сварного_шва' сопоставлена с 'Номер_сварного_шва' по алиасу
2026-05-02 13:04:50,814 - INFO - Колонка 'Номер_чертежа' сопоставлена с 'Номер_чертежа' по алиасу
2026-05-02 13:04:50,814 - INFO - Колонка 'N_Линии' сопоставлена с 'N_Линии' по алиасу
2026-05-02 13:04:50,814 - INFO - Колонка 'Клеймо_сварщика_корневой_слой' сопоставлена с 'Клеймо_сварщика_корневой_слой' по алиасу
2026-05-02 13:04:50,815 - INFO - Колонка 'Клеймо_сварщика_заполнение_облицовка' сопоставлена с 'Клеймо_сварщика_заполнение_облицовка' по алиасу
2026-05-02 13:04:50,815 - INFO - Колонка 'Проектный_контроля' сопоставлена с 'Проектный_контроля' по алиасу
2026-05-02 13:04:50,815 - INFO - Колонка 'Заключение_РК_N' сопоставлена с 'Заключение_РК_N' по алиасу
2026-05-02 13:04:50,815 - INFO - Колонка 'Дата_Заключения_РК' сопоставлена с 'Дата_Заключения_РК' по алиасу
2026-05-02 13:04:50,815 - INFO - Колонка 'Результаты_Заключения_РК' сопоставлена с 'Результаты_Заключения_РК' по алиасу
2026-05-02 13:04:53,273 - INFO - СводнаяАнализ + RfiStatusBySk: строк 619, с непустым «Конструктив / RFI№» после объединения: 102
2026-05-02 13:04:53,458 - INFO - Сравнение 'СводнаяАнализ' с предыдущим отчётом: D:\МК_Кран\МК_Кран_Кингесеп\ОГС\Журналы\Результат_анализа_по_ГОСТ_32569_12_3_17_DEV__V5_01.05.2026.xlsx
2026-05-02 13:04:59,200 - INFO - Готово. Отчёт: D:\МК_Кран\МК_Кран_Кингесеп\ОГС\Журналы\Результат_анализа_по_ГОСТ_32569_12_3_17_DEV__V5_02.05.2026.xlsx
2026-05-02 13:05:03,435 - INFO - Колонки RFI на «СводнаяАнализ» размещены после «Всего не верифицированно».
2026-05-02 13:51:27,178 - INFO - Старт анализа. БД: D:\МК_Кран\script_M_Kran\database\BD_Kingisepp\M_Kran_Kingesepp.db, таблица: wl_china
2026-05-02 13:51:27,198 - INFO - Список пар/гор/вода загружен: 48 линий, 0 пар (чертёж+линия)
2026-05-02 13:51:27,198 - INFO - Список пар/гор/вода: файл из папки D:\МК_Кран\МК_Кран_Кингесеп\ОГС\Журналы
2026-05-02 13:51:27,211 - INFO - Файл правила объёма найден: 10%_от_об_V.xlsx (листы: ['10_от_V'])
2026-05-02 13:51:27,243 - INFO - Колонки файла правила объёма: ['титул / title', 'Изм./ Rev. ', 'Номер линии / Line No', 'код_среды']
2026-05-02 13:51:27,248 - INFO - Первые 10 строк файла правила объёма:
титул / title Изм./ Rev.  Номер линии / Line No код_среды
        12460           -          087-FLL-0600       FLL
        12460           -          087-FLL-0601       FLL
        12460           -          087-FLL-0602       FLL
        12460           -          087-FLL-0603       FLL
        12460           -          087-FLL-0604       FLL
        12460           -          087-FLL-0605       FLL
        12460           -          087-ING-0600       ING
        12460           -          087-ING-0601       ING
        12460           -          087-ING-0602       ING
        12460           -          087-ING-0603       ING
2026-05-02 13:51:27,287 - INFO - Правило 10% от объёма по чертежу: загружено 263 линий из 10%_от_об_V.xlsx
2026-05-02 13:51:27,287 - INFO - Правило 10% от объёма: файл из папки D:\МК_Кран\МК_Кран_Кингесеп\ОГС\Журналы
2026-05-02 13:51:27,939 - INFO - Обновление wl_china из condition_weld выполнено, затронуто строк: 40
2026-05-02 13:51:27,951 - INFO - Нормализация pending-статусов в wl_china выполнена, затронуто строк: 29
2026-05-02 13:51:28,384 - INFO - Колонка 'Номер_сварного_шва' сопоставлена с 'Номер_сварного_шва' по алиасу
2026-05-02 13:51:28,385 - INFO - Колонка 'Номер_чертежа' сопоставлена с 'Номер_чертежа' по алиасу
2026-05-02 13:51:28,385 - INFO - Колонка 'N_Линии' сопоставлена с 'N_Линии' по алиасу
2026-05-02 13:51:28,385 - INFO - Колонка 'Клеймо_сварщика_корневой_слой' сопоставлена с 'Клеймо_сварщика_корневой_слой' по алиасу
2026-05-02 13:51:28,386 - INFO - Колонка 'Клеймо_сварщика_заполнение_облицовка' сопоставлена с 'Клеймо_сварщика_заполнение_облицовка' по алиасу
2026-05-02 13:51:28,386 - INFO - Колонка 'Проектный_контроля' сопоставлена с 'Проектный_контроля' по алиасу
2026-05-02 13:51:28,386 - INFO - Колонка 'Заключение_РК_N' сопоставлена с 'Заключение_РК_N' по алиасу
2026-05-02 13:51:28,386 - INFO - Колонка 'Дата_Заключения_РК' сопоставлена с 'Дата_Заключения_РК' по алиасу
2026-05-02 13:51:28,387 - INFO - Колонка 'Результаты_Заключения_РК' сопоставлена с 'Результаты_Заключения_РК' по алиасу
2026-05-02 13:51:30,946 - INFO - СводнаяАнализ + RfiStatusBySk: строк 619, с непустым «Конструктив / RFI№» после объединения: 102
2026-05-02 13:51:31,170 - INFO - Сравнение 'СводнаяАнализ' с предыдущим отчётом: D:\МК_Кран\МК_Кран_Кингесеп\ОГС\Журналы\Результат_анализа_по_ГОСТ_32569_12_3_17_DEV__V5_01.05.2026.xlsx
2026-05-02 13:51:37,023 - INFO - Готово. Отчёт: D:\МК_Кран\МК_Кран_Кингесеп\ОГС\Журналы\Результат_анализа_по_ГОСТ_32569_12_3_17_DEV__V5_02.05.2026.xlsx
2026-05-02 13:51:41,283 - INFO - Колонки RFI на «СводнаяАнализ» размещены после «Всего не верифицированно».
2026-05-04 16:46:42,772 - INFO - Старт анализа. БД: D:\МК_Кран\script_M_Kran\database\BD_Kingisepp\M_Kran_Kingesepp.db, таблица: wl_china
2026-05-04 16:46:42,794 - INFO - Список пар/гор/вода загружен: 48 линий, 0 пар (чертёж+линия)
2026-05-04 16:46:42,794 - INFO - Список пар/гор/вода: файл из папки D:\МК_Кран\МК_Кран_Кингесеп\ОГС\Журналы
2026-05-04 16:46:42,807 - INFO - Файл правила объёма найден: 10%_от_об_V.xlsx (листы: ['10_от_V'])
2026-05-04 16:46:42,850 - INFO - Колонки файла правила объёма: ['титул / title', 'Изм./ Rev. ', 'Номер линии / Line No', 'код_среды']
2026-05-04 16:46:42,859 - INFO - Первые 10 строк файла правила объёма:
титул / title Изм./ Rev.  Номер линии / Line No код_среды
        12460           -          087-FLL-0600       FLL
        12460           -          087-FLL-0601       FLL
        12460           -          087-FLL-0602       FLL
        12460           -          087-FLL-0603       FLL
        12460           -          087-FLL-0604       FLL
        12460           -          087-FLL-0605       FLL
        12460           -          087-ING-0600       ING
        12460           -          087-ING-0601       ING
        12460           -          087-ING-0602       ING
        12460           -          087-ING-0603       ING
2026-05-04 16:46:42,903 - INFO - Правило 10% от объёма по чертежу: загружено 263 линий из 10%_от_об_V.xlsx
2026-05-04 16:46:42,903 - INFO - Правило 10% от объёма: файл из папки D:\МК_Кран\МК_Кран_Кингесеп\ОГС\Журналы
2026-05-04 16:46:43,827 - INFO - Обновление wl_china из condition_weld выполнено, затронуто строк: 40
2026-05-04 16:46:43,844 - INFO - Нормализация pending-статусов в wl_china выполнена, затронуто строк: 29
2026-05-04 16:46:44,365 - INFO - Колонка 'Номер_сварного_шва' сопоставлена с 'Номер_сварного_шва' по алиасу
2026-05-04 16:46:44,365 - INFO - Колонка 'Номер_чертежа' сопоставлена с 'Номер_чертежа' по алиасу
2026-05-04 16:46:44,366 - INFO - Колонка 'N_Линии' сопоставлена с 'N_Линии' по алиасу
2026-05-04 16:46:44,366 - INFO - Колонка 'Клеймо_сварщика_корневой_слой' сопоставлена с 'Клеймо_сварщика_корневой_слой' по алиасу
2026-05-04 16:46:44,366 - INFO - Колонка 'Клеймо_сварщика_заполнение_облицовка' сопоставлена с 'Клеймо_сварщика_заполнение_облицовка' по алиасу
2026-05-04 16:46:44,366 - INFO - Колонка 'Проектный_контроля' сопоставлена с 'Проектный_контроля' по алиасу
2026-05-04 16:46:44,367 - INFO - Колонка 'Заключение_РК_N' сопоставлена с 'Заключение_РК_N' по алиасу
2026-05-04 16:46:44,367 - INFO - Колонка 'Дата_Заключения_РК' сопоставлена с 'Дата_Заключения_РК' по алиасу
2026-05-04 16:46:44,367 - INFO - Колонка 'Результаты_Заключения_РК' сопоставлена с 'Результаты_Заключения_РК' по алиасу
2026-05-04 16:46:46,926 - INFO - СводнаяАнализ + RfiStatusBySk: строк 620, с непустым «Конструктив / RFI№» после объединения: 102
2026-05-04 16:46:47,159 - INFO - Сравнение 'СводнаяАнализ' с предыдущим отчётом: D:\МК_Кран\МК_Кран_Кингесеп\ОГС\Журналы\Результат_анализа_по_ГОСТ_32569_12_3_17_DEV__V5_02.05.2026.xlsx
2026-05-04 16:46:53,132 - INFO - Готово. Отчёт: D:\МК_Кран\МК_Кран_Кингесеп\ОГС\Журналы\Результат_анализа_по_ГОСТ_32569_12_3_17_DEV__V5_04.05.2026.xlsx
2026-05-04 16:46:57,474 - INFO - Колонки RFI на «СводнаяАнализ» размещены после «Всего не верифицированно».
2026-05-05 14:06:46,573 - INFO - Старт анализа. БД: D:\МК_Кран\script_M_Kran\database\BD_Kingisepp\M_Kran_Kingesepp.db, таблица: wl_china
2026-05-05 14:06:46,590 - INFO - Список пар/гор/вода загружен: 48 линий, 0 пар (чертёж+линия)
2026-05-05 14:06:46,590 - INFO - Список пар/гор/вода: файл из папки D:\МК_Кран\МК_Кран_Кингесеп\ОГС\Журналы
2026-05-05 14:06:46,607 - INFO - Файл правила объёма найден: 10%_от_об_V.xlsx (листы: ['10_от_V'])
2026-05-05 14:06:46,645 - INFO - Колонки файла правила объёма: ['титул / title', 'Изм./ Rev. ', 'Номер линии / Line No', 'код_среды']
2026-05-05 14:06:46,655 - INFO - Первые 10 строк файла правила объёма:
титул / title Изм./ Rev.  Номер линии / Line No код_среды
        12460           -          087-FLL-0600       FLL
        12460           -          087-FLL-0601       FLL
        12460           -          087-FLL-0602       FLL
        12460           -          087-FLL-0603       FLL
        12460           -          087-FLL-0604       FLL
        12460           -          087-FLL-0605       FLL
        12460           -          087-ING-0600       ING
        12460           -          087-ING-0601       ING
        12460           -          087-ING-0602       ING
        12460           -          087-ING-0603       ING
2026-05-05 14:06:46,696 - INFO - Правило 10% от объёма по чертежу: загружено 263 линий из 10%_от_об_V.xlsx
2026-05-05 14:06:46,696 - INFO - Правило 10% от объёма: файл из папки D:\МК_Кран\МК_Кран_Кингесеп\ОГС\Журналы
2026-05-05 14:06:47,443 - INFO - Обновление wl_china из condition_weld выполнено, затронуто строк: 37
2026-05-05 14:06:47,460 - INFO - Нормализация pending-статусов в wl_china выполнена, затронуто строк: 35
2026-05-05 14:06:47,957 - INFO - Колонка 'Номер_сварного_шва' сопоставлена с 'Номер_сварного_шва' по алиасу
2026-05-05 14:06:47,958 - INFO - Колонка 'Номер_чертежа' сопоставлена с 'Номер_чертежа' по алиасу
2026-05-05 14:06:47,958 - INFO - Колонка 'N_Линии' сопоставлена с 'N_Линии' по алиасу
2026-05-05 14:06:47,959 - INFO - Колонка 'Клеймо_сварщика_корневой_слой' сопоставлена с 'Клеймо_сварщика_корневой_слой' по алиасу
2026-05-05 14:06:47,959 - INFO - Колонка 'Клеймо_сварщика_заполнение_облицовка' сопоставлена с 'Клеймо_сварщика_заполнение_облицовка' по алиасу
2026-05-05 14:06:47,959 - INFO - Колонка 'Проектный_контроля' сопоставлена с 'Проектный_контроля' по алиасу
2026-05-05 14:06:47,959 - INFO - Колонка 'Заключение_РК_N' сопоставлена с 'Заключение_РК_N' по алиасу
2026-05-05 14:06:47,960 - INFO - Колонка 'Дата_Заключения_РК' сопоставлена с 'Дата_Заключения_РК' по алиасу
2026-05-05 14:06:47,960 - INFO - Колонка 'Результаты_Заключения_РК' сопоставлена с 'Результаты_Заключения_РК' по алиасу
2026-05-05 14:06:50,405 - INFO - СводнаяАнализ + RfiStatusBySk: строк 620, с непустым «Конструктив / RFI№» после объединения: 102
2026-05-05 14:06:50,565 - INFO - Сравнение 'СводнаяАнализ' с предыдущим отчётом: D:\МК_Кран\МК_Кран_Кингесеп\ОГС\Журналы\Результат_анализа_по_ГОСТ_32569_12_3_17_DEV__V5_04.05.2026.xlsx
2026-05-05 14:06:56,456 - INFO - Готово. Отчёт: D:\МК_Кран\МК_Кран_Кингесеп\ОГС\Журналы\Результат_анализа_по_ГОСТ_32569_12_3_17_DEV__V5_05.05.2026.xlsx
2026-05-05 14:07:00,732 - INFO - Колонки RFI на «СводнаяАнализ» размещены после «Всего не верифицированно».
2026-05-05 14:20:25,556 - INFO - Старт анализа. БД: D:\МК_Кран\script_M_Kran\database\BD_Kingisepp\M_Kran_Kingesepp.db, таблица: wl_china
2026-05-05 14:20:25,571 - INFO - Список пар/гор/вода загружен: 48 линий, 0 пар (чертёж+линия)
2026-05-05 14:20:25,572 - INFO - Список пар/гор/вода: файл из папки D:\МК_Кран\МК_Кран_Кингесеп\ОГС\Журналы
2026-05-05 14:20:25,587 - INFO - Файл правила объёма найден: 10%_от_об_V.xlsx (листы: ['10_от_V'])
2026-05-05 14:20:25,614 - INFO - Колонки файла правила объёма: ['титул / title', 'Изм./ Rev. ', 'Номер линии / Line No', 'код_среды']
2026-05-05 14:20:25,617 - INFO - Первые 10 строк файла правила объёма:
титул / title Изм./ Rev.  Номер линии / Line No код_среды
        12460           -          087-FLL-0600       FLL
        12460           -          087-FLL-0601       FLL
        12460           -          087-FLL-0602       FLL
        12460           -          087-FLL-0603       FLL
        12460           -          087-FLL-0604       FLL
        12460           -          087-FLL-0605       FLL
        12460           -          087-ING-0600       ING
        12460           -          087-ING-0601       ING
        12460           -          087-ING-0602       ING
        12460           -          087-ING-0603       ING
2026-05-05 14:20:25,678 - INFO - Правило 10% от объёма по чертежу: загружено 263 линий из 10%_от_об_V.xlsx
2026-05-05 14:20:25,679 - INFO - Правило 10% от объёма: файл из папки D:\МК_Кран\МК_Кран_Кингесеп\ОГС\Журналы
2026-05-05 14:20:26,389 - INFO - Обновление wl_china из condition_weld выполнено, затронуто строк: 43
2026-05-05 14:20:26,405 - INFO - Нормализация pending-статусов в wl_china выполнена, затронуто строк: 36
2026-05-05 14:20:26,876 - INFO - Колонка 'Номер_сварного_шва' сопоставлена с 'Номер_сварного_шва' по алиасу
2026-05-05 14:20:26,877 - INFO - Колонка 'Номер_чертежа' сопоставлена с 'Номер_чертежа' по алиасу
2026-05-05 14:20:26,877 - INFO - Колонка 'N_Линии' сопоставлена с 'N_Линии' по алиасу
2026-05-05 14:20:26,877 - INFO - Колонка 'Клеймо_сварщика_корневой_слой' сопоставлена с 'Клеймо_сварщика_корневой_слой' по алиасу
2026-05-05 14:20:26,877 - INFO - Колонка 'Клеймо_сварщика_заполнение_облицовка' сопоставлена с 'Клеймо_сварщика_заполнение_облицовка' по алиасу
2026-05-05 14:20:26,877 - INFO - Колонка 'Проектный_контроля' сопоставлена с 'Проектный_контроля' по алиасу
2026-05-05 14:20:26,877 - INFO - Колонка 'Заключение_РК_N' сопоставлена с 'Заключение_РК_N' по алиасу
2026-05-05 14:20:26,878 - INFO - Колонка 'Дата_Заключения_РК' сопоставлена с 'Дата_Заключения_РК' по алиасу
2026-05-05 14:20:26,878 - INFO - Колонка 'Результаты_Заключения_РК' сопоставлена с 'Результаты_Заключения_РК' по алиасу
2026-05-05 14:20:29,420 - INFO - СводнаяАнализ + RfiStatusBySk: строк 620, с непустым «Конструктив / RFI№» после объединения: 102
2026-05-05 14:20:29,622 - INFO - Сравнение 'СводнаяАнализ' с предыдущим отчётом: D:\МК_Кран\МК_Кран_Кингесеп\ОГС\Журналы\Результат_анализа_по_ГОСТ_32569_12_3_17_DEV__V5_04.05.2026.xlsx
2026-05-05 14:20:35,665 - INFO - Готово. Отчёт: D:\МК_Кран\МК_Кран_Кингесеп\ОГС\Журналы\Результат_анализа_по_ГОСТ_32569_12_3_17_DEV__V5_05.05.2026.xlsx
2026-05-05 14:20:39,810 - INFO - Колонки RFI на «СводнаяАнализ» размещены после «Всего не верифицированно».
2026-05-05 17:00:59,124 - INFO - Старт анализа. БД: D:\МК_Кран\script_M_Kran\database\BD_Kingisepp\M_Kran_Kingesepp.db, таблица: wl_china
2026-05-05 17:00:59,140 - INFO - Список пар/гор/вода загружен: 48 линий, 0 пар (чертёж+линия)
2026-05-05 17:00:59,141 - INFO - Список пар/гор/вода: файл из папки D:\МК_Кран\МК_Кран_Кингесеп\ОГС\Журналы
2026-05-05 17:00:59,154 - INFO - Файл правила объёма найден: 10%_от_об_V.xlsx (листы: ['10_от_V'])
2026-05-05 17:00:59,175 - INFO - Колонки файла правила объёма: ['титул / title', 'Изм./ Rev. ', 'Номер линии / Line No', 'код_среды']
2026-05-05 17:00:59,185 - INFO - Первые 10 строк файла правила объёма:
титул / title Изм./ Rev.  Номер линии / Line No код_среды
        12460           -          087-FLL-0600       FLL
        12460           -          087-FLL-0601       FLL
        12460           -          087-FLL-0602       FLL
        12460           -          087-FLL-0603       FLL
        12460           -          087-FLL-0604       FLL
        12460           -          087-FLL-0605       FLL
        12460           -          087-ING-0600       ING
        12460           -          087-ING-0601       ING
        12460           -          087-ING-0602       ING
        12460           -          087-ING-0603       ING
2026-05-05 17:00:59,211 - INFO - Правило 10% от объёма по чертежу: загружено 263 линий из 10%_от_об_V.xlsx
2026-05-05 17:00:59,211 - INFO - Правило 10% от объёма: файл из папки D:\МК_Кран\МК_Кран_Кингесеп\ОГС\Журналы
2026-05-05 17:01:00,055 - INFO - Обновление wl_china из condition_weld выполнено, затронуто строк: 43
2026-05-05 17:01:00,070 - INFO - Нормализация pending-статусов в wl_china выполнена, затронуто строк: 36
2026-05-05 17:01:00,522 - INFO - Колонка 'Номер_сварного_шва' сопоставлена с 'Номер_сварного_шва' по алиасу
2026-05-05 17:01:00,522 - INFO - Колонка 'Номер_чертежа' сопоставлена с 'Номер_чертежа' по алиасу
2026-05-05 17:01:00,522 - INFO - Колонка 'N_Линии' сопоставлена с 'N_Линии' по алиасу
2026-05-05 17:01:00,522 - INFO - Колонка 'Клеймо_сварщика_корневой_слой' сопоставлена с 'Клеймо_сварщика_корневой_слой' по алиасу
2026-05-05 17:01:00,523 - INFO - Колонка 'Клеймо_сварщика_заполнение_облицовка' сопоставлена с 'Клеймо_сварщика_заполнение_облицовка' по алиасу
2026-05-05 17:01:00,523 - INFO - Колонка 'Проектный_контроля' сопоставлена с 'Проектный_контроля' по алиасу
2026-05-05 17:01:00,523 - INFO - Колонка 'Заключение_РК_N' сопоставлена с 'Заключение_РК_N' по алиасу
2026-05-05 17:01:00,523 - INFO - Колонка 'Дата_Заключения_РК' сопоставлена с 'Дата_Заключения_РК' по алиасу
2026-05-05 17:01:00,523 - INFO - Колонка 'Результаты_Заключения_РК' сопоставлена с 'Результаты_Заключения_РК' по алиасу
2026-05-05 17:01:03,018 - INFO - СводнаяАнализ + RfiStatusBySk: строк 620, с непустым «Конструктив / RFI№» после объединения: 102
2026-05-05 17:01:03,167 - INFO - Сравнение 'СводнаяАнализ' с предыдущим отчётом: D:\МК_Кран\МК_Кран_Кингесеп\ОГС\Журналы\Результат_анализа_по_ГОСТ_32569_12_3_17_DEV__V5_04.05.2026.xlsx
2026-05-05 17:01:08,520 - INFO - Готово. Отчёт: D:\МК_Кран\МК_Кран_Кингесеп\ОГС\Журналы\Результат_анализа_по_ГОСТ_32569_12_3_17_DEV__V5_05.05.2026.xlsx
2026-05-05 17:01:12,754 - INFO - Колонки RFI на «СводнаяАнализ» размещены после «Всего не верифицированно».
2026-05-06 09:13:50,782 - INFO - Старт анализа. БД: D:\МК_Кран\script_M_Kran\database\BD_Kingisepp\M_Kran_Kingesepp.db, таблица: wl_china
2026-05-06 09:13:50,800 - INFO - Список пар/гор/вода загружен: 48 линий, 0 пар (чертёж+линия)
2026-05-06 09:13:50,800 - INFO - Список пар/гор/вода: файл из папки D:\МК_Кран\МК_Кран_Кингесеп\ОГС\Журналы
2026-05-06 09:13:50,809 - INFO - Файл правила объёма найден: 10%_от_об_V.xlsx (листы: ['10_от_V'])
2026-05-06 09:13:50,836 - INFO - Колонки файла правила объёма: ['титул / title', 'Изм./ Rev. ', 'Номер линии / Line No', 'код_среды']
2026-05-06 09:13:50,840 - INFO - Первые 10 строк файла правила объёма:
титул / title Изм./ Rev.  Номер линии / Line No код_среды
        12460           -          087-FLL-0600       FLL
        12460           -          087-FLL-0601       FLL
        12460           -          087-FLL-0602       FLL
        12460           -          087-FLL-0603       FLL
        12460           -          087-FLL-0604       FLL
        12460           -          087-FLL-0605       FLL
        12460           -          087-ING-0600       ING
        12460           -          087-ING-0601       ING
        12460           -          087-ING-0602       ING
        12460           -          087-ING-0603       ING
2026-05-06 09:13:50,877 - INFO - Правило 10% от объёма по чертежу: загружено 263 линий из 10%_от_об_V.xlsx
2026-05-06 09:13:50,877 - INFO - Правило 10% от объёма: файл из папки D:\МК_Кран\МК_Кран_Кингесеп\ОГС\Журналы
2026-05-06 09:13:50,887 - INFO - fllOutlet: загружено 17 исключений из fllOutlet .xlsx
2026-05-06 09:13:50,887 - INFO - fllOutlet: файл из папки D:\МК_Кран\МК_Кран_Кингесеп\ОГС\Журналы
2026-05-06 09:13:51,606 - INFO - Обновление wl_china из condition_weld выполнено, затронуто строк: 43
2026-05-06 09:13:51,623 - INFO - Нормализация pending-статусов в wl_china выполнена, затронуто строк: 36
2026-05-06 09:13:52,111 - INFO - Колонка 'Номер_сварного_шва' сопоставлена с 'Номер_сварного_шва' по алиасу
2026-05-06 09:13:52,112 - INFO - Колонка 'Номер_чертежа' сопоставлена с 'Номер_чертежа' по алиасу
2026-05-06 09:13:52,112 - INFO - Колонка 'N_Линии' сопоставлена с 'N_Линии' по алиасу
2026-05-06 09:13:52,113 - INFO - Колонка 'Клеймо_сварщика_корневой_слой' сопоставлена с 'Клеймо_сварщика_корневой_слой' по алиасу
2026-05-06 09:13:52,113 - INFO - Колонка 'Клеймо_сварщика_заполнение_облицовка' сопоставлена с 'Клеймо_сварщика_заполнение_облицовка' по алиасу
2026-05-06 09:13:52,113 - INFO - Колонка 'Проектный_контроля' сопоставлена с 'Проектный_контроля' по алиасу
2026-05-06 09:13:52,114 - INFO - Колонка 'Заключение_РК_N' сопоставлена с 'Заключение_РК_N' по алиасу
2026-05-06 09:13:52,114 - INFO - Колонка 'Дата_Заключения_РК' сопоставлена с 'Дата_Заключения_РК' по алиасу
2026-05-06 09:13:52,114 - INFO - Колонка 'Результаты_Заключения_РК' сопоставлена с 'Результаты_Заключения_РК' по алиасу
2026-05-06 09:13:54,687 - INFO - СводнаяАнализ + RfiStatusBySk: строк 620, с непустым «Конструктив / RFI№» после объединения: 102
2026-05-06 09:13:54,879 - INFO - Сравнение 'СводнаяАнализ' с предыдущим отчётом: D:\МК_Кран\МК_Кран_Кингесеп\ОГС\Журналы\Результат_анализа_по_ГОСТ_32569_12_3_17_DEV__V5_05.05.2026.xlsx
2026-05-06 09:14:00,682 - INFO - Готово. Отчёт: D:\МК_Кран\МК_Кран_Кингесеп\ОГС\Журналы\Результат_анализа_по_ГОСТ_32569_12_3_17_DEV__V5_06.05.2026.xlsx
2026-05-06 09:14:04,815 - INFO - Колонки RFI на «СводнаяАнализ» размещены после «Всего не верифицированно».
2026-05-06 12:23:32,836 - INFO - Старт анализа. БД: D:\МК_Кран\script_M_Kran\database\BD_Kingisepp\M_Kran_Kingesepp.db, таблица: wl_china
2026-05-06 12:23:32,852 - INFO - Список пар/гор/вода загружен: 48 линий, 0 пар (чертёж+линия)
2026-05-06 12:23:32,853 - INFO - Список пар/гор/вода: файл из папки D:\МК_Кран\МК_Кран_Кингесеп\ОГС\Журналы
2026-05-06 12:23:32,860 - INFO - Файл правила объёма найден: 10%_от_об_V.xlsx (листы: ['10_от_V'])
2026-05-06 12:23:32,884 - INFO - Колонки файла правила объёма: ['титул / title', 'Изм./ Rev. ', 'Номер линии / Line No', 'код_среды']
2026-05-06 12:23:32,889 - INFO - Первые 10 строк файла правила объёма:
титул / title Изм./ Rev.  Номер линии / Line No код_среды
        12460           -          087-FLL-0600       FLL
        12460           -          087-FLL-0601       FLL
        12460           -          087-FLL-0602       FLL
        12460           -          087-FLL-0603       FLL
        12460           -          087-FLL-0604       FLL
        12460           -          087-FLL-0605       FLL
        12460           -          087-ING-0600       ING
        12460           -          087-ING-0601       ING
        12460           -          087-ING-0602       ING
        12460           -          087-ING-0603       ING
2026-05-06 12:23:32,920 - INFO - Правило 10% от объёма по чертежу: загружено 263 линий из 10%_от_об_V.xlsx
2026-05-06 12:23:32,921 - INFO - Правило 10% от объёма: файл из папки D:\МК_Кран\МК_Кран_Кингесеп\ОГС\Журналы
2026-05-06 12:23:32,932 - INFO - fllOutlet: загружено 17 исключений из fllOutlet .xlsx
2026-05-06 12:23:32,932 - INFO - fllOutlet: файл из папки D:\МК_Кран\МК_Кран_Кингесеп\ОГС\Журналы
2026-05-06 12:23:33,657 - INFO - Обновление wl_china из condition_weld выполнено, затронуто строк: 44
2026-05-06 12:23:33,674 - INFO - Нормализация pending-статусов в wl_china выполнена, затронуто строк: 36
2026-05-06 12:23:34,185 - INFO - Колонка 'Номер_сварного_шва' сопоставлена с 'Номер_сварного_шва' по алиасу
2026-05-06 12:23:34,185 - INFO - Колонка 'Номер_чертежа' сопоставлена с 'Номер_чертежа' по алиасу
2026-05-06 12:23:34,185 - INFO - Колонка 'N_Линии' сопоставлена с 'N_Линии' по алиасу
2026-05-06 12:23:34,186 - INFO - Колонка 'Клеймо_сварщика_корневой_слой' сопоставлена с 'Клеймо_сварщика_корневой_слой' по алиасу
2026-05-06 12:23:34,186 - INFO - Колонка 'Клеймо_сварщика_заполнение_облицовка' сопоставлена с 'Клеймо_сварщика_заполнение_облицовка' по алиасу
2026-05-06 12:23:34,186 - INFO - Колонка 'Проектный_контроля' сопоставлена с 'Проектный_контроля' по алиасу
2026-05-06 12:23:34,186 - INFO - Колонка 'Заключение_РК_N' сопоставлена с 'Заключение_РК_N' по алиасу
2026-05-06 12:23:34,186 - INFO - Колонка 'Дата_Заключения_РК' сопоставлена с 'Дата_Заключения_РК' по алиасу
2026-05-06 12:23:34,187 - INFO - Колонка 'Результаты_Заключения_РК' сопоставлена с 'Результаты_Заключения_РК' по алиасу
2026-05-06 12:23:36,723 - INFO - СводнаяАнализ + RfiStatusBySk: строк 620, с непустым «Конструктив / RFI№» после объединения: 102
2026-05-06 12:23:36,923 - INFO - Сравнение 'СводнаяАнализ' с предыдущим отчётом: D:\МК_Кран\МК_Кран_Кингесеп\ОГС\Журналы\Результат_анализа_по_ГОСТ_32569_12_3_17_DEV__V5_05.05.2026.xlsx
2026-05-06 12:23:42,546 - INFO - Готово. Отчёт: D:\МК_Кран\МК_Кран_Кингесеп\ОГС\Журналы\Результат_анализа_по_ГОСТ_32569_12_3_17_DEV__V5_06.05.2026.xlsx
2026-05-06 12:23:46,751 - INFO - Колонки RFI на «СводнаяАнализ» размещены после «Всего не верифицированно».
2026-05-07 10:10:09,029 - INFO - Старт анализа. БД: D:\МК_Кран\script_M_Kran\database\BD_Kingisepp\M_Kran_Kingesepp.db, таблица: wl_china
2026-05-07 10:10:09,050 - INFO - Список пар/гор/вода загружен: 48 линий, 0 пар (чертёж+линия)
2026-05-07 10:10:09,051 - INFO - Список пар/гор/вода: файл из папки D:\МК_Кран\МК_Кран_Кингесеп\ОГС\Журналы
2026-05-07 10:10:09,059 - INFO - Файл правила объёма найден: 10%_от_об_V.xlsx (листы: ['10_от_V'])
2026-05-07 10:10:09,081 - INFO - Колонки файла правила объёма: ['титул / title', 'Изм./ Rev. ', 'Номер линии / Line No', 'код_среды']
2026-05-07 10:10:09,089 - INFO - Первые 10 строк файла правила объёма:
титул / title Изм./ Rev.  Номер линии / Line No код_среды
        12460           -          087-FLL-0600       FLL
        12460           -          087-FLL-0601       FLL
        12460           -          087-FLL-0602       FLL
        12460           -          087-FLL-0603       FLL
        12460           -          087-FLL-0604       FLL
        12460           -          087-FLL-0605       FLL
        12460           -          087-ING-0600       ING
        12460           -          087-ING-0601       ING
        12460           -          087-ING-0602       ING
        12460           -          087-ING-0603       ING
2026-05-07 10:10:09,109 - INFO - Правило 10% от объёма по чертежу: загружено 263 линий из 10%_от_об_V.xlsx
2026-05-07 10:10:09,109 - INFO - Правило 10% от объёма: файл из папки D:\МК_Кран\МК_Кран_Кингесеп\ОГС\Журналы
2026-05-07 10:10:09,114 - INFO - fllOutlet: загружено 17 исключений из fllOutlet .xlsx
2026-05-07 10:10:09,114 - INFO - fllOutlet: файл из папки D:\МК_Кран\МК_Кран_Кингесеп\ОГС\Журналы
2026-05-07 10:10:09,961 - INFO - Обновление wl_china из condition_weld выполнено, затронуто строк: 44
2026-05-07 10:10:09,973 - INFO - Нормализация pending-статусов в wl_china выполнена, затронуто строк: 36
2026-05-07 10:10:10,495 - INFO - Колонка 'Номер_сварного_шва' сопоставлена с 'Номер_сварного_шва' по алиасу
2026-05-07 10:10:10,495 - INFO - Колонка 'Номер_чертежа' сопоставлена с 'Номер_чертежа' по алиасу
2026-05-07 10:10:10,496 - INFO - Колонка 'N_Линии' сопоставлена с 'N_Линии' по алиасу
2026-05-07 10:10:10,496 - INFO - Колонка 'Клеймо_сварщика_корневой_слой' сопоставлена с 'Клеймо_сварщика_корневой_слой' по алиасу
2026-05-07 10:10:10,496 - INFO - Колонка 'Клеймо_сварщика_заполнение_облицовка' сопоставлена с 'Клеймо_сварщика_заполнение_облицовка' по алиасу
2026-05-07 10:10:10,497 - INFO - Колонка 'Проектный_контроля' сопоставлена с 'Проектный_контроля' по алиасу
2026-05-07 10:10:10,497 - INFO - Колонка 'Заключение_РК_N' сопоставлена с 'Заключение_РК_N' по алиасу
2026-05-07 10:10:10,497 - INFO - Колонка 'Дата_Заключения_РК' сопоставлена с 'Дата_Заключения_РК' по алиасу
2026-05-07 10:10:10,498 - INFO - Колонка 'Результаты_Заключения_РК' сопоставлена с 'Результаты_Заключения_РК' по алиасу
2026-05-07 10:10:13,340 - INFO - СводнаяАнализ + RfiStatusBySk: строк 620, с непустым «Конструктив / RFI№» после объединения: 100
2026-05-07 10:10:13,545 - INFO - Сравнение 'СводнаяАнализ' с предыдущим отчётом: D:\МК_Кран\МК_Кран_Кингесеп\ОГС\Журналы\Результат_анализа_по_ГОСТ_32569_12_3_17_DEV__V5_06.05.2026.xlsx
2026-05-07 10:10:19,790 - INFO - Готово. Отчёт: D:\МК_Кран\МК_Кран_Кингесеп\ОГС\Журналы\Результат_анализа_по_ГОСТ_32569_12_3_17_DEV__V5_07.05.2026.xlsx
2026-05-07 10:10:24,475 - INFO - Колонки RFI на «СводнаяАнализ» размещены после «Всего не верифицированно».
2026-05-07 10:45:55,631 - INFO - Старт анализа. БД: D:\МК_Кран\script_M_Kran\database\BD_Kingisepp\M_Kran_Kingesepp.db, таблица: wl_china
2026-05-07 10:45:55,645 - INFO - Список пар/гор/вода загружен: 48 линий, 0 пар (чертёж+линия)
2026-05-07 10:45:55,649 - INFO - Список пар/гор/вода: файл из папки D:\МК_Кран\МК_Кран_Кингесеп\ОГС\Журналы
2026-05-07 10:45:55,660 - INFO - Файл правила объёма найден: 10%_от_об_V.xlsx (листы: ['10_от_V'])
2026-05-07 10:45:55,754 - INFO - Колонки файла правила объёма: ['титул / title', 'Изм./ Rev. ', 'Номер линии / Line No', 'код_среды']
2026-05-07 10:45:55,757 - INFO - Первые 10 строк файла правила объёма:
титул / title Изм./ Rev.  Номер линии / Line No код_среды
        12460           -          087-FLL-0600       FLL
        12460           -          087-FLL-0601       FLL
        12460           -          087-FLL-0602       FLL
        12460           -          087-FLL-0603       FLL
        12460           -          087-FLL-0604       FLL
        12460           -          087-FLL-0605       FLL
        12460           -          087-ING-0600       ING
        12460           -          087-ING-0601       ING
        12460           -          087-ING-0602       ING
        12460           -          087-ING-0603       ING
2026-05-07 10:45:55,809 - INFO - Правило 10% от объёма по чертежу: загружено 263 линий из 10%_от_об_V.xlsx
2026-05-07 10:45:55,810 - INFO - Правило 10% от объёма: файл из папки D:\МК_Кран\МК_Кран_Кингесеп\ОГС\Журналы
2026-05-07 10:45:55,819 - INFO - fllOutlet: загружено 17 исключений из fllOutlet .xlsx
2026-05-07 10:45:55,820 - INFO - fllOutlet: файл из папки D:\МК_Кран\МК_Кран_Кингесеп\ОГС\Журналы
2026-05-07 10:45:56,600 - INFO - Обновление wl_china из condition_weld выполнено, затронуто строк: 44
2026-05-07 10:45:56,618 - INFO - Нормализация pending-статусов в wl_china выполнена, затронуто строк: 36
2026-05-07 10:45:57,106 - INFO - Колонка 'Номер_сварного_шва' сопоставлена с 'Номер_сварного_шва' по алиасу
2026-05-07 10:45:57,107 - INFO - Колонка 'Номер_чертежа' сопоставлена с 'Номер_чертежа' по алиасу
2026-05-07 10:45:57,109 - INFO - Колонка 'N_Линии' сопоставлена с 'N_Линии' по алиасу
2026-05-07 10:45:57,110 - INFO - Колонка 'Клеймо_сварщика_корневой_слой' сопоставлена с 'Клеймо_сварщика_корневой_слой' по алиасу
2026-05-07 10:45:57,110 - INFO - Колонка 'Клеймо_сварщика_заполнение_облицовка' сопоставлена с 'Клеймо_сварщика_заполнение_облицовка' по алиасу
2026-05-07 10:45:57,110 - INFO - Колонка 'Проектный_контроля' сопоставлена с 'Проектный_контроля' по алиасу
2026-05-07 10:45:57,111 - INFO - Колонка 'Заключение_РК_N' сопоставлена с 'Заключение_РК_N' по алиасу
2026-05-07 10:45:57,111 - INFO - Колонка 'Дата_Заключения_РК' сопоставлена с 'Дата_Заключения_РК' по алиасу
2026-05-07 10:45:57,111 - INFO - Колонка 'Результаты_Заключения_РК' сопоставлена с 'Результаты_Заключения_РК' по алиасу
2026-05-07 10:45:59,639 - INFO - СводнаяАнализ + RfiStatusBySk: строк 620, с непустым «Конструктив / RFI№» после объединения: 100
2026-05-07 10:45:59,843 - INFO - Сравнение 'СводнаяАнализ' с предыдущим отчётом: D:\МК_Кран\МК_Кран_Кингесеп\ОГС\Журналы\Результат_анализа_по_ГОСТ_32569_12_3_17_DEV__V5_06.05.2026.xlsx
2026-05-07 10:46:05,728 - INFO - Готово. Отчёт: D:\МК_Кран\МК_Кран_Кингесеп\ОГС\Журналы\Результат_анализа_по_ГОСТ_32569_12_3_17_DEV__V5_07.05.2026.xlsx
2026-05-07 10:46:10,157 - INFO - Колонки RFI на «СводнаяАнализ» размещены после «Всего не верифицированно».
2026-05-11 10:38:14,045 - INFO - Старт анализа. БД: D:\МК_Кран\script_M_Kran\database\BD_Kingisepp\M_Kran_Kingesepp.db, таблица: wl_china
2026-05-11 10:38:14,064 - INFO - Список пар/гор/вода загружен: 48 линий, 0 пар (чертёж+линия)
2026-05-11 10:38:14,065 - INFO - Список пар/гор/вода: файл из папки D:\МК_Кран\МК_Кран_Кингесеп\ОГС\Журналы
2026-05-11 10:38:14,076 - INFO - Файл правила объёма найден: 10%_от_об_V.xlsx (листы: ['10_от_V'])
2026-05-11 10:38:14,113 - INFO - Колонки файла правила объёма: ['титул / title', 'Изм./ Rev. ', 'Номер линии / Line No', 'код_среды']
2026-05-11 10:38:14,122 - INFO - Первые 10 строк файла правила объёма:
титул / title Изм./ Rev.  Номер линии / Line No код_среды
        12460           -          087-FLL-0600       FLL
        12460           -          087-FLL-0601       FLL
        12460           -          087-FLL-0602       FLL
        12460           -          087-FLL-0603       FLL
        12460           -          087-FLL-0604       FLL
        12460           -          087-FLL-0605       FLL
        12460           -          087-ING-0600       ING
        12460           -          087-ING-0601       ING
        12460           -          087-ING-0602       ING
        12460           -          087-ING-0603       ING
2026-05-11 10:38:14,180 - INFO - Правило 10% от объёма по чертежу: загружено 263 линий из 10%_от_об_V.xlsx
2026-05-11 10:38:14,181 - INFO - Правило 10% от объёма: файл из папки D:\МК_Кран\МК_Кран_Кингесеп\ОГС\Журналы
2026-05-11 10:38:14,194 - INFO - fllOutlet: загружено 17 исключений из fllOutlet .xlsx
2026-05-11 10:38:14,195 - INFO - fllOutlet: файл из папки D:\МК_Кран\МК_Кран_Кингесеп\ОГС\Журналы
2026-05-11 10:38:15,051 - INFO - Обновление wl_china из condition_weld выполнено, затронуто строк: 38
2026-05-11 10:38:15,059 - INFO - Нормализация pending-статусов в wl_china выполнена, затронуто строк: 35
2026-05-11 10:38:15,561 - INFO - Колонка 'Номер_сварного_шва' сопоставлена с 'Номер_сварного_шва' по алиасу
2026-05-11 10:38:15,562 - INFO - Колонка 'Номер_чертежа' сопоставлена с 'Номер_чертежа' по алиасу
2026-05-11 10:38:15,562 - INFO - Колонка 'N_Линии' сопоставлена с 'N_Линии' по алиасу
2026-05-11 10:38:15,562 - INFO - Колонка 'Клеймо_сварщика_корневой_слой' сопоставлена с 'Клеймо_сварщика_корневой_слой' по алиасу
2026-05-11 10:38:15,562 - INFO - Колонка 'Клеймо_сварщика_заполнение_облицовка' сопоставлена с 'Клеймо_сварщика_заполнение_облицовка' по алиасу
2026-05-11 10:38:15,562 - INFO - Колонка 'Проектный_контроля' сопоставлена с 'Проектный_контроля' по алиасу
2026-05-11 10:38:15,562 - INFO - Колонка 'Заключение_РК_N' сопоставлена с 'Заключение_РК_N' по алиасу
2026-05-11 10:38:15,562 - INFO - Колонка 'Дата_Заключения_РК' сопоставлена с 'Дата_Заключения_РК' по алиасу
2026-05-11 10:38:15,563 - INFO - Колонка 'Результаты_Заключения_РК' сопоставлена с 'Результаты_Заключения_РК' по алиасу
2026-05-11 10:38:17,840 - INFO - СводнаяАнализ + RfiStatusBySk: строк 623, с непустым «Конструктив / RFI№» после объединения: 100
2026-05-11 10:38:18,008 - INFO - Сравнение 'СводнаяАнализ' с предыдущим отчётом: D:\МК_Кран\МК_Кран_Кингесеп\ОГС\Журналы\Результат_анализа_по_ГОСТ_32569_12_3_17_DEV__V5_07.05.2026.xlsx
2026-05-11 10:38:23,492 - INFO - Готово. Отчёт: D:\МК_Кран\МК_Кран_Кингесеп\ОГС\Журналы\Результат_анализа_по_ГОСТ_32569_12_3_17_DEV__V5_11.05.2026.xlsx
2026-05-11 10:38:28,065 - INFO - Колонки RFI на «СводнаяАнализ» размещены после «Всего не верифицированно».
2026-05-11 11:20:51,502 - INFO - Старт анализа. БД: D:\МК_Кран\script_M_Kran\database\BD_Kingisepp\M_Kran_Kingesepp.db, таблица: wl_china
2026-05-11 11:20:51,633 - INFO - Список пар/гор/вода загружен: 48 линий, 0 пар (чертёж+линия)
2026-05-11 11:20:51,633 - INFO - Список пар/гор/вода: файл из папки D:\МК_Кран\МК_Кран_Кингесеп\ОГС\Журналы
2026-05-11 11:20:51,644 - INFO - Файл правила объёма найден: 10%_от_об_V.xlsx (листы: ['10_от_V'])
2026-05-11 11:20:51,665 - INFO - Колонки файла правила объёма: ['титул / title', 'Изм./ Rev. ', 'Номер линии / Line No', 'код_среды']
2026-05-11 11:20:51,668 - INFO - Первые 10 строк файла правила объёма:
титул / title Изм./ Rev.  Номер линии / Line No код_среды
        12460           -          087-FLL-0600       FLL
        12460           -          087-FLL-0601       FLL
        12460           -          087-FLL-0602       FLL
        12460           -          087-FLL-0603       FLL
        12460           -          087-FLL-0604       FLL
        12460           -          087-FLL-0605       FLL
        12460           -          087-ING-0600       ING
        12460           -          087-ING-0601       ING
        12460           -          087-ING-0602       ING
        12460           -          087-ING-0603       ING
2026-05-11 11:20:51,709 - INFO - Правило 10% от объёма по чертежу: загружено 263 линий из 10%_от_об_V.xlsx
2026-05-11 11:20:51,711 - INFO - Правило 10% от объёма: файл из папки D:\МК_Кран\МК_Кран_Кингесеп\ОГС\Журналы
2026-05-11 11:20:51,730 - INFO - fllOutlet: загружено 17 исключений из fllOutlet .xlsx
2026-05-11 11:20:51,731 - INFO - fllOutlet: файл из папки D:\МК_Кран\МК_Кран_Кингесеп\ОГС\Журналы
2026-05-11 11:20:52,502 - INFO - Обновление wl_china из condition_weld выполнено, затронуто строк: 38
2026-05-11 11:20:52,513 - INFO - Нормализация pending-статусов в wl_china выполнена, затронуто строк: 35
2026-05-11 11:20:52,962 - INFO - Колонка 'Номер_сварного_шва' сопоставлена с 'Номер_сварного_шва' по алиасу
2026-05-11 11:20:52,962 - INFO - Колонка 'Номер_чертежа' сопоставлена с 'Номер_чертежа' по алиасу
2026-05-11 11:20:52,962 - INFO - Колонка 'N_Линии' сопоставлена с 'N_Линии' по алиасу
2026-05-11 11:20:52,962 - INFO - Колонка 'Клеймо_сварщика_корневой_слой' сопоставлена с 'Клеймо_сварщика_корневой_слой' по алиасу
2026-05-11 11:20:52,963 - INFO - Колонка 'Клеймо_сварщика_заполнение_облицовка' сопоставлена с 'Клеймо_сварщика_заполнение_облицовка' по алиасу
2026-05-11 11:20:52,963 - INFO - Колонка 'Проектный_контроля' сопоставлена с 'Проектный_контроля' по алиасу
2026-05-11 11:20:52,963 - INFO - Колонка 'Заключение_РК_N' сопоставлена с 'Заключение_РК_N' по алиасу
2026-05-11 11:20:52,963 - INFO - Колонка 'Дата_Заключения_РК' сопоставлена с 'Дата_Заключения_РК' по алиасу
2026-05-11 11:20:52,963 - INFO - Колонка 'Результаты_Заключения_РК' сопоставлена с 'Результаты_Заключения_РК' по алиасу
2026-05-11 11:20:55,334 - INFO - СводнаяАнализ + RfiStatusBySk: строк 623, с непустым «Конструктив / RFI№» после объединения: 100
2026-05-11 11:20:55,499 - INFO - Сравнение 'СводнаяАнализ' с предыдущим отчётом: D:\МК_Кран\МК_Кран_Кингесеп\ОГС\Журналы\Результат_анализа_по_ГОСТ_32569_12_3_17_DEV__V5_07.05.2026.xlsx
2026-05-11 11:21:00,896 - INFO - Готово. Отчёт: D:\МК_Кран\МК_Кран_Кингесеп\ОГС\Журналы\Результат_анализа_по_ГОСТ_32569_12_3_17_DEV__V5_11.05.2026.xlsx
2026-05-11 11:21:05,163 - INFO - Колонки RFI на «СводнаяАнализ» размещены после «Всего не верифицированно».
