2025-11-01 12:56:55,715 - INFO - ============================================================
2025-11-01 12:56:55,716 - INFO - НАЧАЛО СОЗДАНИЯ ТАБЛИЦЫ СВАРЕНО_СВАРЩИКОМ
2025-11-01 12:56:55,717 - INFO - ============================================================
2025-11-01 12:56:55,718 - INFO - ✅ Подключение к базе данных успешно
2025-11-01 12:56:55,718 - INFO - 🔧 Предварительная обработка: обнуляем клейма при пустой дате сварки...
2025-11-01 12:57:01,118 - ERROR - ❌ Ошибка предварительной обработки: database is locked
2025-11-01 12:57:01,147 - INFO - 📊 Статистика таблицы wl_china:
2025-11-01 12:57:01,147 - INFO -    - Всего записей: 14071
2025-11-01 12:57:01,148 - INFO - 🔍 Проверка структуры таблицы wl_china...
2025-11-01 12:57:01,148 - INFO - ✅ Все необходимые колонки найдены
2025-11-01 12:57:01,149 - INFO - ✅ Найден столбец Базовый_материал_1 - будет применяться исключение для стилоскопирования
2025-11-01 12:57:01,172 - INFO - 📊 Записей с клеймами сварщиков: 13703
2025-11-01 12:57:01,173 - INFO - 🗑️ Удаление существующей таблицы сварено_сварщиком...
2025-11-01 12:57:06,619 - ERROR - ❌ Ошибка удаления таблицы: database is locked
2025-11-01 12:57:06,620 - INFO - 🏗️ Создание новой таблицы сварено_сварщиком...
2025-11-01 12:57:06,621 - ERROR - ❌ Ошибка создания таблицы: table сварено_сварщиком already exists
2025-11-01 12:57:06,622 - INFO - 📝 Заполнение таблицы данными...
2025-11-01 12:57:06,622 - INFO - 🔧 Применяется исключение для стилоскопирования: исключаются записи с Базовый_материал_1 содержащим '09Г2C' или '09Г2С', а также записи где Результаты_Заключения_РК = 'Не годен'
2025-11-01 12:57:12,064 - ERROR - ❌ Ошибка заполнения таблицы: database is locked
2025-11-01 12:57:12,065 - INFO - 🔍 Проверка результатов...
2025-11-01 12:57:12,067 - INFO - 📊 Результаты создания таблицы:
2025-11-01 12:57:12,067 - INFO -    - Всего записей: 0
2025-11-01 12:57:12,067 - INFO -    - Примеры записей (топ-5 по количеству сварных швов):
2025-11-01 12:57:12,068 - INFO - 📊 Статистика по линиям:
2025-11-01 12:57:12,069 - INFO - 📊 Статистика по _Линия:
2025-11-01 12:57:12,069 - ERROR - ❌ Ошибка при проверке результатов
2025-11-01 12:57:12,072 - INFO - 🔌 Соединение с базой данных закрыто
