2025-11-01 12:58:22,135 - INFO - ============================================================
2025-11-01 12:58:22,135 - INFO - НАЧАЛО СОЗДАНИЯ ТАБЛИЦЫ СВАРЕНО_СВАРЩИКОМ
2025-11-01 12:58:22,136 - INFO - ============================================================
2025-11-01 12:58:22,138 - INFO - ✅ Подключение к базе данных успешно
2025-11-01 12:58:22,138 - INFO - 🔧 Предварительная обработка: обнуляем клейма при пустой дате сварки...
2025-11-01 12:58:27,605 - ERROR - ❌ Ошибка предварительной обработки: database is locked
2025-11-01 12:58:27,625 - INFO - 📊 Статистика таблицы wl_china:
2025-11-01 12:58:27,625 - INFO -    - Всего записей: 14071
2025-11-01 12:58:27,625 - INFO - 🔍 Проверка структуры таблицы wl_china...
2025-11-01 12:58:27,626 - INFO - ✅ Все необходимые колонки найдены
2025-11-01 12:58:27,627 - INFO - ✅ Найден столбец Базовый_материал_1 - будет применяться исключение для стилоскопирования
2025-11-01 12:58:27,645 - INFO - 📊 Записей с клеймами сварщиков: 13703
2025-11-01 12:58:27,645 - INFO - 🗑️ Удаление существующей таблицы сварено_сварщиком...
2025-11-01 12:58:33,056 - ERROR - ❌ Ошибка удаления таблицы: database is locked
2025-11-01 12:58:33,057 - INFO - 🏗️ Создание новой таблицы сварено_сварщиком...
2025-11-01 12:58:33,057 - ERROR - ❌ Ошибка создания таблицы: table сварено_сварщиком already exists
2025-11-01 12:58:33,057 - INFO - 📝 Заполнение таблицы данными...
2025-11-01 12:58:33,057 - INFO - 🔧 Применяется исключение для стилоскопирования: исключаются записи с Базовый_материал_1 содержащим '09Г2C' или '09Г2С', а также записи где Результаты_Заключения_РК = 'Не годен'
2025-11-01 12:58:38,487 - ERROR - ❌ Ошибка заполнения таблицы: database is locked
2025-11-01 12:58:38,487 - INFO - 🔍 Проверка результатов...
2025-11-01 12:58:38,488 - INFO - 📊 Результаты создания таблицы:
2025-11-01 12:58:38,488 - INFO -    - Всего записей: 0
2025-11-01 12:58:38,488 - INFO -    - Примеры записей (топ-5 по количеству сварных швов):
2025-11-01 12:58:38,488 - INFO - 📊 Статистика по линиям:
2025-11-01 12:58:38,488 - INFO - 📊 Статистика по _Линия:
2025-11-01 12:58:38,488 - ERROR - ❌ Ошибка при проверке результатов
2025-11-01 12:58:38,490 - INFO - 🔌 Соединение с базой данных закрыто
