2025-11-07 16:24:39,922 - INFO - ============================================================
2025-11-07 16:24:39,922 - INFO - НАЧАЛО СОЗДАНИЯ ТАБЛИЦЫ СВАРЕНО_СВАРЩИКОМ
2025-11-07 16:24:39,922 - INFO - ============================================================
2025-11-07 16:24:39,924 - INFO - ✅ Подключение к базе данных успешно
2025-11-07 16:24:39,924 - INFO - 🔧 Предварительная обработка: обнуляем клейма при пустой дате сварки...
2025-11-07 16:24:39,951 - INFO - ✅ Предварительная обработка завершена
2025-11-07 16:24:39,960 - INFO - 📊 Статистика таблицы wl_china:
2025-11-07 16:24:39,961 - INFO -    - Всего записей: 14118
2025-11-07 16:24:39,961 - INFO - 🔍 Проверка структуры таблицы wl_china...
2025-11-07 16:24:39,962 - INFO - ✅ Все необходимые колонки найдены
2025-11-07 16:24:39,962 - INFO - ✅ Найден столбец Базовый_материал_1 - будет применяться исключение для стилоскопирования
2025-11-07 16:24:39,971 - INFO - 📊 Записей с клеймами сварщиков: 13871
2025-11-07 16:24:39,971 - INFO - 🗑️ Удаление существующей таблицы сварено_сварщиком...
2025-11-07 16:24:39,974 - INFO - ✅ Таблица сварено_сварщиком удалена (если существовала)
2025-11-07 16:24:39,974 - INFO - 🏗️ Создание новой таблицы сварено_сварщиком...
2025-11-07 16:24:39,976 - INFO - ✅ Таблица сварено_сварщиком создана успешно
2025-11-07 16:24:39,977 - INFO - 📝 Заполнение таблицы данными...
2025-11-07 16:24:39,978 - INFO - 🔧 Применяется исключение для стилоскопирования: исключаются записи с Базовый_материал_1 содержащим '09Г2C' или '09Г2С', записи где Результаты_Заключения_РК = 'Не годен', а также записи где Результаты_Заключения_Стилоскопирование = 'Не годен'
2025-11-07 16:24:40,114 - INFO - 🔧 Заполнение не сваренных записей...
2025-11-07 16:24:40,132 - INFO - 🧮 Расчет столбца РК на основе RT из 'основнаяНК'...
2025-11-07 16:24:40,153 - INFO - 🧮 Пересчет не_подан_рк как РК - заявлен_рк...
2025-11-07 16:24:40,158 - INFO - 🧮 Расчет столбца Стило(PMI) с учетом процентов в основнойНК...
2025-11-07 16:24:40,230 - INFO - 🧮 Пересчет не_подан_стилоскопирование как 'Стило(PMI)' - заявлен_стилоскопирование - годен_стилоскопирование...
2025-11-07 16:24:40,236 - INFO - 🧮 Расчет столбца ПВК с учетом процента и исключением 'Не годен' по РК и типов У17/У19...
2025-11-07 16:24:40,254 - INFO - 🧮 Пересчет не_подан_pt как ПВК - заявлен_pt - годен_pt...
2025-11-07 16:24:40,261 - INFO - 🧮 Расчет столбца МПД с исключением 'Не годен' по РК и типов У17/У19...
2025-11-07 16:24:40,278 - INFO - 🧮 Пересчет не_подан_мпд как МПД - заявлен_мпд...
2025-11-07 16:24:40,284 - INFO - 🧮 Заполнение ВИК значением заявлен_вик...
2025-11-07 16:24:40,289 - INFO - 🔗 Заполнение 'No TEST-PACK' и '№ ИЧ' из LstTp_12460...
2025-11-07 16:24:40,373 - INFO - 🔗 Копирование справочных полей из основнойНК...
2025-11-07 16:24:40,452 - INFO - ✅ Вставлено 1305 записей в таблицу сварено_сварщиком
2025-11-07 16:24:40,453 - INFO - 🔍 Проверка результатов...
2025-11-07 16:24:40,453 - INFO - 📊 Результаты создания таблицы:
2025-11-07 16:24:40,454 - INFO -    - Всего записей: 1305
2025-11-07 16:24:40,454 - INFO -    - Примеры записей (топ-5 по количеству сварных швов):
2025-11-07 16:24:40,454 - INFO -      1. Линия 087-LC-0602 (_Линия: 087-LC-0602), Чертеж GCC-NAG-DDD-12460-12-1500-TK-ISO-00040: 146 швов
2025-11-07 16:24:40,455 - INFO -         Клейма: CHN5
2025-11-07 16:24:40,455 - INFO -         Методы сварки: GTAW
2025-11-07 16:24:40,455 - INFO -         Типы сварных швов: С17
2025-11-07 16:24:40,455 - INFO -         АКТ ВИК - Заявлен: 0, Годен: 146, Не годен: 0, Не подан: 0
2025-11-07 16:24:40,456 - INFO -         Заключения РК - Заявлен: 0, Годен: 3, Не годен: 0
2025-11-07 16:24:40,456 - INFO -      2. Линия 084-HGWR-0717 (_Линия: 084-HGWR-0717), Чертеж GCC-NAG-DDD-12470-14-1400-TK-ISO-00075: 133 швов
2025-11-07 16:24:40,456 - INFO -         Клейма: 4S6N
2025-11-07 16:24:40,456 - INFO -         Методы сварки: GTAW
2025-11-07 16:24:40,457 - INFO -         Типы сварных швов: С17
2025-11-07 16:24:40,457 - INFO -         АКТ ВИК - Заявлен: 1, Годен: 119, Не годен: 0, Не подан: 13
2025-11-07 16:24:40,457 - INFO -         Заключения РК - Заявлен: 0, Годен: 2, Не годен: 0
2025-11-07 16:24:40,457 - INFO -      3. Линия 084-HGWR-0715 (_Линия: 084-HGWR-0715), Чертеж GCC-NAG-DDD-12470-13-1400-TK-ISO-00124: 122 швов
2025-11-07 16:24:40,457 - INFO -         Клейма: 3BBF
2025-11-07 16:24:40,458 - INFO -         Методы сварки: GTAW
2025-11-07 16:24:40,458 - INFO -         Типы сварных швов: С17
2025-11-07 16:24:40,458 - INFO -         АКТ ВИК - Заявлен: 5, Годен: 117, Не годен: 0, Не подан: 0
2025-11-07 16:24:40,459 - INFO -         Заключения РК - Заявлен: 0, Годен: 10, Не годен: 0
2025-11-07 16:24:40,459 - INFO -      4. Линия 084-HGWR-0718 (_Линия: 084-HGWR-0718), Чертеж GCC-NAG-DDD-12470-14-1400-TK-ISO-00079: 113 швов
2025-11-07 16:24:40,459 - INFO -         Клейма: 3BBF
2025-11-07 16:24:40,459 - INFO -         Методы сварки: GTAW
2025-11-07 16:24:40,460 - INFO -         Типы сварных швов: С17
2025-11-07 16:24:40,460 - INFO -         АКТ ВИК - Заявлен: 0, Годен: 97, Не годен: 0, Не подан: 16
2025-11-07 16:24:40,460 - INFO -         Заключения РК - Заявлен: 0, Годен: 2, Не годен: 0
2025-11-07 16:24:40,461 - INFO -      5. Линия 084-HGWR-0723 (_Линия: 084-HGWR-0723), Чертеж GCC-NAG-DDD-12470-14-1400-TK-ISO-00208: 105 швов
2025-11-07 16:24:40,461 - INFO -         Клейма: 7KRM
2025-11-07 16:24:40,461 - INFO -         Методы сварки: GTAW
2025-11-07 16:24:40,461 - INFO -         Типы сварных швов: С17
2025-11-07 16:24:40,461 - INFO -         АКТ ВИК - Заявлен: 23, Годен: 82, Не годен: 0, Не подан: 0
2025-11-07 16:24:40,462 - INFO -         Заключения РК - Заявлен: 0, Годен: 0, Не годен: 0
2025-11-07 16:24:40,464 - INFO - 📊 Статистика по линиям:
2025-11-07 16:24:40,464 - INFO -    - Линия 084-IA-0700 (_Линия: 084-IA-0700): 11 групп, 271 швов
2025-11-07 16:24:40,464 - INFO -    - Линия 084-ATM-0700 (1) (_Линия: 084-ATM-0700): 8 групп, 225 швов
2025-11-07 16:24:40,464 - INFO -    - Линия 084-MS-0700 (_Линия: 084-MS-0700): 21 групп, 207 швов
2025-11-07 16:24:40,465 - INFO -    - Линия 084-HGWR-0700 (_Линия: 084-HGWR-0700): 14 групп, 172 швов
2025-11-07 16:24:40,465 - INFO -    - Линия 084-HGWS-0700 (_Линия: 084-HGWS-0700): 16 групп, 170 швов
2025-11-07 16:24:40,465 - INFO -    - Линия 087-IA-0600 (_Линия: 087-IA-0600): 7 групп, 167 швов
2025-11-07 16:24:40,465 - INFO -    - Линия 084-HGWR-0719 (_Линия: 084-HGWR-0719): 3 групп, 165 швов
2025-11-07 16:24:40,466 - INFO -    - Линия 084-LI-0700 (_Линия: 084-LI-0700): 5 групп, 159 швов
2025-11-07 16:24:40,466 - INFO -    - Линия 084-FC-0700 (_Линия: 084-FC-0700): 8 групп, 155 швов
2025-11-07 16:24:40,466 - INFO -    - Линия 087-MS-0600 (_Линия: 087-MS-0600): 15 групп, 155 швов
2025-11-07 16:24:40,467 - INFO -    - Линия 084-HGWR-0715 (_Линия: 084-HGWR-0715): 2 групп, 149 швов
2025-11-07 16:24:40,467 - INFO -    - Линия 084-HGWR-0717 (_Линия: 084-HGWR-0717): 3 групп, 148 швов
2025-11-07 16:24:40,467 - INFO -    - Линия 087-LC-0602 (_Линия: 087-LC-0602): 2 групп, 146 швов
2025-11-07 16:24:40,468 - INFO -    - Линия 084-HGWS-0715 (_Линия: 084-HGWS-0715): 4 групп, 141 швов
2025-11-07 16:24:40,468 - INFO -    - Линия 087-HGWR-0600 (_Линия: 087-HGWR-0600): 8 групп, 137 швов
2025-11-07 16:24:40,469 - INFO -    - Линия 084-HGWR-0713 (_Линия: 084-HGWR-0713): 7 групп, 136 швов
2025-11-07 16:24:40,469 - INFO -    - Линия 087-HGWS-0600 (_Линия: 087-HGWS-0600): 6 групп, 134 швов
2025-11-07 16:24:40,470 - INFO -    - Линия 084-PA-0700 (_Линия: 084-PA-0700): 10 групп, 129 швов
2025-11-07 16:24:40,472 - INFO -    - Линия 084-HGWR-0721 (_Линия: 084-HGWR-0721): 2 групп, 125 швов
2025-11-07 16:24:40,473 - INFO -    - Линия 084-HGWS-0717 (_Линия: 084-HGWS-0717): 4 групп, 122 швов
2025-11-07 16:24:40,474 - INFO -    - Линия 084-HGWR-0718 (_Линия: 084-HGWR-0718): 2 групп, 117 швов
2025-11-07 16:24:40,474 - INFO -    - Линия 087-PA-0600 (_Линия: 087-PA-0600): 8 групп, 116 швов
2025-11-07 16:24:40,475 - INFO -    - Линия 084-HGWS-0719 (_Линия: 084-HGWS-0719): 2 групп, 111 швов
2025-11-07 16:24:40,475 - INFO -    - Линия 084-HGWR-0716 (_Линия: 084-HGWR-0716): 3 групп, 108 швов
2025-11-07 16:24:40,475 - INFO -    - Линия 084-HGWS-0718 (_Линия: 084-HGWS-0718): 2 групп, 106 швов
2025-11-07 16:24:40,476 - INFO -    - Линия 084-HGWR-0723 (_Линия: 084-HGWR-0723): 1 групп, 105 швов
2025-11-07 16:24:40,476 - INFO -    - Линия 084-LI-0701 (_Линия: 084-LI-0701): 1 групп, 104 швов
2025-11-07 16:24:40,477 - INFO -    - Линия 084-HGWS-0723 (_Линия: 084-HGWS-0723): 2 групп, 100 швов
2025-11-07 16:24:40,477 - INFO -    - Линия 084-HGWS-0709 (_Линия: 084-HGWS-0709): 4 групп, 95 швов
2025-11-07 16:24:40,477 - INFO -    - Линия 084-LC-0708 (_Линия: 084-LC-0708): 2 групп, 95 швов
2025-11-07 16:24:40,478 - INFO -    - Линия 084-HGWR-0709 (_Линия: 084-HGWR-0709): 4 групп, 92 швов
2025-11-07 16:24:40,478 - INFO -    - Линия 084-HGWR-0714 (_Линия: 084-HGWR-0714): 3 групп, 92 швов
2025-11-07 16:24:40,479 - INFO -    - Линия 084-MFG-0701 (_Линия: 084-MFG-0701): 3 групп, 91 швов
2025-11-07 16:24:40,479 - INFO -    - Линия 084-HGWS-0713 (_Линия: 084-HGWS-0713): 5 групп, 87 швов
2025-11-07 16:24:40,479 - INFO -    - Линия 084-HGWR-0710 (_Линия: 084-HGWR-0710): 1 групп, 86 швов
2025-11-07 16:24:40,479 - INFO -    - Линия 084-HGWS-0710 (_Линия: 084-HGWS-0710): 2 групп, 84 швов
2025-11-07 16:24:40,479 - INFO -    - Линия 084-HGWS-0721 (_Линия: 084-HGWS-0721): 1 групп, 84 швов
2025-11-07 16:24:40,480 - INFO -    - Линия 084-HGWR-0711 (_Линия: 084-HGWR-0711): 2 групп, 83 швов
2025-11-07 16:24:40,480 - INFO -    - Линия 084-HGWR-0712 (_Линия: 084-HGWR-0712): 2 групп, 82 швов
2025-11-07 16:24:40,480 - INFO -    - Линия 084-HGWS-0714 (_Линия: 084-HGWS-0714): 2 групп, 81 швов
2025-11-07 16:24:40,480 - INFO -    - Линия 084-ATM-0700 (_Линия: 084-ATM-0700): 7 групп, 80 швов
2025-11-07 16:24:40,480 - INFO -    - Линия 084-HGWS-0712 (_Линия: 084-HGWS-0712): 5 групп, 79 швов
2025-11-07 16:24:40,481 - INFO -    - Линия 084-HGWR-0720 (_Линия: 084-HGWR-0720): 3 групп, 76 швов
2025-11-07 16:24:40,481 - INFO -    - Линия 084-HGWS-0716 (_Линия: 084-HGWS-0716): 2 групп, 76 швов
2025-11-07 16:24:40,481 - INFO -    - Линия 087-DN-0602 (_Линия: 087-DN-0602): 5 групп, 74 швов
2025-11-07 16:24:40,481 - INFO -    - Линия 087-LC-0601 (_Линия: 087-LC-0601): 2 групп, 74 швов
2025-11-07 16:24:40,482 - INFO -    - Линия 087-SSB-0601 (_Линия: 087-SSB-0601): 8 групп, 71 швов
2025-11-07 16:24:40,482 - INFO -    - Линия 087-ATM-0600 (_Линия: 087-ATM-0600): 4 групп, 70 швов
2025-11-07 16:24:40,482 - INFO -    - Линия 087-SSB-0600 (_Линия: 087-SSB-0600): 8 групп, 69 швов
2025-11-07 16:24:40,483 - INFO -    - Линия 084-FL-0705 (_Линия: 084-FL-0705): 6 групп, 67 швов
2025-11-07 16:24:40,483 - INFO -    - Линия 084-HGWS-0711 (_Линия: 084-HGWS-0711): 1 групп, 67 швов
2025-11-07 16:24:40,483 - INFO -    - Линия 087-SSB-0602 (_Линия: 087-SSB-0602): 12 групп, 67 швов
2025-11-07 16:24:40,483 - INFO -    - Линия 084-HGWS-0720 (_Линия: 084-HGWS-0720): 3 групп, 65 швов
2025-11-07 16:24:40,483 - INFO -    - Линия 084-ING-0700 (_Линия: 084-ING-0700): 4 групп, 65 швов
2025-11-07 16:24:40,484 - INFO -    - Линия 087-LC-0600 (_Линия: 087-LC-0600): 5 групп, 65 швов
2025-11-07 16:24:40,485 - INFO -    - Линия 087-MFG-0600 (_Линия: 087-MFG-0600): 5 групп, 65 швов
2025-11-07 16:24:40,485 - INFO -    - Линия 084-ING-0703 (_Линия: 084-ING-0703): 3 групп, 64 швов
2025-11-07 16:24:40,485 - INFO -    - Линия 084-LC-0706 (_Линия: 084-LC-0706): 3 групп, 64 швов
2025-11-07 16:24:40,486 - INFO -    - Линия 087-SSB-0603 (_Линия: 087-SSB-0603): 9 групп, 64 швов
2025-11-07 16:24:40,486 - INFO -    - Линия 084-ING-0701 (_Линия: 084-ING-0701): 2 групп, 63 швов
2025-11-07 16:24:40,487 - INFO -    - Линия 084-ING-0716 (_Линия: 084-ING-0716): 2 групп, 63 швов
2025-11-07 16:24:40,488 - INFO -    - Линия 084-LC-0705 (_Линия: 084-LC-0705): 3 групп, 61 швов
2025-11-07 16:24:40,488 - INFO -    - Линия 084-MFG-0700 (_Линия: 084-MFG-0700): 3 групп, 61 швов
2025-11-07 16:24:40,488 - INFO -    - Линия 087-LI-0600 (_Линия: 087-LI-0600): 6 групп, 58 швов
2025-11-07 16:24:40,489 - INFO -    - Линия 084-HGWR-0722 (_Линия: 084-HGWR-0722): 1 групп, 57 швов
2025-11-07 16:24:40,489 - INFO -    - Линия 084-FGB-0701 (_Линия: 084-FGB-0701): 2 групп, 56 швов
2025-11-07 16:24:40,490 - INFO -    - Линия 084-HGWS-0722 (_Линия: 084-HGWS-0722): 2 групп, 56 швов
2025-11-07 16:24:40,490 - INFO -    - Линия 084-ING-0717 (_Линия: 084-ING-0717): 3 групп, 56 швов
2025-11-07 16:24:40,490 - INFO -    - Линия 084-DR-0700 (_Линия: 084-DR-0700): 2 групп, 54 швов
2025-11-07 16:24:40,491 - INFO -    - Линия 084-DW-0700 (_Линия: 084-DW-0700): 7 групп, 54 швов
2025-11-07 16:24:40,491 - INFO -    - Линия 084-ING-0702 (_Линия: 084-ING-0702): 2 групп, 54 швов
2025-11-07 16:24:40,491 - INFO -    - Линия 084-ING-0713 (_Линия: 084-ING-0713): 3 групп, 54 швов
2025-11-07 16:24:40,491 - INFO -    - Линия 084-FGB-0702 (_Линия: 084-FGB-0702): 2 групп, 53 швов
2025-11-07 16:24:40,492 - INFO -    - Линия 087-ING-0601 (_Линия: 087-ING-0601): 7 групп, 53 швов
2025-11-07 16:24:40,492 - INFO -    - Линия 084-LC-0704 (_Линия: 084-LC-0704): 1 групп, 52 швов
2025-11-07 16:24:40,492 - INFO -    - Линия 084-FC-0728 (_Линия: 084-FC-0728): 2 групп, 51 швов
2025-11-07 16:24:40,493 - INFO -    - Линия 084-FGB-0700 (_Линия: 084-FGB-0700): 2 групп, 51 швов
2025-11-07 16:24:40,493 - INFO -    - Линия 084-HGWR-0703 (_Линия: 084-HGWR-0703): 3 групп, 51 швов
2025-11-07 16:24:40,493 - INFO -    - Линия 084-ST-0700 (_Линия: 084-ST-0700): 8 групп, 51 швов
2025-11-07 16:24:40,493 - INFO -    - Линия 084-DR-0702 (_Линия: 084-DR-0702): 4 групп, 50 швов
2025-11-07 16:24:40,494 - INFO -    - Линия 087-FLL-0603 (_Линия: 087-FLL-0603): 11 групп, 50 швов
2025-11-07 16:24:40,495 - INFO -    - Линия 084-DR-0704 (_Линия: 084-DR-0704): 2 групп, 49 швов
2025-11-07 16:24:40,495 - INFO -    - Линия 084-FGB-0703 (_Линия: 084-FGB-0703): 2 групп, 49 швов
2025-11-07 16:24:40,495 - INFO -    - Линия 084-DR-0706 (_Линия: 084-DR-0706): 2 групп, 48 швов
2025-11-07 16:24:40,496 - INFO -    - Линия 084-ING-0710 (_Линия: 084-ING-0710): 4 групп, 48 швов
2025-11-07 16:24:40,496 - INFO -    - Линия 084-SSB-0701 (_Линия: 084-SSB-0701): 5 групп, 48 швов
2025-11-07 16:24:40,496 - INFO -    - Линия 087-ING-0602 (_Линия: 087-ING-0602): 6 групп, 48 швов
2025-11-07 16:24:40,496 - INFO -    - Линия 087-ING-0604 (_Линия: 087-ING-0604): 5 групп, 48 швов
2025-11-07 16:24:40,496 - INFO -    - Линия 087-FLL-0602 (_Линия: 087-FLL-0602): 13 групп, 47 швов
2025-11-07 16:24:40,496 - INFO -    - Линия 087-ING-0605 (_Линия: 087-ING-0605): 7 групп, 47 швов
2025-11-07 16:24:40,496 - INFO -    - Линия 087-ING-0606 (_Линия: 087-ING-0606): 4 групп, 47 швов
2025-11-07 16:24:40,496 - INFO -    - Линия 087-MFG-0602 (_Линия: 087-MFG-0602): 4 групп, 46 швов
2025-11-07 16:24:40,496 - INFO -    - Линия 084-DR-0701 (_Линия: 084-DR-0701): 1 групп, 45 швов
2025-11-07 16:24:40,496 - INFO -    - Линия 084-FC-0710 (_Линия: 084-FC-0710): 2 групп, 45 швов
2025-11-07 16:24:40,496 - INFO -    - Линия 084-ING-0715 (_Линия: 084-ING-0715): 4 групп, 45 швов
2025-11-07 16:24:40,496 - INFO -    - Линия 084-LI-0703 (_Линия: 084-LI-0703): 2 групп, 45 швов
2025-11-07 16:24:40,496 - INFO -    - Линия 087-FGB-0601 (_Линия: 087-FGB-0601): 4 групп, 45 швов
2025-11-07 16:24:40,496 - INFO -    - Линия 087-ING-0607 (_Линия: 087-ING-0607): 4 групп, 45 швов
2025-11-07 16:24:40,496 - INFO -    - Линия 084-DR-0703 (_Линия: 084-DR-0703): 2 групп, 44 швов
2025-11-07 16:24:40,496 - INFO -    - Линия 084-FC-0709 (_Линия: 084-FC-0709): 7 групп, 44 швов
2025-11-07 16:24:40,496 - INFO -    - Линия 087-ING-0603 (_Линия: 087-ING-0603): 5 групп, 44 швов
2025-11-07 16:24:40,496 - INFO -    - Линия 084-LC-0707 (_Линия: 084-LC-0707): 3 групп, 43 швов
2025-11-07 16:24:40,496 - INFO -    - Линия 084-SSB-0706 (_Линия: 084-SSB-0706): 6 групп, 43 швов
2025-11-07 16:24:40,496 - INFO -    - Линия 087-ING-0600 (_Линия: 087-ING-0600): 6 групп, 43 швов
2025-11-07 16:24:40,496 - INFO -    - Линия 084-DR-0705 (_Линия: 084-DR-0705): 2 групп, 42 швов
2025-11-07 16:24:40,496 - INFO -    - Линия 084-HGWR-0704 (_Линия: 084-HGWR-0704): 2 групп, 42 швов
2025-11-07 16:24:40,496 - INFO -    - Линия 084-ING-0714 (_Линия: 084-ING-0714): 3 групп, 42 швов
2025-11-07 16:24:40,496 - INFO -    - Линия 084-LS-0703 (_Линия: 084-LS-0703): 2 групп, 41 швов
2025-11-07 16:24:40,496 - INFO -    - Линия 084-SSB-0702 (_Линия: 084-SSB-0702): 6 групп, 41 швов
2025-11-07 16:24:40,496 - INFO -    - Линия 087-FGB-0600 (_Линия: 087-FGB-0600): 2 групп, 41 швов
2025-11-07 16:24:40,496 - INFO -    - Линия 084-HGWS-0703 (_Линия: 084-HGWS-0703): 2 групп, 40 швов
2025-11-07 16:24:40,496 - INFO -    - Линия 084-LC-0703 (_Линия: 084-LC-0703): 2 групп, 40 швов
2025-11-07 16:24:40,496 - INFO -    - Линия 084-SSB-0708 (_Линия: 084-SSB-0708): 3 групп, 39 швов
2025-11-07 16:24:40,496 - INFO -    - Линия 087-PA-0608 (_Линия: 087-PA-0608): 5 групп, 39 швов
2025-11-07 16:24:40,496 - INFO -    - Линия 084-ATM-0700 (7) (_Линия: 084-ATM-0700): 2 групп, 38 швов
2025-11-07 16:24:40,496 - INFO -    - Линия 084-LS-0701 (_Линия: 084-LS-0701): 2 групп, 38 швов
2025-11-07 16:24:40,496 - INFO -    - Линия 087-HGWR-0601 (_Линия: 087-HGWR-0601): 4 групп, 38 швов
2025-11-07 16:24:40,496 - INFO -    - Линия 084-ING-0711 (_Линия: 084-ING-0711): 3 групп, 37 швов
2025-11-07 16:24:40,496 - INFO -    - Линия 084-ING-0712 (_Линия: 084-ING-0712): 3 групп, 37 швов
2025-11-07 16:24:40,496 - INFO -    - Линия 084-LS-0704 (_Линия: 084-LS-0704): 2 групп, 37 швов
2025-11-07 16:24:40,496 - INFO -    - Линия 084-PA-0703 (_Линия: 084-PA-0703): 2 групп, 37 швов
2025-11-07 16:24:40,496 - INFO -    - Линия 084-SSB-0704 (_Линия: 084-SSB-0704): 5 групп, 37 швов
2025-11-07 16:24:40,496 - INFO -    - Линия 084-FC-0718 (_Линия: 084-FC-0718): 5 групп, 36 швов
2025-11-07 16:24:40,496 - INFO -    - Линия 084-HGWR-0701 (_Линия: 084-HGWR-0701): 2 групп, 36 швов
2025-11-07 16:24:40,496 - INFO -    - Линия 084-ING-0709 (_Линия: 084-ING-0709): 4 групп, 36 швов
2025-11-07 16:24:40,496 - INFO -    - Линия 084-LC-0700 (_Линия: 084-LC-0700): 1 групп, 36 швов
2025-11-07 16:24:40,496 - INFO -    - Линия 084-LS-0702 (_Линия: 084-LS-0702): 2 групп, 36 швов
2025-11-07 16:24:40,496 - INFO -    - Линия 087-MFG-0610 (_Линия: 087-MFG-0610): 3 групп, 36 швов
2025-11-07 16:24:40,506 - INFO -    - Линия 084-DR-0723 (_Линия: 084-DR-0723): 3 групп, 34 швов
2025-11-07 16:24:40,506 - INFO -    - Линия 084-FC-0731 (_Линия: 084-FC-0731): 8 групп, 34 швов
2025-11-07 16:24:40,506 - INFO -    - Линия 087-PA-0601 (_Линия: 087-PA-0601): 4 групп, 34 швов
2025-11-07 16:24:40,506 - INFO -    - Линия 084-FC-0719 (_Линия: 084-FC-0719): 7 групп, 33 швов
2025-11-07 16:24:40,506 - INFO -    - Линия 084-SSB-0710 (_Линия: 084-SSB-0710): 1 групп, 33 швов
2025-11-07 16:24:40,506 - INFO -    - Линия 084-ST-0713 (_Линия: 084-ST-0713): 1 групп, 33 швов
2025-11-07 16:24:40,506 - INFO -    - Линия 087-LI-0604 (1) (_Линия: 087-LI-0604): 3 групп, 33 швов
2025-11-07 16:24:40,506 - INFO -    - Линия 084-ATM-0700 (6) (_Линия: 084-ATM-0700): 2 групп, 32 швов
2025-11-07 16:24:40,506 - INFO -    - Линия 084-DR-0728 (_Линия: 084-DR-0728): 3 групп, 32 швов
2025-11-07 16:24:40,506 - INFO -    - Линия 084-FC-0717 (_Линия: 084-FC-0717): 5 групп, 32 швов
2025-11-07 16:24:40,508 - INFO -    - Линия 084-IA-0701 (_Линия: 084-IA-0701): 1 групп, 32 швов
2025-11-07 16:24:40,509 - INFO -    - Линия 084-LC-0709 (_Линия: 084-LC-0709): 3 групп, 32 швов
2025-11-07 16:24:40,510 - INFO -    - Линия 084-SSB-0703 (_Линия: 084-SSB-0703): 5 групп, 32 швов
2025-11-07 16:24:40,510 - INFO -    - Линия 086-FL-2471 (_Линия: 086-FL-2471): 12 групп, 32 швов
2025-11-07 16:24:40,510 - INFO -    - Линия 084-LS-0700 (_Линия: 084-LS-0700): 1 групп, 31 швов
2025-11-07 16:24:40,511 - INFO -    - Линия 086-FL-2470 (_Линия: 086-FL-2470): 11 групп, 31 швов
2025-11-07 16:24:40,511 - INFO -    - Линия 087-LI-0602 (_Линия: 087-LI-0602): 3 групп, 31 швов
2025-11-07 16:24:40,511 - INFO -    - Линия 084-DR-0721 (_Линия: 084-DR-0721): 3 групп, 30 швов
2025-11-07 16:24:40,512 - INFO -    - Линия 084-HGWS-0701 (_Линия: 084-HGWS-0701): 2 групп, 30 швов
2025-11-07 16:24:40,512 - INFO -    - Линия 084-ING-0704 (_Линия: 084-ING-0704): 2 групп, 30 швов
2025-11-07 16:24:40,512 - INFO -    - Линия 084-SSB-0705 (_Линия: 084-SSB-0705): 5 групп, 30 швов
2025-11-07 16:24:40,512 - INFO -    - Линия 084-DR-0708 (_Линия: 084-DR-0708): 2 групп, 29 швов
2025-11-07 16:24:40,513 - INFO -    - Линия 084-DR-0725 (_Линия: 084-DR-0725): 3 групп, 29 швов
2025-11-07 16:24:40,513 - INFO -    - Линия 084-FC-0721 (_Линия: 084-FC-0721): 4 групп, 29 швов
2025-11-07 16:24:40,514 - INFO -    - Линия 084-FL-0700 (_Линия: 084-FL-0700): 10 групп, 29 швов
2025-11-07 16:24:40,514 - INFO -    - Линия 084-LC-0702 (_Линия: 084-LC-0702): 2 групп, 29 швов
2025-11-07 16:24:40,515 - INFO -    - Линия 084-SSB-0707 (_Линия: 084-SSB-0707): 3 групп, 29 швов
2025-11-07 16:24:40,516 - INFO -    - Линия 084-SSB-0709 (_Линия: 084-SSB-0709): 10 групп, 29 швов
2025-11-07 16:24:40,516 - INFO -    - Линия 087-MFG-0601 (_Линия: 087-MFG-0601): 3 групп, 29 швов
2025-11-07 16:24:40,517 - INFO -    - Линия 084-DR-0707 (_Линия: 084-DR-0707): 1 групп, 28 швов
2025-11-07 16:24:40,517 - INFO -    - Линия 084-DR-0729 (_Линия: 084-DR-0729): 2 групп, 28 швов
2025-11-07 16:24:40,518 - INFO -    - Линия 084-HGWS-0704 (_Линия: 084-HGWS-0704): 2 групп, 28 швов
2025-11-07 16:24:40,518 - INFO -    - Линия 040-FW-0001 (_Линия: 040-FW-0001): 4 групп, 27 швов
2025-11-07 16:24:40,519 - INFO -    - Линия 084-DR-0727 (_Линия: 084-DR-0727): 3 групп, 27 швов
2025-11-07 16:24:40,519 - INFO -    - Линия 084-DR-0724 (_Линия: 084-DR-0724): 1 групп, 26 швов
2025-11-07 16:24:40,519 - INFO -    - Линия 084-LC-0701 (_Линия: 084-LC-0701): 1 групп, 25 швов
2025-11-07 16:24:40,520 - INFO -    - Линия 084-LI-0715 (_Линия: 084-LI-0715): 2 групп, 25 швов
2025-11-07 16:24:40,520 - INFO -    - Линия 085-FH-2470 (_Линия: 085-FH-2470): 12 групп, 25 швов
2025-11-07 16:24:40,520 - INFO -    - Линия 084-FC-0740 (_Линия: 084-FC-0740): 3 групп, 24 швов
2025-11-07 16:24:40,520 - INFO -    - Линия 084-LI-0718 (_Линия: 084-LI-0718): 1 групп, 24 швов
2025-11-07 16:24:40,521 - INFO -    - Линия 084-PA-0715 (_Линия: 084-PA-0715): 2 групп, 24 швов
2025-11-07 16:24:40,521 - INFO -    - Линия 084-ST-0710 (_Линия: 084-ST-0710): 2 групп, 24 швов
2025-11-07 16:24:40,521 - INFO -    - Линия 087-MFG-0603 (_Линия: 087-MFG-0603): 7 групп, 24 швов
2025-11-07 16:24:40,522 - INFO -    - Линия 087-MFG-0604 (_Линия: 087-MFG-0604): 6 групп, 24 швов
2025-11-07 16:24:40,522 - INFO -    - Линия 084-ATM-0700 (3) (_Линия: 084-ATM-0700): 3 групп, 23 швов
2025-11-07 16:24:40,522 - INFO -    - Линия 084-PA-0719 (_Линия: 084-PA-0719): 1 групп, 23 швов
2025-11-07 16:24:40,523 - INFO -    - Линия 085-FH-2471 (_Линия: 085-FH-2471): 13 групп, 23 швов
2025-11-07 16:24:40,523 - INFO -    - Линия 087-MFG-0613 (_Линия: 087-MFG-0613): 4 групп, 23 швов
2025-11-07 16:24:40,523 - INFO -    - Линия 084-DR-0726 (_Линия: 084-DR-0726): 2 групп, 22 швов
2025-11-07 16:24:40,524 - INFO -    - Линия 084-SSB-0700 (_Линия: 084-SSB-0700): 2 групп, 22 швов
2025-11-07 16:24:40,524 - INFO -    - Линия 087-DN-0600 (_Линия: 087-DN-0600): 2 групп, 22 швов
2025-11-07 16:24:40,524 - INFO -    - Линия 084-ATM-0700 (2) (_Линия: 084-ATM-0700): 4 групп, 21 швов
2025-11-07 16:24:40,525 - INFO -    - Линия 084-ST-0701 (_Линия: 084-ST-0701): 2 групп, 21 швов
2025-11-07 16:24:40,525 - INFO -    - Линия 087-PA-0609 (_Линия: 087-PA-0609): 3 групп, 21 швов
2025-11-07 16:24:40,525 - INFO -    - Линия 084-ATM-0700 (4) (_Линия: 084-ATM-0700): 3 групп, 20 швов
2025-11-07 16:24:40,526 - INFO -    - Линия 084-HGWS-0707 (_Линия: 084-HGWS-0707): 2 групп, 20 швов
2025-11-07 16:24:40,526 - INFO -    - Линия 084-LI-0725 (_Линия: 084-LI-0725): 2 групп, 20 швов
2025-11-07 16:24:40,527 - INFO -    - Линия 084-SSB-0713 (_Линия: 084-SSB-0713): 1 групп, 20 швов
2025-11-07 16:24:40,527 - INFO -    - Линия 072-HGWS-0203 (_Линия: 072-HGWS-0203): 3 групп, 19 швов
2025-11-07 16:24:40,527 - INFO -    - Линия 084-FL-0723 (_Линия: 084-FL-0723): 6 групп, 19 швов
2025-11-07 16:24:40,527 - INFO -    - Линия 084-HGWR-0705 (_Линия: 084-HGWR-0705): 1 групп, 19 швов
2025-11-07 16:24:40,528 - INFO -    - Линия 084-HGWR-0706 (_Линия: 084-HGWR-0706): 1 групп, 19 швов
2025-11-07 16:24:40,528 - INFO -    - Линия 084-MFG-0702 (_Линия: 084-MFG-0702): 1 групп, 19 швов
2025-11-07 16:24:40,528 - INFO -    - Линия 084-MFG-0714 (_Линия: 084-MFG-0714): 3 групп, 19 швов
2025-11-07 16:24:40,528 - INFO -    - Линия 084-ST-0703 (_Линия: 084-ST-0703): 2 групп, 19 швов
2025-11-07 16:24:40,529 - INFO -    - Линия 084-DR-0731 (_Линия: 084-DR-0731): 1 групп, 18 швов
2025-11-07 16:24:40,529 - INFO -    - Линия 084-FC-0739 (_Линия: 084-FC-0739): 3 групп, 18 швов
2025-11-07 16:24:40,530 - INFO -    - Линия 084-FR-0702 (_Линия: 084-FR-0702): 7 групп, 18 швов
2025-11-07 16:24:40,530 - INFO -    - Линия 084-HGWR-0702 (_Линия: 084-HGWR-0702): 1 групп, 18 швов
2025-11-07 16:24:40,531 - INFO -    - Линия 084-ING-0705 (_Линия: 084-ING-0705): 2 групп, 18 швов
2025-11-07 16:24:40,531 - INFO -    - Линия 084-ING-0708 (_Линия: 084-ING-0708): 2 групп, 18 швов
2025-11-07 16:24:40,532 - INFO -    - Линия 084-MFG-0715 (_Линия: 084-MFG-0715): 1 групп, 18 швов
2025-11-07 16:24:40,533 - INFO -    - Линия 084-ST-0704 (_Линия: 084-ST-0704): 1 групп, 18 швов
2025-11-07 16:24:40,533 - INFO -    - Линия 087-DN-0601 (_Линия: 087-DN-0601): 2 групп, 18 швов
2025-11-07 16:24:40,533 - INFO -    - Линия 087-PA-0605 (1) (_Линия: 087-PA-0605): 2 групп, 18 швов
2025-11-07 16:24:40,534 - INFO -    - Линия 084-DR-0714 (_Линия: 084-DR-0714): 1 групп, 17 швов
2025-11-07 16:24:40,534 - INFO -    - Линия 084-DR-0717 (_Линия: 084-DR-0717): 1 групп, 17 швов
2025-11-07 16:24:40,535 - INFO -    - Линия 084-DR-0722 (_Линия: 084-DR-0722): 1 групп, 17 швов
2025-11-07 16:24:40,535 - INFO -    - Линия 084-HGWR-0707 (_Линия: 084-HGWR-0707): 1 групп, 17 швов
2025-11-07 16:24:40,535 - INFO -    - Линия 084-HGWS-0706 (_Линия: 084-HGWS-0706): 1 групп, 17 швов
2025-11-07 16:24:40,536 - INFO -    - Линия 084-PA-0705 (_Линия: 084-PA-0705): 2 групп, 17 швов
2025-11-07 16:24:40,536 - INFO -    - Линия 084-DW-0701 (_Линия: 084-DW-0701): 1 групп, 16 швов
2025-11-07 16:24:40,536 - INFO -    - Линия 084-HGWS-0702 (_Линия: 084-HGWS-0702): 2 групп, 16 швов
2025-11-07 16:24:40,536 - INFO -    - Линия 084-LI-0710 (_Линия: 084-LI-0710): 3 групп, 16 швов
2025-11-07 16:24:40,537 - INFO -    - Линия 084-LI-0724 (_Линия: 084-LI-0724): 1 групп, 16 швов
2025-11-07 16:24:40,537 - INFO -    - Линия 084-SSB-0717 (_Линия: 084-SSB-0717): 1 групп, 16 швов
2025-11-07 16:24:40,537 - INFO -    - Линия 087-FLL-0604 (_Линия: 087-FLL-0604): 3 групп, 16 швов
2025-11-07 16:24:40,538 - INFO -    - Линия 087-SSB-0610 (_Линия: 087-SSB-0610): 3 групп, 16 швов
2025-11-07 16:24:40,539 - INFO -    - Линия 084-DW-0704 (_Линия: 084-DW-0704): 1 групп, 15 швов
2025-11-07 16:24:40,540 - INFO -    - Линия 084-FC-0712 (_Линия: 084-FC-0712): 1 групп, 15 швов
2025-11-07 16:24:40,540 - INFO -    - Линия 084-FC-0722 (_Линия: 084-FC-0722): 1 групп, 15 швов
2025-11-07 16:24:40,540 - INFO -    - Линия 084-FL-0722 (_Линия: 084-FL-0722): 3 групп, 15 швов
2025-11-07 16:24:40,541 - INFO -    - Линия 084-FL-0726 (_Линия: 084-FL-0726): 1 групп, 15 швов
2025-11-07 16:24:40,541 - INFO -    - Линия 084-ING-0707 (_Линия: 084-ING-0707): 2 групп, 15 швов
2025-11-07 16:24:40,541 - INFO -    - Линия 084-LI-0705 (_Линия: 084-LI-0705): 1 групп, 15 швов
2025-11-07 16:24:40,542 - INFO -    - Линия 084-LI-0716 (_Линия: 084-LI-0716): 2 групп, 15 швов
2025-11-07 16:24:40,542 - INFO -    - Линия 084-PA-0717 (_Линия: 084-PA-0717): 1 групп, 15 швов
2025-11-07 16:24:40,542 - INFO -    - Линия 084-ST-0702 (_Линия: 084-ST-0702): 2 групп, 15 швов
2025-11-07 16:24:40,542 - INFO -    - Линия 084-ST-0711 (_Линия: 084-ST-0711): 1 групп, 15 швов
2025-11-07 16:24:40,543 - INFO -    - Линия 087-FLL-0605 (_Линия: 087-FLL-0605): 2 групп, 15 швов
2025-11-07 16:24:40,543 - INFO -    - Линия 087-HGWS-0601 (_Линия: 087-HGWS-0601): 3 групп, 15 швов
2025-11-07 16:24:40,543 - INFO -    - Линия 087-LC-0618 (_Линия: 087-LC-0618): 1 групп, 15 швов
2025-11-07 16:24:40,544 - INFO -    - Линия 087-MS-0601 (_Линия: 087-MS-0601): 3 групп, 15 швов
2025-11-07 16:24:40,544 - INFO -    - Линия 084-DR-0732 (_Линия: 084-DR-0732): 1 групп, 14 швов
2025-11-07 16:24:40,544 - INFO -    - Линия 084-DR-0733 (_Линия: 084-DR-0733): 1 групп, 14 швов
2025-11-07 16:24:40,545 - INFO -    - Линия 084-FL-0701 (_Линия: 084-FL-0701): 4 групп, 14 швов
2025-11-07 16:24:40,545 - INFO -    - Линия 084-HGWS-0705 (_Линия: 084-HGWS-0705): 1 групп, 14 швов
2025-11-07 16:24:40,546 - INFO -    - Линия 084-LI-0723 (_Линия: 084-LI-0723): 1 групп, 14 швов
2025-11-07 16:24:40,546 - INFO -    - Линия 084-LS-0705 (_Линия: 084-LS-0705): 1 групп, 14 швов
2025-11-07 16:24:40,547 - INFO -    - Линия 084-MS-0701 (_Линия: 084-MS-0701): 1 групп, 14 швов
2025-11-07 16:24:40,547 - INFO -    - Линия 084-PA-0721 (_Линия: 084-PA-0721): 1 групп, 14 швов
2025-11-07 16:24:40,547 - INFO -    - Линия 084-ST-0712 (_Линия: 084-ST-0712): 2 групп, 14 швов
2025-11-07 16:24:40,548 - INFO -    - Линия 087-LI-0609 (_Линия: 087-LI-0609): 1 групп, 14 швов
2025-11-07 16:24:40,548 - INFO -    - Линия 087-SSB-0609 (_Линия: 087-SSB-0609): 2 групп, 14 швов
2025-11-07 16:24:40,548 - INFO -    - Линия 062-MS-0201 (_Линия: 062-MS-0201): 6 групп, 13 швов
2025-11-07 16:24:40,549 - INFO -    - Линия 072-HGWS-0201 (_Линия: 072-HGWS-0201): 5 групп, 13 швов
2025-11-07 16:24:40,549 - INFO -    - Линия 084-ATM-0700 (5) (_Линия: 084-ATM-0700): 1 групп, 13 швов
2025-11-07 16:24:40,550 - INFO -    - Линия 084-DR-0735 (_Линия: 084-DR-0735): 1 групп, 13 швов
2025-11-07 16:24:40,550 - INFO -    - Линия 084-HGWR-0708 (_Линия: 084-HGWR-0708): 1 групп, 13 швов
2025-11-07 16:24:40,550 - INFO -    - Линия 084-LI-0714 (_Линия: 084-LI-0714): 2 групп, 13 швов
2025-11-07 16:24:40,551 - INFO -    - Линия 084-LI-0717 (_Линия: 084-LI-0717): 1 групп, 13 швов
2025-11-07 16:24:40,551 - INFO -    - Линия 084-PA-0716 (_Линия: 084-PA-0716): 2 групп, 13 швов
2025-11-07 16:24:40,551 - INFO -    - Линия 084-PA-0718 (_Линия: 084-PA-0718): 2 групп, 13 швов
2025-11-07 16:24:40,552 - INFO -    - Линия 087-FLL-0614 (_Линия: 087-FLL-0614): 3 групп, 13 швов
2025-11-07 16:24:40,552 - INFO -    - Линия 087-LC-0616 (_Линия: 087-LC-0616): 1 групп, 13 швов
2025-11-07 16:24:40,552 - INFO -    - Линия 087-LI-0603 (_Линия: 087-LI-0603): 2 групп, 13 швов
2025-11-07 16:24:40,553 - INFO -    - Линия 087-LI-0610 (_Линия: 087-LI-0610): 2 групп, 13 швов
2025-11-07 16:24:40,553 - INFO -    - Линия 087-PA-0604 (_Линия: 087-PA-0604): 1 групп, 13 швов
2025-11-07 16:24:40,553 - INFO -    - Линия 087-SSB-0607 (_Линия: 087-SSB-0607): 3 групп, 13 швов
2025-11-07 16:24:40,553 - INFO -    - Линия 084-DR-0709 (_Линия: 084-DR-0709): 1 групп, 12 швов
2025-11-07 16:24:40,554 - INFO -    - Линия 084-ING-0706 (_Линия: 084-ING-0706): 1 групп, 12 швов
2025-11-07 16:24:40,554 - INFO -    - Линия 087-FLL-0600 (_Линия: 087-FLL-0600): 7 групп, 12 швов
2025-11-07 16:24:40,555 - INFO -    - Линия 087-FLL-0612 (_Линия: 087-FLL-0612): 2 групп, 12 швов
2025-11-07 16:24:40,555 - INFO -    - Линия 087-FLL-0613 (_Линия: 087-FLL-0613): 2 групп, 12 швов
2025-11-07 16:24:40,555 - INFO -    - Линия 087-FLL-0615 (_Линия: 087-FLL-0615): 2 групп, 12 швов
2025-11-07 16:24:40,555 - INFO -    - Линия 087-LI-0605 (_Линия: 087-LI-0605): 3 групп, 12 швов
2025-11-07 16:24:40,556 - INFO -    - Линия 087-SSB-0604 (_Линия: 087-SSB-0604): 3 групп, 12 швов
2025-11-07 16:24:40,556 - INFO -    - Линия 087-SSB-0605 (_Линия: 087-SSB-0605): 2 групп, 12 швов
2025-11-07 16:24:40,556 - INFO -    - Линия 087-SSB-0606 (_Линия: 087-SSB-0606): 3 групп, 12 швов
2025-11-07 16:24:40,556 - INFO -    - Линия 087-SSB-0608 (_Линия: 087-SSB-0608): 2 групп, 12 швов
2025-11-07 16:24:40,556 - INFO -    - Линия 087-SSB-0611 (_Линия: 087-SSB-0611): 2 групп, 12 швов
2025-11-07 16:24:40,557 - INFO -    - Линия 072-HGWR-0201 (_Линия: 072-HGWR-0201): 3 групп, 11 швов
2025-11-07 16:24:40,557 - INFO -    - Линия 084-FC-0716 (_Линия: 084-FC-0716): 1 групп, 11 швов
2025-11-07 16:24:40,557 - INFO -    - Линия 084-FC-0732 (_Линия: 084-FC-0732): 1 групп, 11 швов
2025-11-07 16:24:40,557 - INFO -    - Линия 084-FL-0718 (_Линия: 084-FL-0718): 2 групп, 11 швов
2025-11-07 16:24:40,558 - INFO -    - Линия 084-FL-0729 (_Линия: 084-FL-0729): 1 групп, 11 швов
2025-11-07 16:24:40,558 - INFO -    - Линия 084-LI-0704 (_Линия: 084-LI-0704): 1 групп, 11 швов
2025-11-07 16:24:40,558 - INFO -    - Линия 084-LI-0709 (_Линия: 084-LI-0709): 2 групп, 11 швов
2025-11-07 16:24:40,558 - INFO -    - Линия 084-PA-0709 (_Линия: 084-PA-0709): 1 групп, 11 швов
2025-11-07 16:24:40,558 - INFO -    - Линия 084-SSB-0714 (_Линия: 084-SSB-0714): 1 групп, 11 швов
2025-11-07 16:24:40,559 - INFO -    - Линия 084-ST-0706 (_Линия: 084-ST-0706): 2 групп, 11 швов
2025-11-07 16:24:40,559 - INFO -    - Линия 084-ST-0707 (_Линия: 084-ST-0707): 1 групп, 11 швов
2025-11-07 16:24:40,559 - INFO -    - Линия 087-ATM-0602 (_Линия: 087-ATM-0602): 2 групп, 11 швов
2025-11-07 16:24:40,559 - INFO -    - Линия 087-MFG-0605 (2) (_Линия: 087-MFG-0605): 2 групп, 11 швов
2025-11-07 16:24:40,559 - INFO -    - Линия 084-DR-0709 (3) (_Линия: 084-DR-0709): 1 групп, 10 швов
2025-11-07 16:24:40,560 - INFO -    - Линия 084-FC-0701 (_Линия: 084-FC-0701): 4 групп, 10 швов
2025-11-07 16:24:40,560 - INFO -    - Линия 084-FC-0703 (_Линия: 084-FC-0703): 2 групп, 10 швов
2025-11-07 16:24:40,560 - INFO -    - Линия 084-FC-0705 (_Линия: 084-FC-0705): 1 групп, 10 швов
2025-11-07 16:24:40,560 - INFO -    - Линия 084-FC-0714 (_Линия: 084-FC-0714): 1 групп, 10 швов
2025-11-07 16:24:40,560 - INFO -    - Линия 084-FH-0708 (_Линия: 084-FH-0708): 2 групп, 10 швов
2025-11-07 16:24:40,560 - INFO -    - Линия 084-FH-0745 (_Линия: 084-FH-0745): 2 групп, 10 швов
2025-11-07 16:24:40,561 - INFO -    - Линия 084-LI-0708 (_Линия: 084-LI-0708): 1 групп, 10 швов
2025-11-07 16:24:40,561 - INFO -    - Линия 084-MFG-0704 (_Линия: 084-MFG-0704): 1 групп, 10 швов
2025-11-07 16:24:40,561 - INFO -    - Линия 084-MS-0707 (_Линия: 084-MS-0707): 1 групп, 10 швов
2025-11-07 16:24:40,561 - INFO -    - Линия 084-ST-0708 (_Линия: 084-ST-0708): 1 групп, 10 швов
2025-11-07 16:24:40,561 - INFO -    - Линия 084-ST-0729 (_Линия: 084-ST-0729): 1 групп, 10 швов
2025-11-07 16:24:40,562 - INFO -    - Линия 087-PA-0606 (_Линия: 087-PA-0606): 3 групп, 10 швов
2025-11-07 16:24:40,562 - INFO -    - Линия 087-PC-0600 (_Линия: 087-PC-0600): 2 групп, 10 швов
2025-11-07 16:24:40,562 - INFO -    - Линия 062-MS-0205 (_Линия: 062-MS-0205): 2 групп, 9 швов
2025-11-07 16:24:40,562 - INFO -    - Линия 072-HGWR-0203 (_Линия: 072-HGWR-0203): 3 групп, 9 швов
2025-11-07 16:24:40,562 - INFO -    - Линия 084-DR-0739 (_Линия: 084-DR-0739): 1 групп, 9 швов
2025-11-07 16:24:40,562 - INFO -    - Линия 084-FH-0731 (_Линия: 084-FH-0731): 2 групп, 9 швов
2025-11-07 16:24:40,563 - INFO -    - Линия 084-FH-0736 (_Линия: 084-FH-0736): 2 групп, 9 швов
2025-11-07 16:24:40,563 - INFO -    - Линия 084-FL-0724 (_Линия: 084-FL-0724): 2 групп, 9 швов
2025-11-07 16:24:40,563 - INFO -    - Линия 084-FL-0725 (_Линия: 084-FL-0725): 1 групп, 9 швов
2025-11-07 16:24:40,563 - INFO -    - Линия 084-FR-0717 (_Линия: 084-FR-0717): 2 групп, 9 швов
2025-11-07 16:24:40,563 - INFO -    - Линия 084-LI-0712 (_Линия: 084-LI-0712): 1 групп, 9 швов
2025-11-07 16:24:40,564 - INFO -    - Линия 084-PC-0700 (_Линия: 084-PC-0700): 2 групп, 9 швов
2025-11-07 16:24:40,564 - INFO -    - Линия 084-SSB-0715 (_Линия: 084-SSB-0715): 1 групп, 9 швов
2025-11-07 16:24:40,564 - INFO -    - Линия 084-ST-0709 (_Линия: 084-ST-0709): 1 групп, 9 швов
2025-11-07 16:24:40,564 - INFO -    - Линия 084-ST-0715 (_Линия: 084-ST-0715): 1 групп, 9 швов
2025-11-07 16:24:40,565 - INFO -    - Линия 087-ATM-0601 (_Линия: 087-ATM-0601): 4 групп, 9 швов
2025-11-07 16:24:40,565 - INFO -    - Линия 087-LC-0615 (_Линия: 087-LC-0615): 1 групп, 9 швов
2025-11-07 16:24:40,565 - INFO -    - Линия 087-LI-0601 (_Линия: 087-LI-0601): 2 групп, 9 швов
2025-11-07 16:24:40,565 - INFO -    - Линия 087-PA-0602 (_Линия: 087-PA-0602): 2 групп, 9 швов
2025-11-07 16:24:40,566 - INFO -    - Линия 005-IA-0601 (_Линия: 005-IA-0601): 3 групп, 8 швов
2025-11-07 16:24:40,566 - INFO -    - Линия 062-MS-0202 (_Линия: 062-MS-0202): 3 групп, 8 швов
2025-11-07 16:24:40,566 - INFO -    - Линия 084-ATM-0702 (_Линия: 084-ATM-0702): 1 групп, 8 швов
2025-11-07 16:24:40,567 - INFO -    - Линия 084-DR-0714 (1) (_Линия: 084-DR-0714): 1 групп, 8 швов
2025-11-07 16:24:40,567 - INFO -    - Линия 084-DR-0717 (1) (_Линия: 084-DR-0717): 1 групп, 8 швов
2025-11-07 16:24:40,567 - INFO -    - Линия 084-DR-0720 (1) (_Линия: 084-DR-0720): 1 групп, 8 швов
2025-11-07 16:24:40,568 - INFO -    - Линия 084-DR-0734 (_Линия: 084-DR-0734): 1 групп, 8 швов
2025-11-07 16:24:40,568 - INFO -    - Линия 084-DR-0747 (_Линия: 084-DR-0747): 2 групп, 8 швов
2025-11-07 16:24:40,568 - INFO -    - Линия 084-DR-0748 (_Линия: 084-DR-0748): 1 групп, 8 швов
2025-11-07 16:24:40,569 - INFO -    - Линия 084-FH-0744 (_Линия: 084-FH-0744): 1 групп, 8 швов
2025-11-07 16:24:40,569 - INFO -    - Линия 084-FR-0703 (_Линия: 084-FR-0703): 4 групп, 8 швов
2025-11-07 16:24:40,569 - INFO -    - Линия 084-LI-0702 (_Линия: 084-LI-0702): 1 групп, 8 швов
2025-11-07 16:24:40,569 - INFO -    - Линия 084-PA-0711 (_Линия: 084-PA-0711): 1 групп, 8 швов
2025-11-07 16:24:40,570 - INFO -    - Линия 084-ST-0716 (_Линия: 084-ST-0716): 1 групп, 8 швов
2025-11-07 16:24:40,570 - INFO -    - Линия 084-ST-0717 (_Линия: 084-ST-0717): 1 групп, 8 швов
2025-11-07 16:24:40,570 - INFO -    - Линия 084-ST-0722 (_Линия: 084-ST-0722): 2 групп, 8 швов
2025-11-07 16:24:40,570 - INFO -    - Линия 084-ST-0726 (_Линия: 084-ST-0726): 1 групп, 8 швов
2025-11-07 16:24:40,571 - INFO -    - Линия 087-LC-0617 (_Линия: 087-LC-0617): 1 групп, 8 швов
2025-11-07 16:24:40,571 - INFO -    - Линия 087-LI-0606 (_Линия: 087-LI-0606): 2 групп, 8 швов
2025-11-07 16:24:40,571 - INFO -    - Линия 087-MFG-0615 (_Линия: 087-MFG-0615): 2 групп, 8 швов
2025-11-07 16:24:40,571 - INFO -    - Линия 005-LI-0601 (_Линия: 005-LI-0601): 3 групп, 7 швов
2025-11-07 16:24:40,572 - INFO -    - Линия 005-LI-0602 (_Линия: 005-LI-0602): 3 групп, 7 швов
2025-11-07 16:24:40,572 - INFO -    - Линия 049-MFG-0501 (_Линия: 049-MFG-0501): 4 групп, 7 швов
2025-11-07 16:24:40,572 - INFO -    - Линия 049-MFG-0504 (_Линия: 049-MFG-0504): 2 групп, 7 швов
2025-11-07 16:24:40,573 - INFO -    - Линия 062-MS-0204 (_Линия: 062-MS-0204): 1 групп, 7 швов
2025-11-07 16:24:40,573 - INFO -    - Линия 084-ATM-0703 (_Линия: 084-ATM-0703): 2 групп, 7 швов
2025-11-07 16:24:40,573 - INFO -    - Линия 084-DR-0713 (_Линия: 084-DR-0713): 1 групп, 7 швов
2025-11-07 16:24:40,574 - INFO -    - Линия 084-DR-0744 (_Линия: 084-DR-0744): 1 групп, 7 швов
2025-11-07 16:24:40,574 - INFO -    - Линия 084-FH-0703 (_Линия: 084-FH-0703): 2 групп, 7 швов
2025-11-07 16:24:40,574 - INFO -    - Линия 084-FH-0719 (_Линия: 084-FH-0719): 2 групп, 7 швов
2025-11-07 16:24:40,575 - INFO -    - Линия 084-FH-0739 (_Линия: 084-FH-0739): 1 групп, 7 швов
2025-11-07 16:24:40,575 - INFO -    - Линия 084-FL-0702 (_Линия: 084-FL-0702): 5 групп, 7 швов
2025-11-07 16:24:40,575 - INFO -    - Линия 084-FL-0712 (_Линия: 084-FL-0712): 1 групп, 7 швов
2025-11-07 16:24:40,575 - INFO -    - Линия 084-FL-0728 (_Линия: 084-FL-0728): 2 групп, 7 швов
2025-11-07 16:24:40,576 - INFO -    - Линия 084-FR-0725 (_Линия: 084-FR-0725): 1 групп, 7 швов
2025-11-07 16:24:40,576 - INFO -    - Линия 084-LI-0711 (_Линия: 084-LI-0711): 1 групп, 7 швов
2025-11-07 16:24:40,576 - INFO -    - Линия 084-MFG-0705 (_Линия: 084-MFG-0705): 1 групп, 7 швов
2025-11-07 16:24:40,576 - INFO -    - Линия 084-MFG-0717 (_Линия: 084-MFG-0717): 1 групп, 7 швов
2025-11-07 16:24:40,576 - INFO -    - Линия 084-PA-0721 (1) (_Линия: 084-PA-0721): 1 групп, 7 швов
2025-11-07 16:24:40,577 - INFO -    - Линия 084-PA-0721 (2) (_Линия: 084-PA-0721): 1 групп, 7 швов
2025-11-07 16:24:40,577 - INFO -    - Линия 084-SSB-0711 (_Линия: 084-SSB-0711): 1 групп, 7 швов
2025-11-07 16:24:40,577 - INFO -    - Линия 084-ST-0705 (_Линия: 084-ST-0705): 1 групп, 7 швов
2025-11-07 16:24:40,577 - INFO -    - Линия 084-ST-0720 (_Линия: 084-ST-0720): 1 групп, 7 швов
2025-11-07 16:24:40,578 - INFO -    - Линия 087-FLL-0601 (_Линия: 087-FLL-0601): 3 групп, 7 швов
2025-11-07 16:24:40,578 - INFO -    - Линия 087-LC-0603 (_Линия: 087-LC-0603): 1 групп, 7 швов
2025-11-07 16:24:40,578 - INFO -    - Линия 087-LI-0607 (_Линия: 087-LI-0607): 1 групп, 7 швов
2025-11-07 16:24:40,578 - INFO -    - Линия 087-LI-0608 (_Линия: 087-LI-0608): 1 групп, 7 швов
2025-11-07 16:24:40,578 - INFO -    - Линия 087-MFG-0614 (_Линия: 087-MFG-0614): 1 групп, 7 швов
2025-11-07 16:24:40,579 - INFO -    - Линия 087-PA-0603 (_Линия: 087-PA-0603): 1 групп, 7 швов
2025-11-07 16:24:40,579 - INFO -    - Линия 088-FC-0700 (_Линия: 088-FC-0700): 3 групп, 7 швов
2025-11-07 16:24:40,579 - INFO -    - Линия 005-IA-0602 (_Линия: 005-IA-0602): 2 групп, 6 швов
2025-11-07 16:24:40,579 - INFO -    - Линия 005-PA-0601 (_Линия: 005-PA-0601): 3 групп, 6 швов
2025-11-07 16:24:40,580 - INFO -    - Линия 005-PA-0602 (_Линия: 005-PA-0602): 2 групп, 6 швов
2025-11-07 16:24:40,580 - INFO -    - Линия 084-DR-0710 (_Линия: 084-DR-0710): 1 групп, 6 швов
2025-11-07 16:24:40,580 - INFO -    - Линия 084-DR-0719 (_Линия: 084-DR-0719): 2 групп, 6 швов
2025-11-07 16:24:40,580 - INFO -    - Линия 084-DR-0720 (_Линия: 084-DR-0720): 1 групп, 6 швов
2025-11-07 16:24:40,581 - INFO -    - Линия 084-DR-0742 (_Линия: 084-DR-0742): 1 групп, 6 швов
2025-11-07 16:24:40,581 - INFO -    - Линия 084-DR-0746 (_Линия: 084-DR-0746): 1 групп, 6 швов
2025-11-07 16:24:40,581 - INFO -    - Линия 084-FC-0706 (_Линия: 084-FC-0706): 1 групп, 6 швов
2025-11-07 16:24:40,581 - INFO -    - Линия 084-FC-0715 (_Линия: 084-FC-0715): 2 групп, 6 швов
2025-11-07 16:24:40,582 - INFO -    - Линия 084-FC-0726 (_Линия: 084-FC-0726): 1 групп, 6 швов
2025-11-07 16:24:40,582 - INFO -    - Линия 084-FH-0712 (_Линия: 084-FH-0712): 1 групп, 6 швов
2025-11-07 16:24:40,582 - INFO -    - Линия 084-FH-0716 (_Линия: 084-FH-0716): 1 групп, 6 швов
2025-11-07 16:24:40,582 - INFO -    - Линия 084-FH-0740 (_Линия: 084-FH-0740): 1 групп, 6 швов
2025-11-07 16:24:40,583 - INFO -    - Линия 084-FR-0712 (_Линия: 084-FR-0712): 1 групп, 6 швов
2025-11-07 16:24:40,583 - INFO -    - Линия 084-FR-0722 (_Линия: 084-FR-0722): 1 групп, 6 швов
2025-11-07 16:24:40,583 - INFO -    - Линия 084-LI-0726 (_Линия: 084-LI-0726): 1 групп, 6 швов
2025-11-07 16:24:40,584 - INFO -    - Линия 084-MFG-0716 (_Линия: 084-MFG-0716): 1 групп, 6 швов
2025-11-07 16:24:40,584 - INFO -    - Линия 084-MFG-0718 (_Линия: 084-MFG-0718): 1 групп, 6 швов
2025-11-07 16:24:40,584 - INFO -    - Линия 084-PA-0704 (_Линия: 084-PA-0704): 1 групп, 6 швов
2025-11-07 16:24:40,585 - INFO -    - Линия 084-SSB-0719 (_Линия: 084-SSB-0719): 2 групп, 6 швов
2025-11-07 16:24:40,585 - INFO -    - Линия 084-ST-0714 (_Линия: 084-ST-0714): 1 групп, 6 швов
2025-11-07 16:24:40,585 - INFO -    - Линия 084-ST-0718 (_Линия: 084-ST-0718): 1 групп, 6 швов
2025-11-07 16:24:40,586 - INFO -    - Линия 087-LI-0604 (2) (_Линия: 087-LI-0604): 1 групп, 6 швов
2025-11-07 16:24:40,587 - INFO -    - Линия 084-ATM-0704 (_Линия: 084-ATM-0704): 1 групп, 5 швов
2025-11-07 16:24:40,587 - INFO -    - Линия 084-DR-0711 (_Линия: 084-DR-0711): 1 групп, 5 швов
2025-11-07 16:24:40,588 - INFO -    - Линия 084-DR-0712 (_Линия: 084-DR-0712): 1 групп, 5 швов
2025-11-07 16:24:40,588 - INFO -    - Линия 084-DR-0736 (_Линия: 084-DR-0736): 1 групп, 5 швов
2025-11-07 16:24:40,588 - INFO -    - Линия 084-DR-0740 (_Линия: 084-DR-0740): 1 групп, 5 швов
2025-11-07 16:24:40,589 - INFO -    - Линия 084-DW-0703 (_Линия: 084-DW-0703): 2 групп, 5 швов
2025-11-07 16:24:40,589 - INFO -    - Линия 084-FC-0720 (_Линия: 084-FC-0720): 1 групп, 5 швов
2025-11-07 16:24:40,589 - INFO -    - Линия 084-FH-0702 (_Линия: 084-FH-0702): 3 групп, 5 швов
2025-11-07 16:24:40,589 - INFO -    - Линия 084-FH-0713 (_Линия: 084-FH-0713): 1 групп, 5 швов
2025-11-07 16:24:40,590 - INFO -    - Линия 084-FH-0715 (_Линия: 084-FH-0715): 2 групп, 5 швов
2025-11-07 16:24:40,590 - INFO -    - Линия 084-FH-0718 (_Линия: 084-FH-0718): 3 групп, 5 швов
2025-11-07 16:24:40,590 - INFO -    - Линия 084-FH-0742 (_Линия: 084-FH-0742): 2 групп, 5 швов
2025-11-07 16:24:40,591 - INFO -    - Линия 084-FH-0746 (_Линия: 084-FH-0746): 1 групп, 5 швов
2025-11-07 16:24:40,591 - INFO -    - Линия 084-FH-0747 (_Линия: 084-FH-0747): 1 групп, 5 швов
2025-11-07 16:24:40,591 - INFO -    - Линия 084-FL-0715 (_Линия: 084-FL-0715): 1 групп, 5 швов
2025-11-07 16:24:40,592 - INFO -    - Линия 084-FR-0714 (_Линия: 084-FR-0714): 1 групп, 5 швов
2025-11-07 16:24:40,592 - INFO -    - Линия 084-FR-0724 (_Линия: 084-FR-0724): 1 групп, 5 швов
2025-11-07 16:24:40,592 - INFO -    - Линия 084-LI-0720 (_Линия: 084-LI-0720): 1 групп, 5 швов
2025-11-07 16:24:40,592 - INFO -    - Линия 084-LI-0721 (_Линия: 084-LI-0721): 1 групп, 5 швов
2025-11-07 16:24:40,593 - INFO -    - Линия 084-MFG-0703 (_Линия: 084-MFG-0703): 1 групп, 5 швов
2025-11-07 16:24:40,593 - INFO -    - Линия 084-MFG-0706 (_Линия: 084-MFG-0706): 2 групп, 5 швов
2025-11-07 16:24:40,593 - INFO -    - Линия 084-MFG-0712 (_Линия: 084-MFG-0712): 1 групп, 5 швов
2025-11-07 16:24:40,594 - INFO -    - Линия 084-MFG-0713 (_Линия: 084-MFG-0713): 1 групп, 5 швов
2025-11-07 16:24:40,594 - INFO -    - Линия 084-PA-0702 (_Линия: 084-PA-0702): 1 групп, 5 швов
2025-11-07 16:24:40,594 - INFO -    - Линия 084-PA-0706 (_Линия: 084-PA-0706): 1 групп, 5 швов
2025-11-07 16:24:40,594 - INFO -    - Линия 084-PA-0720 (_Линия: 084-PA-0720): 1 групп, 5 швов
2025-11-07 16:24:40,595 - INFO -    - Линия 084-SSB-0712 (_Линия: 084-SSB-0712): 1 групп, 5 швов
2025-11-07 16:24:40,595 - INFO -    - Линия 084-SSB-0718 (_Линия: 084-SSB-0718): 1 групп, 5 швов
2025-11-07 16:24:40,595 - INFO -    - Линия 087-MFG-0605 (1) (_Линия: 087-MFG-0605): 1 групп, 5 швов
2025-11-07 16:24:40,595 - INFO -    - Линия 087-PA-0607 (_Линия: 087-PA-0607): 2 групп, 5 швов
2025-11-07 16:24:40,596 - INFO -    - Линия 069-LC-0202 (_Линия: 069-LC-0202): 1 групп, 4 швов
2025-11-07 16:24:40,596 - INFO -    - Линия 084-DR-0709 (1) (_Линия: 084-DR-0709): 1 групп, 4 швов
2025-11-07 16:24:40,596 - INFO -    - Линия 084-DR-0709 (2) (_Линия: 084-DR-0709): 1 групп, 4 швов
2025-11-07 16:24:40,596 - INFO -    - Линия 084-DR-0716 (_Линия: 084-DR-0716): 1 групп, 4 швов
2025-11-07 16:24:40,597 - INFO -    - Линия 084-DR-0730 (_Линия: 084-DR-0730): 2 групп, 4 швов
2025-11-07 16:24:40,597 - INFO -    - Линия 084-DR-0741 (_Линия: 084-DR-0741): 2 групп, 4 швов
2025-11-07 16:24:40,597 - INFO -    - Линия 084-DR-0743 (_Линия: 084-DR-0743): 1 групп, 4 швов
2025-11-07 16:24:40,597 - INFO -    - Линия 084-DR-0751 (_Линия: 084-DR-0751): 1 групп, 4 швов
2025-11-07 16:24:40,598 - INFO -    - Линия 084-FC-0704 (_Линия: 084-FC-0704): 1 групп, 4 швов
2025-11-07 16:24:40,598 - INFO -    - Линия 084-FC-0707 (_Линия: 084-FC-0707): 1 групп, 4 швов
2025-11-07 16:24:40,598 - INFO -    - Линия 084-FC-0708 (_Линия: 084-FC-0708): 1 групп, 4 швов
2025-11-07 16:24:40,598 - INFO -    - Линия 084-FC-0711 (_Линия: 084-FC-0711): 1 групп, 4 швов
2025-11-07 16:24:40,599 - INFO -    - Линия 084-FC-0713 (_Линия: 084-FC-0713): 1 групп, 4 швов
2025-11-07 16:24:40,599 - INFO -    - Линия 084-FC-0725 (_Линия: 084-FC-0725): 1 групп, 4 швов
2025-11-07 16:24:40,599 - INFO -    - Линия 084-FC-0733 (_Линия: 084-FC-0733): 1 групп, 4 швов
2025-11-07 16:24:40,599 - INFO -    - Линия 084-FC-0734 (_Линия: 084-FC-0734): 1 групп, 4 швов
2025-11-07 16:24:40,599 - INFO -    - Линия 084-FC-0735 (_Линия: 084-FC-0735): 1 групп, 4 швов
2025-11-07 16:24:40,600 - INFO -    - Линия 084-FH-0704 (_Линия: 084-FH-0704): 4 групп, 4 швов
2025-11-07 16:24:40,600 - INFO -    - Линия 084-FH-0710 (_Линия: 084-FH-0710): 3 групп, 4 швов
2025-11-07 16:24:40,600 - INFO -    - Линия 084-FH-0714 (_Линия: 084-FH-0714): 1 групп, 4 швов
2025-11-07 16:24:40,600 - INFO -    - Линия 084-FH-0722 (_Линия: 084-FH-0722): 2 групп, 4 швов
2025-11-07 16:24:40,600 - INFO -    - Линия 084-FH-0724 (_Линия: 084-FH-0724): 2 групп, 4 швов
2025-11-07 16:24:40,601 - INFO -    - Линия 084-FH-0733 (_Линия: 084-FH-0733): 1 групп, 4 швов
2025-11-07 16:24:40,601 - INFO -    - Линия 084-FL-0706 (_Линия: 084-FL-0706): 3 групп, 4 швов
2025-11-07 16:24:40,601 - INFO -    - Линия 084-FL-0707 (_Линия: 084-FL-0707): 2 групп, 4 швов
2025-11-07 16:24:40,601 - INFO -    - Линия 084-FL-0714 (_Линия: 084-FL-0714): 2 групп, 4 швов
2025-11-07 16:24:40,601 - INFO -    - Линия 084-FL-0717 (_Линия: 084-FL-0717): 2 групп, 4 швов
2025-11-07 16:24:40,602 - INFO -    - Линия 084-FL-0719 (_Линия: 084-FL-0719): 2 групп, 4 швов
2025-11-07 16:24:40,602 - INFO -    - Линия 084-FR-0710 (_Линия: 084-FR-0710): 3 групп, 4 швов
2025-11-07 16:24:40,602 - INFO -    - Линия 084-FR-0723 (_Линия: 084-FR-0723): 2 групп, 4 швов
2025-11-07 16:24:40,602 - INFO -    - Линия 084-MFG-0708 (_Линия: 084-MFG-0708): 1 групп, 4 швов
2025-11-07 16:24:40,603 - INFO -    - Линия 084-MFG-0709 (_Линия: 084-MFG-0709): 1 групп, 4 швов
2025-11-07 16:24:40,603 - INFO -    - Линия 084-SSB-0716 (_Линия: 084-SSB-0716): 1 групп, 4 швов
2025-11-07 16:24:40,603 - INFO -    - Линия 087-LC-0619 (_Линия: 087-LC-0619): 1 групп, 4 швов
2025-11-07 16:24:40,603 - INFO -    - Линия 033-DW-0016 (_Линия: 033-DW-0016): 1 групп, 3 швов
2025-11-07 16:24:40,603 - INFO -    - Линия 069-LC-0201 (_Линия: 069-LC-0201): 3 групп, 3 швов
2025-11-07 16:24:40,604 - INFO -    - Линия 084-DR-0750 (_Линия: 084-DR-0750): 1 групп, 3 швов
2025-11-07 16:24:40,604 - INFO -    - Линия 084-FC-0723 (_Линия: 084-FC-0723): 1 групп, 3 швов
2025-11-07 16:24:40,604 - INFO -    - Линия 084-FC-0724 (_Линия: 084-FC-0724): 1 групп, 3 швов
2025-11-07 16:24:40,604 - INFO -    - Линия 084-FH-0705 (_Линия: 084-FH-0705): 3 групп, 3 швов
2025-11-07 16:24:40,605 - INFO -    - Линия 084-FH-0709 (_Линия: 084-FH-0709): 2 групп, 3 швов
2025-11-07 16:24:40,605 - INFO -    - Линия 084-FH-0723 (_Линия: 084-FH-0723): 1 групп, 3 швов
2025-11-07 16:24:40,605 - INFO -    - Линия 084-FH-0743 (_Линия: 084-FH-0743): 1 групп, 3 швов
2025-11-07 16:24:40,605 - INFO -    - Линия 084-FL-0730 (_Линия: 084-FL-0730): 1 групп, 3 швов
2025-11-07 16:24:40,605 - INFO -    - Линия 084-FR-0709 (_Линия: 084-FR-0709): 1 групп, 3 швов
2025-11-07 16:24:40,606 - INFO -    - Линия 084-LI-0706 (_Линия: 084-LI-0706): 1 групп, 3 швов
2025-11-07 16:24:40,606 - INFO -    - Линия 084-LI-0707 (_Линия: 084-LI-0707): 1 групп, 3 швов
2025-11-07 16:24:40,606 - INFO -    - Линия 084-MFG-0710 (_Линия: 084-MFG-0710): 1 групп, 3 швов
2025-11-07 16:24:40,606 - INFO -    - Линия 084-MFG-0719 (_Линия: 084-MFG-0719): 1 групп, 3 швов
2025-11-07 16:24:40,607 - INFO -    - Линия 084-SSB-0721 (_Линия: 084-SSB-0721): 1 групп, 3 швов
2025-11-07 16:24:40,607 - INFO -    - Линия 084-ST-0719 (_Линия: 084-ST-0719): 2 групп, 3 швов
2025-11-07 16:24:40,607 - INFO -    - Линия 084-ST-0721 (_Линия: 084-ST-0721): 2 групп, 3 швов
2025-11-07 16:24:40,607 - INFO -    - Линия 084-ST-0724 (_Линия: 084-ST-0724): 1 групп, 3 швов
2025-11-07 16:24:40,607 - INFO -    - Линия 084-ST-0725 (_Линия: 084-ST-0725): 1 групп, 3 швов
2025-11-07 16:24:40,608 - INFO -    - Линия 087-DN-0603 (_Линия: 087-DN-0603): 2 групп, 3 швов
2025-11-07 16:24:40,608 - INFO -    - Линия 087-DN-0604 (_Линия: 087-DN-0604): 2 групп, 3 швов
2025-11-07 16:24:40,608 - INFO -    - Линия 087-FLL-0609 (_Линия: 087-FLL-0609): 1 групп, 3 швов
2025-11-07 16:24:40,608 - INFO -    - Линия 087-FLL-0610 (_Линия: 087-FLL-0610): 1 групп, 3 швов
2025-11-07 16:24:40,609 - INFO -    - Линия 087-FLL-0611 (_Линия: 087-FLL-0611): 1 групп, 3 швов
2025-11-07 16:24:40,609 - INFO -    - Линия 087-LC-0611 (_Линия: 087-LC-0611): 1 групп, 3 швов
2025-11-07 16:24:40,609 - INFO -    - Линия 087-LC-0612 (_Линия: 087-LC-0612): 1 групп, 3 швов
2025-11-07 16:24:40,609 - INFO -    - Линия 087-LC-0613 (_Линия: 087-LC-0613): 1 групп, 3 швов
2025-11-07 16:24:40,610 - INFO -    - Линия 087-LC-0614 (_Линия: 087-LC-0614): 1 групп, 3 швов
2025-11-07 16:24:40,610 - INFO -    - Линия 087-LC-0620 (_Линия: 087-LC-0620): 1 групп, 3 швов
2025-11-07 16:24:40,610 - INFO -    - Линия 084-DR-0737 (_Линия: 084-DR-0737): 1 групп, 2 швов
2025-11-07 16:24:40,610 - INFO -    - Линия 084-DR-0738 (_Линия: 084-DR-0738): 1 групп, 2 швов
2025-11-07 16:24:40,611 - INFO -    - Линия 084-FC-0702 (_Линия: 084-FC-0702): 2 групп, 2 швов
2025-11-07 16:24:40,611 - INFO -    - Линия 084-FC-0727 (_Линия: 084-FC-0727): 2 групп, 2 швов
2025-11-07 16:24:40,611 - INFO -    - Линия 084-FC-0729 (_Линия: 084-FC-0729): 2 групп, 2 швов
2025-11-07 16:24:40,612 - INFO -    - Линия 084-FC-0730 (_Линия: 084-FC-0730): 2 групп, 2 швов
2025-11-07 16:24:40,612 - INFO -    - Линия 084-FC-0736 (_Линия: 084-FC-0736): 2 групп, 2 швов
2025-11-07 16:24:40,613 - INFO -    - Линия 084-FC-0737 (_Линия: 084-FC-0737): 2 групп, 2 швов
2025-11-07 16:24:40,613 - INFO -    - Линия 084-FC-0738 (_Линия: 084-FC-0738): 2 групп, 2 швов
2025-11-07 16:24:40,613 - INFO -    - Линия 084-FH-0721 (_Линия: 084-FH-0721): 1 групп, 2 швов
2025-11-07 16:24:40,614 - INFO -    - Линия 084-FH-0725 (_Линия: 084-FH-0725): 1 групп, 2 швов
2025-11-07 16:24:40,614 - INFO -    - Линия 084-FH-0734 (_Линия: 084-FH-0734): 2 групп, 2 швов
2025-11-07 16:24:40,615 - INFO -    - Линия 084-FL-0708 (_Линия: 084-FL-0708): 2 групп, 2 швов
2025-11-07 16:24:40,615 - INFO -    - Линия 084-FL-0709 (_Линия: 084-FL-0709): 2 групп, 2 швов
2025-11-07 16:24:40,616 - INFO -    - Линия 084-FL-0711 (_Линия: 084-FL-0711): 2 групп, 2 швов
2025-11-07 16:24:40,616 - INFO -    - Линия 084-FR-0700 (_Линия: 084-FR-0700): 2 групп, 2 швов
2025-11-07 16:24:40,617 - INFO -    - Линия 084-FR-0704 (_Линия: 084-FR-0704): 2 групп, 2 швов
2025-11-07 16:24:40,617 - INFO -    - Линия 084-FR-0708 (_Линия: 084-FR-0708): 2 групп, 2 швов
2025-11-07 16:24:40,617 - INFO -    - Линия 084-FR-0719 (_Линия: 084-FR-0719): 1 групп, 2 швов
2025-11-07 16:24:40,617 - INFO -    - Линия 084-FR-0726 (_Линия: 084-FR-0726): 1 групп, 2 швов
2025-11-07 16:24:40,618 - INFO -    - Линия 084-ST-0730 (_Линия: 084-ST-0730): 1 групп, 2 швов
2025-11-07 16:24:40,619 - INFO -    - Линия 084-ST-0731 (_Линия: 084-ST-0731): 1 групп, 2 швов
2025-11-07 16:24:40,619 - INFO -    - Линия 084-ST-0732 (_Линия: 084-ST-0732): 1 групп, 2 швов
2025-11-07 16:24:40,620 - INFO -    - Линия 087-FLL-0606 (_Линия: 087-FLL-0606): 1 групп, 2 швов
2025-11-07 16:24:40,620 - INFO -    - Линия 087-FLL-0607 (_Линия: 087-FLL-0607): 1 групп, 2 швов
2025-11-07 16:24:40,620 - INFO -    - Линия 087-FLL-0608 (_Линия: 087-FLL-0608): 1 групп, 2 швов
2025-11-07 16:24:40,621 - INFO -    - Линия 087-MFG-0611 (_Линия: 087-MFG-0611): 2 групп, 2 швов
2025-11-07 16:24:40,621 - INFO -    - Линия 087-MFG-0612 (_Линия: 087-MFG-0612): 2 групп, 2 швов
2025-11-07 16:24:40,621 - INFO -    - Линия 087-PA-0605 (2) (_Линия: 087-PA-0605): 1 групп, 2 швов
2025-11-07 16:24:40,622 - INFO -    - Линия 084-DR-0715 (_Линия: 084-DR-0715): 1 групп, 1 швов
2025-11-07 16:24:40,622 - INFO -    - Линия 084-DR-0718 (_Линия: 084-DR-0718): 1 групп, 1 швов
2025-11-07 16:24:40,622 - INFO -    - Линия 084-FH-0700 (_Линия: 084-FH-0700): 1 групп, 1 швов
2025-11-07 16:24:40,622 - INFO -    - Линия 084-FH-0728 (_Линия: 084-FH-0728): 1 групп, 1 швов
2025-11-07 16:24:40,623 - INFO -    - Линия 084-FH-0730 (_Линия: 084-FH-0730): 1 групп, 1 швов
2025-11-07 16:24:40,623 - INFO -    - Линия 084-FL-0720 (_Линия: 084-FL-0720): 1 групп, 1 швов
2025-11-07 16:24:40,623 - INFO -    - Линия 084-FL-0721 (_Линия: 084-FL-0721): 1 групп, 1 швов
2025-11-07 16:24:40,624 - INFO -    - Линия 084-FR-0705 (_Линия: 084-FR-0705): 1 групп, 1 швов
2025-11-07 16:24:40,624 - INFO -    - Линия 084-FR-0711 (_Линия: 084-FR-0711): 1 групп, 1 швов
2025-11-07 16:24:40,624 - INFO -    - Линия 084-FR-0715 (_Линия: 084-FR-0715): 1 групп, 1 швов
2025-11-07 16:24:40,625 - INFO -    - Линия 084-FR-0716 (_Линия: 084-FR-0716): 1 групп, 1 швов
2025-11-07 16:24:40,625 - INFO -    - Линия 084-MFG-0707 (_Линия: 084-MFG-0707): 1 групп, 1 швов
2025-11-07 16:24:40,625 - INFO -    - Линия 084-MFG-0711 (_Линия: 084-MFG-0711): 1 групп, 1 швов
2025-11-07 16:24:40,625 - INFO -    - Линия 084-MFG-0728 (_Линия: 084-MFG-0728): 1 групп, 1 швов
2025-11-07 16:24:40,626 - INFO -    - Линия 084-DW-0702 (_Линия: 084-DW-0702): 1 групп, 0 швов
2025-11-07 16:24:40,626 - INFO -    - Линия 084-PA-0701 (_Линия: 084-PA-0701): 1 групп, 0 швов
2025-11-07 16:24:40,628 - INFO - 📊 Статистика по _Линия:
2025-11-07 16:24:40,629 - INFO -    - _Линия 084-ATM-0700: 30 групп, 452 швов
2025-11-07 16:24:40,629 - INFO -    - _Линия 084-IA-0700: 11 групп, 271 швов
2025-11-07 16:24:40,629 - INFO -    - _Линия 084-MS-0700: 21 групп, 207 швов
2025-11-07 16:24:40,629 - INFO -    - _Линия 084-HGWR-0700: 14 групп, 172 швов
2025-11-07 16:24:40,630 - INFO -    - _Линия 084-HGWS-0700: 16 групп, 170 швов
2025-11-07 16:24:40,630 - INFO -    - _Линия 087-IA-0600: 7 групп, 167 швов
2025-11-07 16:24:40,630 - INFO -    - _Линия 084-HGWR-0719: 3 групп, 165 швов
2025-11-07 16:24:40,630 - INFO -    - _Линия 084-LI-0700: 5 групп, 159 швов
2025-11-07 16:24:40,631 - INFO -    - _Линия 087-MS-0600: 15 групп, 155 швов
2025-11-07 16:24:40,631 - INFO -    - _Линия 084-FC-0700: 8 групп, 155 швов
2025-11-07 16:24:40,631 - INFO -    - _Линия 084-HGWR-0715: 2 групп, 149 швов
2025-11-07 16:24:40,631 - INFO -    - _Линия 084-HGWR-0717: 3 групп, 148 швов
2025-11-07 16:24:40,632 - INFO -    - _Линия 087-LC-0602: 2 групп, 146 швов
2025-11-07 16:24:40,632 - INFO -    - _Линия 084-HGWS-0715: 4 групп, 141 швов
2025-11-07 16:24:40,632 - INFO -    - _Линия 087-HGWR-0600: 8 групп, 137 швов
2025-11-07 16:24:40,632 - INFO -    - _Линия 084-HGWR-0713: 7 групп, 136 швов
2025-11-07 16:24:40,633 - INFO -    - _Линия 087-HGWS-0600: 6 групп, 134 швов
2025-11-07 16:24:40,633 - INFO -    - _Линия 084-PA-0700: 10 групп, 129 швов
2025-11-07 16:24:40,633 - INFO -    - _Линия 084-HGWR-0721: 2 групп, 125 швов
2025-11-07 16:24:40,633 - INFO -    - _Линия 084-HGWS-0717: 4 групп, 122 швов
2025-11-07 16:24:40,634 - INFO -    - _Линия 084-HGWR-0718: 2 групп, 117 швов
2025-11-07 16:24:40,634 - INFO -    - _Линия 087-PA-0600: 8 групп, 116 швов
2025-11-07 16:24:40,634 - INFO -    - _Линия 084-HGWS-0719: 2 групп, 111 швов
2025-11-07 16:24:40,634 - INFO -    - _Линия 084-HGWR-0716: 3 групп, 108 швов
2025-11-07 16:24:40,635 - INFO -    - _Линия 084-HGWS-0718: 2 групп, 106 швов
2025-11-07 16:24:40,635 - INFO -    - _Линия 084-HGWR-0723: 1 групп, 105 швов
2025-11-07 16:24:40,635 - INFO -    - _Линия 084-LI-0701: 1 групп, 104 швов
2025-11-07 16:24:40,636 - INFO -    - _Линия 084-HGWS-0723: 2 групп, 100 швов
2025-11-07 16:24:40,636 - INFO -    - _Линия 084-LC-0708: 2 групп, 95 швов
2025-11-07 16:24:40,637 - INFO -    - _Линия 084-HGWS-0709: 4 групп, 95 швов
2025-11-07 16:24:40,637 - INFO -    - _Линия 084-HGWR-0714: 3 групп, 92 швов
2025-11-07 16:24:40,637 - INFO -    - _Линия 084-HGWR-0709: 4 групп, 92 швов
2025-11-07 16:24:40,638 - INFO -    - _Линия 084-MFG-0701: 3 групп, 91 швов
2025-11-07 16:24:40,638 - INFO -    - _Линия 084-HGWS-0713: 5 групп, 87 швов
2025-11-07 16:24:40,638 - INFO -    - _Линия 084-HGWR-0710: 1 групп, 86 швов
2025-11-07 16:24:40,638 - INFO -    - _Линия 084-HGWS-0721: 1 групп, 84 швов
2025-11-07 16:24:40,639 - INFO -    - _Линия 084-HGWS-0710: 2 групп, 84 швов
2025-11-07 16:24:40,639 - INFO -    - _Линия 084-HGWR-0711: 2 групп, 83 швов
2025-11-07 16:24:40,639 - INFO -    - _Линия 084-HGWR-0712: 2 групп, 82 швов
2025-11-07 16:24:40,640 - INFO -    - _Линия 084-HGWS-0714: 2 групп, 81 швов
2025-11-07 16:24:40,640 - INFO -    - _Линия 084-HGWS-0712: 5 групп, 79 швов
2025-11-07 16:24:40,640 - INFO -    - _Линия 084-HGWS-0716: 2 групп, 76 швов
2025-11-07 16:24:40,641 - INFO -    - _Линия 084-HGWR-0720: 3 групп, 76 швов
2025-11-07 16:24:40,641 - INFO -    - _Линия 087-LC-0601: 2 групп, 74 швов
2025-11-07 16:24:40,641 - INFO -    - _Линия 087-DN-0602: 5 групп, 74 швов
2025-11-07 16:24:40,642 - INFO -    - _Линия 087-SSB-0601: 8 групп, 71 швов
2025-11-07 16:24:40,642 - INFO -    - _Линия 087-ATM-0600: 4 групп, 70 швов
2025-11-07 16:24:40,642 - INFO -    - _Линия 087-SSB-0600: 8 групп, 69 швов
2025-11-07 16:24:40,642 - INFO -    - _Линия 087-SSB-0602: 12 групп, 67 швов
2025-11-07 16:24:40,642 - INFO -    - _Линия 084-HGWS-0711: 1 групп, 67 швов
2025-11-07 16:24:40,643 - INFO -    - _Линия 084-FL-0705: 6 групп, 67 швов
2025-11-07 16:24:40,643 - INFO -    - _Линия 087-MFG-0600: 5 групп, 65 швов
2025-11-07 16:24:40,643 - INFO -    - _Линия 087-LC-0600: 5 групп, 65 швов
2025-11-07 16:24:40,643 - INFO -    - _Линия 084-ING-0700: 4 групп, 65 швов
2025-11-07 16:24:40,643 - INFO -    - _Линия 084-HGWS-0720: 3 групп, 65 швов
2025-11-07 16:24:40,644 - INFO -    - _Линия 087-SSB-0603: 9 групп, 64 швов
2025-11-07 16:24:40,644 - INFO -    - _Линия 084-LC-0706: 3 групп, 64 швов
2025-11-07 16:24:40,644 - INFO -    - _Линия 084-ING-0703: 3 групп, 64 швов
2025-11-07 16:24:40,644 - INFO -    - _Линия 084-ING-0716: 2 групп, 63 швов
2025-11-07 16:24:40,644 - INFO -    - _Линия 084-ING-0701: 2 групп, 63 швов
2025-11-07 16:24:40,645 - INFO -    - _Линия 084-MFG-0700: 3 групп, 61 швов
2025-11-07 16:24:40,645 - INFO -    - _Линия 084-LC-0705: 3 групп, 61 швов
2025-11-07 16:24:40,645 - INFO -    - _Линия 087-LI-0600: 6 групп, 58 швов
2025-11-07 16:24:40,645 - INFO -    - _Линия 084-HGWR-0722: 1 групп, 57 швов
2025-11-07 16:24:40,645 - INFO -    - _Линия 084-ING-0717: 3 групп, 56 швов
2025-11-07 16:24:40,646 - INFO -    - _Линия 084-HGWS-0722: 2 групп, 56 швов
2025-11-07 16:24:40,646 - INFO -    - _Линия 084-FGB-0701: 2 групп, 56 швов
2025-11-07 16:24:40,646 - INFO -    - _Линия 084-ING-0713: 3 групп, 54 швов
2025-11-07 16:24:40,646 - INFO -    - _Линия 084-ING-0702: 2 групп, 54 швов
2025-11-07 16:24:40,647 - INFO -    - _Линия 084-DW-0700: 7 групп, 54 швов
2025-11-07 16:24:40,647 - INFO -    - _Линия 084-DR-0700: 2 групп, 54 швов
2025-11-07 16:24:40,647 - INFO -    - _Линия 087-ING-0601: 7 групп, 53 швов
2025-11-07 16:24:40,647 - INFO -    - _Линия 084-FGB-0702: 2 групп, 53 швов
2025-11-07 16:24:40,648 - INFO -    - _Линия 084-LC-0704: 1 групп, 52 швов
2025-11-07 16:24:40,648 - INFO -    - _Линия 084-ST-0700: 8 групп, 51 швов
2025-11-07 16:24:40,649 - INFO -    - _Линия 084-HGWR-0703: 3 групп, 51 швов
2025-11-07 16:24:40,649 - INFO -    - _Линия 084-FGB-0700: 2 групп, 51 швов
2025-11-07 16:24:40,650 - INFO -    - _Линия 084-FC-0728: 2 групп, 51 швов
2025-11-07 16:24:40,651 - INFO -    - _Линия 087-FLL-0603: 11 групп, 50 швов
2025-11-07 16:24:40,651 - INFO -    - _Линия 084-DR-0702: 4 групп, 50 швов
2025-11-07 16:24:40,651 - INFO -    - _Линия 084-FGB-0703: 2 групп, 49 швов
2025-11-07 16:24:40,652 - INFO -    - _Линия 084-DR-0704: 2 групп, 49 швов
2025-11-07 16:24:40,652 - INFO -    - _Линия 087-ING-0604: 5 групп, 48 швов
2025-11-07 16:24:40,652 - INFO -    - _Линия 087-ING-0602: 6 групп, 48 швов
2025-11-07 16:24:40,652 - INFO -    - _Линия 084-SSB-0701: 5 групп, 48 швов
2025-11-07 16:24:40,653 - INFO -    - _Линия 084-ING-0710: 4 групп, 48 швов
2025-11-07 16:24:40,653 - INFO -    - _Линия 084-DR-0706: 2 групп, 48 швов
2025-11-07 16:24:40,653 - INFO -    - _Линия 087-ING-0606: 4 групп, 47 швов
2025-11-07 16:24:40,653 - INFO -    - _Линия 087-ING-0605: 7 групп, 47 швов
2025-11-07 16:24:40,654 - INFO -    - _Линия 087-FLL-0602: 13 групп, 47 швов
2025-11-07 16:24:40,654 - INFO -    - _Линия 087-MFG-0602: 4 групп, 46 швов
2025-11-07 16:24:40,655 - INFO -    - _Линия 087-ING-0607: 4 групп, 45 швов
2025-11-07 16:24:40,655 - INFO -    - _Линия 087-FGB-0601: 4 групп, 45 швов
2025-11-07 16:24:40,655 - INFO -    - _Линия 084-LI-0703: 2 групп, 45 швов
2025-11-07 16:24:40,655 - INFO -    - _Линия 084-ING-0715: 4 групп, 45 швов
2025-11-07 16:24:40,656 - INFO -    - _Линия 084-FC-0710: 2 групп, 45 швов
2025-11-07 16:24:40,656 - INFO -    - _Линия 084-DR-0701: 1 групп, 45 швов
2025-11-07 16:24:40,656 - INFO -    - _Линия 087-ING-0603: 5 групп, 44 швов
2025-11-07 16:24:40,657 - INFO -    - _Линия 084-FC-0709: 7 групп, 44 швов
2025-11-07 16:24:40,657 - INFO -    - _Линия 084-DR-0703: 2 групп, 44 швов
2025-11-07 16:24:40,657 - INFO -    - _Линия 087-ING-0600: 6 групп, 43 швов
2025-11-07 16:24:40,657 - INFO -    - _Линия 084-SSB-0706: 6 групп, 43 швов
2025-11-07 16:24:40,658 - INFO -    - _Линия 084-LC-0707: 3 групп, 43 швов
2025-11-07 16:24:40,658 - INFO -    - _Линия 084-ING-0714: 3 групп, 42 швов
2025-11-07 16:24:40,658 - INFO -    - _Линия 084-HGWR-0704: 2 групп, 42 швов
2025-11-07 16:24:40,658 - INFO -    - _Линия 084-DR-0705: 2 групп, 42 швов
2025-11-07 16:24:40,658 - INFO -    - _Линия 087-FGB-0600: 2 групп, 41 швов
2025-11-07 16:24:40,659 - INFO -    - _Линия 084-SSB-0702: 6 групп, 41 швов
2025-11-07 16:24:40,659 - INFO -    - _Линия 084-LS-0703: 2 групп, 41 швов
2025-11-07 16:24:40,659 - INFO -    - _Линия 084-LC-0703: 2 групп, 40 швов
2025-11-07 16:24:40,659 - INFO -    - _Линия 084-HGWS-0703: 2 групп, 40 швов
2025-11-07 16:24:40,660 - INFO -    - _Линия 087-PA-0608: 5 групп, 39 швов
2025-11-07 16:24:40,660 - INFO -    - _Линия 087-LI-0604: 4 групп, 39 швов
2025-11-07 16:24:40,660 - INFO -    - _Линия 084-SSB-0708: 3 групп, 39 швов
2025-11-07 16:24:40,660 - INFO -    - _Линия 087-HGWR-0601: 4 групп, 38 швов
2025-11-07 16:24:40,660 - INFO -    - _Линия 084-LS-0701: 2 групп, 38 швов
2025-11-07 16:24:40,661 - INFO -    - _Линия 084-SSB-0704: 5 групп, 37 швов
2025-11-07 16:24:40,661 - INFO -    - _Линия 084-PA-0703: 2 групп, 37 швов
2025-11-07 16:24:40,661 - INFO -    - _Линия 084-LS-0704: 2 групп, 37 швов
2025-11-07 16:24:40,661 - INFO -    - _Линия 084-ING-0712: 3 групп, 37 швов
2025-11-07 16:24:40,662 - INFO -    - _Линия 084-ING-0711: 3 групп, 37 швов
2025-11-07 16:24:40,662 - INFO -    - _Линия 087-MFG-0610: 3 групп, 36 швов
2025-11-07 16:24:40,662 - INFO -    - _Линия 084-LS-0702: 2 групп, 36 швов
2025-11-07 16:24:40,662 - INFO -    - _Линия 084-LC-0700: 1 групп, 36 швов
2025-11-07 16:24:40,663 - INFO -    - _Линия 084-ING-0709: 4 групп, 36 швов
2025-11-07 16:24:40,663 - INFO -    - _Линия 084-HGWR-0701: 2 групп, 36 швов
2025-11-07 16:24:40,663 - INFO -    - _Линия 084-FC-0718: 5 групп, 36 швов
2025-11-07 16:24:40,664 - INFO -    - _Линия 087-PA-0601: 4 групп, 34 швов
2025-11-07 16:24:40,664 - INFO -    - _Линия 084-FC-0731: 8 групп, 34 швов
2025-11-07 16:24:40,664 - INFO -    - _Линия 084-DR-0723: 3 групп, 34 швов
2025-11-07 16:24:40,665 - INFO -    - _Линия 084-ST-0713: 1 групп, 33 швов
2025-11-07 16:24:40,665 - INFO -    - _Линия 084-SSB-0710: 1 групп, 33 швов
2025-11-07 16:24:40,665 - INFO -    - _Линия 084-FC-0719: 7 групп, 33 швов
2025-11-07 16:24:40,665 - INFO -    - _Линия 086-FL-2471: 12 групп, 32 швов
2025-11-07 16:24:40,665 - INFO -    - _Линия 084-SSB-0703: 5 групп, 32 швов
2025-11-07 16:24:40,666 - INFO -    - _Линия 084-LC-0709: 3 групп, 32 швов
2025-11-07 16:24:40,666 - INFO -    - _Линия 084-IA-0701: 1 групп, 32 швов
2025-11-07 16:24:40,666 - INFO -    - _Линия 084-FC-0717: 5 групп, 32 швов
2025-11-07 16:24:40,666 - INFO -    - _Линия 084-DR-0728: 3 групп, 32 швов
2025-11-07 16:24:40,667 - INFO -    - _Линия 087-LI-0602: 3 групп, 31 швов
2025-11-07 16:24:40,667 - INFO -    - _Линия 086-FL-2470: 11 групп, 31 швов
2025-11-07 16:24:40,668 - INFO -    - _Линия 084-LS-0700: 1 групп, 31 швов
2025-11-07 16:24:40,668 - INFO -    - _Линия 084-SSB-0705: 5 групп, 30 швов
2025-11-07 16:24:40,669 - INFO -    - _Линия 084-ING-0704: 2 групп, 30 швов
2025-11-07 16:24:40,669 - INFO -    - _Линия 084-HGWS-0701: 2 групп, 30 швов
2025-11-07 16:24:40,669 - INFO -    - _Линия 084-DR-0721: 3 групп, 30 швов
2025-11-07 16:24:40,670 - INFO -    - _Линия 084-DR-0709: 4 групп, 30 швов
2025-11-07 16:24:40,670 - INFO -    - _Линия 087-MFG-0601: 3 групп, 29 швов
2025-11-07 16:24:40,670 - INFO -    - _Линия 084-SSB-0709: 10 групп, 29 швов
2025-11-07 16:24:40,670 - INFO -    - _Линия 084-SSB-0707: 3 групп, 29 швов
2025-11-07 16:24:40,671 - INFO -    - _Линия 084-LC-0702: 2 групп, 29 швов
2025-11-07 16:24:40,671 - INFO -    - _Линия 084-FL-0700: 10 групп, 29 швов
2025-11-07 16:24:40,671 - INFO -    - _Линия 084-FC-0721: 4 групп, 29 швов
2025-11-07 16:24:40,671 - INFO -    - _Линия 084-DR-0725: 3 групп, 29 швов
2025-11-07 16:24:40,671 - INFO -    - _Линия 084-DR-0708: 2 групп, 29 швов
2025-11-07 16:24:40,671 - INFO -    - _Линия 084-PA-0721: 3 групп, 28 швов
2025-11-07 16:24:40,672 - INFO -    - _Линия 084-HGWS-0704: 2 групп, 28 швов
2025-11-07 16:24:40,672 - INFO -    - _Линия 084-DR-0729: 2 групп, 28 швов
2025-11-07 16:24:40,672 - INFO -    - _Линия 084-DR-0707: 1 групп, 28 швов
2025-11-07 16:24:40,672 - INFO -    - _Линия 084-DR-0727: 3 групп, 27 швов
2025-11-07 16:24:40,673 - INFO -    - _Линия 040-FW-0001: 4 групп, 27 швов
2025-11-07 16:24:40,673 - INFO -    - _Линия 084-DR-0724: 1 групп, 26 швов
2025-11-07 16:24:40,673 - INFO -    - _Линия 085-FH-2470: 12 групп, 25 швов
2025-11-07 16:24:40,674 - INFO -    - _Линия 084-LI-0715: 2 групп, 25 швов
2025-11-07 16:24:40,674 - INFO -    - _Линия 084-LC-0701: 1 групп, 25 швов
2025-11-07 16:24:40,674 - INFO -    - _Линия 084-DR-0717: 2 групп, 25 швов
2025-11-07 16:24:40,675 - INFO -    - _Линия 084-DR-0714: 2 групп, 25 швов
2025-11-07 16:24:40,675 - INFO -    - _Линия 087-MFG-0604: 6 групп, 24 швов
2025-11-07 16:24:40,675 - INFO -    - _Линия 087-MFG-0603: 7 групп, 24 швов
2025-11-07 16:24:40,676 - INFO -    - _Линия 084-ST-0710: 2 групп, 24 швов
2025-11-07 16:24:40,676 - INFO -    - _Линия 084-PA-0715: 2 групп, 24 швов
2025-11-07 16:24:40,676 - INFO -    - _Линия 084-LI-0718: 1 групп, 24 швов
2025-11-07 16:24:40,676 - INFO -    - _Линия 084-FC-0740: 3 групп, 24 швов
2025-11-07 16:24:40,677 - INFO -    - _Линия 087-MFG-0613: 4 групп, 23 швов
2025-11-07 16:24:40,677 - INFO -    - _Линия 085-FH-2471: 13 групп, 23 швов
2025-11-07 16:24:40,677 - INFO -    - _Линия 084-PA-0719: 1 групп, 23 швов
2025-11-07 16:24:40,678 - INFO -    - _Линия 087-DN-0600: 2 групп, 22 швов
2025-11-07 16:24:40,678 - INFO -    - _Линия 084-SSB-0700: 2 групп, 22 швов
2025-11-07 16:24:40,678 - INFO -    - _Линия 084-DR-0726: 2 групп, 22 швов
2025-11-07 16:24:40,678 - INFO -    - _Линия 087-PA-0609: 3 групп, 21 швов
2025-11-07 16:24:40,679 - INFO -    - _Линия 084-ST-0701: 2 групп, 21 швов
2025-11-07 16:24:40,679 - INFO -    - _Линия 087-PA-0605: 3 групп, 20 швов
2025-11-07 16:24:40,680 - INFO -    - _Линия 084-SSB-0713: 1 групп, 20 швов
2025-11-07 16:24:40,680 - INFO -    - _Линия 084-LI-0725: 2 групп, 20 швов
2025-11-07 16:24:40,680 - INFO -    - _Линия 084-HGWS-0707: 2 групп, 20 швов
2025-11-07 16:24:40,681 - INFO -    - _Линия 084-ST-0703: 2 групп, 19 швов
2025-11-07 16:24:40,681 - INFO -    - _Линия 084-MFG-0714: 3 групп, 19 швов
2025-11-07 16:24:40,682 - INFO -    - _Линия 084-MFG-0702: 1 групп, 19 швов
2025-11-07 16:24:40,682 - INFO -    - _Линия 084-HGWR-0706: 1 групп, 19 швов
2025-11-07 16:24:40,682 - INFO -    - _Линия 084-HGWR-0705: 1 групп, 19 швов
2025-11-07 16:24:40,683 - INFO -    - _Линия 084-FL-0723: 6 групп, 19 швов
2025-11-07 16:24:40,683 - INFO -    - _Линия 072-HGWS-0203: 3 групп, 19 швов
2025-11-07 16:24:40,683 - INFO -    - _Линия 087-DN-0601: 2 групп, 18 швов
2025-11-07 16:24:40,683 - INFO -    - _Линия 084-ST-0704: 1 групп, 18 швов
2025-11-07 16:24:40,684 - INFO -    - _Линия 084-MFG-0715: 1 групп, 18 швов
2025-11-07 16:24:40,684 - INFO -    - _Линия 084-ING-0708: 2 групп, 18 швов
2025-11-07 16:24:40,684 - INFO -    - _Линия 084-ING-0705: 2 групп, 18 швов
2025-11-07 16:24:40,684 - INFO -    - _Линия 084-HGWR-0702: 1 групп, 18 швов
2025-11-07 16:24:40,685 - INFO -    - _Линия 084-FR-0702: 7 групп, 18 швов
2025-11-07 16:24:40,685 - INFO -    - _Линия 084-FC-0739: 3 групп, 18 швов
2025-11-07 16:24:40,685 - INFO -    - _Линия 084-DR-0731: 1 групп, 18 швов
2025-11-07 16:24:40,685 - INFO -    - _Линия 084-PA-0705: 2 групп, 17 швов
2025-11-07 16:24:40,685 - INFO -    - _Линия 084-HGWS-0706: 1 групп, 17 швов
2025-11-07 16:24:40,686 - INFO -    - _Линия 084-HGWR-0707: 1 групп, 17 швов
2025-11-07 16:24:40,686 - INFO -    - _Линия 084-DR-0722: 1 групп, 17 швов
2025-11-07 16:24:40,686 - INFO -    - _Линия 087-SSB-0610: 3 групп, 16 швов
2025-11-07 16:24:40,686 - INFO -    - _Линия 087-MFG-0605: 3 групп, 16 швов
2025-11-07 16:24:40,687 - INFO -    - _Линия 087-FLL-0604: 3 групп, 16 швов
2025-11-07 16:24:40,687 - INFO -    - _Линия 084-SSB-0717: 1 групп, 16 швов
2025-11-07 16:24:40,687 - INFO -    - _Линия 084-LI-0724: 1 групп, 16 швов
2025-11-07 16:24:40,687 - INFO -    - _Линия 084-LI-0710: 3 групп, 16 швов
2025-11-07 16:24:40,688 - INFO -    - _Линия 084-HGWS-0702: 2 групп, 16 швов
2025-11-07 16:24:40,688 - INFO -    - _Линия 084-DW-0701: 1 групп, 16 швов
2025-11-07 16:24:40,688 - INFO -    - _Линия 087-MS-0601: 3 групп, 15 швов
2025-11-07 16:24:40,688 - INFO -    - _Линия 087-LC-0618: 1 групп, 15 швов
2025-11-07 16:24:40,689 - INFO -    - _Линия 087-HGWS-0601: 3 групп, 15 швов
2025-11-07 16:24:40,689 - INFO -    - _Линия 087-FLL-0605: 2 групп, 15 швов
2025-11-07 16:24:40,689 - INFO -    - _Линия 084-ST-0711: 1 групп, 15 швов
2025-11-07 16:24:40,689 - INFO -    - _Линия 084-ST-0702: 2 групп, 15 швов
2025-11-07 16:24:40,689 - INFO -    - _Линия 084-PA-0717: 1 групп, 15 швов
2025-11-07 16:24:40,690 - INFO -    - _Линия 084-LI-0716: 2 групп, 15 швов
2025-11-07 16:24:40,690 - INFO -    - _Линия 084-LI-0705: 1 групп, 15 швов
2025-11-07 16:24:40,690 - INFO -    - _Линия 084-ING-0707: 2 групп, 15 швов
2025-11-07 16:24:40,690 - INFO -    - _Линия 084-FL-0726: 1 групп, 15 швов
2025-11-07 16:24:40,691 - INFO -    - _Линия 084-FL-0722: 3 групп, 15 швов
2025-11-07 16:24:40,691 - INFO -    - _Линия 084-FC-0722: 1 групп, 15 швов
2025-11-07 16:24:40,691 - INFO -    - _Линия 084-FC-0712: 1 групп, 15 швов
2025-11-07 16:24:40,691 - INFO -    - _Линия 084-DW-0704: 1 групп, 15 швов
2025-11-07 16:24:40,692 - INFO -    - _Линия 087-SSB-0609: 2 групп, 14 швов
2025-11-07 16:24:40,692 - INFO -    - _Линия 087-LI-0609: 1 групп, 14 швов
2025-11-07 16:24:40,692 - INFO -    - _Линия 084-ST-0712: 2 групп, 14 швов
2025-11-07 16:24:40,693 - INFO -    - _Линия 084-MS-0701: 1 групп, 14 швов
2025-11-07 16:24:40,693 - INFO -    - _Линия 084-LS-0705: 1 групп, 14 швов
2025-11-07 16:24:40,693 - INFO -    - _Линия 084-LI-0723: 1 групп, 14 швов
2025-11-07 16:24:40,693 - INFO -    - _Линия 084-HGWS-0705: 1 групп, 14 швов
2025-11-07 16:24:40,694 - INFO -    - _Линия 084-FL-0701: 4 групп, 14 швов
2025-11-07 16:24:40,694 - INFO -    - _Линия 084-DR-0733: 1 групп, 14 швов
2025-11-07 16:24:40,694 - INFO -    - _Линия 084-DR-0732: 1 групп, 14 швов
2025-11-07 16:24:40,694 - INFO -    - _Линия 084-DR-0720: 2 групп, 14 швов
2025-11-07 16:24:40,695 - INFO -    - _Линия 087-SSB-0607: 3 групп, 13 швов
2025-11-07 16:24:40,695 - INFO -    - _Линия 087-PA-0604: 1 групп, 13 швов
2025-11-07 16:24:40,695 - INFO -    - _Линия 087-LI-0610: 2 групп, 13 швов
2025-11-07 16:24:40,695 - INFO -    - _Линия 087-LI-0603: 2 групп, 13 швов
2025-11-07 16:24:40,696 - INFO -    - _Линия 087-LC-0616: 1 групп, 13 швов
2025-11-07 16:24:40,696 - INFO -    - _Линия 087-FLL-0614: 3 групп, 13 швов
2025-11-07 16:24:40,696 - INFO -    - _Линия 084-PA-0718: 2 групп, 13 швов
2025-11-07 16:24:40,696 - INFO -    - _Линия 084-PA-0716: 2 групп, 13 швов
2025-11-07 16:24:40,696 - INFO -    - _Линия 084-LI-0717: 1 групп, 13 швов
2025-11-07 16:24:40,697 - INFO -    - _Линия 084-LI-0714: 2 групп, 13 швов
2025-11-07 16:24:40,697 - INFO -    - _Линия 084-HGWR-0708: 1 групп, 13 швов
2025-11-07 16:24:40,697 - INFO -    - _Линия 084-DR-0735: 1 групп, 13 швов
2025-11-07 16:24:40,698 - INFO -    - _Линия 072-HGWS-0201: 5 групп, 13 швов
2025-11-07 16:24:40,698 - INFO -    - _Линия 062-MS-0201: 6 групп, 13 швов
2025-11-07 16:24:40,698 - INFO -    - _Линия 087-SSB-0611: 2 групп, 12 швов
2025-11-07 16:24:40,699 - INFO -    - _Линия 087-SSB-0608: 2 групп, 12 швов
2025-11-07 16:24:40,699 - INFO -    - _Линия 087-SSB-0606: 3 групп, 12 швов
2025-11-07 16:24:40,699 - INFO -    - _Линия 087-SSB-0605: 2 групп, 12 швов
2025-11-07 16:24:40,700 - INFO -    - _Линия 087-SSB-0604: 3 групп, 12 швов
2025-11-07 16:24:40,700 - INFO -    - _Линия 087-LI-0605: 3 групп, 12 швов
2025-11-07 16:24:40,700 - INFO -    - _Линия 087-FLL-0615: 2 групп, 12 швов
2025-11-07 16:24:40,700 - INFO -    - _Линия 087-FLL-0613: 2 групп, 12 швов
2025-11-07 16:24:40,701 - INFO -    - _Линия 087-FLL-0612: 2 групп, 12 швов
2025-11-07 16:24:40,701 - INFO -    - _Линия 087-FLL-0600: 7 групп, 12 швов
2025-11-07 16:24:40,701 - INFO -    - _Линия 084-ING-0706: 1 групп, 12 швов
2025-11-07 16:24:40,701 - INFO -    - _Линия 087-ATM-0602: 2 групп, 11 швов
2025-11-07 16:24:40,701 - INFO -    - _Линия 084-ST-0707: 1 групп, 11 швов
2025-11-07 16:24:40,702 - INFO -    - _Линия 084-ST-0706: 2 групп, 11 швов
2025-11-07 16:24:40,702 - INFO -    - _Линия 084-SSB-0714: 1 групп, 11 швов
2025-11-07 16:24:40,702 - INFO -    - _Линия 084-PA-0709: 1 групп, 11 швов
2025-11-07 16:24:40,703 - INFO -    - _Линия 084-LI-0709: 2 групп, 11 швов
2025-11-07 16:24:40,703 - INFO -    - _Линия 084-LI-0704: 1 групп, 11 швов
2025-11-07 16:24:40,703 - INFO -    - _Линия 084-FL-0729: 1 групп, 11 швов
2025-11-07 16:24:40,704 - INFO -    - _Линия 084-FL-0718: 2 групп, 11 швов
2025-11-07 16:24:40,704 - INFO -    - _Линия 084-FC-0732: 1 групп, 11 швов
2025-11-07 16:24:40,705 - INFO -    - _Линия 084-FC-0716: 1 групп, 11 швов
2025-11-07 16:24:40,705 - INFO -    - _Линия 072-HGWR-0201: 3 групп, 11 швов
2025-11-07 16:24:40,705 - INFO -    - _Линия 087-PC-0600: 2 групп, 10 швов
2025-11-07 16:24:40,705 - INFO -    - _Линия 087-PA-0606: 3 групп, 10 швов
2025-11-07 16:24:40,706 - INFO -    - _Линия 084-ST-0729: 1 групп, 10 швов
2025-11-07 16:24:40,706 - INFO -    - _Линия 084-ST-0708: 1 групп, 10 швов
2025-11-07 16:24:40,706 - INFO -    - _Линия 084-MS-0707: 1 групп, 10 швов
2025-11-07 16:24:40,707 - INFO -    - _Линия 084-MFG-0704: 1 групп, 10 швов
2025-11-07 16:24:40,707 - INFO -    - _Линия 084-LI-0708: 1 групп, 10 швов
2025-11-07 16:24:40,707 - INFO -    - _Линия 084-FH-0745: 2 групп, 10 швов
2025-11-07 16:24:40,707 - INFO -    - _Линия 084-FH-0708: 2 групп, 10 швов
2025-11-07 16:24:40,708 - INFO -    - _Линия 084-FC-0714: 1 групп, 10 швов
2025-11-07 16:24:40,708 - INFO -    - _Линия 084-FC-0705: 1 групп, 10 швов
2025-11-07 16:24:40,709 - INFO -    - _Линия 084-FC-0703: 2 групп, 10 швов
2025-11-07 16:24:40,709 - INFO -    - _Линия 084-FC-0701: 4 групп, 10 швов
2025-11-07 16:24:40,709 - INFO -    - _Линия 087-PA-0602: 2 групп, 9 швов
2025-11-07 16:24:40,709 - INFO -    - _Линия 087-LI-0601: 2 групп, 9 швов
2025-11-07 16:24:40,709 - INFO -    - _Линия 087-LC-0615: 1 групп, 9 швов
2025-11-07 16:24:40,709 - INFO -    - _Линия 087-ATM-0601: 4 групп, 9 швов
2025-11-07 16:24:40,709 - INFO -    - _Линия 084-ST-0715: 1 групп, 9 швов
2025-11-07 16:24:40,709 - INFO -    - _Линия 084-ST-0709: 1 групп, 9 швов
2025-11-07 16:24:40,709 - INFO -    - _Линия 084-SSB-0715: 1 групп, 9 швов
2025-11-07 16:24:40,709 - INFO -    - _Линия 084-PC-0700: 2 групп, 9 швов
2025-11-07 16:24:40,711 - INFO -    - _Линия 084-LI-0712: 1 групп, 9 швов
2025-11-07 16:24:40,712 - INFO -    - _Линия 084-FR-0717: 2 групп, 9 швов
2025-11-07 16:24:40,712 - INFO -    - _Линия 084-FL-0725: 1 групп, 9 швов
2025-11-07 16:24:40,712 - INFO -    - _Линия 084-FL-0724: 2 групп, 9 швов
2025-11-07 16:24:40,712 - INFO -    - _Линия 084-FH-0736: 2 групп, 9 швов
2025-11-07 16:24:40,712 - INFO -    - _Линия 084-FH-0731: 2 групп, 9 швов
2025-11-07 16:24:40,713 - INFO -    - _Линия 084-DR-0739: 1 групп, 9 швов
2025-11-07 16:24:40,713 - INFO -    - _Линия 072-HGWR-0203: 3 групп, 9 швов
2025-11-07 16:24:40,713 - INFO -    - _Линия 062-MS-0205: 2 групп, 9 швов
2025-11-07 16:24:40,713 - INFO -    - _Линия 087-MFG-0615: 2 групп, 8 швов
2025-11-07 16:24:40,714 - INFO -    - _Линия 087-LI-0606: 2 групп, 8 швов
2025-11-07 16:24:40,714 - INFO -    - _Линия 087-LC-0617: 1 групп, 8 швов
2025-11-07 16:24:40,714 - INFO -    - _Линия 084-ST-0726: 1 групп, 8 швов
2025-11-07 16:24:40,714 - INFO -    - _Линия 084-ST-0722: 2 групп, 8 швов
2025-11-07 16:24:40,714 - INFO -    - _Линия 084-ST-0717: 1 групп, 8 швов
2025-11-07 16:24:40,714 - INFO -    - _Линия 084-ST-0716: 1 групп, 8 швов
2025-11-07 16:24:40,714 - INFO -    - _Линия 084-PA-0711: 1 групп, 8 швов
2025-11-07 16:24:40,714 - INFO -    - _Линия 084-LI-0702: 1 групп, 8 швов
2025-11-07 16:24:40,714 - INFO -    - _Линия 084-FR-0703: 4 групп, 8 швов
2025-11-07 16:24:40,714 - INFO -    - _Линия 084-FH-0744: 1 групп, 8 швов
2025-11-07 16:24:40,714 - INFO -    - _Линия 084-DR-0748: 1 групп, 8 швов
2025-11-07 16:24:40,714 - INFO -    - _Линия 084-DR-0747: 2 групп, 8 швов
2025-11-07 16:24:40,714 - INFO -    - _Линия 084-DR-0734: 1 групп, 8 швов
2025-11-07 16:24:40,714 - INFO -    - _Линия 084-ATM-0702: 1 групп, 8 швов
2025-11-07 16:24:40,714 - INFO -    - _Линия 062-MS-0202: 3 групп, 8 швов
2025-11-07 16:24:40,714 - INFO -    - _Линия 005-IA-0601: 3 групп, 8 швов
2025-11-07 16:24:40,714 - INFO -    - _Линия 088-FC-0700: 3 групп, 7 швов
2025-11-07 16:24:40,714 - INFO -    - _Линия 087-PA-0603: 1 групп, 7 швов
2025-11-07 16:24:40,714 - INFO -    - _Линия 087-MFG-0614: 1 групп, 7 швов
2025-11-07 16:24:40,718 - INFO -    - _Линия 087-LI-0608: 1 групп, 7 швов
2025-11-07 16:24:40,718 - INFO -    - _Линия 087-LI-0607: 1 групп, 7 швов
2025-11-07 16:24:40,718 - INFO -    - _Линия 087-LC-0603: 1 групп, 7 швов
2025-11-07 16:24:40,719 - INFO -    - _Линия 087-FLL-0601: 3 групп, 7 швов
2025-11-07 16:24:40,720 - INFO -    - _Линия 084-ST-0720: 1 групп, 7 швов
2025-11-07 16:24:40,720 - INFO -    - _Линия 084-ST-0705: 1 групп, 7 швов
2025-11-07 16:24:40,720 - INFO -    - _Линия 084-SSB-0711: 1 групп, 7 швов
2025-11-07 16:24:40,720 - INFO -    - _Линия 084-MFG-0717: 1 групп, 7 швов
2025-11-07 16:24:40,720 - INFO -    - _Линия 084-MFG-0705: 1 групп, 7 швов
2025-11-07 16:24:40,720 - INFO -    - _Линия 084-LI-0711: 1 групп, 7 швов
2025-11-07 16:24:40,721 - INFO -    - _Линия 084-FR-0725: 1 групп, 7 швов
2025-11-07 16:24:40,721 - INFO -    - _Линия 084-FL-0728: 2 групп, 7 швов
2025-11-07 16:24:40,721 - INFO -    - _Линия 084-FL-0712: 1 групп, 7 швов
2025-11-07 16:24:40,721 - INFO -    - _Линия 084-FL-0702: 5 групп, 7 швов
2025-11-07 16:24:40,721 - INFO -    - _Линия 084-FH-0739: 1 групп, 7 швов
2025-11-07 16:24:40,722 - INFO -    - _Линия 084-FH-0719: 2 групп, 7 швов
2025-11-07 16:24:40,722 - INFO -    - _Линия 084-FH-0703: 2 групп, 7 швов
2025-11-07 16:24:40,722 - INFO -    - _Линия 084-DR-0744: 1 групп, 7 швов
2025-11-07 16:24:40,722 - INFO -    - _Линия 084-DR-0713: 1 групп, 7 швов
2025-11-07 16:24:40,723 - INFO -    - _Линия 084-ATM-0703: 2 групп, 7 швов
2025-11-07 16:24:40,723 - INFO -    - _Линия 062-MS-0204: 1 групп, 7 швов
2025-11-07 16:24:40,723 - INFO -    - _Линия 049-MFG-0504: 2 групп, 7 швов
2025-11-07 16:24:40,724 - INFO -    - _Линия 049-MFG-0501: 4 групп, 7 швов
2025-11-07 16:24:40,724 - INFO -    - _Линия 005-LI-0602: 3 групп, 7 швов
2025-11-07 16:24:40,725 - INFO -    - _Линия 005-LI-0601: 3 групп, 7 швов
2025-11-07 16:24:40,725 - INFO -    - _Линия 084-ST-0718: 1 групп, 6 швов
2025-11-07 16:24:40,725 - INFO -    - _Линия 084-ST-0714: 1 групп, 6 швов
2025-11-07 16:24:40,725 - INFO -    - _Линия 084-SSB-0719: 2 групп, 6 швов
2025-11-07 16:24:40,725 - INFO -    - _Линия 084-PA-0704: 1 групп, 6 швов
2025-11-07 16:24:40,725 - INFO -    - _Линия 084-MFG-0718: 1 групп, 6 швов
2025-11-07 16:24:40,728 - INFO -    - _Линия 084-MFG-0716: 1 групп, 6 швов
2025-11-07 16:24:40,728 - INFO -    - _Линия 084-LI-0726: 1 групп, 6 швов
2025-11-07 16:24:40,728 - INFO -    - _Линия 084-FR-0722: 1 групп, 6 швов
2025-11-07 16:24:40,728 - INFO -    - _Линия 084-FR-0712: 1 групп, 6 швов
2025-11-07 16:24:40,728 - INFO -    - _Линия 084-FH-0740: 1 групп, 6 швов
2025-11-07 16:24:40,728 - INFO -    - _Линия 084-FH-0716: 1 групп, 6 швов
2025-11-07 16:24:40,728 - INFO -    - _Линия 084-FH-0712: 1 групп, 6 швов
2025-11-07 16:24:40,728 - INFO -    - _Линия 084-FC-0726: 1 групп, 6 швов
2025-11-07 16:24:40,728 - INFO -    - _Линия 084-FC-0715: 2 групп, 6 швов
2025-11-07 16:24:40,728 - INFO -    - _Линия 084-FC-0706: 1 групп, 6 швов
2025-11-07 16:24:40,728 - INFO -    - _Линия 084-DR-0746: 1 групп, 6 швов
2025-11-07 16:24:40,728 - INFO -    - _Линия 084-DR-0742: 1 групп, 6 швов
2025-11-07 16:24:40,728 - INFO -    - _Линия 084-DR-0719: 2 групп, 6 швов
2025-11-07 16:24:40,728 - INFO -    - _Линия 084-DR-0710: 1 групп, 6 швов
2025-11-07 16:24:40,728 - INFO -    - _Линия 005-PA-0602: 2 групп, 6 швов
2025-11-07 16:24:40,728 - INFO -    - _Линия 005-PA-0601: 3 групп, 6 швов
2025-11-07 16:24:40,728 - INFO -    - _Линия 005-IA-0602: 2 групп, 6 швов
2025-11-07 16:24:40,728 - INFO -    - _Линия 087-PA-0607: 2 групп, 5 швов
2025-11-07 16:24:40,728 - INFO -    - _Линия 084-SSB-0718: 1 групп, 5 швов
2025-11-07 16:24:40,728 - INFO -    - _Линия 084-SSB-0712: 1 групп, 5 швов
2025-11-07 16:24:40,728 - INFO -    - _Линия 084-PA-0720: 1 групп, 5 швов
2025-11-07 16:24:40,732 - INFO -    - _Линия 084-PA-0706: 1 групп, 5 швов
2025-11-07 16:24:40,732 - INFO -    - _Линия 084-PA-0702: 1 групп, 5 швов
2025-11-07 16:24:40,732 - INFO -    - _Линия 084-MFG-0713: 1 групп, 5 швов
2025-11-07 16:24:40,732 - INFO -    - _Линия 084-MFG-0712: 1 групп, 5 швов
2025-11-07 16:24:40,733 - INFO -    - _Линия 084-MFG-0706: 2 групп, 5 швов
2025-11-07 16:24:40,733 - INFO -    - _Линия 084-MFG-0703: 1 групп, 5 швов
2025-11-07 16:24:40,733 - INFO -    - _Линия 084-LI-0721: 1 групп, 5 швов
2025-11-07 16:24:40,733 - INFO -    - _Линия 084-LI-0720: 1 групп, 5 швов
2025-11-07 16:24:40,733 - INFO -    - _Линия 084-FR-0724: 1 групп, 5 швов
2025-11-07 16:24:40,734 - INFO -    - _Линия 084-FR-0714: 1 групп, 5 швов
2025-11-07 16:24:40,734 - INFO -    - _Линия 084-FL-0715: 1 групп, 5 швов
2025-11-07 16:24:40,734 - INFO -    - _Линия 084-FH-0747: 1 групп, 5 швов
2025-11-07 16:24:40,734 - INFO -    - _Линия 084-FH-0746: 1 групп, 5 швов
2025-11-07 16:24:40,734 - INFO -    - _Линия 084-FH-0742: 2 групп, 5 швов
2025-11-07 16:24:40,735 - INFO -    - _Линия 084-FH-0718: 3 групп, 5 швов
2025-11-07 16:24:40,735 - INFO -    - _Линия 084-FH-0715: 2 групп, 5 швов
2025-11-07 16:24:40,735 - INFO -    - _Линия 084-FH-0713: 1 групп, 5 швов
2025-11-07 16:24:40,735 - INFO -    - _Линия 084-FH-0702: 3 групп, 5 швов
2025-11-07 16:24:40,736 - INFO -    - _Линия 084-FC-0720: 1 групп, 5 швов
2025-11-07 16:24:40,736 - INFO -    - _Линия 084-DW-0703: 2 групп, 5 швов
2025-11-07 16:24:40,736 - INFO -    - _Линия 084-DR-0740: 1 групп, 5 швов
2025-11-07 16:24:40,736 - INFO -    - _Линия 084-DR-0736: 1 групп, 5 швов
2025-11-07 16:24:40,736 - INFO -    - _Линия 084-DR-0712: 1 групп, 5 швов
2025-11-07 16:24:40,736 - INFO -    - _Линия 084-DR-0711: 1 групп, 5 швов
2025-11-07 16:24:40,737 - INFO -    - _Линия 084-ATM-0704: 1 групп, 5 швов
2025-11-07 16:24:40,737 - INFO -    - _Линия 087-LC-0619: 1 групп, 4 швов
2025-11-07 16:24:40,737 - INFO -    - _Линия 084-SSB-0716: 1 групп, 4 швов
2025-11-07 16:24:40,737 - INFO -    - _Линия 084-MFG-0709: 1 групп, 4 швов
2025-11-07 16:24:40,737 - INFO -    - _Линия 084-MFG-0708: 1 групп, 4 швов
2025-11-07 16:24:40,737 - INFO -    - _Линия 084-FR-0723: 2 групп, 4 швов
2025-11-07 16:24:40,737 - INFO -    - _Линия 084-FR-0710: 3 групп, 4 швов
2025-11-07 16:24:40,738 - INFO -    - _Линия 084-FL-0719: 2 групп, 4 швов
2025-11-07 16:24:40,738 - INFO -    - _Линия 084-FL-0717: 2 групп, 4 швов
2025-11-07 16:24:40,738 - INFO -    - _Линия 084-FL-0714: 2 групп, 4 швов
2025-11-07 16:24:40,738 - INFO -    - _Линия 084-FL-0707: 2 групп, 4 швов
2025-11-07 16:24:40,738 - INFO -    - _Линия 084-FL-0706: 3 групп, 4 швов
2025-11-07 16:24:40,738 - INFO -    - _Линия 084-FH-0733: 1 групп, 4 швов
2025-11-07 16:24:40,739 - INFO -    - _Линия 084-FH-0724: 2 групп, 4 швов
2025-11-07 16:24:40,739 - INFO -    - _Линия 084-FH-0722: 2 групп, 4 швов
2025-11-07 16:24:40,739 - INFO -    - _Линия 084-FH-0714: 1 групп, 4 швов
2025-11-07 16:24:40,739 - INFO -    - _Линия 084-FH-0710: 3 групп, 4 швов
2025-11-07 16:24:40,739 - INFO -    - _Линия 084-FH-0704: 4 групп, 4 швов
2025-11-07 16:24:40,739 - INFO -    - _Линия 084-FC-0735: 1 групп, 4 швов
2025-11-07 16:24:40,739 - INFO -    - _Линия 084-FC-0734: 1 групп, 4 швов
2025-11-07 16:24:40,739 - INFO -    - _Линия 084-FC-0733: 1 групп, 4 швов
2025-11-07 16:24:40,741 - INFO -    - _Линия 084-FC-0725: 1 групп, 4 швов
2025-11-07 16:24:40,741 - INFO -    - _Линия 084-FC-0713: 1 групп, 4 швов
2025-11-07 16:24:40,741 - INFO -    - _Линия 084-FC-0711: 1 групп, 4 швов
2025-11-07 16:24:40,741 - INFO -    - _Линия 084-FC-0708: 1 групп, 4 швов
2025-11-07 16:24:40,741 - INFO -    - _Линия 084-FC-0707: 1 групп, 4 швов
2025-11-07 16:24:40,741 - INFO -    - _Линия 084-FC-0704: 1 групп, 4 швов
2025-11-07 16:24:40,741 - INFO -    - _Линия 084-DR-0751: 1 групп, 4 швов
2025-11-07 16:24:40,741 - INFO -    - _Линия 084-DR-0743: 1 групп, 4 швов
2025-11-07 16:24:40,741 - INFO -    - _Линия 084-DR-0741: 2 групп, 4 швов
2025-11-07 16:24:40,741 - INFO -    - _Линия 084-DR-0730: 2 групп, 4 швов
2025-11-07 16:24:40,741 - INFO -    - _Линия 084-DR-0716: 1 групп, 4 швов
2025-11-07 16:24:40,741 - INFO -    - _Линия 069-LC-0202: 1 групп, 4 швов
2025-11-07 16:24:40,741 - INFO -    - _Линия 087-LC-0620: 1 групп, 3 швов
2025-11-07 16:24:40,741 - INFO -    - _Линия 087-LC-0614: 1 групп, 3 швов
2025-11-07 16:24:40,741 - INFO -    - _Линия 087-LC-0613: 1 групп, 3 швов
2025-11-07 16:24:40,741 - INFO -    - _Линия 087-LC-0612: 1 групп, 3 швов
2025-11-07 16:24:40,741 - INFO -    - _Линия 087-LC-0611: 1 групп, 3 швов
2025-11-07 16:24:40,741 - INFO -    - _Линия 087-FLL-0611: 1 групп, 3 швов
2025-11-07 16:24:40,741 - INFO -    - _Линия 087-FLL-0610: 1 групп, 3 швов
2025-11-07 16:24:40,741 - INFO -    - _Линия 087-FLL-0609: 1 групп, 3 швов
2025-11-07 16:24:40,741 - INFO -    - _Линия 087-DN-0604: 2 групп, 3 швов
2025-11-07 16:24:40,741 - INFO -    - _Линия 087-DN-0603: 2 групп, 3 швов
2025-11-07 16:24:40,741 - INFO -    - _Линия 084-ST-0725: 1 групп, 3 швов
2025-11-07 16:24:40,741 - INFO -    - _Линия 084-ST-0724: 1 групп, 3 швов
2025-11-07 16:24:40,741 - INFO -    - _Линия 084-ST-0721: 2 групп, 3 швов
2025-11-07 16:24:40,741 - INFO -    - _Линия 084-ST-0719: 2 групп, 3 швов
2025-11-07 16:24:40,741 - INFO -    - _Линия 084-SSB-0721: 1 групп, 3 швов
2025-11-07 16:24:40,741 - INFO -    - _Линия 084-MFG-0719: 1 групп, 3 швов
2025-11-07 16:24:40,741 - INFO -    - _Линия 084-MFG-0710: 1 групп, 3 швов
2025-11-07 16:24:40,741 - INFO -    - _Линия 084-LI-0707: 1 групп, 3 швов
2025-11-07 16:24:40,748 - INFO -    - _Линия 084-LI-0706: 1 групп, 3 швов
2025-11-07 16:24:40,748 - INFO -    - _Линия 084-FR-0709: 1 групп, 3 швов
2025-11-07 16:24:40,748 - INFO -    - _Линия 084-FL-0730: 1 групп, 3 швов
2025-11-07 16:24:40,748 - INFO -    - _Линия 084-FH-0743: 1 групп, 3 швов
2025-11-07 16:24:40,749 - INFO -    - _Линия 084-FH-0723: 1 групп, 3 швов
2025-11-07 16:24:40,750 - INFO -    - _Линия 084-FH-0709: 2 групп, 3 швов
2025-11-07 16:24:40,750 - INFO -    - _Линия 084-FH-0705: 3 групп, 3 швов
2025-11-07 16:24:40,750 - INFO -    - _Линия 084-FC-0724: 1 групп, 3 швов
2025-11-07 16:24:40,750 - INFO -    - _Линия 084-FC-0723: 1 групп, 3 швов
2025-11-07 16:24:40,750 - INFO -    - _Линия 084-DR-0750: 1 групп, 3 швов
2025-11-07 16:24:40,750 - INFO -    - _Линия 069-LC-0201: 3 групп, 3 швов
2025-11-07 16:24:40,750 - INFO -    - _Линия 033-DW-0016: 1 групп, 3 швов
2025-11-07 16:24:40,750 - INFO -    - _Линия 087-MFG-0612: 2 групп, 2 швов
2025-11-07 16:24:40,750 - INFO -    - _Линия 087-MFG-0611: 2 групп, 2 швов
2025-11-07 16:24:40,750 - INFO -    - _Линия 087-FLL-0608: 1 групп, 2 швов
2025-11-07 16:24:40,750 - INFO -    - _Линия 087-FLL-0607: 1 групп, 2 швов
2025-11-07 16:24:40,753 - INFO -    - _Линия 087-FLL-0606: 1 групп, 2 швов
2025-11-07 16:24:40,753 - INFO -    - _Линия 084-ST-0732: 1 групп, 2 швов
2025-11-07 16:24:40,753 - INFO -    - _Линия 084-ST-0731: 1 групп, 2 швов
2025-11-07 16:24:40,753 - INFO -    - _Линия 084-ST-0730: 1 групп, 2 швов
2025-11-07 16:24:40,754 - INFO -    - _Линия 084-FR-0726: 1 групп, 2 швов
2025-11-07 16:24:40,754 - INFO -    - _Линия 084-FR-0719: 1 групп, 2 швов
2025-11-07 16:24:40,754 - INFO -    - _Линия 084-FR-0708: 2 групп, 2 швов
2025-11-07 16:24:40,754 - INFO -    - _Линия 084-FR-0704: 2 групп, 2 швов
2025-11-07 16:24:40,754 - INFO -    - _Линия 084-FR-0700: 2 групп, 2 швов
2025-11-07 16:24:40,755 - INFO -    - _Линия 084-FL-0711: 2 групп, 2 швов
2025-11-07 16:24:40,755 - INFO -    - _Линия 084-FL-0709: 2 групп, 2 швов
2025-11-07 16:24:40,755 - INFO -    - _Линия 084-FL-0708: 2 групп, 2 швов
2025-11-07 16:24:40,755 - INFO -    - _Линия 084-FH-0734: 2 групп, 2 швов
2025-11-07 16:24:40,755 - INFO -    - _Линия 084-FH-0725: 1 групп, 2 швов
2025-11-07 16:24:40,756 - INFO -    - _Линия 084-FH-0721: 1 групп, 2 швов
2025-11-07 16:24:40,756 - INFO -    - _Линия 084-FC-0738: 2 групп, 2 швов
2025-11-07 16:24:40,756 - INFO -    - _Линия 084-FC-0737: 2 групп, 2 швов
2025-11-07 16:24:40,756 - INFO -    - _Линия 084-FC-0736: 2 групп, 2 швов
2025-11-07 16:24:40,756 - INFO -    - _Линия 084-FC-0730: 2 групп, 2 швов
2025-11-07 16:24:40,757 - INFO -    - _Линия 084-FC-0729: 2 групп, 2 швов
2025-11-07 16:24:40,757 - INFO -    - _Линия 084-FC-0727: 2 групп, 2 швов
2025-11-07 16:24:40,757 - INFO -    - _Линия 084-FC-0702: 2 групп, 2 швов
2025-11-07 16:24:40,757 - INFO -    - _Линия 084-DR-0738: 1 групп, 2 швов
2025-11-07 16:24:40,757 - INFO -    - _Линия 084-DR-0737: 1 групп, 2 швов
2025-11-07 16:24:40,757 - INFO -    - _Линия 084-MFG-0728: 1 групп, 1 швов
2025-11-07 16:24:40,757 - INFO -    - _Линия 084-MFG-0711: 1 групп, 1 швов
2025-11-07 16:24:40,758 - INFO -    - _Линия 084-MFG-0707: 1 групп, 1 швов
2025-11-07 16:24:40,758 - INFO -    - _Линия 084-FR-0716: 1 групп, 1 швов
2025-11-07 16:24:40,758 - INFO -    - _Линия 084-FR-0715: 1 групп, 1 швов
2025-11-07 16:24:40,758 - INFO -    - _Линия 084-FR-0711: 1 групп, 1 швов
2025-11-07 16:24:40,758 - INFO -    - _Линия 084-FR-0705: 1 групп, 1 швов
2025-11-07 16:24:40,759 - INFO -    - _Линия 084-FL-0721: 1 групп, 1 швов
2025-11-07 16:24:40,759 - INFO -    - _Линия 084-FL-0720: 1 групп, 1 швов
2025-11-07 16:24:40,759 - INFO -    - _Линия 084-FH-0730: 1 групп, 1 швов
2025-11-07 16:24:40,759 - INFO -    - _Линия 084-FH-0728: 1 групп, 1 швов
2025-11-07 16:24:40,759 - INFO -    - _Линия 084-FH-0700: 1 групп, 1 швов
2025-11-07 16:24:40,759 - INFO -    - _Линия 084-DR-0718: 1 групп, 1 швов
2025-11-07 16:24:40,760 - INFO -    - _Линия 084-DR-0715: 1 групп, 1 швов
2025-11-07 16:24:40,760 - INFO -    - _Линия 084-PA-0701: 1 групп, 0 швов
2025-11-07 16:24:40,760 - INFO -    - _Линия 084-DW-0702: 1 групп, 0 швов
2025-11-07 16:24:40,760 - INFO - ============================================================
2025-11-07 16:24:40,760 - INFO - ИТОГОВЫЙ ОТЧЕТ СОЗДАНИЯ ТАБЛИЦЫ СВАРЕНО_СВАРЩИКОМ
2025-11-07 16:24:40,760 - INFO - ============================================================
2025-11-07 16:24:40,761 - INFO - 📊 Статистика:
2025-11-07 16:24:40,761 - INFO -    - Всего записей в wl_china: 14118
2025-11-07 16:24:40,761 - INFO -    - Создано групп: 1305
2025-11-07 16:24:40,761 - INFO -    - Ошибок: 0
2025-11-07 16:24:40,761 - INFO - ============================================================
2025-11-07 16:24:40,761 - INFO - ✅ Таблица сварено_сварщиком создана успешно!
2025-11-07 16:24:40,768 - INFO - 🔌 Соединение с базой данных закрыто
