2025-11-01 12:46:19,189 - INFO - ============================================================
2025-11-01 12:46:19,190 - INFO - НАЧАЛО СОЗДАНИЯ ТАБЛИЦЫ СВАРЕНО_СВАРЩИКОМ
2025-11-01 12:46:19,190 - INFO - ============================================================
2025-11-01 12:46:19,190 - INFO - ✅ Подключение к базе данных успешно
2025-11-01 12:46:19,191 - INFO - 🔧 Предварительная обработка: обнуляем клейма при пустой дате сварки...
2025-11-01 12:46:24,731 - ERROR - ❌ Ошибка предварительной обработки: database is locked
2025-11-01 12:46:24,749 - INFO - 📊 Статистика таблицы wl_china:
2025-11-01 12:46:24,749 - INFO -    - Всего записей: 14071
2025-11-01 12:46:24,749 - INFO - 🔍 Проверка структуры таблицы wl_china...
2025-11-01 12:46:24,750 - INFO - ✅ Все необходимые колонки найдены
2025-11-01 12:46:24,750 - INFO - ✅ Найден столбец Базовый_материал_1 - будет применяться исключение для стилоскопирования
2025-11-01 12:46:24,766 - INFO - 📊 Записей с клеймами сварщиков: 13703
2025-11-01 12:46:24,767 - INFO - 🗑️ Удаление существующей таблицы сварено_сварщиком...
2025-11-01 12:46:30,333 - ERROR - ❌ Ошибка удаления таблицы: database is locked
2025-11-01 12:46:30,334 - INFO - 🏗️ Создание новой таблицы сварено_сварщиком...
2025-11-01 12:46:30,334 - ERROR - ❌ Ошибка создания таблицы: table сварено_сварщиком already exists
2025-11-01 12:46:30,334 - INFO - 📝 Заполнение таблицы данными...
2025-11-01 12:46:30,334 - INFO - 🔧 Применяется исключение для стилоскопирования: исключаются записи с Базовый_материал_1 содержащим '09Г2C' или '09Г2С', а также записи где Результаты_Заключения_РК = 'Не годен'
2025-11-01 12:46:35,923 - ERROR - ❌ Ошибка заполнения таблицы: database is locked
2025-11-01 12:46:35,923 - INFO - 🔍 Проверка результатов...
2025-11-01 12:46:35,924 - INFO - 📊 Результаты создания таблицы:
2025-11-01 12:46:35,924 - INFO -    - Всего записей: 0
2025-11-01 12:46:35,924 - INFO -    - Примеры записей (топ-5 по количеству сварных швов):
2025-11-01 12:46:35,924 - INFO - 📊 Статистика по линиям:
2025-11-01 12:46:35,924 - INFO - 📊 Статистика по _Линия:
2025-11-01 12:46:35,924 - ERROR - ❌ Ошибка при проверке результатов
2025-11-01 12:46:35,926 - INFO - 🔌 Соединение с базой данных закрыто
