2025-11-07 14:32:49,758 - INFO - ============================================================
2025-11-07 14:32:49,758 - INFO - НАЧАЛО СОЗДАНИЯ ТАБЛИЦЫ СВАРЕНО_СВАРЩИКОМ
2025-11-07 14:32:49,759 - INFO - ============================================================
2025-11-07 14:32:49,759 - INFO - ✅ Подключение к базе данных успешно
2025-11-07 14:32:49,759 - INFO - 🔧 Предварительная обработка: обнуляем клейма при пустой дате сварки...
2025-11-07 14:32:49,791 - INFO - ✅ Предварительная обработка завершена
2025-11-07 14:32:49,800 - INFO - 📊 Статистика таблицы wl_china:
2025-11-07 14:32:49,801 - INFO -    - Всего записей: 14118
2025-11-07 14:32:49,802 - INFO - 🔍 Проверка структуры таблицы wl_china...
2025-11-07 14:32:49,803 - INFO - ✅ Все необходимые колонки найдены
2025-11-07 14:32:49,803 - INFO - ✅ Найден столбец Базовый_материал_1 - будет применяться исключение для стилоскопирования
2025-11-07 14:32:49,815 - INFO - 📊 Записей с клеймами сварщиков: 13871
2025-11-07 14:32:49,815 - INFO - 🗑️ Удаление существующей таблицы сварено_сварщиком...
2025-11-07 14:32:49,817 - INFO - ✅ Таблица сварено_сварщиком удалена (если существовала)
2025-11-07 14:32:49,818 - INFO - 🏗️ Создание новой таблицы сварено_сварщиком...
2025-11-07 14:32:49,819 - INFO - ✅ Таблица сварено_сварщиком создана успешно
2025-11-07 14:32:49,819 - INFO - 📝 Заполнение таблицы данными...
2025-11-07 14:32:49,819 - INFO - 🔧 Применяется исключение для стилоскопирования: исключаются записи с Базовый_материал_1 содержащим '09Г2C' или '09Г2С', записи где Результаты_Заключения_РК = 'Не годен' (но НЕ типы У17/У19, которые уже исключены по типу). Типы У17/У19 исключаются только для не_подан_стилоскопирование и расчета Стило(PMI)
2025-11-07 14:32:49,821 - ERROR - ❌ Ошибка заполнения таблицы: 31 values for 30 columns
2025-11-07 14:32:49,821 - INFO - 🔍 Проверка результатов...
2025-11-07 14:32:49,821 - INFO - 📊 Результаты создания таблицы:
2025-11-07 14:32:49,822 - INFO -    - Всего записей: 0
2025-11-07 14:32:49,822 - INFO -    - Примеры записей (топ-5 по количеству сварных швов):
2025-11-07 14:32:49,822 - INFO - 📊 Статистика по линиям:
2025-11-07 14:32:49,822 - INFO - 📊 Статистика по _Линия:
2025-11-07 14:32:49,822 - ERROR - ❌ Ошибка при проверке результатов
2025-11-07 14:32:49,822 - INFO - ✅ Все изменения закоммичены в базу данных
2025-11-07 14:32:49,825 - INFO - 🔌 Соединение с базой данных закрыто
