2025-11-01 12:45:51,467 - INFO - ============================================================
2025-11-01 12:45:51,467 - INFO - НАЧАЛО СОЗДАНИЯ ТАБЛИЦЫ СВАРЕНО_СВАРЩИКОМ
2025-11-01 12:45:51,467 - INFO - ============================================================
2025-11-01 12:45:51,468 - INFO - ✅ Подключение к базе данных успешно
2025-11-01 12:45:51,469 - INFO - 🔧 Предварительная обработка: обнуляем клейма при пустой дате сварки...
2025-11-01 12:45:57,037 - ERROR - ❌ Ошибка предварительной обработки: database is locked
2025-11-01 12:45:57,057 - INFO - 📊 Статистика таблицы wl_china:
2025-11-01 12:45:57,057 - INFO -    - Всего записей: 14071
2025-11-01 12:45:57,057 - INFO - 🔍 Проверка структуры таблицы wl_china...
2025-11-01 12:45:57,057 - INFO - ✅ Все необходимые колонки найдены
2025-11-01 12:45:57,058 - INFO - ✅ Найден столбец Базовый_материал_1 - будет применяться исключение для стилоскопирования
2025-11-01 12:45:57,073 - INFO - 📊 Записей с клеймами сварщиков: 13703
2025-11-01 12:45:57,074 - INFO - 🗑️ Удаление существующей таблицы сварено_сварщиком...
2025-11-01 12:46:02,647 - ERROR - ❌ Ошибка удаления таблицы: database is locked
2025-11-01 12:46:02,648 - INFO - 🏗️ Создание новой таблицы сварено_сварщиком...
2025-11-01 12:46:02,648 - ERROR - ❌ Ошибка создания таблицы: table сварено_сварщиком already exists
2025-11-01 12:46:02,648 - INFO - 📝 Заполнение таблицы данными...
2025-11-01 12:46:02,648 - INFO - 🔧 Применяется исключение для стилоскопирования: исключаются записи с Базовый_материал_1 содержащим '09Г2C' или '09Г2С', а также записи где Результаты_Заключения_РК = 'Не годен'
2025-11-01 12:46:08,217 - ERROR - ❌ Ошибка заполнения таблицы: database is locked
2025-11-01 12:46:08,217 - INFO - 🔍 Проверка результатов...
2025-11-01 12:46:08,218 - INFO - 📊 Результаты создания таблицы:
2025-11-01 12:46:08,218 - INFO -    - Всего записей: 0
2025-11-01 12:46:08,218 - INFO -    - Примеры записей (топ-5 по количеству сварных швов):
2025-11-01 12:46:08,218 - INFO - 📊 Статистика по линиям:
2025-11-01 12:46:08,218 - INFO - 📊 Статистика по _Линия:
2025-11-01 12:46:08,218 - ERROR - ❌ Ошибка при проверке результатов
2025-11-01 12:46:08,219 - INFO - 🔌 Соединение с базой данных закрыто
