2025-11-07 15:42:32,235 - INFO - ============================================================
2025-11-07 15:42:32,235 - INFO - НАЧАЛО СОЗДАНИЯ ТАБЛИЦЫ СВАРЕНО_СВАРЩИКОМ
2025-11-07 15:42:32,236 - INFO - ============================================================
2025-11-07 15:42:32,236 - INFO - ✅ Подключение к базе данных успешно
2025-11-07 15:42:32,237 - INFO - 🔧 Предварительная обработка: обнуляем клейма при пустой дате сварки...
2025-11-07 15:42:32,252 - INFO - ✅ Предварительная обработка завершена
2025-11-07 15:42:32,258 - INFO - 📊 Статистика таблицы wl_china:
2025-11-07 15:42:32,258 - INFO -    - Всего записей: 14118
2025-11-07 15:42:32,259 - INFO - 🔍 Проверка структуры таблицы wl_china...
2025-11-07 15:42:32,260 - INFO - ✅ Все необходимые колонки найдены
2025-11-07 15:42:32,262 - INFO - ✅ Найден столбец Базовый_материал_1 - будет применяться исключение для стилоскопирования
2025-11-07 15:42:32,275 - INFO - 📊 Записей с клеймами сварщиков: 13871
2025-11-07 15:42:32,276 - INFO - 🗑️ Удаление существующей таблицы сварено_сварщиком...
2025-11-07 15:42:32,348 - INFO - ✅ Таблица сварено_сварщиком удалена (если существовала)
2025-11-07 15:42:32,349 - INFO - 🏗️ Создание новой таблицы сварено_сварщиком...
2025-11-07 15:42:32,351 - INFO - ✅ Таблица сварено_сварщиком создана успешно
2025-11-07 15:42:32,352 - INFO - 📝 Заполнение таблицы данными...
2025-11-07 15:42:32,352 - INFO - 🔧 Применяется исключение для стилоскопирования: исключаются записи с Базовый_материал_1 содержащим '09Г2C' или '09Г2С', а также записи где Результаты_Заключения_РК = 'Не годен'
2025-11-07 15:42:32,464 - INFO - 🔧 Заполнение не сваренных записей...
2025-11-07 15:42:32,477 - INFO - 🧮 Расчет столбца РК на основе RT из 'основнаяНК'...
2025-11-07 15:42:32,493 - INFO - 🧮 Пересчет не_подан_рк как РК - заявлен_рк...
2025-11-07 15:42:32,495 - INFO - 🧮 Расчет столбца Стило(PMI) с учетом процентов в основнойНК...
2025-11-07 15:42:32,553 - INFO - 🧮 Пересчет не_подан_стилоскопирование как 'Стило(PMI)' - заявлен_стилоскопирование - годен_стилоскопирование...
2025-11-07 15:42:32,563 - INFO - 🧮 Расчет столбца ПВК с учетом процента и исключением 'Не годен' по РК и типов У17/У19...
2025-11-07 15:42:32,576 - INFO - 🧮 Пересчет не_подан_pt как ПВК - заявлен_pt - годен_pt...
2025-11-07 15:42:32,579 - INFO - 🧮 Расчет столбца МПД с исключением 'Не годен' по РК и типов У17/У19...
2025-11-07 15:42:32,591 - INFO - 🧮 Пересчет не_подан_мпд как МПД - заявлен_мпд...
2025-11-07 15:42:32,598 - INFO - 🧮 Заполнение ВИК значением заявлен_вик...
2025-11-07 15:42:32,603 - INFO - 🔗 Заполнение 'No TEST-PACK' и '№ ИЧ' из LstTp_12460...
2025-11-07 15:42:32,685 - INFO - ✅ Обновлено записей: 1305
2025-11-07 15:42:32,685 - INFO -    Заполнено 'No TEST-PACK': 386 записей
2025-11-07 15:42:32,685 - INFO -    Заполнено '№ ИЧ': 386 записей
2025-11-07 15:42:32,686 - WARNING - ⚠️ Найдено 919 записей с N_Линии, но без заполненных 'No TEST-PACK' или '№ ИЧ'
2025-11-07 15:42:32,686 - INFO - 📋 Примеры записей без заполнения (первые 5):
2025-11-07 15:42:32,686 - INFO -    N_Линии: 005-IA-0602, _Линия: 005-IA-0602, Чертеж: GCC-NAG-DDD-12470-13-1400-TK-ISO-00140
2025-11-07 15:42:32,686 - INFO -    N_Линии: 005-LI-0602, _Линия: 005-LI-0602, Чертеж: GCC-NAG-DDD-12470-13-1400-TK-ISO-00144
2025-11-07 15:42:32,686 - INFO -    N_Линии: 005-PA-0602, _Линия: 005-PA-0602, Чертеж: GCC-NAG-DDD-12470-13-1400-TK-ISO-00141
2025-11-07 15:42:32,687 - INFO -    N_Линии: 033-DW-0016, _Линия: 033-DW-0016, Чертеж: GCC-NAG-DDD-12470-13-1400-TK-ISO-00046
2025-11-07 15:42:32,687 - INFO -    N_Линии: 040-FW-0001, _Линия: 040-FW-0001, Чертеж: GCC-NAG-DDD-12470-13-1400-TK-ISO-00123
2025-11-07 15:42:32,687 - INFO - 🔗 Копирование справочных полей из основнойНК...
2025-11-07 15:42:32,759 - INFO - ✅ Вставлено 1305 записей в таблицу сварено_сварщиком
2025-11-07 15:42:32,759 - INFO - 🔍 Проверка результатов...
2025-11-07 15:42:32,759 - INFO - 📊 Результаты создания таблицы:
2025-11-07 15:42:32,759 - INFO -    - Всего записей: 1305
2025-11-07 15:42:32,759 - INFO -    - Примеры записей (топ-5 по количеству сварных швов):
2025-11-07 15:42:32,761 - INFO -      1. Линия 087-LC-0602 (_Линия: 087-LC-0602), Чертеж GCC-NAG-DDD-12460-12-1500-TK-ISO-00040: 146 швов
2025-11-07 15:42:32,761 - INFO -         Клейма: CHN5
2025-11-07 15:42:32,761 - INFO -         Методы сварки: GTAW
2025-11-07 15:42:32,761 - INFO -         Типы сварных швов: С17
2025-11-07 15:42:32,761 - INFO -         АКТ ВИК - Заявлен: 0, Годен: 146, Не годен: 0, Не подан: 0
2025-11-07 15:42:32,762 - INFO -         Заключения РК - Заявлен: 0, Годен: 3, Не годен: 0
2025-11-07 15:42:32,762 - INFO -      2. Линия 084-HGWR-0717 (_Линия: 084-HGWR-0717), Чертеж GCC-NAG-DDD-12470-14-1400-TK-ISO-00075: 133 швов
2025-11-07 15:42:32,762 - INFO -         Клейма: 4S6N
2025-11-07 15:42:32,762 - INFO -         Методы сварки: GTAW
2025-11-07 15:42:32,763 - INFO -         Типы сварных швов: С17
2025-11-07 15:42:32,763 - INFO -         АКТ ВИК - Заявлен: 1, Годен: 119, Не годен: 0, Не подан: 13
2025-11-07 15:42:32,763 - INFO -         Заключения РК - Заявлен: 0, Годен: 2, Не годен: 0
2025-11-07 15:42:32,763 - INFO -      3. Линия 084-HGWR-0715 (_Линия: 084-HGWR-0715), Чертеж GCC-NAG-DDD-12470-13-1400-TK-ISO-00124: 122 швов
2025-11-07 15:42:32,763 - INFO -         Клейма: 3BBF
2025-11-07 15:42:32,763 - INFO -         Методы сварки: GTAW
2025-11-07 15:42:32,763 - INFO -         Типы сварных швов: С17
2025-11-07 15:42:32,763 - INFO -         АКТ ВИК - Заявлен: 5, Годен: 117, Не годен: 0, Не подан: 0
2025-11-07 15:42:32,764 - INFO -         Заключения РК - Заявлен: 0, Годен: 10, Не годен: 0
2025-11-07 15:42:32,764 - INFO -      4. Линия 084-HGWR-0718 (_Линия: 084-HGWR-0718), Чертеж GCC-NAG-DDD-12470-14-1400-TK-ISO-00079: 113 швов
2025-11-07 15:42:32,764 - INFO -         Клейма: 3BBF
2025-11-07 15:42:32,764 - INFO -         Методы сварки: GTAW
2025-11-07 15:42:32,765 - INFO -         Типы сварных швов: С17
2025-11-07 15:42:32,765 - INFO -         АКТ ВИК - Заявлен: 0, Годен: 97, Не годен: 0, Не подан: 16
2025-11-07 15:42:32,765 - INFO -         Заключения РК - Заявлен: 0, Годен: 2, Не годен: 0
2025-11-07 15:42:32,765 - INFO -      5. Линия 084-HGWR-0723 (_Линия: 084-HGWR-0723), Чертеж GCC-NAG-DDD-12470-14-1400-TK-ISO-00208: 105 швов
2025-11-07 15:42:32,766 - INFO -         Клейма: 7KRM
2025-11-07 15:42:32,766 - INFO -         Методы сварки: GTAW
2025-11-07 15:42:32,766 - INFO -         Типы сварных швов: С17
2025-11-07 15:42:32,766 - INFO -         АКТ ВИК - Заявлен: 23, Годен: 82, Не годен: 0, Не подан: 0
2025-11-07 15:42:32,766 - INFO -         Заключения РК - Заявлен: 0, Годен: 0, Не годен: 0
2025-11-07 15:42:32,767 - INFO - 📊 Статистика по линиям:
2025-11-07 15:42:32,768 - INFO -    - Линия 084-IA-0700 (_Линия: 084-IA-0700): 11 групп, 271 швов
2025-11-07 15:42:32,768 - INFO -    - Линия 084-ATM-0700 (1) (_Линия: 084-ATM-0700): 8 групп, 225 швов
2025-11-07 15:42:32,768 - INFO -    - Линия 084-MS-0700 (_Линия: 084-MS-0700): 21 групп, 207 швов
2025-11-07 15:42:32,769 - INFO -    - Линия 084-HGWR-0700 (_Линия: 084-HGWR-0700): 14 групп, 172 швов
2025-11-07 15:42:32,769 - INFO -    - Линия 084-HGWS-0700 (_Линия: 084-HGWS-0700): 16 групп, 170 швов
2025-11-07 15:42:32,769 - INFO -    - Линия 087-IA-0600 (_Линия: 087-IA-0600): 7 групп, 167 швов
2025-11-07 15:42:32,769 - INFO -    - Линия 084-HGWR-0719 (_Линия: 084-HGWR-0719): 3 групп, 165 швов
2025-11-07 15:42:32,770 - INFO -    - Линия 084-LI-0700 (_Линия: 084-LI-0700): 5 групп, 159 швов
2025-11-07 15:42:32,771 - INFO -    - Линия 084-FC-0700 (_Линия: 084-FC-0700): 8 групп, 155 швов
2025-11-07 15:42:32,771 - INFO -    - Линия 087-MS-0600 (_Линия: 087-MS-0600): 15 групп, 155 швов
2025-11-07 15:42:32,771 - INFO -    - Линия 084-HGWR-0715 (_Линия: 084-HGWR-0715): 2 групп, 149 швов
2025-11-07 15:42:32,771 - INFO -    - Линия 084-HGWR-0717 (_Линия: 084-HGWR-0717): 3 групп, 148 швов
2025-11-07 15:42:32,771 - INFO -    - Линия 087-LC-0602 (_Линия: 087-LC-0602): 2 групп, 146 швов
2025-11-07 15:42:32,773 - INFO -    - Линия 084-HGWS-0715 (_Линия: 084-HGWS-0715): 4 групп, 141 швов
2025-11-07 15:42:32,774 - INFO -    - Линия 087-HGWR-0600 (_Линия: 087-HGWR-0600): 8 групп, 137 швов
2025-11-07 15:42:32,774 - INFO -    - Линия 084-HGWR-0713 (_Линия: 084-HGWR-0713): 7 групп, 136 швов
2025-11-07 15:42:32,774 - INFO -    - Линия 087-HGWS-0600 (_Линия: 087-HGWS-0600): 6 групп, 134 швов
2025-11-07 15:42:32,775 - INFO -    - Линия 084-PA-0700 (_Линия: 084-PA-0700): 10 групп, 129 швов
2025-11-07 15:42:32,776 - INFO -    - Линия 084-HGWR-0721 (_Линия: 084-HGWR-0721): 2 групп, 125 швов
2025-11-07 15:42:32,776 - INFO -    - Линия 084-HGWS-0717 (_Линия: 084-HGWS-0717): 4 групп, 122 швов
2025-11-07 15:42:32,776 - INFO -    - Линия 084-HGWR-0718 (_Линия: 084-HGWR-0718): 2 групп, 117 швов
2025-11-07 15:42:32,776 - INFO -    - Линия 087-PA-0600 (_Линия: 087-PA-0600): 8 групп, 116 швов
2025-11-07 15:42:32,777 - INFO -    - Линия 084-HGWS-0719 (_Линия: 084-HGWS-0719): 2 групп, 111 швов
2025-11-07 15:42:32,777 - INFO -    - Линия 084-HGWR-0716 (_Линия: 084-HGWR-0716): 3 групп, 108 швов
2025-11-07 15:42:32,777 - INFO -    - Линия 084-HGWS-0718 (_Линия: 084-HGWS-0718): 2 групп, 106 швов
2025-11-07 15:42:32,777 - INFO -    - Линия 084-HGWR-0723 (_Линия: 084-HGWR-0723): 1 групп, 105 швов
2025-11-07 15:42:32,777 - INFO -    - Линия 084-LI-0701 (_Линия: 084-LI-0701): 1 групп, 104 швов
2025-11-07 15:42:32,777 - INFO -    - Линия 084-HGWS-0723 (_Линия: 084-HGWS-0723): 2 групп, 100 швов
2025-11-07 15:42:32,778 - INFO -    - Линия 084-HGWS-0709 (_Линия: 084-HGWS-0709): 4 групп, 95 швов
2025-11-07 15:42:32,778 - INFO -    - Линия 084-LC-0708 (_Линия: 084-LC-0708): 2 групп, 95 швов
2025-11-07 15:42:32,778 - INFO -    - Линия 084-HGWR-0709 (_Линия: 084-HGWR-0709): 4 групп, 92 швов
2025-11-07 15:42:32,779 - INFO -    - Линия 084-HGWR-0714 (_Линия: 084-HGWR-0714): 3 групп, 92 швов
2025-11-07 15:42:32,779 - INFO -    - Линия 084-MFG-0701 (_Линия: 084-MFG-0701): 3 групп, 91 швов
2025-11-07 15:42:32,779 - INFO -    - Линия 084-HGWS-0713 (_Линия: 084-HGWS-0713): 5 групп, 87 швов
2025-11-07 15:42:32,781 - INFO -    - Линия 084-HGWR-0710 (_Линия: 084-HGWR-0710): 1 групп, 86 швов
2025-11-07 15:42:32,781 - INFO -    - Линия 084-HGWS-0710 (_Линия: 084-HGWS-0710): 2 групп, 84 швов
2025-11-07 15:42:32,782 - INFO -    - Линия 084-HGWS-0721 (_Линия: 084-HGWS-0721): 1 групп, 84 швов
2025-11-07 15:42:32,783 - INFO -    - Линия 084-HGWR-0711 (_Линия: 084-HGWR-0711): 2 групп, 83 швов
2025-11-07 15:42:32,783 - INFO -    - Линия 084-HGWR-0712 (_Линия: 084-HGWR-0712): 2 групп, 82 швов
2025-11-07 15:42:32,784 - INFO -    - Линия 084-HGWS-0714 (_Линия: 084-HGWS-0714): 2 групп, 81 швов
2025-11-07 15:42:32,784 - INFO -    - Линия 084-ATM-0700 (_Линия: 084-ATM-0700): 7 групп, 80 швов
2025-11-07 15:42:32,784 - INFO -    - Линия 084-HGWS-0712 (_Линия: 084-HGWS-0712): 5 групп, 79 швов
2025-11-07 15:42:32,785 - INFO -    - Линия 084-HGWR-0720 (_Линия: 084-HGWR-0720): 3 групп, 76 швов
2025-11-07 15:42:32,785 - INFO -    - Линия 084-HGWS-0716 (_Линия: 084-HGWS-0716): 2 групп, 76 швов
2025-11-07 15:42:32,785 - INFO -    - Линия 087-DN-0602 (_Линия: 087-DN-0602): 5 групп, 74 швов
2025-11-07 15:42:32,786 - INFO -    - Линия 087-LC-0601 (_Линия: 087-LC-0601): 2 групп, 74 швов
2025-11-07 15:42:32,786 - INFO -    - Линия 087-SSB-0601 (_Линия: 087-SSB-0601): 8 групп, 71 швов
2025-11-07 15:42:32,786 - INFO -    - Линия 087-ATM-0600 (_Линия: 087-ATM-0600): 4 групп, 70 швов
2025-11-07 15:42:32,786 - INFO -    - Линия 087-SSB-0600 (_Линия: 087-SSB-0600): 8 групп, 69 швов
2025-11-07 15:42:32,787 - INFO -    - Линия 084-FL-0705 (_Линия: 084-FL-0705): 6 групп, 67 швов
2025-11-07 15:42:32,787 - INFO -    - Линия 084-HGWS-0711 (_Линия: 084-HGWS-0711): 1 групп, 67 швов
2025-11-07 15:42:32,787 - INFO -    - Линия 087-SSB-0602 (_Линия: 087-SSB-0602): 12 групп, 67 швов
2025-11-07 15:42:32,788 - INFO -    - Линия 084-HGWS-0720 (_Линия: 084-HGWS-0720): 3 групп, 65 швов
2025-11-07 15:42:32,788 - INFO -    - Линия 084-ING-0700 (_Линия: 084-ING-0700): 4 групп, 65 швов
2025-11-07 15:42:32,788 - INFO -    - Линия 087-LC-0600 (_Линия: 087-LC-0600): 5 групп, 65 швов
2025-11-07 15:42:32,789 - INFO -    - Линия 087-MFG-0600 (_Линия: 087-MFG-0600): 5 групп, 65 швов
2025-11-07 15:42:32,789 - INFO -    - Линия 084-ING-0703 (_Линия: 084-ING-0703): 3 групп, 64 швов
2025-11-07 15:42:32,789 - INFO -    - Линия 084-LC-0706 (_Линия: 084-LC-0706): 3 групп, 64 швов
2025-11-07 15:42:32,790 - INFO -    - Линия 087-SSB-0603 (_Линия: 087-SSB-0603): 9 групп, 64 швов
2025-11-07 15:42:32,790 - INFO -    - Линия 084-ING-0701 (_Линия: 084-ING-0701): 2 групп, 63 швов
2025-11-07 15:42:32,790 - INFO -    - Линия 084-ING-0716 (_Линия: 084-ING-0716): 2 групп, 63 швов
2025-11-07 15:42:32,790 - INFO -    - Линия 084-LC-0705 (_Линия: 084-LC-0705): 3 групп, 61 швов
2025-11-07 15:42:32,791 - INFO -    - Линия 084-MFG-0700 (_Линия: 084-MFG-0700): 3 групп, 61 швов
2025-11-07 15:42:32,791 - INFO -    - Линия 087-LI-0600 (_Линия: 087-LI-0600): 6 групп, 58 швов
2025-11-07 15:42:32,792 - INFO -    - Линия 084-HGWR-0722 (_Линия: 084-HGWR-0722): 1 групп, 57 швов
2025-11-07 15:42:32,792 - INFO -    - Линия 084-FGB-0701 (_Линия: 084-FGB-0701): 2 групп, 56 швов
2025-11-07 15:42:32,793 - INFO -    - Линия 084-HGWS-0722 (_Линия: 084-HGWS-0722): 2 групп, 56 швов
2025-11-07 15:42:32,794 - INFO -    - Линия 084-ING-0717 (_Линия: 084-ING-0717): 3 групп, 56 швов
2025-11-07 15:42:32,795 - INFO -    - Линия 084-DR-0700 (_Линия: 084-DR-0700): 2 групп, 54 швов
2025-11-07 15:42:32,795 - INFO -    - Линия 084-DW-0700 (_Линия: 084-DW-0700): 7 групп, 54 швов
2025-11-07 15:42:32,795 - INFO -    - Линия 084-ING-0702 (_Линия: 084-ING-0702): 2 групп, 54 швов
2025-11-07 15:42:32,795 - INFO -    - Линия 084-ING-0713 (_Линия: 084-ING-0713): 3 групп, 54 швов
2025-11-07 15:42:32,796 - INFO -    - Линия 084-FGB-0702 (_Линия: 084-FGB-0702): 2 групп, 53 швов
2025-11-07 15:42:32,796 - INFO -    - Линия 087-ING-0601 (_Линия: 087-ING-0601): 7 групп, 53 швов
2025-11-07 15:42:32,796 - INFO -    - Линия 084-LC-0704 (_Линия: 084-LC-0704): 1 групп, 52 швов
2025-11-07 15:42:32,796 - INFO -    - Линия 084-FC-0728 (_Линия: 084-FC-0728): 2 групп, 51 швов
2025-11-07 15:42:32,796 - INFO -    - Линия 084-FGB-0700 (_Линия: 084-FGB-0700): 2 групп, 51 швов
2025-11-07 15:42:32,797 - INFO -    - Линия 084-HGWR-0703 (_Линия: 084-HGWR-0703): 3 групп, 51 швов
2025-11-07 15:42:32,797 - INFO -    - Линия 084-ST-0700 (_Линия: 084-ST-0700): 8 групп, 51 швов
2025-11-07 15:42:32,797 - INFO -    - Линия 084-DR-0702 (_Линия: 084-DR-0702): 4 групп, 50 швов
2025-11-07 15:42:32,798 - INFO -    - Линия 087-FLL-0603 (_Линия: 087-FLL-0603): 11 групп, 50 швов
2025-11-07 15:42:32,798 - INFO -    - Линия 084-DR-0704 (_Линия: 084-DR-0704): 2 групп, 49 швов
2025-11-07 15:42:32,798 - INFO -    - Линия 084-FGB-0703 (_Линия: 084-FGB-0703): 2 групп, 49 швов
2025-11-07 15:42:32,798 - INFO -    - Линия 084-DR-0706 (_Линия: 084-DR-0706): 2 групп, 48 швов
2025-11-07 15:42:32,799 - INFO -    - Линия 084-ING-0710 (_Линия: 084-ING-0710): 4 групп, 48 швов
2025-11-07 15:42:32,801 - INFO -    - Линия 084-SSB-0701 (_Линия: 084-SSB-0701): 5 групп, 48 швов
2025-11-07 15:42:32,801 - INFO -    - Линия 087-ING-0602 (_Линия: 087-ING-0602): 6 групп, 48 швов
2025-11-07 15:42:32,801 - INFO -    - Линия 087-ING-0604 (_Линия: 087-ING-0604): 5 групп, 48 швов
2025-11-07 15:42:32,801 - INFO -    - Линия 087-FLL-0602 (_Линия: 087-FLL-0602): 13 групп, 47 швов
2025-11-07 15:42:32,801 - INFO -    - Линия 087-ING-0605 (_Линия: 087-ING-0605): 7 групп, 47 швов
2025-11-07 15:42:32,802 - INFO -    - Линия 087-ING-0606 (_Линия: 087-ING-0606): 4 групп, 47 швов
2025-11-07 15:42:32,802 - INFO -    - Линия 087-MFG-0602 (_Линия: 087-MFG-0602): 4 групп, 46 швов
2025-11-07 15:42:32,802 - INFO -    - Линия 084-DR-0701 (_Линия: 084-DR-0701): 1 групп, 45 швов
2025-11-07 15:42:32,802 - INFO -    - Линия 084-FC-0710 (_Линия: 084-FC-0710): 2 групп, 45 швов
2025-11-07 15:42:32,802 - INFO -    - Линия 084-ING-0715 (_Линия: 084-ING-0715): 4 групп, 45 швов
2025-11-07 15:42:32,803 - INFO -    - Линия 084-LI-0703 (_Линия: 084-LI-0703): 2 групп, 45 швов
2025-11-07 15:42:32,811 - INFO -    - Линия 087-FGB-0601 (_Линия: 087-FGB-0601): 4 групп, 45 швов
2025-11-07 15:42:32,812 - INFO -    - Линия 087-ING-0607 (_Линия: 087-ING-0607): 4 групп, 45 швов
2025-11-07 15:42:32,813 - INFO -    - Линия 084-DR-0703 (_Линия: 084-DR-0703): 2 групп, 44 швов
2025-11-07 15:42:32,813 - INFO -    - Линия 084-FC-0709 (_Линия: 084-FC-0709): 7 групп, 44 швов
2025-11-07 15:42:32,813 - INFO -    - Линия 087-ING-0603 (_Линия: 087-ING-0603): 5 групп, 44 швов
2025-11-07 15:42:32,814 - INFO -    - Линия 084-LC-0707 (_Линия: 084-LC-0707): 3 групп, 43 швов
2025-11-07 15:42:32,814 - INFO -    - Линия 084-SSB-0706 (_Линия: 084-SSB-0706): 6 групп, 43 швов
2025-11-07 15:42:32,814 - INFO -    - Линия 087-ING-0600 (_Линия: 087-ING-0600): 6 групп, 43 швов
2025-11-07 15:42:32,816 - INFO -    - Линия 084-DR-0705 (_Линия: 084-DR-0705): 2 групп, 42 швов
2025-11-07 15:42:32,817 - INFO -    - Линия 084-HGWR-0704 (_Линия: 084-HGWR-0704): 2 групп, 42 швов
2025-11-07 15:42:32,818 - INFO -    - Линия 084-ING-0714 (_Линия: 084-ING-0714): 3 групп, 42 швов
2025-11-07 15:42:32,819 - INFO -    - Линия 084-LS-0703 (_Линия: 084-LS-0703): 2 групп, 41 швов
2025-11-07 15:42:32,819 - INFO -    - Линия 084-SSB-0702 (_Линия: 084-SSB-0702): 6 групп, 41 швов
2025-11-07 15:42:32,820 - INFO -    - Линия 087-FGB-0600 (_Линия: 087-FGB-0600): 2 групп, 41 швов
2025-11-07 15:42:32,820 - INFO -    - Линия 084-HGWS-0703 (_Линия: 084-HGWS-0703): 2 групп, 40 швов
2025-11-07 15:42:32,821 - INFO -    - Линия 084-LC-0703 (_Линия: 084-LC-0703): 2 групп, 40 швов
2025-11-07 15:42:32,821 - INFO -    - Линия 084-SSB-0708 (_Линия: 084-SSB-0708): 3 групп, 39 швов
2025-11-07 15:42:32,822 - INFO -    - Линия 087-PA-0608 (_Линия: 087-PA-0608): 5 групп, 39 швов
2025-11-07 15:42:32,822 - INFO -    - Линия 084-ATM-0700 (7) (_Линия: 084-ATM-0700): 2 групп, 38 швов
2025-11-07 15:42:32,823 - INFO -    - Линия 084-LS-0701 (_Линия: 084-LS-0701): 2 групп, 38 швов
2025-11-07 15:42:32,823 - INFO -    - Линия 087-HGWR-0601 (_Линия: 087-HGWR-0601): 4 групп, 38 швов
2025-11-07 15:42:32,823 - INFO -    - Линия 084-ING-0711 (_Линия: 084-ING-0711): 3 групп, 37 швов
2025-11-07 15:42:32,824 - INFO -    - Линия 084-ING-0712 (_Линия: 084-ING-0712): 3 групп, 37 швов
2025-11-07 15:42:32,824 - INFO -    - Линия 084-LS-0704 (_Линия: 084-LS-0704): 2 групп, 37 швов
2025-11-07 15:42:32,825 - INFO -    - Линия 084-PA-0703 (_Линия: 084-PA-0703): 2 групп, 37 швов
2025-11-07 15:42:32,825 - INFO -    - Линия 084-SSB-0704 (_Линия: 084-SSB-0704): 5 групп, 37 швов
2025-11-07 15:42:32,825 - INFO -    - Линия 084-FC-0718 (_Линия: 084-FC-0718): 5 групп, 36 швов
2025-11-07 15:42:32,825 - INFO -    - Линия 084-HGWR-0701 (_Линия: 084-HGWR-0701): 2 групп, 36 швов
2025-11-07 15:42:32,826 - INFO -    - Линия 084-ING-0709 (_Линия: 084-ING-0709): 4 групп, 36 швов
2025-11-07 15:42:32,826 - INFO -    - Линия 084-LC-0700 (_Линия: 084-LC-0700): 1 групп, 36 швов
2025-11-07 15:42:32,826 - INFO -    - Линия 084-LS-0702 (_Линия: 084-LS-0702): 2 групп, 36 швов
2025-11-07 15:42:32,826 - INFO -    - Линия 087-MFG-0610 (_Линия: 087-MFG-0610): 3 групп, 36 швов
2025-11-07 15:42:32,827 - INFO -    - Линия 084-DR-0723 (_Линия: 084-DR-0723): 3 групп, 34 швов
2025-11-07 15:42:32,827 - INFO -    - Линия 084-FC-0731 (_Линия: 084-FC-0731): 8 групп, 34 швов
2025-11-07 15:42:32,827 - INFO -    - Линия 087-PA-0601 (_Линия: 087-PA-0601): 4 групп, 34 швов
2025-11-07 15:42:32,828 - INFO -    - Линия 084-FC-0719 (_Линия: 084-FC-0719): 7 групп, 33 швов
2025-11-07 15:42:32,828 - INFO -    - Линия 084-SSB-0710 (_Линия: 084-SSB-0710): 1 групп, 33 швов
2025-11-07 15:42:32,828 - INFO -    - Линия 084-ST-0713 (_Линия: 084-ST-0713): 1 групп, 33 швов
2025-11-07 15:42:32,829 - INFO -    - Линия 087-LI-0604 (1) (_Линия: 087-LI-0604): 3 групп, 33 швов
2025-11-07 15:42:32,829 - INFO -    - Линия 084-ATM-0700 (6) (_Линия: 084-ATM-0700): 2 групп, 32 швов
2025-11-07 15:42:32,829 - INFO -    - Линия 084-DR-0728 (_Линия: 084-DR-0728): 3 групп, 32 швов
2025-11-07 15:42:32,830 - INFO -    - Линия 084-FC-0717 (_Линия: 084-FC-0717): 5 групп, 32 швов
2025-11-07 15:42:32,830 - INFO -    - Линия 084-IA-0701 (_Линия: 084-IA-0701): 1 групп, 32 швов
2025-11-07 15:42:32,830 - INFO -    - Линия 084-LC-0709 (_Линия: 084-LC-0709): 3 групп, 32 швов
2025-11-07 15:42:32,830 - INFO -    - Линия 084-SSB-0703 (_Линия: 084-SSB-0703): 5 групп, 32 швов
2025-11-07 15:42:32,831 - INFO -    - Линия 086-FL-2471 (_Линия: 086-FL-2471): 12 групп, 32 швов
2025-11-07 15:42:32,831 - INFO -    - Линия 084-LS-0700 (_Линия: 084-LS-0700): 1 групп, 31 швов
2025-11-07 15:42:32,831 - INFO -    - Линия 086-FL-2470 (_Линия: 086-FL-2470): 11 групп, 31 швов
2025-11-07 15:42:32,831 - INFO -    - Линия 087-LI-0602 (_Линия: 087-LI-0602): 3 групп, 31 швов
2025-11-07 15:42:32,832 - INFO -    - Линия 084-DR-0721 (_Линия: 084-DR-0721): 3 групп, 30 швов
2025-11-07 15:42:32,832 - INFO -    - Линия 084-HGWS-0701 (_Линия: 084-HGWS-0701): 2 групп, 30 швов
2025-11-07 15:42:32,832 - INFO -    - Линия 084-ING-0704 (_Линия: 084-ING-0704): 2 групп, 30 швов
2025-11-07 15:42:32,833 - INFO -    - Линия 084-SSB-0705 (_Линия: 084-SSB-0705): 5 групп, 30 швов
2025-11-07 15:42:32,833 - INFO -    - Линия 084-DR-0708 (_Линия: 084-DR-0708): 2 групп, 29 швов
2025-11-07 15:42:32,833 - INFO -    - Линия 084-DR-0725 (_Линия: 084-DR-0725): 3 групп, 29 швов
2025-11-07 15:42:32,833 - INFO -    - Линия 084-FC-0721 (_Линия: 084-FC-0721): 4 групп, 29 швов
2025-11-07 15:42:32,834 - INFO -    - Линия 084-FL-0700 (_Линия: 084-FL-0700): 10 групп, 29 швов
2025-11-07 15:42:32,834 - INFO -    - Линия 084-LC-0702 (_Линия: 084-LC-0702): 2 групп, 29 швов
2025-11-07 15:42:32,834 - INFO -    - Линия 084-SSB-0707 (_Линия: 084-SSB-0707): 3 групп, 29 швов
2025-11-07 15:42:32,835 - INFO -    - Линия 084-SSB-0709 (_Линия: 084-SSB-0709): 10 групп, 29 швов
2025-11-07 15:42:32,835 - INFO -    - Линия 087-MFG-0601 (_Линия: 087-MFG-0601): 3 групп, 29 швов
2025-11-07 15:42:32,835 - INFO -    - Линия 084-DR-0707 (_Линия: 084-DR-0707): 1 групп, 28 швов
2025-11-07 15:42:32,835 - INFO -    - Линия 084-DR-0729 (_Линия: 084-DR-0729): 2 групп, 28 швов
2025-11-07 15:42:32,836 - INFO -    - Линия 084-HGWS-0704 (_Линия: 084-HGWS-0704): 2 групп, 28 швов
2025-11-07 15:42:32,836 - INFO -    - Линия 040-FW-0001 (_Линия: 040-FW-0001): 4 групп, 27 швов
2025-11-07 15:42:32,836 - INFO -    - Линия 084-DR-0727 (_Линия: 084-DR-0727): 3 групп, 27 швов
2025-11-07 15:42:32,836 - INFO -    - Линия 084-DR-0724 (_Линия: 084-DR-0724): 1 групп, 26 швов
2025-11-07 15:42:32,837 - INFO -    - Линия 084-LC-0701 (_Линия: 084-LC-0701): 1 групп, 25 швов
2025-11-07 15:42:32,837 - INFO -    - Линия 084-LI-0715 (_Линия: 084-LI-0715): 2 групп, 25 швов
2025-11-07 15:42:32,837 - INFO -    - Линия 085-FH-2470 (_Линия: 085-FH-2470): 12 групп, 25 швов
2025-11-07 15:42:32,837 - INFO -    - Линия 084-FC-0740 (_Линия: 084-FC-0740): 3 групп, 24 швов
2025-11-07 15:42:32,838 - INFO -    - Линия 084-LI-0718 (_Линия: 084-LI-0718): 1 групп, 24 швов
2025-11-07 15:42:32,838 - INFO -    - Линия 084-PA-0715 (_Линия: 084-PA-0715): 2 групп, 24 швов
2025-11-07 15:42:32,839 - INFO -    - Линия 084-ST-0710 (_Линия: 084-ST-0710): 2 групп, 24 швов
2025-11-07 15:42:32,839 - INFO -    - Линия 087-MFG-0603 (_Линия: 087-MFG-0603): 7 групп, 24 швов
2025-11-07 15:42:32,840 - INFO -    - Линия 087-MFG-0604 (_Линия: 087-MFG-0604): 6 групп, 24 швов
2025-11-07 15:42:32,840 - INFO -    - Линия 084-ATM-0700 (3) (_Линия: 084-ATM-0700): 3 групп, 23 швов
2025-11-07 15:42:32,840 - INFO -    - Линия 084-PA-0719 (_Линия: 084-PA-0719): 1 групп, 23 швов
2025-11-07 15:42:32,841 - INFO -    - Линия 085-FH-2471 (_Линия: 085-FH-2471): 13 групп, 23 швов
2025-11-07 15:42:32,841 - INFO -    - Линия 087-MFG-0613 (_Линия: 087-MFG-0613): 4 групп, 23 швов
2025-11-07 15:42:32,841 - INFO -    - Линия 084-DR-0726 (_Линия: 084-DR-0726): 2 групп, 22 швов
2025-11-07 15:42:32,842 - INFO -    - Линия 084-SSB-0700 (_Линия: 084-SSB-0700): 2 групп, 22 швов
2025-11-07 15:42:32,842 - INFO -    - Линия 087-DN-0600 (_Линия: 087-DN-0600): 2 групп, 22 швов
2025-11-07 15:42:32,842 - INFO -    - Линия 084-ATM-0700 (2) (_Линия: 084-ATM-0700): 4 групп, 21 швов
2025-11-07 15:42:32,843 - INFO -    - Линия 084-ST-0701 (_Линия: 084-ST-0701): 2 групп, 21 швов
2025-11-07 15:42:32,843 - INFO -    - Линия 087-PA-0609 (_Линия: 087-PA-0609): 3 групп, 21 швов
2025-11-07 15:42:32,843 - INFO -    - Линия 084-ATM-0700 (4) (_Линия: 084-ATM-0700): 3 групп, 20 швов
2025-11-07 15:42:32,843 - INFO -    - Линия 084-HGWS-0707 (_Линия: 084-HGWS-0707): 2 групп, 20 швов
2025-11-07 15:42:32,844 - INFO -    - Линия 084-LI-0725 (_Линия: 084-LI-0725): 2 групп, 20 швов
2025-11-07 15:42:32,844 - INFO -    - Линия 084-SSB-0713 (_Линия: 084-SSB-0713): 1 групп, 20 швов
2025-11-07 15:42:32,845 - INFO -    - Линия 072-HGWS-0203 (_Линия: 072-HGWS-0203): 3 групп, 19 швов
2025-11-07 15:42:32,845 - INFO -    - Линия 084-FL-0723 (_Линия: 084-FL-0723): 6 групп, 19 швов
2025-11-07 15:42:32,846 - INFO -    - Линия 084-HGWR-0705 (_Линия: 084-HGWR-0705): 1 групп, 19 швов
2025-11-07 15:42:32,846 - INFO -    - Линия 084-HGWR-0706 (_Линия: 084-HGWR-0706): 1 групп, 19 швов
2025-11-07 15:42:32,847 - INFO -    - Линия 084-MFG-0702 (_Линия: 084-MFG-0702): 1 групп, 19 швов
2025-11-07 15:42:32,847 - INFO -    - Линия 084-MFG-0714 (_Линия: 084-MFG-0714): 3 групп, 19 швов
2025-11-07 15:42:32,848 - INFO -    - Линия 084-ST-0703 (_Линия: 084-ST-0703): 2 групп, 19 швов
2025-11-07 15:42:32,849 - INFO -    - Линия 084-DR-0731 (_Линия: 084-DR-0731): 1 групп, 18 швов
2025-11-07 15:42:32,849 - INFO -    - Линия 084-FC-0739 (_Линия: 084-FC-0739): 3 групп, 18 швов
2025-11-07 15:42:32,849 - INFO -    - Линия 084-FR-0702 (_Линия: 084-FR-0702): 7 групп, 18 швов
2025-11-07 15:42:32,850 - INFO -    - Линия 084-HGWR-0702 (_Линия: 084-HGWR-0702): 1 групп, 18 швов
2025-11-07 15:42:32,850 - INFO -    - Линия 084-ING-0705 (_Линия: 084-ING-0705): 2 групп, 18 швов
2025-11-07 15:42:32,850 - INFO -    - Линия 084-ING-0708 (_Линия: 084-ING-0708): 2 групп, 18 швов
2025-11-07 15:42:32,851 - INFO -    - Линия 084-MFG-0715 (_Линия: 084-MFG-0715): 1 групп, 18 швов
2025-11-07 15:42:32,851 - INFO -    - Линия 084-ST-0704 (_Линия: 084-ST-0704): 1 групп, 18 швов
2025-11-07 15:42:32,851 - INFO -    - Линия 087-DN-0601 (_Линия: 087-DN-0601): 2 групп, 18 швов
2025-11-07 15:42:32,852 - INFO -    - Линия 087-PA-0605 (1) (_Линия: 087-PA-0605): 2 групп, 18 швов
2025-11-07 15:42:32,852 - INFO -    - Линия 084-DR-0714 (_Линия: 084-DR-0714): 1 групп, 17 швов
2025-11-07 15:42:32,852 - INFO -    - Линия 084-DR-0717 (_Линия: 084-DR-0717): 1 групп, 17 швов
2025-11-07 15:42:32,853 - INFO -    - Линия 084-DR-0722 (_Линия: 084-DR-0722): 1 групп, 17 швов
2025-11-07 15:42:32,853 - INFO -    - Линия 084-HGWR-0707 (_Линия: 084-HGWR-0707): 1 групп, 17 швов
2025-11-07 15:42:32,853 - INFO -    - Линия 084-HGWS-0706 (_Линия: 084-HGWS-0706): 1 групп, 17 швов
2025-11-07 15:42:32,854 - INFO -    - Линия 084-PA-0705 (_Линия: 084-PA-0705): 2 групп, 17 швов
2025-11-07 15:42:32,854 - INFO -    - Линия 084-DW-0701 (_Линия: 084-DW-0701): 1 групп, 16 швов
2025-11-07 15:42:32,854 - INFO -    - Линия 084-HGWS-0702 (_Линия: 084-HGWS-0702): 2 групп, 16 швов
2025-11-07 15:42:32,855 - INFO -    - Линия 084-LI-0710 (_Линия: 084-LI-0710): 3 групп, 16 швов
2025-11-07 15:42:32,855 - INFO -    - Линия 084-LI-0724 (_Линия: 084-LI-0724): 1 групп, 16 швов
2025-11-07 15:42:32,856 - INFO -    - Линия 084-SSB-0717 (_Линия: 084-SSB-0717): 1 групп, 16 швов
2025-11-07 15:42:32,856 - INFO -    - Линия 087-FLL-0604 (_Линия: 087-FLL-0604): 3 групп, 16 швов
2025-11-07 15:42:32,856 - INFO -    - Линия 087-SSB-0610 (_Линия: 087-SSB-0610): 3 групп, 16 швов
2025-11-07 15:42:32,856 - INFO -    - Линия 084-DW-0704 (_Линия: 084-DW-0704): 1 групп, 15 швов
2025-11-07 15:42:32,857 - INFO -    - Линия 084-FC-0712 (_Линия: 084-FC-0712): 1 групп, 15 швов
2025-11-07 15:42:32,857 - INFO -    - Линия 084-FC-0722 (_Линия: 084-FC-0722): 1 групп, 15 швов
2025-11-07 15:42:32,857 - INFO -    - Линия 084-FL-0722 (_Линия: 084-FL-0722): 3 групп, 15 швов
2025-11-07 15:42:32,857 - INFO -    - Линия 084-FL-0726 (_Линия: 084-FL-0726): 1 групп, 15 швов
2025-11-07 15:42:32,858 - INFO -    - Линия 084-ING-0707 (_Линия: 084-ING-0707): 2 групп, 15 швов
2025-11-07 15:42:32,858 - INFO -    - Линия 084-LI-0705 (_Линия: 084-LI-0705): 1 групп, 15 швов
2025-11-07 15:42:32,858 - INFO -    - Линия 084-LI-0716 (_Линия: 084-LI-0716): 2 групп, 15 швов
2025-11-07 15:42:32,859 - INFO -    - Линия 084-PA-0717 (_Линия: 084-PA-0717): 1 групп, 15 швов
2025-11-07 15:42:32,859 - INFO -    - Линия 084-ST-0702 (_Линия: 084-ST-0702): 2 групп, 15 швов
2025-11-07 15:42:32,859 - INFO -    - Линия 084-ST-0711 (_Линия: 084-ST-0711): 1 групп, 15 швов
2025-11-07 15:42:32,859 - INFO -    - Линия 087-FLL-0605 (_Линия: 087-FLL-0605): 2 групп, 15 швов
2025-11-07 15:42:32,860 - INFO -    - Линия 087-HGWS-0601 (_Линия: 087-HGWS-0601): 3 групп, 15 швов
2025-11-07 15:42:32,860 - INFO -    - Линия 087-LC-0618 (_Линия: 087-LC-0618): 1 групп, 15 швов
2025-11-07 15:42:32,860 - INFO -    - Линия 087-MS-0601 (_Линия: 087-MS-0601): 3 групп, 15 швов
2025-11-07 15:42:32,861 - INFO -    - Линия 084-DR-0732 (_Линия: 084-DR-0732): 1 групп, 14 швов
2025-11-07 15:42:32,861 - INFO -    - Линия 084-DR-0733 (_Линия: 084-DR-0733): 1 групп, 14 швов
2025-11-07 15:42:32,861 - INFO -    - Линия 084-FL-0701 (_Линия: 084-FL-0701): 4 групп, 14 швов
2025-11-07 15:42:32,861 - INFO -    - Линия 084-HGWS-0705 (_Линия: 084-HGWS-0705): 1 групп, 14 швов
2025-11-07 15:42:32,862 - INFO -    - Линия 084-LI-0723 (_Линия: 084-LI-0723): 1 групп, 14 швов
2025-11-07 15:42:32,862 - INFO -    - Линия 084-LS-0705 (_Линия: 084-LS-0705): 1 групп, 14 швов
2025-11-07 15:42:32,862 - INFO -    - Линия 084-MS-0701 (_Линия: 084-MS-0701): 1 групп, 14 швов
2025-11-07 15:42:32,863 - INFO -    - Линия 084-PA-0721 (_Линия: 084-PA-0721): 1 групп, 14 швов
2025-11-07 15:42:32,863 - INFO -    - Линия 084-ST-0712 (_Линия: 084-ST-0712): 2 групп, 14 швов
2025-11-07 15:42:32,863 - INFO -    - Линия 087-LI-0609 (_Линия: 087-LI-0609): 1 групп, 14 швов
2025-11-07 15:42:32,864 - INFO -    - Линия 087-SSB-0609 (_Линия: 087-SSB-0609): 2 групп, 14 швов
2025-11-07 15:42:32,864 - INFO -    - Линия 062-MS-0201 (_Линия: 062-MS-0201): 6 групп, 13 швов
2025-11-07 15:42:32,864 - INFO -    - Линия 072-HGWS-0201 (_Линия: 072-HGWS-0201): 5 групп, 13 швов
2025-11-07 15:42:32,865 - INFO -    - Линия 084-ATM-0700 (5) (_Линия: 084-ATM-0700): 1 групп, 13 швов
2025-11-07 15:42:32,865 - INFO -    - Линия 084-DR-0735 (_Линия: 084-DR-0735): 1 групп, 13 швов
2025-11-07 15:42:32,865 - INFO -    - Линия 084-HGWR-0708 (_Линия: 084-HGWR-0708): 1 групп, 13 швов
2025-11-07 15:42:32,865 - INFO -    - Линия 084-LI-0714 (_Линия: 084-LI-0714): 2 групп, 13 швов
2025-11-07 15:42:32,866 - INFO -    - Линия 084-LI-0717 (_Линия: 084-LI-0717): 1 групп, 13 швов
2025-11-07 15:42:32,866 - INFO -    - Линия 084-PA-0716 (_Линия: 084-PA-0716): 2 групп, 13 швов
2025-11-07 15:42:32,866 - INFO -    - Линия 084-PA-0718 (_Линия: 084-PA-0718): 2 групп, 13 швов
2025-11-07 15:42:32,866 - INFO -    - Линия 087-FLL-0614 (_Линия: 087-FLL-0614): 3 групп, 13 швов
2025-11-07 15:42:32,867 - INFO -    - Линия 087-LC-0616 (_Линия: 087-LC-0616): 1 групп, 13 швов
2025-11-07 15:42:32,867 - INFO -    - Линия 087-LI-0603 (_Линия: 087-LI-0603): 2 групп, 13 швов
2025-11-07 15:42:32,867 - INFO -    - Линия 087-LI-0610 (_Линия: 087-LI-0610): 2 групп, 13 швов
2025-11-07 15:42:32,868 - INFO -    - Линия 087-PA-0604 (_Линия: 087-PA-0604): 1 групп, 13 швов
2025-11-07 15:42:32,868 - INFO -    - Линия 087-SSB-0607 (_Линия: 087-SSB-0607): 3 групп, 13 швов
2025-11-07 15:42:32,868 - INFO -    - Линия 084-DR-0709 (_Линия: 084-DR-0709): 1 групп, 12 швов
2025-11-07 15:42:32,869 - INFO -    - Линия 084-ING-0706 (_Линия: 084-ING-0706): 1 групп, 12 швов
2025-11-07 15:42:32,869 - INFO -    - Линия 087-FLL-0600 (_Линия: 087-FLL-0600): 7 групп, 12 швов
2025-11-07 15:42:32,869 - INFO -    - Линия 087-FLL-0612 (_Линия: 087-FLL-0612): 2 групп, 12 швов
2025-11-07 15:42:32,870 - INFO -    - Линия 087-FLL-0613 (_Линия: 087-FLL-0613): 2 групп, 12 швов
2025-11-07 15:42:32,870 - INFO -    - Линия 087-FLL-0615 (_Линия: 087-FLL-0615): 2 групп, 12 швов
2025-11-07 15:42:32,870 - INFO -    - Линия 087-LI-0605 (_Линия: 087-LI-0605): 3 групп, 12 швов
2025-11-07 15:42:32,870 - INFO -    - Линия 087-SSB-0604 (_Линия: 087-SSB-0604): 3 групп, 12 швов
2025-11-07 15:42:32,871 - INFO -    - Линия 087-SSB-0605 (_Линия: 087-SSB-0605): 2 групп, 12 швов
2025-11-07 15:42:32,871 - INFO -    - Линия 087-SSB-0606 (_Линия: 087-SSB-0606): 3 групп, 12 швов
2025-11-07 15:42:32,871 - INFO -    - Линия 087-SSB-0608 (_Линия: 087-SSB-0608): 2 групп, 12 швов
2025-11-07 15:42:32,872 - INFO -    - Линия 087-SSB-0611 (_Линия: 087-SSB-0611): 2 групп, 12 швов
2025-11-07 15:42:32,872 - INFO -    - Линия 072-HGWR-0201 (_Линия: 072-HGWR-0201): 3 групп, 11 швов
2025-11-07 15:42:32,872 - INFO -    - Линия 084-FC-0716 (_Линия: 084-FC-0716): 1 групп, 11 швов
2025-11-07 15:42:32,873 - INFO -    - Линия 084-FC-0732 (_Линия: 084-FC-0732): 1 групп, 11 швов
2025-11-07 15:42:32,873 - INFO -    - Линия 084-FL-0718 (_Линия: 084-FL-0718): 2 групп, 11 швов
2025-11-07 15:42:32,873 - INFO -    - Линия 084-FL-0729 (_Линия: 084-FL-0729): 1 групп, 11 швов
2025-11-07 15:42:32,874 - INFO -    - Линия 084-LI-0704 (_Линия: 084-LI-0704): 1 групп, 11 швов
2025-11-07 15:42:32,874 - INFO -    - Линия 084-LI-0709 (_Линия: 084-LI-0709): 2 групп, 11 швов
2025-11-07 15:42:32,874 - INFO -    - Линия 084-PA-0709 (_Линия: 084-PA-0709): 1 групп, 11 швов
2025-11-07 15:42:32,875 - INFO -    - Линия 084-SSB-0714 (_Линия: 084-SSB-0714): 1 групп, 11 швов
2025-11-07 15:42:32,875 - INFO -    - Линия 084-ST-0706 (_Линия: 084-ST-0706): 2 групп, 11 швов
2025-11-07 15:42:32,876 - INFO -    - Линия 084-ST-0707 (_Линия: 084-ST-0707): 1 групп, 11 швов
2025-11-07 15:42:32,876 - INFO -    - Линия 087-ATM-0602 (_Линия: 087-ATM-0602): 2 групп, 11 швов
2025-11-07 15:42:32,877 - INFO -    - Линия 087-MFG-0605 (2) (_Линия: 087-MFG-0605): 2 групп, 11 швов
2025-11-07 15:42:32,877 - INFO -    - Линия 084-DR-0709 (3) (_Линия: 084-DR-0709): 1 групп, 10 швов
2025-11-07 15:42:32,878 - INFO -    - Линия 084-FC-0701 (_Линия: 084-FC-0701): 4 групп, 10 швов
2025-11-07 15:42:32,878 - INFO -    - Линия 084-FC-0703 (_Линия: 084-FC-0703): 2 групп, 10 швов
2025-11-07 15:42:32,879 - INFO -    - Линия 084-FC-0705 (_Линия: 084-FC-0705): 1 групп, 10 швов
2025-11-07 15:42:32,879 - INFO -    - Линия 084-FC-0714 (_Линия: 084-FC-0714): 1 групп, 10 швов
2025-11-07 15:42:32,880 - INFO -    - Линия 084-FH-0708 (_Линия: 084-FH-0708): 2 групп, 10 швов
2025-11-07 15:42:32,880 - INFO -    - Линия 084-FH-0745 (_Линия: 084-FH-0745): 2 групп, 10 швов
2025-11-07 15:42:32,881 - INFO -    - Линия 084-LI-0708 (_Линия: 084-LI-0708): 1 групп, 10 швов
2025-11-07 15:42:32,881 - INFO -    - Линия 084-MFG-0704 (_Линия: 084-MFG-0704): 1 групп, 10 швов
2025-11-07 15:42:32,881 - INFO -    - Линия 084-MS-0707 (_Линия: 084-MS-0707): 1 групп, 10 швов
2025-11-07 15:42:32,882 - INFO -    - Линия 084-ST-0708 (_Линия: 084-ST-0708): 1 групп, 10 швов
2025-11-07 15:42:32,882 - INFO -    - Линия 084-ST-0729 (_Линия: 084-ST-0729): 1 групп, 10 швов
2025-11-07 15:42:32,882 - INFO -    - Линия 087-PA-0606 (_Линия: 087-PA-0606): 3 групп, 10 швов
2025-11-07 15:42:32,883 - INFO -    - Линия 087-PC-0600 (_Линия: 087-PC-0600): 2 групп, 10 швов
2025-11-07 15:42:32,883 - INFO -    - Линия 062-MS-0205 (_Линия: 062-MS-0205): 2 групп, 9 швов
2025-11-07 15:42:32,883 - INFO -    - Линия 072-HGWR-0203 (_Линия: 072-HGWR-0203): 3 групп, 9 швов
2025-11-07 15:42:32,884 - INFO -    - Линия 084-DR-0739 (_Линия: 084-DR-0739): 1 групп, 9 швов
2025-11-07 15:42:32,884 - INFO -    - Линия 084-FH-0731 (_Линия: 084-FH-0731): 2 групп, 9 швов
2025-11-07 15:42:32,884 - INFO -    - Линия 084-FH-0736 (_Линия: 084-FH-0736): 2 групп, 9 швов
2025-11-07 15:42:32,885 - INFO -    - Линия 084-FL-0724 (_Линия: 084-FL-0724): 2 групп, 9 швов
2025-11-07 15:42:32,885 - INFO -    - Линия 084-FL-0725 (_Линия: 084-FL-0725): 1 групп, 9 швов
2025-11-07 15:42:32,886 - INFO -    - Линия 084-FR-0717 (_Линия: 084-FR-0717): 2 групп, 9 швов
2025-11-07 15:42:32,886 - INFO -    - Линия 084-LI-0712 (_Линия: 084-LI-0712): 1 групп, 9 швов
2025-11-07 15:42:32,886 - INFO -    - Линия 084-PC-0700 (_Линия: 084-PC-0700): 2 групп, 9 швов
2025-11-07 15:42:32,886 - INFO -    - Линия 084-SSB-0715 (_Линия: 084-SSB-0715): 1 групп, 9 швов
2025-11-07 15:42:32,887 - INFO -    - Линия 084-ST-0709 (_Линия: 084-ST-0709): 1 групп, 9 швов
2025-11-07 15:42:32,887 - INFO -    - Линия 084-ST-0715 (_Линия: 084-ST-0715): 1 групп, 9 швов
2025-11-07 15:42:32,887 - INFO -    - Линия 087-ATM-0601 (_Линия: 087-ATM-0601): 4 групп, 9 швов
2025-11-07 15:42:32,888 - INFO -    - Линия 087-LC-0615 (_Линия: 087-LC-0615): 1 групп, 9 швов
2025-11-07 15:42:32,888 - INFO -    - Линия 087-LI-0601 (_Линия: 087-LI-0601): 2 групп, 9 швов
2025-11-07 15:42:32,888 - INFO -    - Линия 087-PA-0602 (_Линия: 087-PA-0602): 2 групп, 9 швов
2025-11-07 15:42:32,889 - INFO -    - Линия 005-IA-0601 (_Линия: 005-IA-0601): 3 групп, 8 швов
2025-11-07 15:42:32,889 - INFO -    - Линия 062-MS-0202 (_Линия: 062-MS-0202): 3 групп, 8 швов
2025-11-07 15:42:32,889 - INFO -    - Линия 084-ATM-0702 (_Линия: 084-ATM-0702): 1 групп, 8 швов
2025-11-07 15:42:32,889 - INFO -    - Линия 084-DR-0714 (1) (_Линия: 084-DR-0714): 1 групп, 8 швов
2025-11-07 15:42:32,890 - INFO -    - Линия 084-DR-0717 (1) (_Линия: 084-DR-0717): 1 групп, 8 швов
2025-11-07 15:42:32,890 - INFO -    - Линия 084-DR-0720 (1) (_Линия: 084-DR-0720): 1 групп, 8 швов
2025-11-07 15:42:32,890 - INFO -    - Линия 084-DR-0734 (_Линия: 084-DR-0734): 1 групп, 8 швов
2025-11-07 15:42:32,891 - INFO -    - Линия 084-DR-0747 (_Линия: 084-DR-0747): 2 групп, 8 швов
2025-11-07 15:42:32,891 - INFO -    - Линия 084-DR-0748 (_Линия: 084-DR-0748): 1 групп, 8 швов
2025-11-07 15:42:32,891 - INFO -    - Линия 084-FH-0744 (_Линия: 084-FH-0744): 1 групп, 8 швов
2025-11-07 15:42:32,891 - INFO -    - Линия 084-FR-0703 (_Линия: 084-FR-0703): 4 групп, 8 швов
2025-11-07 15:42:32,891 - INFO -    - Линия 084-LI-0702 (_Линия: 084-LI-0702): 1 групп, 8 швов
2025-11-07 15:42:32,892 - INFO -    - Линия 084-PA-0711 (_Линия: 084-PA-0711): 1 групп, 8 швов
2025-11-07 15:42:32,892 - INFO -    - Линия 084-ST-0716 (_Линия: 084-ST-0716): 1 групп, 8 швов
2025-11-07 15:42:32,892 - INFO -    - Линия 084-ST-0717 (_Линия: 084-ST-0717): 1 групп, 8 швов
2025-11-07 15:42:32,892 - INFO -    - Линия 084-ST-0722 (_Линия: 084-ST-0722): 2 групп, 8 швов
2025-11-07 15:42:32,893 - INFO -    - Линия 084-ST-0726 (_Линия: 084-ST-0726): 1 групп, 8 швов
2025-11-07 15:42:32,893 - INFO -    - Линия 087-LC-0617 (_Линия: 087-LC-0617): 1 групп, 8 швов
2025-11-07 15:42:32,893 - INFO -    - Линия 087-LI-0606 (_Линия: 087-LI-0606): 2 групп, 8 швов
2025-11-07 15:42:32,893 - INFO -    - Линия 087-MFG-0615 (_Линия: 087-MFG-0615): 2 групп, 8 швов
2025-11-07 15:42:32,894 - INFO -    - Линия 005-LI-0601 (_Линия: 005-LI-0601): 3 групп, 7 швов
2025-11-07 15:42:32,894 - INFO -    - Линия 005-LI-0602 (_Линия: 005-LI-0602): 3 групп, 7 швов
2025-11-07 15:42:32,894 - INFO -    - Линия 049-MFG-0501 (_Линия: 049-MFG-0501): 4 групп, 7 швов
2025-11-07 15:42:32,894 - INFO -    - Линия 049-MFG-0504 (_Линия: 049-MFG-0504): 2 групп, 7 швов
2025-11-07 15:42:32,895 - INFO -    - Линия 062-MS-0204 (_Линия: 062-MS-0204): 1 групп, 7 швов
2025-11-07 15:42:32,895 - INFO -    - Линия 084-ATM-0703 (_Линия: 084-ATM-0703): 2 групп, 7 швов
2025-11-07 15:42:32,895 - INFO -    - Линия 084-DR-0713 (_Линия: 084-DR-0713): 1 групп, 7 швов
2025-11-07 15:42:32,896 - INFO -    - Линия 084-DR-0744 (_Линия: 084-DR-0744): 1 групп, 7 швов
2025-11-07 15:42:32,896 - INFO -    - Линия 084-FH-0703 (_Линия: 084-FH-0703): 2 групп, 7 швов
2025-11-07 15:42:32,896 - INFO -    - Линия 084-FH-0719 (_Линия: 084-FH-0719): 2 групп, 7 швов
2025-11-07 15:42:32,896 - INFO -    - Линия 084-FH-0739 (_Линия: 084-FH-0739): 1 групп, 7 швов
2025-11-07 15:42:32,897 - INFO -    - Линия 084-FL-0702 (_Линия: 084-FL-0702): 5 групп, 7 швов
2025-11-07 15:42:32,897 - INFO -    - Линия 084-FL-0712 (_Линия: 084-FL-0712): 1 групп, 7 швов
2025-11-07 15:42:32,897 - INFO -    - Линия 084-FL-0728 (_Линия: 084-FL-0728): 2 групп, 7 швов
2025-11-07 15:42:32,897 - INFO -    - Линия 084-FR-0725 (_Линия: 084-FR-0725): 1 групп, 7 швов
2025-11-07 15:42:32,898 - INFO -    - Линия 084-LI-0711 (_Линия: 084-LI-0711): 1 групп, 7 швов
2025-11-07 15:42:32,898 - INFO -    - Линия 084-MFG-0705 (_Линия: 084-MFG-0705): 1 групп, 7 швов
2025-11-07 15:42:32,899 - INFO -    - Линия 084-MFG-0717 (_Линия: 084-MFG-0717): 1 групп, 7 швов
2025-11-07 15:42:32,899 - INFO -    - Линия 084-PA-0721 (1) (_Линия: 084-PA-0721): 1 групп, 7 швов
2025-11-07 15:42:32,899 - INFO -    - Линия 084-PA-0721 (2) (_Линия: 084-PA-0721): 1 групп, 7 швов
2025-11-07 15:42:32,900 - INFO -    - Линия 084-SSB-0711 (_Линия: 084-SSB-0711): 1 групп, 7 швов
2025-11-07 15:42:32,900 - INFO -    - Линия 084-ST-0705 (_Линия: 084-ST-0705): 1 групп, 7 швов
2025-11-07 15:42:32,900 - INFO -    - Линия 084-ST-0720 (_Линия: 084-ST-0720): 1 групп, 7 швов
2025-11-07 15:42:32,900 - INFO -    - Линия 087-FLL-0601 (_Линия: 087-FLL-0601): 3 групп, 7 швов
2025-11-07 15:42:32,901 - INFO -    - Линия 087-LC-0603 (_Линия: 087-LC-0603): 1 групп, 7 швов
2025-11-07 15:42:32,901 - INFO -    - Линия 087-LI-0607 (_Линия: 087-LI-0607): 1 групп, 7 швов
2025-11-07 15:42:32,901 - INFO -    - Линия 087-LI-0608 (_Линия: 087-LI-0608): 1 групп, 7 швов
2025-11-07 15:42:32,901 - INFO -    - Линия 087-MFG-0614 (_Линия: 087-MFG-0614): 1 групп, 7 швов
2025-11-07 15:42:32,902 - INFO -    - Линия 087-PA-0603 (_Линия: 087-PA-0603): 1 групп, 7 швов
2025-11-07 15:42:32,902 - INFO -    - Линия 088-FC-0700 (_Линия: 088-FC-0700): 3 групп, 7 швов
2025-11-07 15:42:32,902 - INFO -    - Линия 005-IA-0602 (_Линия: 005-IA-0602): 2 групп, 6 швов
2025-11-07 15:42:32,902 - INFO -    - Линия 005-PA-0601 (_Линия: 005-PA-0601): 3 групп, 6 швов
2025-11-07 15:42:32,902 - INFO -    - Линия 005-PA-0602 (_Линия: 005-PA-0602): 2 групп, 6 швов
2025-11-07 15:42:32,903 - INFO -    - Линия 084-DR-0710 (_Линия: 084-DR-0710): 1 групп, 6 швов
2025-11-07 15:42:32,903 - INFO -    - Линия 084-DR-0719 (_Линия: 084-DR-0719): 2 групп, 6 швов
2025-11-07 15:42:32,903 - INFO -    - Линия 084-DR-0720 (_Линия: 084-DR-0720): 1 групп, 6 швов
2025-11-07 15:42:32,904 - INFO -    - Линия 084-DR-0742 (_Линия: 084-DR-0742): 1 групп, 6 швов
2025-11-07 15:42:32,904 - INFO -    - Линия 084-DR-0746 (_Линия: 084-DR-0746): 1 групп, 6 швов
2025-11-07 15:42:32,904 - INFO -    - Линия 084-FC-0706 (_Линия: 084-FC-0706): 1 групп, 6 швов
2025-11-07 15:42:32,905 - INFO -    - Линия 084-FC-0715 (_Линия: 084-FC-0715): 2 групп, 6 швов
2025-11-07 15:42:32,905 - INFO -    - Линия 084-FC-0726 (_Линия: 084-FC-0726): 1 групп, 6 швов
2025-11-07 15:42:32,906 - INFO -    - Линия 084-FH-0712 (_Линия: 084-FH-0712): 1 групп, 6 швов
2025-11-07 15:42:32,906 - INFO -    - Линия 084-FH-0716 (_Линия: 084-FH-0716): 1 групп, 6 швов
2025-11-07 15:42:32,907 - INFO -    - Линия 084-FH-0740 (_Линия: 084-FH-0740): 1 групп, 6 швов
2025-11-07 15:42:32,907 - INFO -    - Линия 084-FR-0712 (_Линия: 084-FR-0712): 1 групп, 6 швов
2025-11-07 15:42:32,908 - INFO -    - Линия 084-FR-0722 (_Линия: 084-FR-0722): 1 групп, 6 швов
2025-11-07 15:42:32,908 - INFO -    - Линия 084-LI-0726 (_Линия: 084-LI-0726): 1 групп, 6 швов
2025-11-07 15:42:32,909 - INFO -    - Линия 084-MFG-0716 (_Линия: 084-MFG-0716): 1 групп, 6 швов
2025-11-07 15:42:32,909 - INFO -    - Линия 084-MFG-0718 (_Линия: 084-MFG-0718): 1 групп, 6 швов
2025-11-07 15:42:32,909 - INFO -    - Линия 084-PA-0704 (_Линия: 084-PA-0704): 1 групп, 6 швов
2025-11-07 15:42:32,909 - INFO -    - Линия 084-SSB-0719 (_Линия: 084-SSB-0719): 2 групп, 6 швов
2025-11-07 15:42:32,910 - INFO -    - Линия 084-ST-0714 (_Линия: 084-ST-0714): 1 групп, 6 швов
2025-11-07 15:42:32,910 - INFO -    - Линия 084-ST-0718 (_Линия: 084-ST-0718): 1 групп, 6 швов
2025-11-07 15:42:32,910 - INFO -    - Линия 087-LI-0604 (2) (_Линия: 087-LI-0604): 1 групп, 6 швов
2025-11-07 15:42:32,910 - INFO -    - Линия 084-ATM-0704 (_Линия: 084-ATM-0704): 1 групп, 5 швов
2025-11-07 15:42:32,911 - INFO -    - Линия 084-DR-0711 (_Линия: 084-DR-0711): 1 групп, 5 швов
2025-11-07 15:42:32,911 - INFO -    - Линия 084-DR-0712 (_Линия: 084-DR-0712): 1 групп, 5 швов
2025-11-07 15:42:32,911 - INFO -    - Линия 084-DR-0736 (_Линия: 084-DR-0736): 1 групп, 5 швов
2025-11-07 15:42:32,911 - INFO -    - Линия 084-DR-0740 (_Линия: 084-DR-0740): 1 групп, 5 швов
2025-11-07 15:42:32,912 - INFO -    - Линия 084-DW-0703 (_Линия: 084-DW-0703): 2 групп, 5 швов
2025-11-07 15:42:32,912 - INFO -    - Линия 084-FC-0720 (_Линия: 084-FC-0720): 1 групп, 5 швов
2025-11-07 15:42:32,912 - INFO -    - Линия 084-FH-0702 (_Линия: 084-FH-0702): 3 групп, 5 швов
2025-11-07 15:42:32,913 - INFO -    - Линия 084-FH-0713 (_Линия: 084-FH-0713): 1 групп, 5 швов
2025-11-07 15:42:32,913 - INFO -    - Линия 084-FH-0715 (_Линия: 084-FH-0715): 2 групп, 5 швов
2025-11-07 15:42:32,914 - INFO -    - Линия 084-FH-0718 (_Линия: 084-FH-0718): 3 групп, 5 швов
2025-11-07 15:42:32,914 - INFO -    - Линия 084-FH-0742 (_Линия: 084-FH-0742): 2 групп, 5 швов
2025-11-07 15:42:32,914 - INFO -    - Линия 084-FH-0746 (_Линия: 084-FH-0746): 1 групп, 5 швов
2025-11-07 15:42:32,915 - INFO -    - Линия 084-FH-0747 (_Линия: 084-FH-0747): 1 групп, 5 швов
2025-11-07 15:42:32,915 - INFO -    - Линия 084-FL-0715 (_Линия: 084-FL-0715): 1 групп, 5 швов
2025-11-07 15:42:32,915 - INFO -    - Линия 084-FR-0714 (_Линия: 084-FR-0714): 1 групп, 5 швов
2025-11-07 15:42:32,915 - INFO -    - Линия 084-FR-0724 (_Линия: 084-FR-0724): 1 групп, 5 швов
2025-11-07 15:42:32,916 - INFO -    - Линия 084-LI-0720 (_Линия: 084-LI-0720): 1 групп, 5 швов
2025-11-07 15:42:32,916 - INFO -    - Линия 084-LI-0721 (_Линия: 084-LI-0721): 1 групп, 5 швов
2025-11-07 15:42:32,916 - INFO -    - Линия 084-MFG-0703 (_Линия: 084-MFG-0703): 1 групп, 5 швов
2025-11-07 15:42:32,916 - INFO -    - Линия 084-MFG-0706 (_Линия: 084-MFG-0706): 2 групп, 5 швов
2025-11-07 15:42:32,917 - INFO -    - Линия 084-MFG-0712 (_Линия: 084-MFG-0712): 1 групп, 5 швов
2025-11-07 15:42:32,917 - INFO -    - Линия 084-MFG-0713 (_Линия: 084-MFG-0713): 1 групп, 5 швов
2025-11-07 15:42:32,917 - INFO -    - Линия 084-PA-0702 (_Линия: 084-PA-0702): 1 групп, 5 швов
2025-11-07 15:42:32,917 - INFO -    - Линия 084-PA-0706 (_Линия: 084-PA-0706): 1 групп, 5 швов
2025-11-07 15:42:32,918 - INFO -    - Линия 084-PA-0720 (_Линия: 084-PA-0720): 1 групп, 5 швов
2025-11-07 15:42:32,918 - INFO -    - Линия 084-SSB-0712 (_Линия: 084-SSB-0712): 1 групп, 5 швов
2025-11-07 15:42:32,918 - INFO -    - Линия 084-SSB-0718 (_Линия: 084-SSB-0718): 1 групп, 5 швов
2025-11-07 15:42:32,919 - INFO -    - Линия 087-MFG-0605 (1) (_Линия: 087-MFG-0605): 1 групп, 5 швов
2025-11-07 15:42:32,919 - INFO -    - Линия 087-PA-0607 (_Линия: 087-PA-0607): 2 групп, 5 швов
2025-11-07 15:42:32,919 - INFO -    - Линия 069-LC-0202 (_Линия: 069-LC-0202): 1 групп, 4 швов
2025-11-07 15:42:32,919 - INFO -    - Линия 084-DR-0709 (1) (_Линия: 084-DR-0709): 1 групп, 4 швов
2025-11-07 15:42:32,920 - INFO -    - Линия 084-DR-0709 (2) (_Линия: 084-DR-0709): 1 групп, 4 швов
2025-11-07 15:42:32,920 - INFO -    - Линия 084-DR-0716 (_Линия: 084-DR-0716): 1 групп, 4 швов
2025-11-07 15:42:32,920 - INFO -    - Линия 084-DR-0730 (_Линия: 084-DR-0730): 2 групп, 4 швов
2025-11-07 15:42:32,920 - INFO -    - Линия 084-DR-0741 (_Линия: 084-DR-0741): 2 групп, 4 швов
2025-11-07 15:42:32,921 - INFO -    - Линия 084-DR-0743 (_Линия: 084-DR-0743): 1 групп, 4 швов
2025-11-07 15:42:32,921 - INFO -    - Линия 084-DR-0751 (_Линия: 084-DR-0751): 1 групп, 4 швов
2025-11-07 15:42:32,921 - INFO -    - Линия 084-FC-0704 (_Линия: 084-FC-0704): 1 групп, 4 швов
2025-11-07 15:42:32,922 - INFO -    - Линия 084-FC-0707 (_Линия: 084-FC-0707): 1 групп, 4 швов
2025-11-07 15:42:32,922 - INFO -    - Линия 084-FC-0708 (_Линия: 084-FC-0708): 1 групп, 4 швов
2025-11-07 15:42:32,922 - INFO -    - Линия 084-FC-0711 (_Линия: 084-FC-0711): 1 групп, 4 швов
2025-11-07 15:42:32,922 - INFO -    - Линия 084-FC-0713 (_Линия: 084-FC-0713): 1 групп, 4 швов
2025-11-07 15:42:32,923 - INFO -    - Линия 084-FC-0725 (_Линия: 084-FC-0725): 1 групп, 4 швов
2025-11-07 15:42:32,923 - INFO -    - Линия 084-FC-0733 (_Линия: 084-FC-0733): 1 групп, 4 швов
2025-11-07 15:42:32,923 - INFO -    - Линия 084-FC-0734 (_Линия: 084-FC-0734): 1 групп, 4 швов
2025-11-07 15:42:32,923 - INFO -    - Линия 084-FC-0735 (_Линия: 084-FC-0735): 1 групп, 4 швов
2025-11-07 15:42:32,924 - INFO -    - Линия 084-FH-0704 (_Линия: 084-FH-0704): 4 групп, 4 швов
2025-11-07 15:42:32,924 - INFO -    - Линия 084-FH-0710 (_Линия: 084-FH-0710): 3 групп, 4 швов
2025-11-07 15:42:32,924 - INFO -    - Линия 084-FH-0714 (_Линия: 084-FH-0714): 1 групп, 4 швов
2025-11-07 15:42:32,925 - INFO -    - Линия 084-FH-0722 (_Линия: 084-FH-0722): 2 групп, 4 швов
2025-11-07 15:42:32,925 - INFO -    - Линия 084-FH-0724 (_Линия: 084-FH-0724): 2 групп, 4 швов
2025-11-07 15:42:32,925 - INFO -    - Линия 084-FH-0733 (_Линия: 084-FH-0733): 1 групп, 4 швов
2025-11-07 15:42:32,925 - INFO -    - Линия 084-FL-0706 (_Линия: 084-FL-0706): 3 групп, 4 швов
2025-11-07 15:42:32,926 - INFO -    - Линия 084-FL-0707 (_Линия: 084-FL-0707): 2 групп, 4 швов
2025-11-07 15:42:32,926 - INFO -    - Линия 084-FL-0714 (_Линия: 084-FL-0714): 2 групп, 4 швов
2025-11-07 15:42:32,926 - INFO -    - Линия 084-FL-0717 (_Линия: 084-FL-0717): 2 групп, 4 швов
2025-11-07 15:42:32,927 - INFO -    - Линия 084-FL-0719 (_Линия: 084-FL-0719): 2 групп, 4 швов
2025-11-07 15:42:32,927 - INFO -    - Линия 084-FR-0710 (_Линия: 084-FR-0710): 3 групп, 4 швов
2025-11-07 15:42:32,927 - INFO -    - Линия 084-FR-0723 (_Линия: 084-FR-0723): 2 групп, 4 швов
2025-11-07 15:42:32,927 - INFO -    - Линия 084-MFG-0708 (_Линия: 084-MFG-0708): 1 групп, 4 швов
2025-11-07 15:42:32,927 - INFO -    - Линия 084-MFG-0709 (_Линия: 084-MFG-0709): 1 групп, 4 швов
2025-11-07 15:42:32,928 - INFO -    - Линия 084-SSB-0716 (_Линия: 084-SSB-0716): 1 групп, 4 швов
2025-11-07 15:42:32,928 - INFO -    - Линия 087-LC-0619 (_Линия: 087-LC-0619): 1 групп, 4 швов
2025-11-07 15:42:32,928 - INFO -    - Линия 033-DW-0016 (_Линия: 033-DW-0016): 1 групп, 3 швов
2025-11-07 15:42:32,929 - INFO -    - Линия 069-LC-0201 (_Линия: 069-LC-0201): 3 групп, 3 швов
2025-11-07 15:42:32,929 - INFO -    - Линия 084-DR-0750 (_Линия: 084-DR-0750): 1 групп, 3 швов
2025-11-07 15:42:32,929 - INFO -    - Линия 084-FC-0723 (_Линия: 084-FC-0723): 1 групп, 3 швов
2025-11-07 15:42:32,929 - INFO -    - Линия 084-FC-0724 (_Линия: 084-FC-0724): 1 групп, 3 швов
2025-11-07 15:42:32,930 - INFO -    - Линия 084-FH-0705 (_Линия: 084-FH-0705): 3 групп, 3 швов
2025-11-07 15:42:32,930 - INFO -    - Линия 084-FH-0709 (_Линия: 084-FH-0709): 2 групп, 3 швов
2025-11-07 15:42:32,930 - INFO -    - Линия 084-FH-0723 (_Линия: 084-FH-0723): 1 групп, 3 швов
2025-11-07 15:42:32,930 - INFO -    - Линия 084-FH-0743 (_Линия: 084-FH-0743): 1 групп, 3 швов
2025-11-07 15:42:32,930 - INFO -    - Линия 084-FL-0730 (_Линия: 084-FL-0730): 1 групп, 3 швов
2025-11-07 15:42:32,931 - INFO -    - Линия 084-FR-0709 (_Линия: 084-FR-0709): 1 групп, 3 швов
2025-11-07 15:42:32,931 - INFO -    - Линия 084-LI-0706 (_Линия: 084-LI-0706): 1 групп, 3 швов
2025-11-07 15:42:32,932 - INFO -    - Линия 084-LI-0707 (_Линия: 084-LI-0707): 1 групп, 3 швов
2025-11-07 15:42:32,932 - INFO -    - Линия 084-MFG-0710 (_Линия: 084-MFG-0710): 1 групп, 3 швов
2025-11-07 15:42:32,932 - INFO -    - Линия 084-MFG-0719 (_Линия: 084-MFG-0719): 1 групп, 3 швов
2025-11-07 15:42:32,934 - INFO -    - Линия 084-SSB-0721 (_Линия: 084-SSB-0721): 1 групп, 3 швов
2025-11-07 15:42:32,934 - INFO -    - Линия 084-ST-0719 (_Линия: 084-ST-0719): 2 групп, 3 швов
2025-11-07 15:42:32,934 - INFO -    - Линия 084-ST-0721 (_Линия: 084-ST-0721): 2 групп, 3 швов
2025-11-07 15:42:32,934 - INFO -    - Линия 084-ST-0724 (_Линия: 084-ST-0724): 1 групп, 3 швов
2025-11-07 15:42:32,934 - INFO -    - Линия 084-ST-0725 (_Линия: 084-ST-0725): 1 групп, 3 швов
2025-11-07 15:42:32,934 - INFO -    - Линия 087-DN-0603 (_Линия: 087-DN-0603): 2 групп, 3 швов
2025-11-07 15:42:32,934 - INFO -    - Линия 087-DN-0604 (_Линия: 087-DN-0604): 2 групп, 3 швов
2025-11-07 15:42:32,934 - INFO -    - Линия 087-FLL-0609 (_Линия: 087-FLL-0609): 1 групп, 3 швов
2025-11-07 15:42:32,934 - INFO -    - Линия 087-FLL-0610 (_Линия: 087-FLL-0610): 1 групп, 3 швов
2025-11-07 15:42:32,934 - INFO -    - Линия 087-FLL-0611 (_Линия: 087-FLL-0611): 1 групп, 3 швов
2025-11-07 15:42:32,934 - INFO -    - Линия 087-LC-0611 (_Линия: 087-LC-0611): 1 групп, 3 швов
2025-11-07 15:42:32,934 - INFO -    - Линия 087-LC-0612 (_Линия: 087-LC-0612): 1 групп, 3 швов
2025-11-07 15:42:32,934 - INFO -    - Линия 087-LC-0613 (_Линия: 087-LC-0613): 1 групп, 3 швов
2025-11-07 15:42:32,934 - INFO -    - Линия 087-LC-0614 (_Линия: 087-LC-0614): 1 групп, 3 швов
2025-11-07 15:42:32,934 - INFO -    - Линия 087-LC-0620 (_Линия: 087-LC-0620): 1 групп, 3 швов
2025-11-07 15:42:32,939 - INFO -    - Линия 084-DR-0737 (_Линия: 084-DR-0737): 1 групп, 2 швов
2025-11-07 15:42:32,939 - INFO -    - Линия 084-DR-0738 (_Линия: 084-DR-0738): 1 групп, 2 швов
2025-11-07 15:42:32,940 - INFO -    - Линия 084-FC-0702 (_Линия: 084-FC-0702): 2 групп, 2 швов
2025-11-07 15:42:32,940 - INFO -    - Линия 084-FC-0727 (_Линия: 084-FC-0727): 2 групп, 2 швов
2025-11-07 15:42:32,940 - INFO -    - Линия 084-FC-0729 (_Линия: 084-FC-0729): 2 групп, 2 швов
2025-11-07 15:42:32,941 - INFO -    - Линия 084-FC-0730 (_Линия: 084-FC-0730): 2 групп, 2 швов
2025-11-07 15:42:32,941 - INFO -    - Линия 084-FC-0736 (_Линия: 084-FC-0736): 2 групп, 2 швов
2025-11-07 15:42:32,942 - INFO -    - Линия 084-FC-0737 (_Линия: 084-FC-0737): 2 групп, 2 швов
2025-11-07 15:42:32,942 - INFO -    - Линия 084-FC-0738 (_Линия: 084-FC-0738): 2 групп, 2 швов
2025-11-07 15:42:32,942 - INFO -    - Линия 084-FH-0721 (_Линия: 084-FH-0721): 1 групп, 2 швов
2025-11-07 15:42:32,942 - INFO -    - Линия 084-FH-0725 (_Линия: 084-FH-0725): 1 групп, 2 швов
2025-11-07 15:42:32,942 - INFO -    - Линия 084-FH-0734 (_Линия: 084-FH-0734): 2 групп, 2 швов
2025-11-07 15:42:32,943 - INFO -    - Линия 084-FL-0708 (_Линия: 084-FL-0708): 2 групп, 2 швов
2025-11-07 15:42:32,943 - INFO -    - Линия 084-FL-0709 (_Линия: 084-FL-0709): 2 групп, 2 швов
2025-11-07 15:42:32,943 - INFO -    - Линия 084-FL-0711 (_Линия: 084-FL-0711): 2 групп, 2 швов
2025-11-07 15:42:32,943 - INFO -    - Линия 084-FR-0700 (_Линия: 084-FR-0700): 2 групп, 2 швов
2025-11-07 15:42:32,943 - INFO -    - Линия 084-FR-0704 (_Линия: 084-FR-0704): 2 групп, 2 швов
2025-11-07 15:42:32,943 - INFO -    - Линия 084-FR-0708 (_Линия: 084-FR-0708): 2 групп, 2 швов
2025-11-07 15:42:32,944 - INFO -    - Линия 084-FR-0719 (_Линия: 084-FR-0719): 1 групп, 2 швов
2025-11-07 15:42:32,944 - INFO -    - Линия 084-FR-0726 (_Линия: 084-FR-0726): 1 групп, 2 швов
2025-11-07 15:42:32,944 - INFO -    - Линия 084-ST-0730 (_Линия: 084-ST-0730): 1 групп, 2 швов
2025-11-07 15:42:32,944 - INFO -    - Линия 084-ST-0731 (_Линия: 084-ST-0731): 1 групп, 2 швов
2025-11-07 15:42:32,944 - INFO -    - Линия 084-ST-0732 (_Линия: 084-ST-0732): 1 групп, 2 швов
2025-11-07 15:42:32,944 - INFO -    - Линия 087-FLL-0606 (_Линия: 087-FLL-0606): 1 групп, 2 швов
2025-11-07 15:42:32,944 - INFO -    - Линия 087-FLL-0607 (_Линия: 087-FLL-0607): 1 групп, 2 швов
2025-11-07 15:42:32,944 - INFO -    - Линия 087-FLL-0608 (_Линия: 087-FLL-0608): 1 групп, 2 швов
2025-11-07 15:42:32,946 - INFO -    - Линия 087-MFG-0611 (_Линия: 087-MFG-0611): 2 групп, 2 швов
2025-11-07 15:42:32,946 - INFO -    - Линия 087-MFG-0612 (_Линия: 087-MFG-0612): 2 групп, 2 швов
2025-11-07 15:42:32,946 - INFO -    - Линия 087-PA-0605 (2) (_Линия: 087-PA-0605): 1 групп, 2 швов
2025-11-07 15:42:32,946 - INFO -    - Линия 084-DR-0715 (_Линия: 084-DR-0715): 1 групп, 1 швов
2025-11-07 15:42:32,947 - INFO -    - Линия 084-DR-0718 (_Линия: 084-DR-0718): 1 групп, 1 швов
2025-11-07 15:42:32,947 - INFO -    - Линия 084-FH-0700 (_Линия: 084-FH-0700): 1 групп, 1 швов
2025-11-07 15:42:32,947 - INFO -    - Линия 084-FH-0728 (_Линия: 084-FH-0728): 1 групп, 1 швов
2025-11-07 15:42:32,947 - INFO -    - Линия 084-FH-0730 (_Линия: 084-FH-0730): 1 групп, 1 швов
2025-11-07 15:42:32,947 - INFO -    - Линия 084-FL-0720 (_Линия: 084-FL-0720): 1 групп, 1 швов
2025-11-07 15:42:32,948 - INFO -    - Линия 084-FL-0721 (_Линия: 084-FL-0721): 1 групп, 1 швов
2025-11-07 15:42:32,948 - INFO -    - Линия 084-FR-0705 (_Линия: 084-FR-0705): 1 групп, 1 швов
2025-11-07 15:42:32,948 - INFO -    - Линия 084-FR-0711 (_Линия: 084-FR-0711): 1 групп, 1 швов
2025-11-07 15:42:32,948 - INFO -    - Линия 084-FR-0715 (_Линия: 084-FR-0715): 1 групп, 1 швов
2025-11-07 15:42:32,948 - INFO -    - Линия 084-FR-0716 (_Линия: 084-FR-0716): 1 групп, 1 швов
2025-11-07 15:42:32,949 - INFO -    - Линия 084-MFG-0707 (_Линия: 084-MFG-0707): 1 групп, 1 швов
2025-11-07 15:42:32,949 - INFO -    - Линия 084-MFG-0711 (_Линия: 084-MFG-0711): 1 групп, 1 швов
2025-11-07 15:42:32,949 - INFO -    - Линия 084-MFG-0728 (_Линия: 084-MFG-0728): 1 групп, 1 швов
2025-11-07 15:42:32,950 - INFO -    - Линия 084-DW-0702 (_Линия: 084-DW-0702): 1 групп, 0 швов
2025-11-07 15:42:32,950 - INFO -    - Линия 084-PA-0701 (_Линия: 084-PA-0701): 1 групп, 0 швов
2025-11-07 15:42:32,952 - INFO - 📊 Статистика по _Линия:
2025-11-07 15:42:32,953 - INFO -    - _Линия 084-ATM-0700: 30 групп, 452 швов
2025-11-07 15:42:32,953 - INFO -    - _Линия 084-IA-0700: 11 групп, 271 швов
2025-11-07 15:42:32,953 - INFO -    - _Линия 084-MS-0700: 21 групп, 207 швов
2025-11-07 15:42:32,954 - INFO -    - _Линия 084-HGWR-0700: 14 групп, 172 швов
2025-11-07 15:42:32,954 - INFO -    - _Линия 084-HGWS-0700: 16 групп, 170 швов
2025-11-07 15:42:32,954 - INFO -    - _Линия 087-IA-0600: 7 групп, 167 швов
2025-11-07 15:42:32,955 - INFO -    - _Линия 084-HGWR-0719: 3 групп, 165 швов
2025-11-07 15:42:32,955 - INFO -    - _Линия 084-LI-0700: 5 групп, 159 швов
2025-11-07 15:42:32,955 - INFO -    - _Линия 087-MS-0600: 15 групп, 155 швов
2025-11-07 15:42:32,955 - INFO -    - _Линия 084-FC-0700: 8 групп, 155 швов
2025-11-07 15:42:32,956 - INFO -    - _Линия 084-HGWR-0715: 2 групп, 149 швов
2025-11-07 15:42:32,956 - INFO -    - _Линия 084-HGWR-0717: 3 групп, 148 швов
2025-11-07 15:42:32,956 - INFO -    - _Линия 087-LC-0602: 2 групп, 146 швов
2025-11-07 15:42:32,956 - INFO -    - _Линия 084-HGWS-0715: 4 групп, 141 швов
2025-11-07 15:42:32,957 - INFO -    - _Линия 087-HGWR-0600: 8 групп, 137 швов
2025-11-07 15:42:32,957 - INFO -    - _Линия 084-HGWR-0713: 7 групп, 136 швов
2025-11-07 15:42:32,957 - INFO -    - _Линия 087-HGWS-0600: 6 групп, 134 швов
2025-11-07 15:42:32,958 - INFO -    - _Линия 084-PA-0700: 10 групп, 129 швов
2025-11-07 15:42:32,958 - INFO -    - _Линия 084-HGWR-0721: 2 групп, 125 швов
2025-11-07 15:42:32,959 - INFO -    - _Линия 084-HGWS-0717: 4 групп, 122 швов
2025-11-07 15:42:32,959 - INFO -    - _Линия 084-HGWR-0718: 2 групп, 117 швов
2025-11-07 15:42:32,959 - INFO -    - _Линия 087-PA-0600: 8 групп, 116 швов
2025-11-07 15:42:32,959 - INFO -    - _Линия 084-HGWS-0719: 2 групп, 111 швов
2025-11-07 15:42:32,959 - INFO -    - _Линия 084-HGWR-0716: 3 групп, 108 швов
2025-11-07 15:42:32,959 - INFO -    - _Линия 084-HGWS-0718: 2 групп, 106 швов
2025-11-07 15:42:32,959 - INFO -    - _Линия 084-HGWR-0723: 1 групп, 105 швов
2025-11-07 15:42:32,959 - INFO -    - _Линия 084-LI-0701: 1 групп, 104 швов
2025-11-07 15:42:32,959 - INFO -    - _Линия 084-HGWS-0723: 2 групп, 100 швов
2025-11-07 15:42:32,959 - INFO -    - _Линия 084-LC-0708: 2 групп, 95 швов
2025-11-07 15:42:32,963 - INFO -    - _Линия 084-HGWS-0709: 4 групп, 95 швов
2025-11-07 15:42:32,963 - INFO -    - _Линия 084-HGWR-0714: 3 групп, 92 швов
2025-11-07 15:42:32,963 - INFO -    - _Линия 084-HGWR-0709: 4 групп, 92 швов
2025-11-07 15:42:32,963 - INFO -    - _Линия 084-MFG-0701: 3 групп, 91 швов
2025-11-07 15:42:32,963 - INFO -    - _Линия 084-HGWS-0713: 5 групп, 87 швов
2025-11-07 15:42:32,963 - INFO -    - _Линия 084-HGWR-0710: 1 групп, 86 швов
2025-11-07 15:42:32,963 - INFO -    - _Линия 084-HGWS-0721: 1 групп, 84 швов
2025-11-07 15:42:32,963 - INFO -    - _Линия 084-HGWS-0710: 2 групп, 84 швов
2025-11-07 15:42:32,963 - INFO -    - _Линия 084-HGWR-0711: 2 групп, 83 швов
2025-11-07 15:42:32,963 - INFO -    - _Линия 084-HGWR-0712: 2 групп, 82 швов
2025-11-07 15:42:32,963 - INFO -    - _Линия 084-HGWS-0714: 2 групп, 81 швов
2025-11-07 15:42:32,967 - INFO -    - _Линия 084-HGWS-0712: 5 групп, 79 швов
2025-11-07 15:42:32,968 - INFO -    - _Линия 084-HGWS-0716: 2 групп, 76 швов
2025-11-07 15:42:32,968 - INFO -    - _Линия 084-HGWR-0720: 3 групп, 76 швов
2025-11-07 15:42:32,968 - INFO -    - _Линия 087-LC-0601: 2 групп, 74 швов
2025-11-07 15:42:32,968 - INFO -    - _Линия 087-DN-0602: 5 групп, 74 швов
2025-11-07 15:42:32,969 - INFO -    - _Линия 087-SSB-0601: 8 групп, 71 швов
2025-11-07 15:42:32,969 - INFO -    - _Линия 087-ATM-0600: 4 групп, 70 швов
2025-11-07 15:42:32,969 - INFO -    - _Линия 087-SSB-0600: 8 групп, 69 швов
2025-11-07 15:42:32,970 - INFO -    - _Линия 087-SSB-0602: 12 групп, 67 швов
2025-11-07 15:42:32,970 - INFO -    - _Линия 084-HGWS-0711: 1 групп, 67 швов
2025-11-07 15:42:32,970 - INFO -    - _Линия 084-FL-0705: 6 групп, 67 швов
2025-11-07 15:42:32,970 - INFO -    - _Линия 087-MFG-0600: 5 групп, 65 швов
2025-11-07 15:42:32,971 - INFO -    - _Линия 087-LC-0600: 5 групп, 65 швов
2025-11-07 15:42:32,971 - INFO -    - _Линия 084-ING-0700: 4 групп, 65 швов
2025-11-07 15:42:32,972 - INFO -    - _Линия 084-HGWS-0720: 3 групп, 65 швов
2025-11-07 15:42:32,972 - INFO -    - _Линия 087-SSB-0603: 9 групп, 64 швов
2025-11-07 15:42:32,972 - INFO -    - _Линия 084-LC-0706: 3 групп, 64 швов
2025-11-07 15:42:32,972 - INFO -    - _Линия 084-ING-0703: 3 групп, 64 швов
2025-11-07 15:42:32,972 - INFO -    - _Линия 084-ING-0716: 2 групп, 63 швов
2025-11-07 15:42:32,972 - INFO -    - _Линия 084-ING-0701: 2 групп, 63 швов
2025-11-07 15:42:32,972 - INFO -    - _Линия 084-MFG-0700: 3 групп, 61 швов
2025-11-07 15:42:32,972 - INFO -    - _Линия 084-LC-0705: 3 групп, 61 швов
2025-11-07 15:42:32,974 - INFO -    - _Линия 087-LI-0600: 6 групп, 58 швов
2025-11-07 15:42:32,974 - INFO -    - _Линия 084-HGWR-0722: 1 групп, 57 швов
2025-11-07 15:42:32,974 - INFO -    - _Линия 084-ING-0717: 3 групп, 56 швов
2025-11-07 15:42:32,974 - INFO -    - _Линия 084-HGWS-0722: 2 групп, 56 швов
2025-11-07 15:42:32,974 - INFO -    - _Линия 084-FGB-0701: 2 групп, 56 швов
2025-11-07 15:42:32,975 - INFO -    - _Линия 084-ING-0713: 3 групп, 54 швов
2025-11-07 15:42:32,975 - INFO -    - _Линия 084-ING-0702: 2 групп, 54 швов
2025-11-07 15:42:32,975 - INFO -    - _Линия 084-DW-0700: 7 групп, 54 швов
2025-11-07 15:42:32,975 - INFO -    - _Линия 084-DR-0700: 2 групп, 54 швов
2025-11-07 15:42:32,976 - INFO -    - _Линия 087-ING-0601: 7 групп, 53 швов
2025-11-07 15:42:32,976 - INFO -    - _Линия 084-FGB-0702: 2 групп, 53 швов
2025-11-07 15:42:32,976 - INFO -    - _Линия 084-LC-0704: 1 групп, 52 швов
2025-11-07 15:42:32,976 - INFO -    - _Линия 084-ST-0700: 8 групп, 51 швов
2025-11-07 15:42:32,977 - INFO -    - _Линия 084-HGWR-0703: 3 групп, 51 швов
2025-11-07 15:42:32,977 - INFO -    - _Линия 084-FGB-0700: 2 групп, 51 швов
2025-11-07 15:42:32,977 - INFO -    - _Линия 084-FC-0728: 2 групп, 51 швов
2025-11-07 15:42:32,977 - INFO -    - _Линия 087-FLL-0603: 11 групп, 50 швов
2025-11-07 15:42:32,978 - INFO -    - _Линия 084-DR-0702: 4 групп, 50 швов
2025-11-07 15:42:32,978 - INFO -    - _Линия 084-FGB-0703: 2 групп, 49 швов
2025-11-07 15:42:32,978 - INFO -    - _Линия 084-DR-0704: 2 групп, 49 швов
2025-11-07 15:42:32,978 - INFO -    - _Линия 087-ING-0604: 5 групп, 48 швов
2025-11-07 15:42:32,979 - INFO -    - _Линия 087-ING-0602: 6 групп, 48 швов
2025-11-07 15:42:32,979 - INFO -    - _Линия 084-SSB-0701: 5 групп, 48 швов
2025-11-07 15:42:32,979 - INFO -    - _Линия 084-ING-0710: 4 групп, 48 швов
2025-11-07 15:42:32,979 - INFO -    - _Линия 084-DR-0706: 2 групп, 48 швов
2025-11-07 15:42:32,980 - INFO -    - _Линия 087-ING-0606: 4 групп, 47 швов
2025-11-07 15:42:32,980 - INFO -    - _Линия 087-ING-0605: 7 групп, 47 швов
2025-11-07 15:42:32,980 - INFO -    - _Линия 087-FLL-0602: 13 групп, 47 швов
2025-11-07 15:42:32,980 - INFO -    - _Линия 087-MFG-0602: 4 групп, 46 швов
2025-11-07 15:42:32,980 - INFO -    - _Линия 087-ING-0607: 4 групп, 45 швов
2025-11-07 15:42:32,980 - INFO -    - _Линия 087-FGB-0601: 4 групп, 45 швов
2025-11-07 15:42:32,980 - INFO -    - _Линия 084-LI-0703: 2 групп, 45 швов
2025-11-07 15:42:32,980 - INFO -    - _Линия 084-ING-0715: 4 групп, 45 швов
2025-11-07 15:42:32,981 - INFO -    - _Линия 084-FC-0710: 2 групп, 45 швов
2025-11-07 15:42:32,981 - INFO -    - _Линия 084-DR-0701: 1 групп, 45 швов
2025-11-07 15:42:32,981 - INFO -    - _Линия 087-ING-0603: 5 групп, 44 швов
2025-11-07 15:42:32,981 - INFO -    - _Линия 084-FC-0709: 7 групп, 44 швов
2025-11-07 15:42:32,981 - INFO -    - _Линия 084-DR-0703: 2 групп, 44 швов
2025-11-07 15:42:32,981 - INFO -    - _Линия 087-ING-0600: 6 групп, 43 швов
2025-11-07 15:42:32,982 - INFO -    - _Линия 084-SSB-0706: 6 групп, 43 швов
2025-11-07 15:42:32,982 - INFO -    - _Линия 084-LC-0707: 3 групп, 43 швов
2025-11-07 15:42:32,982 - INFO -    - _Линия 084-ING-0714: 3 групп, 42 швов
2025-11-07 15:42:32,982 - INFO -    - _Линия 084-HGWR-0704: 2 групп, 42 швов
2025-11-07 15:42:32,982 - INFO -    - _Линия 084-DR-0705: 2 групп, 42 швов
2025-11-07 15:42:32,983 - INFO -    - _Линия 087-FGB-0600: 2 групп, 41 швов
2025-11-07 15:42:32,983 - INFO -    - _Линия 084-SSB-0702: 6 групп, 41 швов
2025-11-07 15:42:32,983 - INFO -    - _Линия 084-LS-0703: 2 групп, 41 швов
2025-11-07 15:42:32,983 - INFO -    - _Линия 084-LC-0703: 2 групп, 40 швов
2025-11-07 15:42:32,984 - INFO -    - _Линия 084-HGWS-0703: 2 групп, 40 швов
2025-11-07 15:42:32,984 - INFO -    - _Линия 087-PA-0608: 5 групп, 39 швов
2025-11-07 15:42:32,984 - INFO -    - _Линия 087-LI-0604: 4 групп, 39 швов
2025-11-07 15:42:32,985 - INFO -    - _Линия 084-SSB-0708: 3 групп, 39 швов
2025-11-07 15:42:32,985 - INFO -    - _Линия 087-HGWR-0601: 4 групп, 38 швов
2025-11-07 15:42:32,985 - INFO -    - _Линия 084-LS-0701: 2 групп, 38 швов
2025-11-07 15:42:32,985 - INFO -    - _Линия 084-SSB-0704: 5 групп, 37 швов
2025-11-07 15:42:32,986 - INFO -    - _Линия 084-PA-0703: 2 групп, 37 швов
2025-11-07 15:42:32,986 - INFO -    - _Линия 084-LS-0704: 2 групп, 37 швов
2025-11-07 15:42:32,986 - INFO -    - _Линия 084-ING-0712: 3 групп, 37 швов
2025-11-07 15:42:32,987 - INFO -    - _Линия 084-ING-0711: 3 групп, 37 швов
2025-11-07 15:42:32,987 - INFO -    - _Линия 087-MFG-0610: 3 групп, 36 швов
2025-11-07 15:42:32,988 - INFO -    - _Линия 084-LS-0702: 2 групп, 36 швов
2025-11-07 15:42:32,988 - INFO -    - _Линия 084-LC-0700: 1 групп, 36 швов
2025-11-07 15:42:32,988 - INFO -    - _Линия 084-ING-0709: 4 групп, 36 швов
2025-11-07 15:42:32,989 - INFO -    - _Линия 084-HGWR-0701: 2 групп, 36 швов
2025-11-07 15:42:32,989 - INFO -    - _Линия 084-FC-0718: 5 групп, 36 швов
2025-11-07 15:42:32,990 - INFO -    - _Линия 087-PA-0601: 4 групп, 34 швов
2025-11-07 15:42:32,990 - INFO -    - _Линия 084-FC-0731: 8 групп, 34 швов
2025-11-07 15:42:32,991 - INFO -    - _Линия 084-DR-0723: 3 групп, 34 швов
2025-11-07 15:42:32,991 - INFO -    - _Линия 084-ST-0713: 1 групп, 33 швов
2025-11-07 15:42:32,991 - INFO -    - _Линия 084-SSB-0710: 1 групп, 33 швов
2025-11-07 15:42:32,991 - INFO -    - _Линия 084-FC-0719: 7 групп, 33 швов
2025-11-07 15:42:32,991 - INFO -    - _Линия 086-FL-2471: 12 групп, 32 швов
2025-11-07 15:42:32,992 - INFO -    - _Линия 084-SSB-0703: 5 групп, 32 швов
2025-11-07 15:42:32,992 - INFO -    - _Линия 084-LC-0709: 3 групп, 32 швов
2025-11-07 15:42:32,992 - INFO -    - _Линия 084-IA-0701: 1 групп, 32 швов
2025-11-07 15:42:32,993 - INFO -    - _Линия 084-FC-0717: 5 групп, 32 швов
2025-11-07 15:42:32,993 - INFO -    - _Линия 084-DR-0728: 3 групп, 32 швов
2025-11-07 15:42:32,993 - INFO -    - _Линия 087-LI-0602: 3 групп, 31 швов
2025-11-07 15:42:32,994 - INFO -    - _Линия 086-FL-2470: 11 групп, 31 швов
2025-11-07 15:42:32,994 - INFO -    - _Линия 084-LS-0700: 1 групп, 31 швов
2025-11-07 15:42:32,994 - INFO -    - _Линия 084-SSB-0705: 5 групп, 30 швов
2025-11-07 15:42:32,994 - INFO -    - _Линия 084-ING-0704: 2 групп, 30 швов
2025-11-07 15:42:32,995 - INFO -    - _Линия 084-HGWS-0701: 2 групп, 30 швов
2025-11-07 15:42:32,995 - INFO -    - _Линия 084-DR-0721: 3 групп, 30 швов
2025-11-07 15:42:32,995 - INFO -    - _Линия 084-DR-0709: 4 групп, 30 швов
2025-11-07 15:42:32,996 - INFO -    - _Линия 087-MFG-0601: 3 групп, 29 швов
2025-11-07 15:42:32,996 - INFO -    - _Линия 084-SSB-0709: 10 групп, 29 швов
2025-11-07 15:42:32,996 - INFO -    - _Линия 084-SSB-0707: 3 групп, 29 швов
2025-11-07 15:42:32,996 - INFO -    - _Линия 084-LC-0702: 2 групп, 29 швов
2025-11-07 15:42:32,996 - INFO -    - _Линия 084-FL-0700: 10 групп, 29 швов
2025-11-07 15:42:32,997 - INFO -    - _Линия 084-FC-0721: 4 групп, 29 швов
2025-11-07 15:42:32,997 - INFO -    - _Линия 084-DR-0725: 3 групп, 29 швов
2025-11-07 15:42:32,997 - INFO -    - _Линия 084-DR-0708: 2 групп, 29 швов
2025-11-07 15:42:32,997 - INFO -    - _Линия 084-PA-0721: 3 групп, 28 швов
2025-11-07 15:42:32,997 - INFO -    - _Линия 084-HGWS-0704: 2 групп, 28 швов
2025-11-07 15:42:32,998 - INFO -    - _Линия 084-DR-0729: 2 групп, 28 швов
2025-11-07 15:42:32,998 - INFO -    - _Линия 084-DR-0707: 1 групп, 28 швов
2025-11-07 15:42:32,998 - INFO -    - _Линия 084-DR-0727: 3 групп, 27 швов
2025-11-07 15:42:32,998 - INFO -    - _Линия 040-FW-0001: 4 групп, 27 швов
2025-11-07 15:42:32,998 - INFO -    - _Линия 084-DR-0724: 1 групп, 26 швов
2025-11-07 15:42:32,999 - INFO -    - _Линия 085-FH-2470: 12 групп, 25 швов
2025-11-07 15:42:32,999 - INFO -    - _Линия 084-LI-0715: 2 групп, 25 швов
2025-11-07 15:42:32,999 - INFO -    - _Линия 084-LC-0701: 1 групп, 25 швов
2025-11-07 15:42:32,999 - INFO -    - _Линия 084-DR-0717: 2 групп, 25 швов
2025-11-07 15:42:32,999 - INFO -    - _Линия 084-DR-0714: 2 групп, 25 швов
2025-11-07 15:42:32,999 - INFO -    - _Линия 087-MFG-0604: 6 групп, 24 швов
2025-11-07 15:42:33,000 - INFO -    - _Линия 087-MFG-0603: 7 групп, 24 швов
2025-11-07 15:42:33,000 - INFO -    - _Линия 084-ST-0710: 2 групп, 24 швов
2025-11-07 15:42:33,000 - INFO -    - _Линия 084-PA-0715: 2 групп, 24 швов
2025-11-07 15:42:33,000 - INFO -    - _Линия 084-LI-0718: 1 групп, 24 швов
2025-11-07 15:42:33,001 - INFO -    - _Линия 084-FC-0740: 3 групп, 24 швов
2025-11-07 15:42:33,001 - INFO -    - _Линия 087-MFG-0613: 4 групп, 23 швов
2025-11-07 15:42:33,001 - INFO -    - _Линия 085-FH-2471: 13 групп, 23 швов
2025-11-07 15:42:33,001 - INFO -    - _Линия 084-PA-0719: 1 групп, 23 швов
2025-11-07 15:42:33,001 - INFO -    - _Линия 087-DN-0600: 2 групп, 22 швов
2025-11-07 15:42:33,001 - INFO -    - _Линия 084-SSB-0700: 2 групп, 22 швов
2025-11-07 15:42:33,002 - INFO -    - _Линия 084-DR-0726: 2 групп, 22 швов
2025-11-07 15:42:33,002 - INFO -    - _Линия 087-PA-0609: 3 групп, 21 швов
2025-11-07 15:42:33,002 - INFO -    - _Линия 084-ST-0701: 2 групп, 21 швов
2025-11-07 15:42:33,002 - INFO -    - _Линия 087-PA-0605: 3 групп, 20 швов
2025-11-07 15:42:33,002 - INFO -    - _Линия 084-SSB-0713: 1 групп, 20 швов
2025-11-07 15:42:33,003 - INFO -    - _Линия 084-LI-0725: 2 групп, 20 швов
2025-11-07 15:42:33,003 - INFO -    - _Линия 084-HGWS-0707: 2 групп, 20 швов
2025-11-07 15:42:33,003 - INFO -    - _Линия 084-ST-0703: 2 групп, 19 швов
2025-11-07 15:42:33,003 - INFO -    - _Линия 084-MFG-0714: 3 групп, 19 швов
2025-11-07 15:42:33,004 - INFO -    - _Линия 084-MFG-0702: 1 групп, 19 швов
2025-11-07 15:42:33,004 - INFO -    - _Линия 084-HGWR-0706: 1 групп, 19 швов
2025-11-07 15:42:33,004 - INFO -    - _Линия 084-HGWR-0705: 1 групп, 19 швов
2025-11-07 15:42:33,004 - INFO -    - _Линия 084-FL-0723: 6 групп, 19 швов
2025-11-07 15:42:33,005 - INFO -    - _Линия 072-HGWS-0203: 3 групп, 19 швов
2025-11-07 15:42:33,005 - INFO -    - _Линия 087-DN-0601: 2 групп, 18 швов
2025-11-07 15:42:33,005 - INFO -    - _Линия 084-ST-0704: 1 групп, 18 швов
2025-11-07 15:42:33,005 - INFO -    - _Линия 084-MFG-0715: 1 групп, 18 швов
2025-11-07 15:42:33,006 - INFO -    - _Линия 084-ING-0708: 2 групп, 18 швов
2025-11-07 15:42:33,006 - INFO -    - _Линия 084-ING-0705: 2 групп, 18 швов
2025-11-07 15:42:33,006 - INFO -    - _Линия 084-HGWR-0702: 1 групп, 18 швов
2025-11-07 15:42:33,006 - INFO -    - _Линия 084-FR-0702: 7 групп, 18 швов
2025-11-07 15:42:33,007 - INFO -    - _Линия 084-FC-0739: 3 групп, 18 швов
2025-11-07 15:42:33,007 - INFO -    - _Линия 084-DR-0731: 1 групп, 18 швов
2025-11-07 15:42:33,007 - INFO -    - _Линия 084-PA-0705: 2 групп, 17 швов
2025-11-07 15:42:33,007 - INFO -    - _Линия 084-HGWS-0706: 1 групп, 17 швов
2025-11-07 15:42:33,007 - INFO -    - _Линия 084-HGWR-0707: 1 групп, 17 швов
2025-11-07 15:42:33,008 - INFO -    - _Линия 084-DR-0722: 1 групп, 17 швов
2025-11-07 15:42:33,008 - INFO -    - _Линия 087-SSB-0610: 3 групп, 16 швов
2025-11-07 15:42:33,008 - INFO -    - _Линия 087-MFG-0605: 3 групп, 16 швов
2025-11-07 15:42:33,008 - INFO -    - _Линия 087-FLL-0604: 3 групп, 16 швов
2025-11-07 15:42:33,008 - INFO -    - _Линия 084-SSB-0717: 1 групп, 16 швов
2025-11-07 15:42:33,009 - INFO -    - _Линия 084-LI-0724: 1 групп, 16 швов
2025-11-07 15:42:33,009 - INFO -    - _Линия 084-LI-0710: 3 групп, 16 швов
2025-11-07 15:42:33,009 - INFO -    - _Линия 084-HGWS-0702: 2 групп, 16 швов
2025-11-07 15:42:33,010 - INFO -    - _Линия 084-DW-0701: 1 групп, 16 швов
2025-11-07 15:42:33,010 - INFO -    - _Линия 087-MS-0601: 3 групп, 15 швов
2025-11-07 15:42:33,010 - INFO -    - _Линия 087-LC-0618: 1 групп, 15 швов
2025-11-07 15:42:33,010 - INFO -    - _Линия 087-HGWS-0601: 3 групп, 15 швов
2025-11-07 15:42:33,011 - INFO -    - _Линия 087-FLL-0605: 2 групп, 15 швов
2025-11-07 15:42:33,011 - INFO -    - _Линия 084-ST-0711: 1 групп, 15 швов
2025-11-07 15:42:33,012 - INFO -    - _Линия 084-ST-0702: 2 групп, 15 швов
2025-11-07 15:42:33,012 - INFO -    - _Линия 084-PA-0717: 1 групп, 15 швов
2025-11-07 15:42:33,013 - INFO -    - _Линия 084-LI-0716: 2 групп, 15 швов
2025-11-07 15:42:33,013 - INFO -    - _Линия 084-LI-0705: 1 групп, 15 швов
2025-11-07 15:42:33,013 - INFO -    - _Линия 084-ING-0707: 2 групп, 15 швов
2025-11-07 15:42:33,013 - INFO -    - _Линия 084-FL-0726: 1 групп, 15 швов
2025-11-07 15:42:33,013 - INFO -    - _Линия 084-FL-0722: 3 групп, 15 швов
2025-11-07 15:42:33,013 - INFO -    - _Линия 084-FC-0722: 1 групп, 15 швов
2025-11-07 15:42:33,014 - INFO -    - _Линия 084-FC-0712: 1 групп, 15 швов
2025-11-07 15:42:33,014 - INFO -    - _Линия 084-DW-0704: 1 групп, 15 швов
2025-11-07 15:42:33,014 - INFO -    - _Линия 087-SSB-0609: 2 групп, 14 швов
2025-11-07 15:42:33,015 - INFO -    - _Линия 087-LI-0609: 1 групп, 14 швов
2025-11-07 15:42:33,015 - INFO -    - _Линия 084-ST-0712: 2 групп, 14 швов
2025-11-07 15:42:33,015 - INFO -    - _Линия 084-MS-0701: 1 групп, 14 швов
2025-11-07 15:42:33,015 - INFO -    - _Линия 084-LS-0705: 1 групп, 14 швов
2025-11-07 15:42:33,016 - INFO -    - _Линия 084-LI-0723: 1 групп, 14 швов
2025-11-07 15:42:33,016 - INFO -    - _Линия 084-HGWS-0705: 1 групп, 14 швов
2025-11-07 15:42:33,016 - INFO -    - _Линия 084-FL-0701: 4 групп, 14 швов
2025-11-07 15:42:33,017 - INFO -    - _Линия 084-DR-0733: 1 групп, 14 швов
2025-11-07 15:42:33,017 - INFO -    - _Линия 084-DR-0732: 1 групп, 14 швов
2025-11-07 15:42:33,017 - INFO -    - _Линия 084-DR-0720: 2 групп, 14 швов
2025-11-07 15:42:33,017 - INFO -    - _Линия 087-SSB-0607: 3 групп, 13 швов
2025-11-07 15:42:33,017 - INFO -    - _Линия 087-PA-0604: 1 групп, 13 швов
2025-11-07 15:42:33,018 - INFO -    - _Линия 087-LI-0610: 2 групп, 13 швов
2025-11-07 15:42:33,018 - INFO -    - _Линия 087-LI-0603: 2 групп, 13 швов
2025-11-07 15:42:33,018 - INFO -    - _Линия 087-LC-0616: 1 групп, 13 швов
2025-11-07 15:42:33,018 - INFO -    - _Линия 087-FLL-0614: 3 групп, 13 швов
2025-11-07 15:42:33,018 - INFO -    - _Линия 084-PA-0718: 2 групп, 13 швов
2025-11-07 15:42:33,018 - INFO -    - _Линия 084-PA-0716: 2 групп, 13 швов
2025-11-07 15:42:33,019 - INFO -    - _Линия 084-LI-0717: 1 групп, 13 швов
2025-11-07 15:42:33,019 - INFO -    - _Линия 084-LI-0714: 2 групп, 13 швов
2025-11-07 15:42:33,019 - INFO -    - _Линия 084-HGWR-0708: 1 групп, 13 швов
2025-11-07 15:42:33,019 - INFO -    - _Линия 084-DR-0735: 1 групп, 13 швов
2025-11-07 15:42:33,019 - INFO -    - _Линия 072-HGWS-0201: 5 групп, 13 швов
2025-11-07 15:42:33,019 - INFO -    - _Линия 062-MS-0201: 6 групп, 13 швов
2025-11-07 15:42:33,020 - INFO -    - _Линия 087-SSB-0611: 2 групп, 12 швов
2025-11-07 15:42:33,020 - INFO -    - _Линия 087-SSB-0608: 2 групп, 12 швов
2025-11-07 15:42:33,020 - INFO -    - _Линия 087-SSB-0606: 3 групп, 12 швов
2025-11-07 15:42:33,020 - INFO -    - _Линия 087-SSB-0605: 2 групп, 12 швов
2025-11-07 15:42:33,020 - INFO -    - _Линия 087-SSB-0604: 3 групп, 12 швов
2025-11-07 15:42:33,021 - INFO -    - _Линия 087-LI-0605: 3 групп, 12 швов
2025-11-07 15:42:33,021 - INFO -    - _Линия 087-FLL-0615: 2 групп, 12 швов
2025-11-07 15:42:33,021 - INFO -    - _Линия 087-FLL-0613: 2 групп, 12 швов
2025-11-07 15:42:33,021 - INFO -    - _Линия 087-FLL-0612: 2 групп, 12 швов
2025-11-07 15:42:33,021 - INFO -    - _Линия 087-FLL-0600: 7 групп, 12 швов
2025-11-07 15:42:33,022 - INFO -    - _Линия 084-ING-0706: 1 групп, 12 швов
2025-11-07 15:42:33,022 - INFO -    - _Линия 087-ATM-0602: 2 групп, 11 швов
2025-11-07 15:42:33,022 - INFO -    - _Линия 084-ST-0707: 1 групп, 11 швов
2025-11-07 15:42:33,022 - INFO -    - _Линия 084-ST-0706: 2 групп, 11 швов
2025-11-07 15:42:33,022 - INFO -    - _Линия 084-SSB-0714: 1 групп, 11 швов
2025-11-07 15:42:33,023 - INFO -    - _Линия 084-PA-0709: 1 групп, 11 швов
2025-11-07 15:42:33,023 - INFO -    - _Линия 084-LI-0709: 2 групп, 11 швов
2025-11-07 15:42:33,023 - INFO -    - _Линия 084-LI-0704: 1 групп, 11 швов
2025-11-07 15:42:33,023 - INFO -    - _Линия 084-FL-0729: 1 групп, 11 швов
2025-11-07 15:42:33,023 - INFO -    - _Линия 084-FL-0718: 2 групп, 11 швов
2025-11-07 15:42:33,024 - INFO -    - _Линия 084-FC-0732: 1 групп, 11 швов
2025-11-07 15:42:33,024 - INFO -    - _Линия 084-FC-0716: 1 групп, 11 швов
2025-11-07 15:42:33,025 - INFO -    - _Линия 072-HGWR-0201: 3 групп, 11 швов
2025-11-07 15:42:33,025 - INFO -    - _Линия 087-PC-0600: 2 групп, 10 швов
2025-11-07 15:42:33,025 - INFO -    - _Линия 087-PA-0606: 3 групп, 10 швов
2025-11-07 15:42:33,026 - INFO -    - _Линия 084-ST-0729: 1 групп, 10 швов
2025-11-07 15:42:33,026 - INFO -    - _Линия 084-ST-0708: 1 групп, 10 швов
2025-11-07 15:42:33,026 - INFO -    - _Линия 084-MS-0707: 1 групп, 10 швов
2025-11-07 15:42:33,026 - INFO -    - _Линия 084-MFG-0704: 1 групп, 10 швов
2025-11-07 15:42:33,027 - INFO -    - _Линия 084-LI-0708: 1 групп, 10 швов
2025-11-07 15:42:33,027 - INFO -    - _Линия 084-FH-0745: 2 групп, 10 швов
2025-11-07 15:42:33,027 - INFO -    - _Линия 084-FH-0708: 2 групп, 10 швов
2025-11-07 15:42:33,027 - INFO -    - _Линия 084-FC-0714: 1 групп, 10 швов
2025-11-07 15:42:33,028 - INFO -    - _Линия 084-FC-0705: 1 групп, 10 швов
2025-11-07 15:42:33,028 - INFO -    - _Линия 084-FC-0703: 2 групп, 10 швов
2025-11-07 15:42:33,029 - INFO -    - _Линия 084-FC-0701: 4 групп, 10 швов
2025-11-07 15:42:33,029 - INFO -    - _Линия 087-PA-0602: 2 групп, 9 швов
2025-11-07 15:42:33,029 - INFO -    - _Линия 087-LI-0601: 2 групп, 9 швов
2025-11-07 15:42:33,030 - INFO -    - _Линия 087-LC-0615: 1 групп, 9 швов
2025-11-07 15:42:33,030 - INFO -    - _Линия 087-ATM-0601: 4 групп, 9 швов
2025-11-07 15:42:33,030 - INFO -    - _Линия 084-ST-0715: 1 групп, 9 швов
2025-11-07 15:42:33,030 - INFO -    - _Линия 084-ST-0709: 1 групп, 9 швов
2025-11-07 15:42:33,030 - INFO -    - _Линия 084-SSB-0715: 1 групп, 9 швов
2025-11-07 15:42:33,031 - INFO -    - _Линия 084-PC-0700: 2 групп, 9 швов
2025-11-07 15:42:33,031 - INFO -    - _Линия 084-LI-0712: 1 групп, 9 швов
2025-11-07 15:42:33,031 - INFO -    - _Линия 084-FR-0717: 2 групп, 9 швов
2025-11-07 15:42:33,032 - INFO -    - _Линия 084-FL-0725: 1 групп, 9 швов
2025-11-07 15:42:33,032 - INFO -    - _Линия 084-FL-0724: 2 групп, 9 швов
2025-11-07 15:42:33,033 - INFO -    - _Линия 084-FH-0736: 2 групп, 9 швов
2025-11-07 15:42:33,033 - INFO -    - _Линия 084-FH-0731: 2 групп, 9 швов
2025-11-07 15:42:33,034 - INFO -    - _Линия 084-DR-0739: 1 групп, 9 швов
2025-11-07 15:42:33,034 - INFO -    - _Линия 072-HGWR-0203: 3 групп, 9 швов
2025-11-07 15:42:33,034 - INFO -    - _Линия 062-MS-0205: 2 групп, 9 швов
2025-11-07 15:42:33,034 - INFO -    - _Линия 087-MFG-0615: 2 групп, 8 швов
2025-11-07 15:42:33,035 - INFO -    - _Линия 087-LI-0606: 2 групп, 8 швов
2025-11-07 15:42:33,035 - INFO -    - _Линия 087-LC-0617: 1 групп, 8 швов
2025-11-07 15:42:33,035 - INFO -    - _Линия 084-ST-0726: 1 групп, 8 швов
2025-11-07 15:42:33,036 - INFO -    - _Линия 084-ST-0722: 2 групп, 8 швов
2025-11-07 15:42:33,036 - INFO -    - _Линия 084-ST-0717: 1 групп, 8 швов
2025-11-07 15:42:33,036 - INFO -    - _Линия 084-ST-0716: 1 групп, 8 швов
2025-11-07 15:42:33,036 - INFO -    - _Линия 084-PA-0711: 1 групп, 8 швов
2025-11-07 15:42:33,037 - INFO -    - _Линия 084-LI-0702: 1 групп, 8 швов
2025-11-07 15:42:33,037 - INFO -    - _Линия 084-FR-0703: 4 групп, 8 швов
2025-11-07 15:42:33,037 - INFO -    - _Линия 084-FH-0744: 1 групп, 8 швов
2025-11-07 15:42:33,037 - INFO -    - _Линия 084-DR-0748: 1 групп, 8 швов
2025-11-07 15:42:33,037 - INFO -    - _Линия 084-DR-0747: 2 групп, 8 швов
2025-11-07 15:42:33,038 - INFO -    - _Линия 084-DR-0734: 1 групп, 8 швов
2025-11-07 15:42:33,038 - INFO -    - _Линия 084-ATM-0702: 1 групп, 8 швов
2025-11-07 15:42:33,038 - INFO -    - _Линия 062-MS-0202: 3 групп, 8 швов
2025-11-07 15:42:33,038 - INFO -    - _Линия 005-IA-0601: 3 групп, 8 швов
2025-11-07 15:42:33,038 - INFO -    - _Линия 088-FC-0700: 3 групп, 7 швов
2025-11-07 15:42:33,039 - INFO -    - _Линия 087-PA-0603: 1 групп, 7 швов
2025-11-07 15:42:33,039 - INFO -    - _Линия 087-MFG-0614: 1 групп, 7 швов
2025-11-07 15:42:33,039 - INFO -    - _Линия 087-LI-0608: 1 групп, 7 швов
2025-11-07 15:42:33,039 - INFO -    - _Линия 087-LI-0607: 1 групп, 7 швов
2025-11-07 15:42:33,039 - INFO -    - _Линия 087-LC-0603: 1 групп, 7 швов
2025-11-07 15:42:33,039 - INFO -    - _Линия 087-FLL-0601: 3 групп, 7 швов
2025-11-07 15:42:33,040 - INFO -    - _Линия 084-ST-0720: 1 групп, 7 швов
2025-11-07 15:42:33,040 - INFO -    - _Линия 084-ST-0705: 1 групп, 7 швов
2025-11-07 15:42:33,040 - INFO -    - _Линия 084-SSB-0711: 1 групп, 7 швов
2025-11-07 15:42:33,040 - INFO -    - _Линия 084-MFG-0717: 1 групп, 7 швов
2025-11-07 15:42:33,041 - INFO -    - _Линия 084-MFG-0705: 1 групп, 7 швов
2025-11-07 15:42:33,041 - INFO -    - _Линия 084-LI-0711: 1 групп, 7 швов
2025-11-07 15:42:33,042 - INFO -    - _Линия 084-FR-0725: 1 групп, 7 швов
2025-11-07 15:42:33,042 - INFO -    - _Линия 084-FL-0728: 2 групп, 7 швов
2025-11-07 15:42:33,042 - INFO -    - _Линия 084-FL-0712: 1 групп, 7 швов
2025-11-07 15:42:33,042 - INFO -    - _Линия 084-FL-0702: 5 групп, 7 швов
2025-11-07 15:42:33,043 - INFO -    - _Линия 084-FH-0739: 1 групп, 7 швов
2025-11-07 15:42:33,043 - INFO -    - _Линия 084-FH-0719: 2 групп, 7 швов
2025-11-07 15:42:33,043 - INFO -    - _Линия 084-FH-0703: 2 групп, 7 швов
2025-11-07 15:42:33,043 - INFO -    - _Линия 084-DR-0744: 1 групп, 7 швов
2025-11-07 15:42:33,043 - INFO -    - _Линия 084-DR-0713: 1 групп, 7 швов
2025-11-07 15:42:33,044 - INFO -    - _Линия 084-ATM-0703: 2 групп, 7 швов
2025-11-07 15:42:33,044 - INFO -    - _Линия 062-MS-0204: 1 групп, 7 швов
2025-11-07 15:42:33,044 - INFO -    - _Линия 049-MFG-0504: 2 групп, 7 швов
2025-11-07 15:42:33,044 - INFO -    - _Линия 049-MFG-0501: 4 групп, 7 швов
2025-11-07 15:42:33,044 - INFO -    - _Линия 005-LI-0602: 3 групп, 7 швов
2025-11-07 15:42:33,045 - INFO -    - _Линия 005-LI-0601: 3 групп, 7 швов
2025-11-07 15:42:33,045 - INFO -    - _Линия 084-ST-0718: 1 групп, 6 швов
2025-11-07 15:42:33,045 - INFO -    - _Линия 084-ST-0714: 1 групп, 6 швов
2025-11-07 15:42:33,045 - INFO -    - _Линия 084-SSB-0719: 2 групп, 6 швов
2025-11-07 15:42:33,045 - INFO -    - _Линия 084-PA-0704: 1 групп, 6 швов
2025-11-07 15:42:33,046 - INFO -    - _Линия 084-MFG-0718: 1 групп, 6 швов
2025-11-07 15:42:33,046 - INFO -    - _Линия 084-MFG-0716: 1 групп, 6 швов
2025-11-07 15:42:33,046 - INFO -    - _Линия 084-LI-0726: 1 групп, 6 швов
2025-11-07 15:42:33,046 - INFO -    - _Линия 084-FR-0722: 1 групп, 6 швов
2025-11-07 15:42:33,047 - INFO -    - _Линия 084-FR-0712: 1 групп, 6 швов
2025-11-07 15:42:33,047 - INFO -    - _Линия 084-FH-0740: 1 групп, 6 швов
2025-11-07 15:42:33,047 - INFO -    - _Линия 084-FH-0716: 1 групп, 6 швов
2025-11-07 15:42:33,047 - INFO -    - _Линия 084-FH-0712: 1 групп, 6 швов
2025-11-07 15:42:33,047 - INFO -    - _Линия 084-FC-0726: 1 групп, 6 швов
2025-11-07 15:42:33,048 - INFO -    - _Линия 084-FC-0715: 2 групп, 6 швов
2025-11-07 15:42:33,048 - INFO -    - _Линия 084-FC-0706: 1 групп, 6 швов
2025-11-07 15:42:33,048 - INFO -    - _Линия 084-DR-0746: 1 групп, 6 швов
2025-11-07 15:42:33,048 - INFO -    - _Линия 084-DR-0742: 1 групп, 6 швов
2025-11-07 15:42:33,049 - INFO -    - _Линия 084-DR-0719: 2 групп, 6 швов
2025-11-07 15:42:33,049 - INFO -    - _Линия 084-DR-0710: 1 групп, 6 швов
2025-11-07 15:42:33,049 - INFO -    - _Линия 005-PA-0602: 2 групп, 6 швов
2025-11-07 15:42:33,049 - INFO -    - _Линия 005-PA-0601: 3 групп, 6 швов
2025-11-07 15:42:33,050 - INFO -    - _Линия 005-IA-0602: 2 групп, 6 швов
2025-11-07 15:42:33,050 - INFO -    - _Линия 087-PA-0607: 2 групп, 5 швов
2025-11-07 15:42:33,050 - INFO -    - _Линия 084-SSB-0718: 1 групп, 5 швов
2025-11-07 15:42:33,050 - INFO -    - _Линия 084-SSB-0712: 1 групп, 5 швов
2025-11-07 15:42:33,050 - INFO -    - _Линия 084-PA-0720: 1 групп, 5 швов
2025-11-07 15:42:33,051 - INFO -    - _Линия 084-PA-0706: 1 групп, 5 швов
2025-11-07 15:42:33,051 - INFO -    - _Линия 084-PA-0702: 1 групп, 5 швов
2025-11-07 15:42:33,051 - INFO -    - _Линия 084-MFG-0713: 1 групп, 5 швов
2025-11-07 15:42:33,051 - INFO -    - _Линия 084-MFG-0712: 1 групп, 5 швов
2025-11-07 15:42:33,051 - INFO -    - _Линия 084-MFG-0706: 2 групп, 5 швов
2025-11-07 15:42:33,051 - INFO -    - _Линия 084-MFG-0703: 1 групп, 5 швов
2025-11-07 15:42:33,052 - INFO -    - _Линия 084-LI-0721: 1 групп, 5 швов
2025-11-07 15:42:33,052 - INFO -    - _Линия 084-LI-0720: 1 групп, 5 швов
2025-11-07 15:42:33,052 - INFO -    - _Линия 084-FR-0724: 1 групп, 5 швов
2025-11-07 15:42:33,053 - INFO -    - _Линия 084-FR-0714: 1 групп, 5 швов
2025-11-07 15:42:33,053 - INFO -    - _Линия 084-FL-0715: 1 групп, 5 швов
2025-11-07 15:42:33,053 - INFO -    - _Линия 084-FH-0747: 1 групп, 5 швов
2025-11-07 15:42:33,053 - INFO -    - _Линия 084-FH-0746: 1 групп, 5 швов
2025-11-07 15:42:33,053 - INFO -    - _Линия 084-FH-0742: 2 групп, 5 швов
2025-11-07 15:42:33,053 - INFO -    - _Линия 084-FH-0718: 3 групп, 5 швов
2025-11-07 15:42:33,054 - INFO -    - _Линия 084-FH-0715: 2 групп, 5 швов
2025-11-07 15:42:33,054 - INFO -    - _Линия 084-FH-0713: 1 групп, 5 швов
2025-11-07 15:42:33,054 - INFO -    - _Линия 084-FH-0702: 3 групп, 5 швов
2025-11-07 15:42:33,054 - INFO -    - _Линия 084-FC-0720: 1 групп, 5 швов
2025-11-07 15:42:33,055 - INFO -    - _Линия 084-DW-0703: 2 групп, 5 швов
2025-11-07 15:42:33,055 - INFO -    - _Линия 084-DR-0740: 1 групп, 5 швов
2025-11-07 15:42:33,055 - INFO -    - _Линия 084-DR-0736: 1 групп, 5 швов
2025-11-07 15:42:33,055 - INFO -    - _Линия 084-DR-0712: 1 групп, 5 швов
2025-11-07 15:42:33,055 - INFO -    - _Линия 084-DR-0711: 1 групп, 5 швов
2025-11-07 15:42:33,055 - INFO -    - _Линия 084-ATM-0704: 1 групп, 5 швов
2025-11-07 15:42:33,056 - INFO -    - _Линия 087-LC-0619: 1 групп, 4 швов
2025-11-07 15:42:33,056 - INFO -    - _Линия 084-SSB-0716: 1 групп, 4 швов
2025-11-07 15:42:33,056 - INFO -    - _Линия 084-MFG-0709: 1 групп, 4 швов
2025-11-07 15:42:33,056 - INFO -    - _Линия 084-MFG-0708: 1 групп, 4 швов
2025-11-07 15:42:33,057 - INFO -    - _Линия 084-FR-0723: 2 групп, 4 швов
2025-11-07 15:42:33,057 - INFO -    - _Линия 084-FR-0710: 3 групп, 4 швов
2025-11-07 15:42:33,057 - INFO -    - _Линия 084-FL-0719: 2 групп, 4 швов
2025-11-07 15:42:33,057 - INFO -    - _Линия 084-FL-0717: 2 групп, 4 швов
2025-11-07 15:42:33,057 - INFO -    - _Линия 084-FL-0714: 2 групп, 4 швов
2025-11-07 15:42:33,057 - INFO -    - _Линия 084-FL-0707: 2 групп, 4 швов
2025-11-07 15:42:33,057 - INFO -    - _Линия 084-FL-0706: 3 групп, 4 швов
2025-11-07 15:42:33,058 - INFO -    - _Линия 084-FH-0733: 1 групп, 4 швов
2025-11-07 15:42:33,058 - INFO -    - _Линия 084-FH-0724: 2 групп, 4 швов
2025-11-07 15:42:33,058 - INFO -    - _Линия 084-FH-0722: 2 групп, 4 швов
2025-11-07 15:42:33,058 - INFO -    - _Линия 084-FH-0714: 1 групп, 4 швов
2025-11-07 15:42:33,058 - INFO -    - _Линия 084-FH-0710: 3 групп, 4 швов
2025-11-07 15:42:33,058 - INFO -    - _Линия 084-FH-0704: 4 групп, 4 швов
2025-11-07 15:42:33,058 - INFO -    - _Линия 084-FC-0735: 1 групп, 4 швов
2025-11-07 15:42:33,059 - INFO -    - _Линия 084-FC-0734: 1 групп, 4 швов
2025-11-07 15:42:33,059 - INFO -    - _Линия 084-FC-0733: 1 групп, 4 швов
2025-11-07 15:42:33,059 - INFO -    - _Линия 084-FC-0725: 1 групп, 4 швов
2025-11-07 15:42:33,059 - INFO -    - _Линия 084-FC-0713: 1 групп, 4 швов
2025-11-07 15:42:33,059 - INFO -    - _Линия 084-FC-0711: 1 групп, 4 швов
2025-11-07 15:42:33,059 - INFO -    - _Линия 084-FC-0708: 1 групп, 4 швов
2025-11-07 15:42:33,060 - INFO -    - _Линия 084-FC-0707: 1 групп, 4 швов
2025-11-07 15:42:33,060 - INFO -    - _Линия 084-FC-0704: 1 групп, 4 швов
2025-11-07 15:42:33,060 - INFO -    - _Линия 084-DR-0751: 1 групп, 4 швов
2025-11-07 15:42:33,060 - INFO -    - _Линия 084-DR-0743: 1 групп, 4 швов
2025-11-07 15:42:33,060 - INFO -    - _Линия 084-DR-0741: 2 групп, 4 швов
2025-11-07 15:42:33,060 - INFO -    - _Линия 084-DR-0730: 2 групп, 4 швов
2025-11-07 15:42:33,060 - INFO -    - _Линия 084-DR-0716: 1 групп, 4 швов
2025-11-07 15:42:33,061 - INFO -    - _Линия 069-LC-0202: 1 групп, 4 швов
2025-11-07 15:42:33,061 - INFO -    - _Линия 087-LC-0620: 1 групп, 3 швов
2025-11-07 15:42:33,061 - INFO -    - _Линия 087-LC-0614: 1 групп, 3 швов
2025-11-07 15:42:33,061 - INFO -    - _Линия 087-LC-0613: 1 групп, 3 швов
2025-11-07 15:42:33,061 - INFO -    - _Линия 087-LC-0612: 1 групп, 3 швов
2025-11-07 15:42:33,061 - INFO -    - _Линия 087-LC-0611: 1 групп, 3 швов
2025-11-07 15:42:33,062 - INFO -    - _Линия 087-FLL-0611: 1 групп, 3 швов
2025-11-07 15:42:33,062 - INFO -    - _Линия 087-FLL-0610: 1 групп, 3 швов
2025-11-07 15:42:33,062 - INFO -    - _Линия 087-FLL-0609: 1 групп, 3 швов
2025-11-07 15:42:33,062 - INFO -    - _Линия 087-DN-0604: 2 групп, 3 швов
2025-11-07 15:42:33,063 - INFO -    - _Линия 087-DN-0603: 2 групп, 3 швов
2025-11-07 15:42:33,063 - INFO -    - _Линия 084-ST-0725: 1 групп, 3 швов
2025-11-07 15:42:33,063 - INFO -    - _Линия 084-ST-0724: 1 групп, 3 швов
2025-11-07 15:42:33,063 - INFO -    - _Линия 084-ST-0721: 2 групп, 3 швов
2025-11-07 15:42:33,064 - INFO -    - _Линия 084-ST-0719: 2 групп, 3 швов
2025-11-07 15:42:33,065 - INFO -    - _Линия 084-SSB-0721: 1 групп, 3 швов
2025-11-07 15:42:33,065 - INFO -    - _Линия 084-MFG-0719: 1 групп, 3 швов
2025-11-07 15:42:33,065 - INFO -    - _Линия 084-MFG-0710: 1 групп, 3 швов
2025-11-07 15:42:33,065 - INFO -    - _Линия 084-LI-0707: 1 групп, 3 швов
2025-11-07 15:42:33,065 - INFO -    - _Линия 084-LI-0706: 1 групп, 3 швов
2025-11-07 15:42:33,066 - INFO -    - _Линия 084-FR-0709: 1 групп, 3 швов
2025-11-07 15:42:33,066 - INFO -    - _Линия 084-FL-0730: 1 групп, 3 швов
2025-11-07 15:42:33,066 - INFO -    - _Линия 084-FH-0743: 1 групп, 3 швов
2025-11-07 15:42:33,067 - INFO -    - _Линия 084-FH-0723: 1 групп, 3 швов
2025-11-07 15:42:33,067 - INFO -    - _Линия 084-FH-0709: 2 групп, 3 швов
2025-11-07 15:42:33,067 - INFO -    - _Линия 084-FH-0705: 3 групп, 3 швов
2025-11-07 15:42:33,067 - INFO -    - _Линия 084-FC-0724: 1 групп, 3 швов
2025-11-07 15:42:33,068 - INFO -    - _Линия 084-FC-0723: 1 групп, 3 швов
2025-11-07 15:42:33,068 - INFO -    - _Линия 084-DR-0750: 1 групп, 3 швов
2025-11-07 15:42:33,068 - INFO -    - _Линия 069-LC-0201: 3 групп, 3 швов
2025-11-07 15:42:33,068 - INFO -    - _Линия 033-DW-0016: 1 групп, 3 швов
2025-11-07 15:42:33,069 - INFO -    - _Линия 087-MFG-0612: 2 групп, 2 швов
2025-11-07 15:42:33,069 - INFO -    - _Линия 087-MFG-0611: 2 групп, 2 швов
2025-11-07 15:42:33,069 - INFO -    - _Линия 087-FLL-0608: 1 групп, 2 швов
2025-11-07 15:42:33,069 - INFO -    - _Линия 087-FLL-0607: 1 групп, 2 швов
2025-11-07 15:42:33,069 - INFO -    - _Линия 087-FLL-0606: 1 групп, 2 швов
2025-11-07 15:42:33,069 - INFO -    - _Линия 084-ST-0732: 1 групп, 2 швов
2025-11-07 15:42:33,069 - INFO -    - _Линия 084-ST-0731: 1 групп, 2 швов
2025-11-07 15:42:33,069 - INFO -    - _Линия 084-ST-0730: 1 групп, 2 швов
2025-11-07 15:42:33,071 - INFO -    - _Линия 084-FR-0726: 1 групп, 2 швов
2025-11-07 15:42:33,071 - INFO -    - _Линия 084-FR-0719: 1 групп, 2 швов
2025-11-07 15:42:33,071 - INFO -    - _Линия 084-FR-0708: 2 групп, 2 швов
2025-11-07 15:42:33,071 - INFO -    - _Линия 084-FR-0704: 2 групп, 2 швов
2025-11-07 15:42:33,072 - INFO -    - _Линия 084-FR-0700: 2 групп, 2 швов
2025-11-07 15:42:33,072 - INFO -    - _Линия 084-FL-0711: 2 групп, 2 швов
2025-11-07 15:42:33,072 - INFO -    - _Линия 084-FL-0709: 2 групп, 2 швов
2025-11-07 15:42:33,073 - INFO -    - _Линия 084-FL-0708: 2 групп, 2 швов
2025-11-07 15:42:33,073 - INFO -    - _Линия 084-FH-0734: 2 групп, 2 швов
2025-11-07 15:42:33,073 - INFO -    - _Линия 084-FH-0725: 1 групп, 2 швов
2025-11-07 15:42:33,073 - INFO -    - _Линия 084-FH-0721: 1 групп, 2 швов
2025-11-07 15:42:33,074 - INFO -    - _Линия 084-FC-0738: 2 групп, 2 швов
2025-11-07 15:42:33,074 - INFO -    - _Линия 084-FC-0737: 2 групп, 2 швов
2025-11-07 15:42:33,074 - INFO -    - _Линия 084-FC-0736: 2 групп, 2 швов
2025-11-07 15:42:33,074 - INFO -    - _Линия 084-FC-0730: 2 групп, 2 швов
2025-11-07 15:42:33,075 - INFO -    - _Линия 084-FC-0729: 2 групп, 2 швов
2025-11-07 15:42:33,075 - INFO -    - _Линия 084-FC-0727: 2 групп, 2 швов
2025-11-07 15:42:33,075 - INFO -    - _Линия 084-FC-0702: 2 групп, 2 швов
2025-11-07 15:42:33,075 - INFO -    - _Линия 084-DR-0738: 1 групп, 2 швов
2025-11-07 15:42:33,075 - INFO -    - _Линия 084-DR-0737: 1 групп, 2 швов
2025-11-07 15:42:33,076 - INFO -    - _Линия 084-MFG-0728: 1 групп, 1 швов
2025-11-07 15:42:33,076 - INFO -    - _Линия 084-MFG-0711: 1 групп, 1 швов
2025-11-07 15:42:33,076 - INFO -    - _Линия 084-MFG-0707: 1 групп, 1 швов
2025-11-07 15:42:33,076 - INFO -    - _Линия 084-FR-0716: 1 групп, 1 швов
2025-11-07 15:42:33,076 - INFO -    - _Линия 084-FR-0715: 1 групп, 1 швов
2025-11-07 15:42:33,076 - INFO -    - _Линия 084-FR-0711: 1 групп, 1 швов
2025-11-07 15:42:33,076 - INFO -    - _Линия 084-FR-0705: 1 групп, 1 швов
2025-11-07 15:42:33,076 - INFO -    - _Линия 084-FL-0721: 1 групп, 1 швов
2025-11-07 15:42:33,078 - INFO -    - _Линия 084-FL-0720: 1 групп, 1 швов
2025-11-07 15:42:33,078 - INFO -    - _Линия 084-FH-0730: 1 групп, 1 швов
2025-11-07 15:42:33,078 - INFO -    - _Линия 084-FH-0728: 1 групп, 1 швов
2025-11-07 15:42:33,078 - INFO -    - _Линия 084-FH-0700: 1 групп, 1 швов
2025-11-07 15:42:33,079 - INFO -    - _Линия 084-DR-0718: 1 групп, 1 швов
2025-11-07 15:42:33,079 - INFO -    - _Линия 084-DR-0715: 1 групп, 1 швов
2025-11-07 15:42:33,079 - INFO -    - _Линия 084-PA-0701: 1 групп, 0 швов
2025-11-07 15:42:33,079 - INFO -    - _Линия 084-DW-0702: 1 групп, 0 швов
2025-11-07 15:42:33,080 - INFO - ============================================================
2025-11-07 15:42:33,080 - INFO - ИТОГОВЫЙ ОТЧЕТ СОЗДАНИЯ ТАБЛИЦЫ СВАРЕНО_СВАРЩИКОМ
2025-11-07 15:42:33,080 - INFO - ============================================================
2025-11-07 15:42:33,080 - INFO - 📊 Статистика:
2025-11-07 15:42:33,081 - INFO -    - Всего записей в wl_china: 14118
2025-11-07 15:42:33,081 - INFO -    - Создано групп: 1305
2025-11-07 15:42:33,081 - INFO -    - Ошибок: 0
2025-11-07 15:42:33,081 - INFO - ============================================================
2025-11-07 15:42:33,082 - INFO - ✅ Таблица сварено_сварщиком создана успешно!
2025-11-07 15:42:33,083 - INFO - 🔌 Соединение с базой данных закрыто
