2025-11-01 13:03:50,023 - INFO - ============================================================
2025-11-01 13:03:50,025 - INFO - НАЧАЛО СОЗДАНИЯ ТАБЛИЦЫ СВАРЕНО_СВАРЩИКОМ
2025-11-01 13:03:50,026 - INFO - ============================================================
2025-11-01 13:03:50,030 - INFO - ✅ Подключение к базе данных успешно
2025-11-01 13:03:50,032 - INFO - 🔧 Предварительная обработка: обнуляем клейма при пустой дате сварки...
2025-11-01 13:04:22,859 - ERROR - ❌ Ошибка предварительной обработки: database is locked
2025-11-01 13:04:22,869 - INFO - 📊 Статистика таблицы wl_china:
2025-11-01 13:04:22,870 - INFO -    - Всего записей: 14071
2025-11-01 13:04:22,870 - INFO - 🔍 Проверка структуры таблицы wl_china...
2025-11-01 13:04:22,870 - INFO - ✅ Все необходимые колонки найдены
2025-11-01 13:04:22,870 - INFO - ✅ Найден столбец Базовый_материал_1 - будет применяться исключение для стилоскопирования
2025-11-01 13:04:22,881 - INFO - 📊 Записей с клеймами сварщиков: 13673
2025-11-01 13:04:22,883 - INFO - 🗑️ Удаление существующей таблицы сварено_сварщиком...
2025-11-01 13:04:55,686 - ERROR - ❌ Ошибка удаления таблицы: database is locked
2025-11-01 13:04:55,686 - INFO - 🏗️ Создание новой таблицы сварено_сварщиком...
2025-11-01 13:04:55,687 - ERROR - ❌ Ошибка создания таблицы: table сварено_сварщиком already exists
2025-11-01 13:04:55,687 - INFO - 📝 Заполнение таблицы данными...
2025-11-01 13:04:55,687 - INFO - 🔧 Применяется исключение для стилоскопирования: исключаются записи с Базовый_материал_1 содержащим '09Г2C' или '09Г2С', а также записи где Результаты_Заключения_РК = 'Не годен'
2025-11-01 13:05:28,403 - ERROR - ❌ Ошибка заполнения таблицы: database is locked
2025-11-01 13:05:28,404 - INFO - 🔍 Проверка результатов...
2025-11-01 13:05:28,405 - INFO - 📊 Результаты создания таблицы:
2025-11-01 13:05:28,406 - INFO -    - Всего записей: 0
2025-11-01 13:05:28,406 - INFO -    - Примеры записей (топ-5 по количеству сварных швов):
2025-11-01 13:05:28,406 - INFO - 📊 Статистика по линиям:
2025-11-01 13:05:28,406 - INFO - 📊 Статистика по _Линия:
2025-11-01 13:05:28,407 - ERROR - ❌ Ошибка при проверке результатов
2025-11-01 13:05:28,410 - INFO - 🔌 Соединение с базой данных закрыто
