2025-11-01 13:00:19,045 - INFO - ============================================================
2025-11-01 13:00:19,046 - INFO - НАЧАЛО СОЗДАНИЯ ТАБЛИЦЫ СВАРЕНО_СВАРЩИКОМ
2025-11-01 13:00:19,046 - INFO - ============================================================
2025-11-01 13:00:19,048 - INFO - ✅ Подключение к базе данных успешно
2025-11-01 13:00:19,048 - INFO - 🔧 Предварительная обработка: обнуляем клейма при пустой дате сварки...
2025-11-01 13:00:51,751 - ERROR - ❌ Ошибка предварительной обработки: database is locked
2025-11-01 13:00:51,751 - INFO - 📊 Статистика таблицы wl_china:
2025-11-01 13:00:51,751 - INFO -    - Всего записей: 14071
2025-11-01 13:00:51,751 - INFO - 🔍 Проверка структуры таблицы wl_china...
2025-11-01 13:00:51,751 - INFO - ✅ Все необходимые колонки найдены
2025-11-01 13:00:51,751 - INFO - ✅ Найден столбец Базовый_материал_1 - будет применяться исключение для стилоскопирования
2025-11-01 13:00:51,772 - INFO - 📊 Записей с клеймами сварщиков: 13673
2025-11-01 13:00:51,772 - INFO - 🗑️ Удаление существующей таблицы сварено_сварщиком...
2025-11-01 13:01:24,290 - ERROR - ❌ Ошибка удаления таблицы: database is locked
2025-11-01 13:01:24,290 - INFO - 🏗️ Создание новой таблицы сварено_сварщиком...
2025-11-01 13:01:24,290 - ERROR - ❌ Ошибка создания таблицы: table сварено_сварщиком already exists
2025-11-01 13:01:24,290 - INFO - 📝 Заполнение таблицы данными...
2025-11-01 13:01:24,290 - INFO - 🔧 Применяется исключение для стилоскопирования: исключаются записи с Базовый_материал_1 содержащим '09Г2C' или '09Г2С', а также записи где Результаты_Заключения_РК = 'Не годен'
2025-11-01 13:01:57,064 - ERROR - ❌ Ошибка заполнения таблицы: database is locked
2025-11-01 13:01:57,064 - INFO - 🔍 Проверка результатов...
2025-11-01 13:01:57,066 - INFO - 📊 Результаты создания таблицы:
2025-11-01 13:01:57,066 - INFO -    - Всего записей: 0
2025-11-01 13:01:57,066 - INFO -    - Примеры записей (топ-5 по количеству сварных швов):
2025-11-01 13:01:57,066 - INFO - 📊 Статистика по линиям:
2025-11-01 13:01:57,066 - INFO - 📊 Статистика по _Линия:
2025-11-01 13:01:57,066 - ERROR - ❌ Ошибка при проверке результатов
2025-11-01 13:01:57,067 - INFO - 🔌 Соединение с базой данных закрыто
