2025-11-01 12:56:22,537 - INFO - ============================================================
2025-11-01 12:56:22,538 - INFO - НАЧАЛО СОЗДАНИЯ ТАБЛИЦЫ СВАРЕНО_СВАРЩИКОМ
2025-11-01 12:56:22,539 - INFO - ============================================================
2025-11-01 12:56:22,539 - INFO - ✅ Подключение к базе данных успешно
2025-11-01 12:56:22,539 - INFO - 🔧 Предварительная обработка: обнуляем клейма при пустой дате сварки...
2025-11-01 12:56:27,957 - ERROR - ❌ Ошибка предварительной обработки: database is locked
2025-11-01 12:56:27,981 - INFO - 📊 Статистика таблицы wl_china:
2025-11-01 12:56:27,983 - INFO -    - Всего записей: 14071
2025-11-01 12:56:27,984 - INFO - 🔍 Проверка структуры таблицы wl_china...
2025-11-01 12:56:27,985 - INFO - ✅ Все необходимые колонки найдены
2025-11-01 12:56:27,985 - INFO - ✅ Найден столбец Базовый_материал_1 - будет применяться исключение для стилоскопирования
2025-11-01 12:56:28,003 - INFO - 📊 Записей с клеймами сварщиков: 13703
2025-11-01 12:56:28,003 - INFO - 🗑️ Удаление существующей таблицы сварено_сварщиком...
2025-11-01 12:56:33,437 - ERROR - ❌ Ошибка удаления таблицы: database is locked
2025-11-01 12:56:33,437 - INFO - 🏗️ Создание новой таблицы сварено_сварщиком...
2025-11-01 12:56:33,437 - ERROR - ❌ Ошибка создания таблицы: table сварено_сварщиком already exists
2025-11-01 12:56:33,437 - INFO - 📝 Заполнение таблицы данными...
2025-11-01 12:56:33,439 - INFO - 🔧 Применяется исключение для стилоскопирования: исключаются записи с Базовый_материал_1 содержащим '09Г2C' или '09Г2С', а также записи где Результаты_Заключения_РК = 'Не годен'
2025-11-01 12:56:38,868 - ERROR - ❌ Ошибка заполнения таблицы: database is locked
2025-11-01 12:56:38,869 - INFO - 🔍 Проверка результатов...
2025-11-01 12:56:38,870 - INFO - 📊 Результаты создания таблицы:
2025-11-01 12:56:38,870 - INFO -    - Всего записей: 0
2025-11-01 12:56:38,870 - INFO -    - Примеры записей (топ-5 по количеству сварных швов):
2025-11-01 12:56:38,871 - INFO - 📊 Статистика по линиям:
2025-11-01 12:56:38,871 - INFO - 📊 Статистика по _Линия:
2025-11-01 12:56:38,871 - ERROR - ❌ Ошибка при проверке результатов
2025-11-01 12:56:38,872 - INFO - 🔌 Соединение с базой данных закрыто
