2025-11-07 14:46:37,551 - INFO - ============================================================
2025-11-07 14:46:37,552 - INFO - НАЧАЛО СОЗДАНИЯ ТАБЛИЦЫ СВАРЕНО_СВАРЩИКОМ
2025-11-07 14:46:37,552 - INFO - ============================================================
2025-11-07 14:46:37,553 - INFO - ✅ Подключение к базе данных успешно
2025-11-07 14:46:37,553 - INFO - 🔧 Предварительная обработка: обнуляем клейма при пустой дате сварки...
2025-11-07 14:46:37,591 - INFO - ✅ Предварительная обработка завершена
2025-11-07 14:46:37,605 - INFO - 📊 Статистика таблицы wl_china:
2025-11-07 14:46:37,607 - INFO -    - Всего записей: 14118
2025-11-07 14:46:37,608 - INFO - 🔍 Проверка структуры таблицы wl_china...
2025-11-07 14:46:37,610 - INFO - ✅ Все необходимые колонки найдены
2025-11-07 14:46:37,610 - INFO - ✅ Найден столбец Базовый_материал_1 - будет применяться исключение для стилоскопирования
2025-11-07 14:46:37,623 - INFO - 📊 Записей с клеймами сварщиков: 13871
2025-11-07 14:46:37,626 - INFO - 🗑️ Удаление существующей таблицы сварено_сварщиком...
2025-11-07 14:46:37,631 - INFO - ✅ Таблица сварено_сварщиком удалена (если существовала)
2025-11-07 14:46:37,632 - INFO - 🏗️ Создание новой таблицы сварено_сварщиком...
2025-11-07 14:46:37,634 - INFO - ✅ Таблица сварено_сварщиком создана успешно
2025-11-07 14:46:37,634 - INFO - 📝 Заполнение таблицы данными...
2025-11-07 14:46:37,635 - INFO - 🔧 Применяется исключение для стилоскопирования: исключаются записи с Базовый_материал_1 содержащим '09Г2C' или '09Г2С', записи где Результаты_Заключения_РК = 'Не годен' (но НЕ типы У17/У19, которые уже исключены по типу). Типы У17/У19 исключаются только для не_подан_стилоскопирование и расчета Стило(PMI)
2025-11-07 14:46:37,788 - INFO - 🔧 Заполнение не сваренных записей...
2025-11-07 14:46:37,797 - INFO - 🧮 Расчет столбца РК на основе RT из 'основнаяНК'...
2025-11-07 14:46:37,812 - INFO - 🧮 Пересчет не_подан_рк как РК - заявлен_рк...
2025-11-07 14:46:37,815 - INFO - 🧮 Расчет столбца Стило(PMI) с учетом процентов в основнойНК...
2025-11-07 14:46:37,886 - INFO - 🧮 Пересчет не_подан_стилоскопирование как 'Стило(PMI)' - заявлен_стилоскопирование - годен_стилоскопирование - не_годен_стилоскопирование...
2025-11-07 14:46:37,888 - INFO - 🧮 Расчет столбца ПВК с учетом процента и исключением материала 09Г2С и типов У17/У19...
2025-11-07 14:46:37,889 - ERROR - ❌ Ошибка заполнения таблицы: near "THEN": syntax error
2025-11-07 14:46:37,889 - INFO - 🔍 Проверка результатов...
2025-11-07 14:46:37,889 - INFO - 📊 Результаты создания таблицы:
2025-11-07 14:46:37,890 - INFO -    - Всего записей: 1305
2025-11-07 14:46:37,890 - INFO -    - Примеры записей (топ-5 по количеству сварных швов):
2025-11-07 14:46:37,890 - INFO -      1. Линия 087-LC-0602 (_Линия: 087-LC-0602), Чертеж GCC-NAG-DDD-12460-12-1500-TK-ISO-00040: 146 швов
2025-11-07 14:46:37,890 - INFO -         Клейма: CHN5
2025-11-07 14:46:37,890 - INFO -         Методы сварки: GTAW
2025-11-07 14:46:37,891 - INFO -         Типы сварных швов: С17
2025-11-07 14:46:37,891 - INFO -         АКТ ВИК - Заявлен: 0, Годен: 146, Не годен: 0, Не подан: 0
2025-11-07 14:46:37,891 - INFO -         Заключения РК - Заявлен: 0, Годен: 3, Не годен: 0
2025-11-07 14:46:37,891 - INFO -      2. Линия 084-HGWR-0717 (_Линия: 084-HGWR-0717), Чертеж GCC-NAG-DDD-12470-14-1400-TK-ISO-00075: 133 швов
2025-11-07 14:46:37,891 - INFO -         Клейма: 4S6N
2025-11-07 14:46:37,891 - INFO -         Методы сварки: GTAW
2025-11-07 14:46:37,892 - INFO -         Типы сварных швов: С17
2025-11-07 14:46:37,892 - INFO -         АКТ ВИК - Заявлен: 1, Годен: 119, Не годен: 0, Не подан: 13
2025-11-07 14:46:37,892 - INFO -         Заключения РК - Заявлен: 0, Годен: 2, Не годен: 0
2025-11-07 14:46:37,892 - INFO -      3. Линия 084-HGWR-0715 (_Линия: 084-HGWR-0715), Чертеж GCC-NAG-DDD-12470-13-1400-TK-ISO-00124: 122 швов
2025-11-07 14:46:37,892 - INFO -         Клейма: 3BBF
2025-11-07 14:46:37,892 - INFO -         Методы сварки: GTAW
2025-11-07 14:46:37,892 - INFO -         Типы сварных швов: С17
2025-11-07 14:46:37,893 - INFO -         АКТ ВИК - Заявлен: 5, Годен: 117, Не годен: 0, Не подан: 0
2025-11-07 14:46:37,893 - INFO -         Заключения РК - Заявлен: 0, Годен: 10, Не годен: 0
2025-11-07 14:46:37,893 - INFO -      4. Линия 084-HGWR-0718 (_Линия: 084-HGWR-0718), Чертеж GCC-NAG-DDD-12470-14-1400-TK-ISO-00079: 113 швов
2025-11-07 14:46:37,893 - INFO -         Клейма: 3BBF
2025-11-07 14:46:37,893 - INFO -         Методы сварки: GTAW
2025-11-07 14:46:37,894 - INFO -         Типы сварных швов: С17
2025-11-07 14:46:37,894 - INFO -         АКТ ВИК - Заявлен: 0, Годен: 97, Не годен: 0, Не подан: 16
2025-11-07 14:46:37,894 - INFO -         Заключения РК - Заявлен: 0, Годен: 2, Не годен: 0
2025-11-07 14:46:37,894 - INFO -      5. Линия 084-HGWR-0723 (_Линия: 084-HGWR-0723), Чертеж GCC-NAG-DDD-12470-14-1400-TK-ISO-00208: 105 швов
2025-11-07 14:46:37,894 - INFO -         Клейма: 7KRM
2025-11-07 14:46:37,894 - INFO -         Методы сварки: GTAW
2025-11-07 14:46:37,895 - INFO -         Типы сварных швов: С17
2025-11-07 14:46:37,895 - INFO -         АКТ ВИК - Заявлен: 23, Годен: 82, Не годен: 0, Не подан: 0
2025-11-07 14:46:37,895 - INFO -         Заключения РК - Заявлен: 0, Годен: 0, Не годен: 0
2025-11-07 14:46:37,897 - INFO - 📊 Статистика по линиям:
2025-11-07 14:46:37,897 - INFO -    - Линия 084-IA-0700 (_Линия: 084-IA-0700): 11 групп, 271 швов
2025-11-07 14:46:37,897 - INFO -    - Линия 084-ATM-0700 (1) (_Линия: 084-ATM-0700): 8 групп, 225 швов
2025-11-07 14:46:37,898 - INFO -    - Линия 084-MS-0700 (_Линия: 084-MS-0700): 21 групп, 207 швов
2025-11-07 14:46:37,898 - INFO -    - Линия 084-HGWR-0700 (_Линия: 084-HGWR-0700): 14 групп, 172 швов
2025-11-07 14:46:37,899 - INFO -    - Линия 084-HGWS-0700 (_Линия: 084-HGWS-0700): 16 групп, 170 швов
2025-11-07 14:46:37,899 - INFO -    - Линия 087-IA-0600 (_Линия: 087-IA-0600): 7 групп, 167 швов
2025-11-07 14:46:37,900 - INFO -    - Линия 084-HGWR-0719 (_Линия: 084-HGWR-0719): 3 групп, 165 швов
2025-11-07 14:46:37,900 - INFO -    - Линия 084-LI-0700 (_Линия: 084-LI-0700): 5 групп, 159 швов
2025-11-07 14:46:37,900 - INFO -    - Линия 084-FC-0700 (_Линия: 084-FC-0700): 8 групп, 155 швов
2025-11-07 14:46:37,901 - INFO -    - Линия 087-MS-0600 (_Линия: 087-MS-0600): 15 групп, 155 швов
2025-11-07 14:46:37,901 - INFO -    - Линия 084-HGWR-0715 (_Линия: 084-HGWR-0715): 2 групп, 149 швов
2025-11-07 14:46:37,902 - INFO -    - Линия 084-HGWR-0717 (_Линия: 084-HGWR-0717): 3 групп, 148 швов
2025-11-07 14:46:37,902 - INFO -    - Линия 087-LC-0602 (_Линия: 087-LC-0602): 2 групп, 146 швов
2025-11-07 14:46:37,902 - INFO -    - Линия 084-HGWS-0715 (_Линия: 084-HGWS-0715): 4 групп, 141 швов
2025-11-07 14:46:37,902 - INFO -    - Линия 087-HGWR-0600 (_Линия: 087-HGWR-0600): 8 групп, 137 швов
2025-11-07 14:46:37,902 - INFO -    - Линия 084-HGWR-0713 (_Линия: 084-HGWR-0713): 7 групп, 136 швов
2025-11-07 14:46:37,903 - INFO -    - Линия 087-HGWS-0600 (_Линия: 087-HGWS-0600): 6 групп, 134 швов
2025-11-07 14:46:37,903 - INFO -    - Линия 084-PA-0700 (_Линия: 084-PA-0700): 10 групп, 129 швов
2025-11-07 14:46:37,903 - INFO -    - Линия 084-HGWR-0721 (_Линия: 084-HGWR-0721): 2 групп, 125 швов
2025-11-07 14:46:37,903 - INFO -    - Линия 084-HGWS-0717 (_Линия: 084-HGWS-0717): 4 групп, 122 швов
2025-11-07 14:46:37,904 - INFO -    - Линия 084-HGWR-0718 (_Линия: 084-HGWR-0718): 2 групп, 117 швов
2025-11-07 14:46:37,904 - INFO -    - Линия 087-PA-0600 (_Линия: 087-PA-0600): 8 групп, 116 швов
2025-11-07 14:46:37,904 - INFO -    - Линия 084-HGWS-0719 (_Линия: 084-HGWS-0719): 2 групп, 111 швов
2025-11-07 14:46:37,904 - INFO -    - Линия 084-HGWR-0716 (_Линия: 084-HGWR-0716): 3 групп, 108 швов
2025-11-07 14:46:37,905 - INFO -    - Линия 084-HGWS-0718 (_Линия: 084-HGWS-0718): 2 групп, 106 швов
2025-11-07 14:46:37,905 - INFO -    - Линия 084-HGWR-0723 (_Линия: 084-HGWR-0723): 1 групп, 105 швов
2025-11-07 14:46:37,905 - INFO -    - Линия 084-LI-0701 (_Линия: 084-LI-0701): 1 групп, 104 швов
2025-11-07 14:46:37,905 - INFO -    - Линия 084-HGWS-0723 (_Линия: 084-HGWS-0723): 2 групп, 100 швов
2025-11-07 14:46:37,905 - INFO -    - Линия 084-HGWS-0709 (_Линия: 084-HGWS-0709): 4 групп, 95 швов
2025-11-07 14:46:37,906 - INFO -    - Линия 084-LC-0708 (_Линия: 084-LC-0708): 2 групп, 95 швов
2025-11-07 14:46:37,906 - INFO -    - Линия 084-HGWR-0709 (_Линия: 084-HGWR-0709): 4 групп, 92 швов
2025-11-07 14:46:37,906 - INFO -    - Линия 084-HGWR-0714 (_Линия: 084-HGWR-0714): 3 групп, 92 швов
2025-11-07 14:46:37,906 - INFO -    - Линия 084-MFG-0701 (_Линия: 084-MFG-0701): 3 групп, 91 швов
2025-11-07 14:46:37,906 - INFO -    - Линия 084-HGWS-0713 (_Линия: 084-HGWS-0713): 5 групп, 87 швов
2025-11-07 14:46:37,907 - INFO -    - Линия 084-HGWR-0710 (_Линия: 084-HGWR-0710): 1 групп, 86 швов
2025-11-07 14:46:37,907 - INFO -    - Линия 084-HGWS-0710 (_Линия: 084-HGWS-0710): 2 групп, 84 швов
2025-11-07 14:46:37,907 - INFO -    - Линия 084-HGWS-0721 (_Линия: 084-HGWS-0721): 1 групп, 84 швов
2025-11-07 14:46:37,907 - INFO -    - Линия 084-HGWR-0711 (_Линия: 084-HGWR-0711): 2 групп, 83 швов
2025-11-07 14:46:37,907 - INFO -    - Линия 084-HGWR-0712 (_Линия: 084-HGWR-0712): 2 групп, 82 швов
2025-11-07 14:46:37,907 - INFO -    - Линия 084-HGWS-0714 (_Линия: 084-HGWS-0714): 2 групп, 81 швов
2025-11-07 14:46:37,908 - INFO -    - Линия 084-ATM-0700 (_Линия: 084-ATM-0700): 7 групп, 80 швов
2025-11-07 14:46:37,908 - INFO -    - Линия 084-HGWS-0712 (_Линия: 084-HGWS-0712): 5 групп, 79 швов
2025-11-07 14:46:37,908 - INFO -    - Линия 084-HGWR-0720 (_Линия: 084-HGWR-0720): 3 групп, 76 швов
2025-11-07 14:46:37,908 - INFO -    - Линия 084-HGWS-0716 (_Линия: 084-HGWS-0716): 2 групп, 76 швов
2025-11-07 14:46:37,908 - INFO -    - Линия 087-DN-0602 (_Линия: 087-DN-0602): 5 групп, 74 швов
2025-11-07 14:46:37,909 - INFO -    - Линия 087-LC-0601 (_Линия: 087-LC-0601): 2 групп, 74 швов
2025-11-07 14:46:37,909 - INFO -    - Линия 087-SSB-0601 (_Линия: 087-SSB-0601): 8 групп, 71 швов
2025-11-07 14:46:37,909 - INFO -    - Линия 087-ATM-0600 (_Линия: 087-ATM-0600): 4 групп, 70 швов
2025-11-07 14:46:37,909 - INFO -    - Линия 087-SSB-0600 (_Линия: 087-SSB-0600): 8 групп, 69 швов
2025-11-07 14:46:37,910 - INFO -    - Линия 084-FL-0705 (_Линия: 084-FL-0705): 6 групп, 67 швов
2025-11-07 14:46:37,910 - INFO -    - Линия 084-HGWS-0711 (_Линия: 084-HGWS-0711): 1 групп, 67 швов
2025-11-07 14:46:37,910 - INFO -    - Линия 087-SSB-0602 (_Линия: 087-SSB-0602): 12 групп, 67 швов
2025-11-07 14:46:37,911 - INFO -    - Линия 084-HGWS-0720 (_Линия: 084-HGWS-0720): 3 групп, 65 швов
2025-11-07 14:46:37,911 - INFO -    - Линия 084-ING-0700 (_Линия: 084-ING-0700): 4 групп, 65 швов
2025-11-07 14:46:37,911 - INFO -    - Линия 087-LC-0600 (_Линия: 087-LC-0600): 5 групп, 65 швов
2025-11-07 14:46:37,912 - INFO -    - Линия 087-MFG-0600 (_Линия: 087-MFG-0600): 5 групп, 65 швов
2025-11-07 14:46:37,913 - INFO -    - Линия 084-ING-0703 (_Линия: 084-ING-0703): 3 групп, 64 швов
2025-11-07 14:46:37,913 - INFO -    - Линия 084-LC-0706 (_Линия: 084-LC-0706): 3 групп, 64 швов
2025-11-07 14:46:37,914 - INFO -    - Линия 087-SSB-0603 (_Линия: 087-SSB-0603): 9 групп, 64 швов
2025-11-07 14:46:37,914 - INFO -    - Линия 084-ING-0701 (_Линия: 084-ING-0701): 2 групп, 63 швов
2025-11-07 14:46:37,914 - INFO -    - Линия 084-ING-0716 (_Линия: 084-ING-0716): 2 групп, 63 швов
2025-11-07 14:46:37,915 - INFO -    - Линия 084-LC-0705 (_Линия: 084-LC-0705): 3 групп, 61 швов
2025-11-07 14:46:37,915 - INFO -    - Линия 084-MFG-0700 (_Линия: 084-MFG-0700): 3 групп, 61 швов
2025-11-07 14:46:37,916 - INFO -    - Линия 087-LI-0600 (_Линия: 087-LI-0600): 6 групп, 58 швов
2025-11-07 14:46:37,916 - INFO -    - Линия 084-HGWR-0722 (_Линия: 084-HGWR-0722): 1 групп, 57 швов
2025-11-07 14:46:37,916 - INFO -    - Линия 084-FGB-0701 (_Линия: 084-FGB-0701): 2 групп, 56 швов
2025-11-07 14:46:37,917 - INFO -    - Линия 084-HGWS-0722 (_Линия: 084-HGWS-0722): 2 групп, 56 швов
2025-11-07 14:46:37,917 - INFO -    - Линия 084-ING-0717 (_Линия: 084-ING-0717): 3 групп, 56 швов
2025-11-07 14:46:37,918 - INFO -    - Линия 084-DR-0700 (_Линия: 084-DR-0700): 2 групп, 54 швов
2025-11-07 14:46:37,918 - INFO -    - Линия 084-DW-0700 (_Линия: 084-DW-0700): 7 групп, 54 швов
2025-11-07 14:46:37,918 - INFO -    - Линия 084-ING-0702 (_Линия: 084-ING-0702): 2 групп, 54 швов
2025-11-07 14:46:37,918 - INFO -    - Линия 084-ING-0713 (_Линия: 084-ING-0713): 3 групп, 54 швов
2025-11-07 14:46:37,919 - INFO -    - Линия 084-FGB-0702 (_Линия: 084-FGB-0702): 2 групп, 53 швов
2025-11-07 14:46:37,919 - INFO -    - Линия 087-ING-0601 (_Линия: 087-ING-0601): 7 групп, 53 швов
2025-11-07 14:46:37,919 - INFO -    - Линия 084-LC-0704 (_Линия: 084-LC-0704): 1 групп, 52 швов
2025-11-07 14:46:37,920 - INFO -    - Линия 084-FC-0728 (_Линия: 084-FC-0728): 2 групп, 51 швов
2025-11-07 14:46:37,920 - INFO -    - Линия 084-FGB-0700 (_Линия: 084-FGB-0700): 2 групп, 51 швов
2025-11-07 14:46:37,920 - INFO -    - Линия 084-HGWR-0703 (_Линия: 084-HGWR-0703): 3 групп, 51 швов
2025-11-07 14:46:37,920 - INFO -    - Линия 084-ST-0700 (_Линия: 084-ST-0700): 8 групп, 51 швов
2025-11-07 14:46:37,921 - INFO -    - Линия 084-DR-0702 (_Линия: 084-DR-0702): 4 групп, 50 швов
2025-11-07 14:46:37,921 - INFO -    - Линия 087-FLL-0603 (_Линия: 087-FLL-0603): 11 групп, 50 швов
2025-11-07 14:46:37,922 - INFO -    - Линия 084-DR-0704 (_Линия: 084-DR-0704): 2 групп, 49 швов
2025-11-07 14:46:37,922 - INFO -    - Линия 084-FGB-0703 (_Линия: 084-FGB-0703): 2 групп, 49 швов
2025-11-07 14:46:37,922 - INFO -    - Линия 084-DR-0706 (_Линия: 084-DR-0706): 2 групп, 48 швов
2025-11-07 14:46:37,923 - INFO -    - Линия 084-ING-0710 (_Линия: 084-ING-0710): 4 групп, 48 швов
2025-11-07 14:46:37,923 - INFO -    - Линия 084-SSB-0701 (_Линия: 084-SSB-0701): 5 групп, 48 швов
2025-11-07 14:46:37,923 - INFO -    - Линия 087-ING-0602 (_Линия: 087-ING-0602): 6 групп, 48 швов
2025-11-07 14:46:37,923 - INFO -    - Линия 087-ING-0604 (_Линия: 087-ING-0604): 5 групп, 48 швов
2025-11-07 14:46:37,924 - INFO -    - Линия 087-FLL-0602 (_Линия: 087-FLL-0602): 13 групп, 47 швов
2025-11-07 14:46:37,924 - INFO -    - Линия 087-ING-0605 (_Линия: 087-ING-0605): 7 групп, 47 швов
2025-11-07 14:46:37,924 - INFO -    - Линия 087-ING-0606 (_Линия: 087-ING-0606): 4 групп, 47 швов
2025-11-07 14:46:37,925 - INFO -    - Линия 087-MFG-0602 (_Линия: 087-MFG-0602): 4 групп, 46 швов
2025-11-07 14:46:37,925 - INFO -    - Линия 084-DR-0701 (_Линия: 084-DR-0701): 1 групп, 45 швов
2025-11-07 14:46:37,926 - INFO -    - Линия 084-FC-0710 (_Линия: 084-FC-0710): 2 групп, 45 швов
2025-11-07 14:46:37,926 - INFO -    - Линия 084-ING-0715 (_Линия: 084-ING-0715): 4 групп, 45 швов
2025-11-07 14:46:37,927 - INFO -    - Линия 084-LI-0703 (_Линия: 084-LI-0703): 2 групп, 45 швов
2025-11-07 14:46:37,927 - INFO -    - Линия 087-FGB-0601 (_Линия: 087-FGB-0601): 4 групп, 45 швов
2025-11-07 14:46:37,927 - INFO -    - Линия 087-ING-0607 (_Линия: 087-ING-0607): 4 групп, 45 швов
2025-11-07 14:46:37,927 - INFO -    - Линия 084-DR-0703 (_Линия: 084-DR-0703): 2 групп, 44 швов
2025-11-07 14:46:37,928 - INFO -    - Линия 084-FC-0709 (_Линия: 084-FC-0709): 7 групп, 44 швов
2025-11-07 14:46:37,928 - INFO -    - Линия 087-ING-0603 (_Линия: 087-ING-0603): 5 групп, 44 швов
2025-11-07 14:46:37,928 - INFO -    - Линия 084-LC-0707 (_Линия: 084-LC-0707): 3 групп, 43 швов
2025-11-07 14:46:37,928 - INFO -    - Линия 084-SSB-0706 (_Линия: 084-SSB-0706): 6 групп, 43 швов
2025-11-07 14:46:37,928 - INFO -    - Линия 087-ING-0600 (_Линия: 087-ING-0600): 6 групп, 43 швов
2025-11-07 14:46:37,928 - INFO -    - Линия 084-DR-0705 (_Линия: 084-DR-0705): 2 групп, 42 швов
2025-11-07 14:46:37,929 - INFO -    - Линия 084-HGWR-0704 (_Линия: 084-HGWR-0704): 2 групп, 42 швов
2025-11-07 14:46:37,929 - INFO -    - Линия 084-ING-0714 (_Линия: 084-ING-0714): 3 групп, 42 швов
2025-11-07 14:46:37,929 - INFO -    - Линия 084-LS-0703 (_Линия: 084-LS-0703): 2 групп, 41 швов
2025-11-07 14:46:37,929 - INFO -    - Линия 084-SSB-0702 (_Линия: 084-SSB-0702): 6 групп, 41 швов
2025-11-07 14:46:37,930 - INFO -    - Линия 087-FGB-0600 (_Линия: 087-FGB-0600): 2 групп, 41 швов
2025-11-07 14:46:37,930 - INFO -    - Линия 084-HGWS-0703 (_Линия: 084-HGWS-0703): 2 групп, 40 швов
2025-11-07 14:46:37,930 - INFO -    - Линия 084-LC-0703 (_Линия: 084-LC-0703): 2 групп, 40 швов
2025-11-07 14:46:37,930 - INFO -    - Линия 084-SSB-0708 (_Линия: 084-SSB-0708): 3 групп, 39 швов
2025-11-07 14:46:37,930 - INFO -    - Линия 087-PA-0608 (_Линия: 087-PA-0608): 5 групп, 39 швов
2025-11-07 14:46:37,931 - INFO -    - Линия 084-ATM-0700 (7) (_Линия: 084-ATM-0700): 2 групп, 38 швов
2025-11-07 14:46:37,931 - INFO -    - Линия 084-LS-0701 (_Линия: 084-LS-0701): 2 групп, 38 швов
2025-11-07 14:46:37,931 - INFO -    - Линия 087-HGWR-0601 (_Линия: 087-HGWR-0601): 4 групп, 38 швов
2025-11-07 14:46:37,931 - INFO -    - Линия 084-ING-0711 (_Линия: 084-ING-0711): 3 групп, 37 швов
2025-11-07 14:46:37,931 - INFO -    - Линия 084-ING-0712 (_Линия: 084-ING-0712): 3 групп, 37 швов
2025-11-07 14:46:37,932 - INFO -    - Линия 084-LS-0704 (_Линия: 084-LS-0704): 2 групп, 37 швов
2025-11-07 14:46:37,932 - INFO -    - Линия 084-PA-0703 (_Линия: 084-PA-0703): 2 групп, 37 швов
2025-11-07 14:46:37,932 - INFO -    - Линия 084-SSB-0704 (_Линия: 084-SSB-0704): 5 групп, 37 швов
2025-11-07 14:46:37,932 - INFO -    - Линия 084-FC-0718 (_Линия: 084-FC-0718): 5 групп, 36 швов
2025-11-07 14:46:37,932 - INFO -    - Линия 084-HGWR-0701 (_Линия: 084-HGWR-0701): 2 групп, 36 швов
2025-11-07 14:46:37,933 - INFO -    - Линия 084-ING-0709 (_Линия: 084-ING-0709): 4 групп, 36 швов
2025-11-07 14:46:37,933 - INFO -    - Линия 084-LC-0700 (_Линия: 084-LC-0700): 1 групп, 36 швов
2025-11-07 14:46:37,933 - INFO -    - Линия 084-LS-0702 (_Линия: 084-LS-0702): 2 групп, 36 швов
2025-11-07 14:46:37,933 - INFO -    - Линия 087-MFG-0610 (_Линия: 087-MFG-0610): 3 групп, 36 швов
2025-11-07 14:46:37,933 - INFO -    - Линия 084-DR-0723 (_Линия: 084-DR-0723): 3 групп, 34 швов
2025-11-07 14:46:37,933 - INFO -    - Линия 084-FC-0731 (_Линия: 084-FC-0731): 8 групп, 34 швов
2025-11-07 14:46:37,934 - INFO -    - Линия 087-PA-0601 (_Линия: 087-PA-0601): 4 групп, 34 швов
2025-11-07 14:46:37,934 - INFO -    - Линия 084-FC-0719 (_Линия: 084-FC-0719): 7 групп, 33 швов
2025-11-07 14:46:37,934 - INFO -    - Линия 084-SSB-0710 (_Линия: 084-SSB-0710): 1 групп, 33 швов
2025-11-07 14:46:37,934 - INFO -    - Линия 084-ST-0713 (_Линия: 084-ST-0713): 1 групп, 33 швов
2025-11-07 14:46:37,934 - INFO -    - Линия 087-LI-0604 (1) (_Линия: 087-LI-0604): 3 групп, 33 швов
2025-11-07 14:46:37,935 - INFO -    - Линия 084-ATM-0700 (6) (_Линия: 084-ATM-0700): 2 групп, 32 швов
2025-11-07 14:46:37,935 - INFO -    - Линия 084-DR-0728 (_Линия: 084-DR-0728): 3 групп, 32 швов
2025-11-07 14:46:37,936 - INFO -    - Линия 084-FC-0717 (_Линия: 084-FC-0717): 5 групп, 32 швов
2025-11-07 14:46:37,936 - INFO -    - Линия 084-IA-0701 (_Линия: 084-IA-0701): 1 групп, 32 швов
2025-11-07 14:46:37,937 - INFO -    - Линия 084-LC-0709 (_Линия: 084-LC-0709): 3 групп, 32 швов
2025-11-07 14:46:37,937 - INFO -    - Линия 084-SSB-0703 (_Линия: 084-SSB-0703): 5 групп, 32 швов
2025-11-07 14:46:37,938 - INFO -    - Линия 086-FL-2471 (_Линия: 086-FL-2471): 12 групп, 32 швов
2025-11-07 14:46:37,938 - INFO -    - Линия 084-LS-0700 (_Линия: 084-LS-0700): 1 групп, 31 швов
2025-11-07 14:46:37,938 - INFO -    - Линия 086-FL-2470 (_Линия: 086-FL-2470): 11 групп, 31 швов
2025-11-07 14:46:37,938 - INFO -    - Линия 087-LI-0602 (_Линия: 087-LI-0602): 3 групп, 31 швов
2025-11-07 14:46:37,938 - INFO -    - Линия 084-DR-0721 (_Линия: 084-DR-0721): 3 групп, 30 швов
2025-11-07 14:46:37,939 - INFO -    - Линия 084-HGWS-0701 (_Линия: 084-HGWS-0701): 2 групп, 30 швов
2025-11-07 14:46:37,939 - INFO -    - Линия 084-ING-0704 (_Линия: 084-ING-0704): 2 групп, 30 швов
2025-11-07 14:46:37,939 - INFO -    - Линия 084-SSB-0705 (_Линия: 084-SSB-0705): 5 групп, 30 швов
2025-11-07 14:46:37,939 - INFO -    - Линия 084-DR-0708 (_Линия: 084-DR-0708): 2 групп, 29 швов
2025-11-07 14:46:37,940 - INFO -    - Линия 084-DR-0725 (_Линия: 084-DR-0725): 3 групп, 29 швов
2025-11-07 14:46:37,940 - INFO -    - Линия 084-FC-0721 (_Линия: 084-FC-0721): 4 групп, 29 швов
2025-11-07 14:46:37,940 - INFO -    - Линия 084-FL-0700 (_Линия: 084-FL-0700): 10 групп, 29 швов
2025-11-07 14:46:37,940 - INFO -    - Линия 084-LC-0702 (_Линия: 084-LC-0702): 2 групп, 29 швов
2025-11-07 14:46:37,941 - INFO -    - Линия 084-SSB-0707 (_Линия: 084-SSB-0707): 3 групп, 29 швов
2025-11-07 14:46:37,941 - INFO -    - Линия 084-SSB-0709 (_Линия: 084-SSB-0709): 10 групп, 29 швов
2025-11-07 14:46:37,941 - INFO -    - Линия 087-MFG-0601 (_Линия: 087-MFG-0601): 3 групп, 29 швов
2025-11-07 14:46:37,942 - INFO -    - Линия 084-DR-0707 (_Линия: 084-DR-0707): 1 групп, 28 швов
2025-11-07 14:46:37,942 - INFO -    - Линия 084-DR-0729 (_Линия: 084-DR-0729): 2 групп, 28 швов
2025-11-07 14:46:37,942 - INFO -    - Линия 084-HGWS-0704 (_Линия: 084-HGWS-0704): 2 групп, 28 швов
2025-11-07 14:46:37,943 - INFO -    - Линия 040-FW-0001 (_Линия: 040-FW-0001): 4 групп, 27 швов
2025-11-07 14:46:37,943 - INFO -    - Линия 084-DR-0727 (_Линия: 084-DR-0727): 3 групп, 27 швов
2025-11-07 14:46:37,944 - INFO -    - Линия 084-DR-0724 (_Линия: 084-DR-0724): 1 групп, 26 швов
2025-11-07 14:46:37,945 - INFO -    - Линия 084-LC-0701 (_Линия: 084-LC-0701): 1 групп, 25 швов
2025-11-07 14:46:37,945 - INFO -    - Линия 084-LI-0715 (_Линия: 084-LI-0715): 2 групп, 25 швов
2025-11-07 14:46:37,945 - INFO -    - Линия 085-FH-2470 (_Линия: 085-FH-2470): 12 групп, 25 швов
2025-11-07 14:46:37,945 - INFO -    - Линия 084-FC-0740 (_Линия: 084-FC-0740): 3 групп, 24 швов
2025-11-07 14:46:37,946 - INFO -    - Линия 084-LI-0718 (_Линия: 084-LI-0718): 1 групп, 24 швов
2025-11-07 14:46:37,946 - INFO -    - Линия 084-PA-0715 (_Линия: 084-PA-0715): 2 групп, 24 швов
2025-11-07 14:46:37,946 - INFO -    - Линия 084-ST-0710 (_Линия: 084-ST-0710): 2 групп, 24 швов
2025-11-07 14:46:37,947 - INFO -    - Линия 087-MFG-0603 (_Линия: 087-MFG-0603): 7 групп, 24 швов
2025-11-07 14:46:37,947 - INFO -    - Линия 087-MFG-0604 (_Линия: 087-MFG-0604): 6 групп, 24 швов
2025-11-07 14:46:37,947 - INFO -    - Линия 084-ATM-0700 (3) (_Линия: 084-ATM-0700): 3 групп, 23 швов
2025-11-07 14:46:37,947 - INFO -    - Линия 084-PA-0719 (_Линия: 084-PA-0719): 1 групп, 23 швов
2025-11-07 14:46:37,948 - INFO -    - Линия 085-FH-2471 (_Линия: 085-FH-2471): 13 групп, 23 швов
2025-11-07 14:46:37,948 - INFO -    - Линия 087-MFG-0613 (_Линия: 087-MFG-0613): 4 групп, 23 швов
2025-11-07 14:46:37,948 - INFO -    - Линия 084-DR-0726 (_Линия: 084-DR-0726): 2 групп, 22 швов
2025-11-07 14:46:37,948 - INFO -    - Линия 084-SSB-0700 (_Линия: 084-SSB-0700): 2 групп, 22 швов
2025-11-07 14:46:37,948 - INFO -    - Линия 087-DN-0600 (_Линия: 087-DN-0600): 2 групп, 22 швов
2025-11-07 14:46:37,949 - INFO -    - Линия 084-ATM-0700 (2) (_Линия: 084-ATM-0700): 4 групп, 21 швов
2025-11-07 14:46:37,949 - INFO -    - Линия 084-ST-0701 (_Линия: 084-ST-0701): 2 групп, 21 швов
2025-11-07 14:46:37,949 - INFO -    - Линия 087-PA-0609 (_Линия: 087-PA-0609): 3 групп, 21 швов
2025-11-07 14:46:37,950 - INFO -    - Линия 084-ATM-0700 (4) (_Линия: 084-ATM-0700): 3 групп, 20 швов
2025-11-07 14:46:37,951 - INFO -    - Линия 084-HGWS-0707 (_Линия: 084-HGWS-0707): 2 групп, 20 швов
2025-11-07 14:46:37,951 - INFO -    - Линия 084-LI-0725 (_Линия: 084-LI-0725): 2 групп, 20 швов
2025-11-07 14:46:37,951 - INFO -    - Линия 084-SSB-0713 (_Линия: 084-SSB-0713): 1 групп, 20 швов
2025-11-07 14:46:37,951 - INFO -    - Линия 072-HGWS-0203 (_Линия: 072-HGWS-0203): 3 групп, 19 швов
2025-11-07 14:46:37,951 - INFO -    - Линия 084-FL-0723 (_Линия: 084-FL-0723): 6 групп, 19 швов
2025-11-07 14:46:37,952 - INFO -    - Линия 084-HGWR-0705 (_Линия: 084-HGWR-0705): 1 групп, 19 швов
2025-11-07 14:46:37,952 - INFO -    - Линия 084-HGWR-0706 (_Линия: 084-HGWR-0706): 1 групп, 19 швов
2025-11-07 14:46:37,952 - INFO -    - Линия 084-MFG-0702 (_Линия: 084-MFG-0702): 1 групп, 19 швов
2025-11-07 14:46:37,952 - INFO -    - Линия 084-MFG-0714 (_Линия: 084-MFG-0714): 3 групп, 19 швов
2025-11-07 14:46:37,952 - INFO -    - Линия 084-ST-0703 (_Линия: 084-ST-0703): 2 групп, 19 швов
2025-11-07 14:46:37,952 - INFO -    - Линия 084-DR-0731 (_Линия: 084-DR-0731): 1 групп, 18 швов
2025-11-07 14:46:37,953 - INFO -    - Линия 084-FC-0739 (_Линия: 084-FC-0739): 3 групп, 18 швов
2025-11-07 14:46:37,953 - INFO -    - Линия 084-FR-0702 (_Линия: 084-FR-0702): 7 групп, 18 швов
2025-11-07 14:46:37,953 - INFO -    - Линия 084-HGWR-0702 (_Линия: 084-HGWR-0702): 1 групп, 18 швов
2025-11-07 14:46:37,954 - INFO -    - Линия 084-ING-0705 (_Линия: 084-ING-0705): 2 групп, 18 швов
2025-11-07 14:46:37,954 - INFO -    - Линия 084-ING-0708 (_Линия: 084-ING-0708): 2 групп, 18 швов
2025-11-07 14:46:37,954 - INFO -    - Линия 084-MFG-0715 (_Линия: 084-MFG-0715): 1 групп, 18 швов
2025-11-07 14:46:37,954 - INFO -    - Линия 084-ST-0704 (_Линия: 084-ST-0704): 1 групп, 18 швов
2025-11-07 14:46:37,955 - INFO -    - Линия 087-DN-0601 (_Линия: 087-DN-0601): 2 групп, 18 швов
2025-11-07 14:46:37,955 - INFO -    - Линия 087-PA-0605 (1) (_Линия: 087-PA-0605): 2 групп, 18 швов
2025-11-07 14:46:37,955 - INFO -    - Линия 084-DR-0714 (_Линия: 084-DR-0714): 1 групп, 17 швов
2025-11-07 14:46:37,955 - INFO -    - Линия 084-DR-0717 (_Линия: 084-DR-0717): 1 групп, 17 швов
2025-11-07 14:46:37,956 - INFO -    - Линия 084-DR-0722 (_Линия: 084-DR-0722): 1 групп, 17 швов
2025-11-07 14:46:37,956 - INFO -    - Линия 084-HGWR-0707 (_Линия: 084-HGWR-0707): 1 групп, 17 швов
2025-11-07 14:46:37,956 - INFO -    - Линия 084-HGWS-0706 (_Линия: 084-HGWS-0706): 1 групп, 17 швов
2025-11-07 14:46:37,956 - INFO -    - Линия 084-PA-0705 (_Линия: 084-PA-0705): 2 групп, 17 швов
2025-11-07 14:46:37,956 - INFO -    - Линия 084-DW-0701 (_Линия: 084-DW-0701): 1 групп, 16 швов
2025-11-07 14:46:37,957 - INFO -    - Линия 084-HGWS-0702 (_Линия: 084-HGWS-0702): 2 групп, 16 швов
2025-11-07 14:46:37,957 - INFO -    - Линия 084-LI-0710 (_Линия: 084-LI-0710): 3 групп, 16 швов
2025-11-07 14:46:37,957 - INFO -    - Линия 084-LI-0724 (_Линия: 084-LI-0724): 1 групп, 16 швов
2025-11-07 14:46:37,957 - INFO -    - Линия 084-SSB-0717 (_Линия: 084-SSB-0717): 1 групп, 16 швов
2025-11-07 14:46:37,958 - INFO -    - Линия 087-FLL-0604 (_Линия: 087-FLL-0604): 3 групп, 16 швов
2025-11-07 14:46:37,958 - INFO -    - Линия 087-SSB-0610 (_Линия: 087-SSB-0610): 3 групп, 16 швов
2025-11-07 14:46:37,958 - INFO -    - Линия 084-DW-0704 (_Линия: 084-DW-0704): 1 групп, 15 швов
2025-11-07 14:46:37,959 - INFO -    - Линия 084-FC-0712 (_Линия: 084-FC-0712): 1 групп, 15 швов
2025-11-07 14:46:37,960 - INFO -    - Линия 084-FC-0722 (_Линия: 084-FC-0722): 1 групп, 15 швов
2025-11-07 14:46:37,960 - INFO -    - Линия 084-FL-0722 (_Линия: 084-FL-0722): 3 групп, 15 швов
2025-11-07 14:46:37,961 - INFO -    - Линия 084-FL-0726 (_Линия: 084-FL-0726): 1 групп, 15 швов
2025-11-07 14:46:37,961 - INFO -    - Линия 084-ING-0707 (_Линия: 084-ING-0707): 2 групп, 15 швов
2025-11-07 14:46:37,961 - INFO -    - Линия 084-LI-0705 (_Линия: 084-LI-0705): 1 групп, 15 швов
2025-11-07 14:46:37,961 - INFO -    - Линия 084-LI-0716 (_Линия: 084-LI-0716): 2 групп, 15 швов
2025-11-07 14:46:37,962 - INFO -    - Линия 084-PA-0717 (_Линия: 084-PA-0717): 1 групп, 15 швов
2025-11-07 14:46:37,962 - INFO -    - Линия 084-ST-0702 (_Линия: 084-ST-0702): 2 групп, 15 швов
2025-11-07 14:46:37,962 - INFO -    - Линия 084-ST-0711 (_Линия: 084-ST-0711): 1 групп, 15 швов
2025-11-07 14:46:37,962 - INFO -    - Линия 087-FLL-0605 (_Линия: 087-FLL-0605): 2 групп, 15 швов
2025-11-07 14:46:37,962 - INFO -    - Линия 087-HGWS-0601 (_Линия: 087-HGWS-0601): 3 групп, 15 швов
2025-11-07 14:46:37,963 - INFO -    - Линия 087-LC-0618 (_Линия: 087-LC-0618): 1 групп, 15 швов
2025-11-07 14:46:37,963 - INFO -    - Линия 087-MS-0601 (_Линия: 087-MS-0601): 3 групп, 15 швов
2025-11-07 14:46:37,964 - INFO -    - Линия 084-DR-0732 (_Линия: 084-DR-0732): 1 групп, 14 швов
2025-11-07 14:46:37,964 - INFO -    - Линия 084-DR-0733 (_Линия: 084-DR-0733): 1 групп, 14 швов
2025-11-07 14:46:37,964 - INFO -    - Линия 084-FL-0701 (_Линия: 084-FL-0701): 4 групп, 14 швов
2025-11-07 14:46:37,965 - INFO -    - Линия 084-HGWS-0705 (_Линия: 084-HGWS-0705): 1 групп, 14 швов
2025-11-07 14:46:37,965 - INFO -    - Линия 084-LI-0723 (_Линия: 084-LI-0723): 1 групп, 14 швов
2025-11-07 14:46:37,965 - INFO -    - Линия 084-LS-0705 (_Линия: 084-LS-0705): 1 групп, 14 швов
2025-11-07 14:46:37,966 - INFO -    - Линия 084-MS-0701 (_Линия: 084-MS-0701): 1 групп, 14 швов
2025-11-07 14:46:37,967 - INFO -    - Линия 084-PA-0721 (_Линия: 084-PA-0721): 1 групп, 14 швов
2025-11-07 14:46:37,968 - INFO -    - Линия 084-ST-0712 (_Линия: 084-ST-0712): 2 групп, 14 швов
2025-11-07 14:46:37,968 - INFO -    - Линия 087-LI-0609 (_Линия: 087-LI-0609): 1 групп, 14 швов
2025-11-07 14:46:37,969 - INFO -    - Линия 087-SSB-0609 (_Линия: 087-SSB-0609): 2 групп, 14 швов
2025-11-07 14:46:37,969 - INFO -    - Линия 062-MS-0201 (_Линия: 062-MS-0201): 6 групп, 13 швов
2025-11-07 14:46:37,969 - INFO -    - Линия 072-HGWS-0201 (_Линия: 072-HGWS-0201): 5 групп, 13 швов
2025-11-07 14:46:37,970 - INFO -    - Линия 084-ATM-0700 (5) (_Линия: 084-ATM-0700): 1 групп, 13 швов
2025-11-07 14:46:37,970 - INFO -    - Линия 084-DR-0735 (_Линия: 084-DR-0735): 1 групп, 13 швов
2025-11-07 14:46:37,970 - INFO -    - Линия 084-HGWR-0708 (_Линия: 084-HGWR-0708): 1 групп, 13 швов
2025-11-07 14:46:37,971 - INFO -    - Линия 084-LI-0714 (_Линия: 084-LI-0714): 2 групп, 13 швов
2025-11-07 14:46:37,971 - INFO -    - Линия 084-LI-0717 (_Линия: 084-LI-0717): 1 групп, 13 швов
2025-11-07 14:46:37,971 - INFO -    - Линия 084-PA-0716 (_Линия: 084-PA-0716): 2 групп, 13 швов
2025-11-07 14:46:37,971 - INFO -    - Линия 084-PA-0718 (_Линия: 084-PA-0718): 2 групп, 13 швов
2025-11-07 14:46:37,972 - INFO -    - Линия 087-FLL-0614 (_Линия: 087-FLL-0614): 3 групп, 13 швов
2025-11-07 14:46:37,972 - INFO -    - Линия 087-LC-0616 (_Линия: 087-LC-0616): 1 групп, 13 швов
2025-11-07 14:46:37,972 - INFO -    - Линия 087-LI-0603 (_Линия: 087-LI-0603): 2 групп, 13 швов
2025-11-07 14:46:37,972 - INFO -    - Линия 087-LI-0610 (_Линия: 087-LI-0610): 2 групп, 13 швов
2025-11-07 14:46:37,973 - INFO -    - Линия 087-PA-0604 (_Линия: 087-PA-0604): 1 групп, 13 швов
2025-11-07 14:46:37,973 - INFO -    - Линия 087-SSB-0607 (_Линия: 087-SSB-0607): 3 групп, 13 швов
2025-11-07 14:46:37,973 - INFO -    - Линия 084-DR-0709 (_Линия: 084-DR-0709): 1 групп, 12 швов
2025-11-07 14:46:37,974 - INFO -    - Линия 084-ING-0706 (_Линия: 084-ING-0706): 1 групп, 12 швов
2025-11-07 14:46:37,974 - INFO -    - Линия 087-FLL-0600 (_Линия: 087-FLL-0600): 7 групп, 12 швов
2025-11-07 14:46:37,974 - INFO -    - Линия 087-FLL-0612 (_Линия: 087-FLL-0612): 2 групп, 12 швов
2025-11-07 14:46:37,975 - INFO -    - Линия 087-FLL-0613 (_Линия: 087-FLL-0613): 2 групп, 12 швов
2025-11-07 14:46:37,975 - INFO -    - Линия 087-FLL-0615 (_Линия: 087-FLL-0615): 2 групп, 12 швов
2025-11-07 14:46:37,975 - INFO -    - Линия 087-LI-0605 (_Линия: 087-LI-0605): 3 групп, 12 швов
2025-11-07 14:46:37,975 - INFO -    - Линия 087-SSB-0604 (_Линия: 087-SSB-0604): 3 групп, 12 швов
2025-11-07 14:46:37,976 - INFO -    - Линия 087-SSB-0605 (_Линия: 087-SSB-0605): 2 групп, 12 швов
2025-11-07 14:46:37,976 - INFO -    - Линия 087-SSB-0606 (_Линия: 087-SSB-0606): 3 групп, 12 швов
2025-11-07 14:46:37,977 - INFO -    - Линия 087-SSB-0608 (_Линия: 087-SSB-0608): 2 групп, 12 швов
2025-11-07 14:46:37,977 - INFO -    - Линия 087-SSB-0611 (_Линия: 087-SSB-0611): 2 групп, 12 швов
2025-11-07 14:46:37,977 - INFO -    - Линия 072-HGWR-0201 (_Линия: 072-HGWR-0201): 3 групп, 11 швов
2025-11-07 14:46:37,977 - INFO -    - Линия 084-FC-0716 (_Линия: 084-FC-0716): 1 групп, 11 швов
2025-11-07 14:46:37,978 - INFO -    - Линия 084-FC-0732 (_Линия: 084-FC-0732): 1 групп, 11 швов
2025-11-07 14:46:37,978 - INFO -    - Линия 084-FL-0718 (_Линия: 084-FL-0718): 2 групп, 11 швов
2025-11-07 14:46:37,978 - INFO -    - Линия 084-FL-0729 (_Линия: 084-FL-0729): 1 групп, 11 швов
2025-11-07 14:46:37,978 - INFO -    - Линия 084-LI-0704 (_Линия: 084-LI-0704): 1 групп, 11 швов
2025-11-07 14:46:37,979 - INFO -    - Линия 084-LI-0709 (_Линия: 084-LI-0709): 2 групп, 11 швов
2025-11-07 14:46:37,979 - INFO -    - Линия 084-PA-0709 (_Линия: 084-PA-0709): 1 групп, 11 швов
2025-11-07 14:46:37,979 - INFO -    - Линия 084-SSB-0714 (_Линия: 084-SSB-0714): 1 групп, 11 швов
2025-11-07 14:46:37,979 - INFO -    - Линия 084-ST-0706 (_Линия: 084-ST-0706): 2 групп, 11 швов
2025-11-07 14:46:37,980 - INFO -    - Линия 084-ST-0707 (_Линия: 084-ST-0707): 1 групп, 11 швов
2025-11-07 14:46:37,980 - INFO -    - Линия 087-ATM-0602 (_Линия: 087-ATM-0602): 2 групп, 11 швов
2025-11-07 14:46:37,980 - INFO -    - Линия 087-MFG-0605 (2) (_Линия: 087-MFG-0605): 2 групп, 11 швов
2025-11-07 14:46:37,980 - INFO -    - Линия 084-DR-0709 (3) (_Линия: 084-DR-0709): 1 групп, 10 швов
2025-11-07 14:46:37,981 - INFO -    - Линия 084-FC-0701 (_Линия: 084-FC-0701): 4 групп, 10 швов
2025-11-07 14:46:37,981 - INFO -    - Линия 084-FC-0703 (_Линия: 084-FC-0703): 2 групп, 10 швов
2025-11-07 14:46:37,981 - INFO -    - Линия 084-FC-0705 (_Линия: 084-FC-0705): 1 групп, 10 швов
2025-11-07 14:46:37,982 - INFO -    - Линия 084-FC-0714 (_Линия: 084-FC-0714): 1 групп, 10 швов
2025-11-07 14:46:37,982 - INFO -    - Линия 084-FH-0708 (_Линия: 084-FH-0708): 2 групп, 10 швов
2025-11-07 14:46:37,983 - INFO -    - Линия 084-FH-0745 (_Линия: 084-FH-0745): 2 групп, 10 швов
2025-11-07 14:46:37,983 - INFO -    - Линия 084-LI-0708 (_Линия: 084-LI-0708): 1 групп, 10 швов
2025-11-07 14:46:37,983 - INFO -    - Линия 084-MFG-0704 (_Линия: 084-MFG-0704): 1 групп, 10 швов
2025-11-07 14:46:37,983 - INFO -    - Линия 084-MS-0707 (_Линия: 084-MS-0707): 1 групп, 10 швов
2025-11-07 14:46:37,984 - INFO -    - Линия 084-ST-0708 (_Линия: 084-ST-0708): 1 групп, 10 швов
2025-11-07 14:46:37,984 - INFO -    - Линия 084-ST-0729 (_Линия: 084-ST-0729): 1 групп, 10 швов
2025-11-07 14:46:37,984 - INFO -    - Линия 087-PA-0606 (_Линия: 087-PA-0606): 3 групп, 10 швов
2025-11-07 14:46:37,985 - INFO -    - Линия 087-PC-0600 (_Линия: 087-PC-0600): 2 групп, 10 швов
2025-11-07 14:46:37,985 - INFO -    - Линия 062-MS-0205 (_Линия: 062-MS-0205): 2 групп, 9 швов
2025-11-07 14:46:37,985 - INFO -    - Линия 072-HGWR-0203 (_Линия: 072-HGWR-0203): 3 групп, 9 швов
2025-11-07 14:46:37,986 - INFO -    - Линия 084-DR-0739 (_Линия: 084-DR-0739): 1 групп, 9 швов
2025-11-07 14:46:37,986 - INFO -    - Линия 084-FH-0731 (_Линия: 084-FH-0731): 2 групп, 9 швов
2025-11-07 14:46:37,986 - INFO -    - Линия 084-FH-0736 (_Линия: 084-FH-0736): 2 групп, 9 швов
2025-11-07 14:46:37,986 - INFO -    - Линия 084-FL-0724 (_Линия: 084-FL-0724): 2 групп, 9 швов
2025-11-07 14:46:37,987 - INFO -    - Линия 084-FL-0725 (_Линия: 084-FL-0725): 1 групп, 9 швов
2025-11-07 14:46:37,987 - INFO -    - Линия 084-FR-0717 (_Линия: 084-FR-0717): 2 групп, 9 швов
2025-11-07 14:46:37,987 - INFO -    - Линия 084-LI-0712 (_Линия: 084-LI-0712): 1 групп, 9 швов
2025-11-07 14:46:37,987 - INFO -    - Линия 084-PC-0700 (_Линия: 084-PC-0700): 2 групп, 9 швов
2025-11-07 14:46:37,988 - INFO -    - Линия 084-SSB-0715 (_Линия: 084-SSB-0715): 1 групп, 9 швов
2025-11-07 14:46:37,988 - INFO -    - Линия 084-ST-0709 (_Линия: 084-ST-0709): 1 групп, 9 швов
2025-11-07 14:46:37,988 - INFO -    - Линия 084-ST-0715 (_Линия: 084-ST-0715): 1 групп, 9 швов
2025-11-07 14:46:37,988 - INFO -    - Линия 087-ATM-0601 (_Линия: 087-ATM-0601): 4 групп, 9 швов
2025-11-07 14:46:37,989 - INFO -    - Линия 087-LC-0615 (_Линия: 087-LC-0615): 1 групп, 9 швов
2025-11-07 14:46:37,989 - INFO -    - Линия 087-LI-0601 (_Линия: 087-LI-0601): 2 групп, 9 швов
2025-11-07 14:46:37,989 - INFO -    - Линия 087-PA-0602 (_Линия: 087-PA-0602): 2 групп, 9 швов
2025-11-07 14:46:37,989 - INFO -    - Линия 005-IA-0601 (_Линия: 005-IA-0601): 3 групп, 8 швов
2025-11-07 14:46:37,990 - INFO -    - Линия 062-MS-0202 (_Линия: 062-MS-0202): 3 групп, 8 швов
2025-11-07 14:46:37,990 - INFO -    - Линия 084-ATM-0702 (_Линия: 084-ATM-0702): 1 групп, 8 швов
2025-11-07 14:46:37,990 - INFO -    - Линия 084-DR-0714 (1) (_Линия: 084-DR-0714): 1 групп, 8 швов
2025-11-07 14:46:37,990 - INFO -    - Линия 084-DR-0717 (1) (_Линия: 084-DR-0717): 1 групп, 8 швов
2025-11-07 14:46:37,991 - INFO -    - Линия 084-DR-0720 (1) (_Линия: 084-DR-0720): 1 групп, 8 швов
2025-11-07 14:46:37,991 - INFO -    - Линия 084-DR-0734 (_Линия: 084-DR-0734): 1 групп, 8 швов
2025-11-07 14:46:37,991 - INFO -    - Линия 084-DR-0747 (_Линия: 084-DR-0747): 2 групп, 8 швов
2025-11-07 14:46:37,992 - INFO -    - Линия 084-DR-0748 (_Линия: 084-DR-0748): 1 групп, 8 швов
2025-11-07 14:46:37,992 - INFO -    - Линия 084-FH-0744 (_Линия: 084-FH-0744): 1 групп, 8 швов
2025-11-07 14:46:37,993 - INFO -    - Линия 084-FR-0703 (_Линия: 084-FR-0703): 4 групп, 8 швов
2025-11-07 14:46:37,993 - INFO -    - Линия 084-LI-0702 (_Линия: 084-LI-0702): 1 групп, 8 швов
2025-11-07 14:46:37,993 - INFO -    - Линия 084-PA-0711 (_Линия: 084-PA-0711): 1 групп, 8 швов
2025-11-07 14:46:37,993 - INFO -    - Линия 084-ST-0716 (_Линия: 084-ST-0716): 1 групп, 8 швов
2025-11-07 14:46:37,994 - INFO -    - Линия 084-ST-0717 (_Линия: 084-ST-0717): 1 групп, 8 швов
2025-11-07 14:46:37,994 - INFO -    - Линия 084-ST-0722 (_Линия: 084-ST-0722): 2 групп, 8 швов
2025-11-07 14:46:37,995 - INFO -    - Линия 084-ST-0726 (_Линия: 084-ST-0726): 1 групп, 8 швов
2025-11-07 14:46:37,995 - INFO -    - Линия 087-LC-0617 (_Линия: 087-LC-0617): 1 групп, 8 швов
2025-11-07 14:46:37,995 - INFO -    - Линия 087-LI-0606 (_Линия: 087-LI-0606): 2 групп, 8 швов
2025-11-07 14:46:37,995 - INFO -    - Линия 087-MFG-0615 (_Линия: 087-MFG-0615): 2 групп, 8 швов
2025-11-07 14:46:37,996 - INFO -    - Линия 005-LI-0601 (_Линия: 005-LI-0601): 3 групп, 7 швов
2025-11-07 14:46:37,996 - INFO -    - Линия 005-LI-0602 (_Линия: 005-LI-0602): 3 групп, 7 швов
2025-11-07 14:46:37,996 - INFO -    - Линия 049-MFG-0501 (_Линия: 049-MFG-0501): 4 групп, 7 швов
2025-11-07 14:46:37,996 - INFO -    - Линия 049-MFG-0504 (_Линия: 049-MFG-0504): 2 групп, 7 швов
2025-11-07 14:46:37,997 - INFO -    - Линия 062-MS-0204 (_Линия: 062-MS-0204): 1 групп, 7 швов
2025-11-07 14:46:37,997 - INFO -    - Линия 084-ATM-0703 (_Линия: 084-ATM-0703): 2 групп, 7 швов
2025-11-07 14:46:37,997 - INFO -    - Линия 084-DR-0713 (_Линия: 084-DR-0713): 1 групп, 7 швов
2025-11-07 14:46:37,998 - INFO -    - Линия 084-DR-0744 (_Линия: 084-DR-0744): 1 групп, 7 швов
2025-11-07 14:46:37,998 - INFO -    - Линия 084-FH-0703 (_Линия: 084-FH-0703): 2 групп, 7 швов
2025-11-07 14:46:37,999 - INFO -    - Линия 084-FH-0719 (_Линия: 084-FH-0719): 2 групп, 7 швов
2025-11-07 14:46:37,999 - INFO -    - Линия 084-FH-0739 (_Линия: 084-FH-0739): 1 групп, 7 швов
2025-11-07 14:46:37,999 - INFO -    - Линия 084-FL-0702 (_Линия: 084-FL-0702): 5 групп, 7 швов
2025-11-07 14:46:38,000 - INFO -    - Линия 084-FL-0712 (_Линия: 084-FL-0712): 1 групп, 7 швов
2025-11-07 14:46:38,000 - INFO -    - Линия 084-FL-0728 (_Линия: 084-FL-0728): 2 групп, 7 швов
2025-11-07 14:46:38,000 - INFO -    - Линия 084-FR-0725 (_Линия: 084-FR-0725): 1 групп, 7 швов
2025-11-07 14:46:38,001 - INFO -    - Линия 084-LI-0711 (_Линия: 084-LI-0711): 1 групп, 7 швов
2025-11-07 14:46:38,001 - INFO -    - Линия 084-MFG-0705 (_Линия: 084-MFG-0705): 1 групп, 7 швов
2025-11-07 14:46:38,001 - INFO -    - Линия 084-MFG-0717 (_Линия: 084-MFG-0717): 1 групп, 7 швов
2025-11-07 14:46:38,001 - INFO -    - Линия 084-PA-0721 (1) (_Линия: 084-PA-0721): 1 групп, 7 швов
2025-11-07 14:46:38,001 - INFO -    - Линия 084-PA-0721 (2) (_Линия: 084-PA-0721): 1 групп, 7 швов
2025-11-07 14:46:38,002 - INFO -    - Линия 084-SSB-0711 (_Линия: 084-SSB-0711): 1 групп, 7 швов
2025-11-07 14:46:38,002 - INFO -    - Линия 084-ST-0705 (_Линия: 084-ST-0705): 1 групп, 7 швов
2025-11-07 14:46:38,002 - INFO -    - Линия 084-ST-0720 (_Линия: 084-ST-0720): 1 групп, 7 швов
2025-11-07 14:46:38,002 - INFO -    - Линия 087-FLL-0601 (_Линия: 087-FLL-0601): 3 групп, 7 швов
2025-11-07 14:46:38,003 - INFO -    - Линия 087-LC-0603 (_Линия: 087-LC-0603): 1 групп, 7 швов
2025-11-07 14:46:38,003 - INFO -    - Линия 087-LI-0607 (_Линия: 087-LI-0607): 1 групп, 7 швов
2025-11-07 14:46:38,003 - INFO -    - Линия 087-LI-0608 (_Линия: 087-LI-0608): 1 групп, 7 швов
2025-11-07 14:46:38,003 - INFO -    - Линия 087-MFG-0614 (_Линия: 087-MFG-0614): 1 групп, 7 швов
2025-11-07 14:46:38,003 - INFO -    - Линия 087-PA-0603 (_Линия: 087-PA-0603): 1 групп, 7 швов
2025-11-07 14:46:38,004 - INFO -    - Линия 088-FC-0700 (_Линия: 088-FC-0700): 3 групп, 7 швов
2025-11-07 14:46:38,004 - INFO -    - Линия 005-IA-0602 (_Линия: 005-IA-0602): 2 групп, 6 швов
2025-11-07 14:46:38,004 - INFO -    - Линия 005-PA-0601 (_Линия: 005-PA-0601): 3 групп, 6 швов
2025-11-07 14:46:38,004 - INFO -    - Линия 005-PA-0602 (_Линия: 005-PA-0602): 2 групп, 6 швов
2025-11-07 14:46:38,005 - INFO -    - Линия 084-DR-0710 (_Линия: 084-DR-0710): 1 групп, 6 швов
2025-11-07 14:46:38,005 - INFO -    - Линия 084-DR-0719 (_Линия: 084-DR-0719): 2 групп, 6 швов
2025-11-07 14:46:38,005 - INFO -    - Линия 084-DR-0720 (_Линия: 084-DR-0720): 1 групп, 6 швов
2025-11-07 14:46:38,005 - INFO -    - Линия 084-DR-0742 (_Линия: 084-DR-0742): 1 групп, 6 швов
2025-11-07 14:46:38,005 - INFO -    - Линия 084-DR-0746 (_Линия: 084-DR-0746): 1 групп, 6 швов
2025-11-07 14:46:38,006 - INFO -    - Линия 084-FC-0706 (_Линия: 084-FC-0706): 1 групп, 6 швов
2025-11-07 14:46:38,006 - INFO -    - Линия 084-FC-0715 (_Линия: 084-FC-0715): 2 групп, 6 швов
2025-11-07 14:46:38,006 - INFO -    - Линия 084-FC-0726 (_Линия: 084-FC-0726): 1 групп, 6 швов
2025-11-07 14:46:38,007 - INFO -    - Линия 084-FH-0712 (_Линия: 084-FH-0712): 1 групп, 6 швов
2025-11-07 14:46:38,007 - INFO -    - Линия 084-FH-0716 (_Линия: 084-FH-0716): 1 групп, 6 швов
2025-11-07 14:46:38,007 - INFO -    - Линия 084-FH-0740 (_Линия: 084-FH-0740): 1 групп, 6 швов
2025-11-07 14:46:38,007 - INFO -    - Линия 084-FR-0712 (_Линия: 084-FR-0712): 1 групп, 6 швов
2025-11-07 14:46:38,007 - INFO -    - Линия 084-FR-0722 (_Линия: 084-FR-0722): 1 групп, 6 швов
2025-11-07 14:46:38,008 - INFO -    - Линия 084-LI-0726 (_Линия: 084-LI-0726): 1 групп, 6 швов
2025-11-07 14:46:38,008 - INFO -    - Линия 084-MFG-0716 (_Линия: 084-MFG-0716): 1 групп, 6 швов
2025-11-07 14:46:38,008 - INFO -    - Линия 084-MFG-0718 (_Линия: 084-MFG-0718): 1 групп, 6 швов
2025-11-07 14:46:38,008 - INFO -    - Линия 084-PA-0704 (_Линия: 084-PA-0704): 1 групп, 6 швов
2025-11-07 14:46:38,008 - INFO -    - Линия 084-SSB-0719 (_Линия: 084-SSB-0719): 2 групп, 6 швов
2025-11-07 14:46:38,009 - INFO -    - Линия 084-ST-0714 (_Линия: 084-ST-0714): 1 групп, 6 швов
2025-11-07 14:46:38,009 - INFO -    - Линия 084-ST-0718 (_Линия: 084-ST-0718): 1 групп, 6 швов
2025-11-07 14:46:38,009 - INFO -    - Линия 087-LI-0604 (2) (_Линия: 087-LI-0604): 1 групп, 6 швов
2025-11-07 14:46:38,009 - INFO -    - Линия 084-ATM-0704 (_Линия: 084-ATM-0704): 1 групп, 5 швов
2025-11-07 14:46:38,010 - INFO -    - Линия 084-DR-0711 (_Линия: 084-DR-0711): 1 групп, 5 швов
2025-11-07 14:46:38,010 - INFO -    - Линия 084-DR-0712 (_Линия: 084-DR-0712): 1 групп, 5 швов
2025-11-07 14:46:38,010 - INFO -    - Линия 084-DR-0736 (_Линия: 084-DR-0736): 1 групп, 5 швов
2025-11-07 14:46:38,011 - INFO -    - Линия 084-DR-0740 (_Линия: 084-DR-0740): 1 групп, 5 швов
2025-11-07 14:46:38,011 - INFO -    - Линия 084-DW-0703 (_Линия: 084-DW-0703): 2 групп, 5 швов
2025-11-07 14:46:38,011 - INFO -    - Линия 084-FC-0720 (_Линия: 084-FC-0720): 1 групп, 5 швов
2025-11-07 14:46:38,011 - INFO -    - Линия 084-FH-0702 (_Линия: 084-FH-0702): 3 групп, 5 швов
2025-11-07 14:46:38,012 - INFO -    - Линия 084-FH-0713 (_Линия: 084-FH-0713): 1 групп, 5 швов
2025-11-07 14:46:38,012 - INFO -    - Линия 084-FH-0715 (_Линия: 084-FH-0715): 2 групп, 5 швов
2025-11-07 14:46:38,012 - INFO -    - Линия 084-FH-0718 (_Линия: 084-FH-0718): 3 групп, 5 швов
2025-11-07 14:46:38,013 - INFO -    - Линия 084-FH-0742 (_Линия: 084-FH-0742): 2 групп, 5 швов
2025-11-07 14:46:38,014 - INFO -    - Линия 084-FH-0746 (_Линия: 084-FH-0746): 1 групп, 5 швов
2025-11-07 14:46:38,014 - INFO -    - Линия 084-FH-0747 (_Линия: 084-FH-0747): 1 групп, 5 швов
2025-11-07 14:46:38,014 - INFO -    - Линия 084-FL-0715 (_Линия: 084-FL-0715): 1 групп, 5 швов
2025-11-07 14:46:38,015 - INFO -    - Линия 084-FR-0714 (_Линия: 084-FR-0714): 1 групп, 5 швов
2025-11-07 14:46:38,015 - INFO -    - Линия 084-FR-0724 (_Линия: 084-FR-0724): 1 групп, 5 швов
2025-11-07 14:46:38,016 - INFO -    - Линия 084-LI-0720 (_Линия: 084-LI-0720): 1 групп, 5 швов
2025-11-07 14:46:38,016 - INFO -    - Линия 084-LI-0721 (_Линия: 084-LI-0721): 1 групп, 5 швов
2025-11-07 14:46:38,017 - INFO -    - Линия 084-MFG-0703 (_Линия: 084-MFG-0703): 1 групп, 5 швов
2025-11-07 14:46:38,017 - INFO -    - Линия 084-MFG-0706 (_Линия: 084-MFG-0706): 2 групп, 5 швов
2025-11-07 14:46:38,017 - INFO -    - Линия 084-MFG-0712 (_Линия: 084-MFG-0712): 1 групп, 5 швов
2025-11-07 14:46:38,018 - INFO -    - Линия 084-MFG-0713 (_Линия: 084-MFG-0713): 1 групп, 5 швов
2025-11-07 14:46:38,018 - INFO -    - Линия 084-PA-0702 (_Линия: 084-PA-0702): 1 групп, 5 швов
2025-11-07 14:46:38,018 - INFO -    - Линия 084-PA-0706 (_Линия: 084-PA-0706): 1 групп, 5 швов
2025-11-07 14:46:38,018 - INFO -    - Линия 084-PA-0720 (_Линия: 084-PA-0720): 1 групп, 5 швов
2025-11-07 14:46:38,019 - INFO -    - Линия 084-SSB-0712 (_Линия: 084-SSB-0712): 1 групп, 5 швов
2025-11-07 14:46:38,019 - INFO -    - Линия 084-SSB-0718 (_Линия: 084-SSB-0718): 1 групп, 5 швов
2025-11-07 14:46:38,019 - INFO -    - Линия 087-MFG-0605 (1) (_Линия: 087-MFG-0605): 1 групп, 5 швов
2025-11-07 14:46:38,019 - INFO -    - Линия 087-PA-0607 (_Линия: 087-PA-0607): 2 групп, 5 швов
2025-11-07 14:46:38,020 - INFO -    - Линия 069-LC-0202 (_Линия: 069-LC-0202): 1 групп, 4 швов
2025-11-07 14:46:38,020 - INFO -    - Линия 084-DR-0709 (1) (_Линия: 084-DR-0709): 1 групп, 4 швов
2025-11-07 14:46:38,020 - INFO -    - Линия 084-DR-0709 (2) (_Линия: 084-DR-0709): 1 групп, 4 швов
2025-11-07 14:46:38,020 - INFO -    - Линия 084-DR-0716 (_Линия: 084-DR-0716): 1 групп, 4 швов
2025-11-07 14:46:38,021 - INFO -    - Линия 084-DR-0730 (_Линия: 084-DR-0730): 2 групп, 4 швов
2025-11-07 14:46:38,021 - INFO -    - Линия 084-DR-0741 (_Линия: 084-DR-0741): 2 групп, 4 швов
2025-11-07 14:46:38,021 - INFO -    - Линия 084-DR-0743 (_Линия: 084-DR-0743): 1 групп, 4 швов
2025-11-07 14:46:38,022 - INFO -    - Линия 084-DR-0751 (_Линия: 084-DR-0751): 1 групп, 4 швов
2025-11-07 14:46:38,022 - INFO -    - Линия 084-FC-0704 (_Линия: 084-FC-0704): 1 групп, 4 швов
2025-11-07 14:46:38,022 - INFO -    - Линия 084-FC-0707 (_Линия: 084-FC-0707): 1 групп, 4 швов
2025-11-07 14:46:38,022 - INFO -    - Линия 084-FC-0708 (_Линия: 084-FC-0708): 1 групп, 4 швов
2025-11-07 14:46:38,023 - INFO -    - Линия 084-FC-0711 (_Линия: 084-FC-0711): 1 групп, 4 швов
2025-11-07 14:46:38,023 - INFO -    - Линия 084-FC-0713 (_Линия: 084-FC-0713): 1 групп, 4 швов
2025-11-07 14:46:38,023 - INFO -    - Линия 084-FC-0725 (_Линия: 084-FC-0725): 1 групп, 4 швов
2025-11-07 14:46:38,023 - INFO -    - Линия 084-FC-0733 (_Линия: 084-FC-0733): 1 групп, 4 швов
2025-11-07 14:46:38,024 - INFO -    - Линия 084-FC-0734 (_Линия: 084-FC-0734): 1 групп, 4 швов
2025-11-07 14:46:38,024 - INFO -    - Линия 084-FC-0735 (_Линия: 084-FC-0735): 1 групп, 4 швов
2025-11-07 14:46:38,024 - INFO -    - Линия 084-FH-0704 (_Линия: 084-FH-0704): 4 групп, 4 швов
2025-11-07 14:46:38,024 - INFO -    - Линия 084-FH-0710 (_Линия: 084-FH-0710): 3 групп, 4 швов
2025-11-07 14:46:38,025 - INFO -    - Линия 084-FH-0714 (_Линия: 084-FH-0714): 1 групп, 4 швов
2025-11-07 14:46:38,025 - INFO -    - Линия 084-FH-0722 (_Линия: 084-FH-0722): 2 групп, 4 швов
2025-11-07 14:46:38,025 - INFO -    - Линия 084-FH-0724 (_Линия: 084-FH-0724): 2 групп, 4 швов
2025-11-07 14:46:38,025 - INFO -    - Линия 084-FH-0733 (_Линия: 084-FH-0733): 1 групп, 4 швов
2025-11-07 14:46:38,026 - INFO -    - Линия 084-FL-0706 (_Линия: 084-FL-0706): 3 групп, 4 швов
2025-11-07 14:46:38,026 - INFO -    - Линия 084-FL-0707 (_Линия: 084-FL-0707): 2 групп, 4 швов
2025-11-07 14:46:38,026 - INFO -    - Линия 084-FL-0714 (_Линия: 084-FL-0714): 2 групп, 4 швов
2025-11-07 14:46:38,026 - INFO -    - Линия 084-FL-0717 (_Линия: 084-FL-0717): 2 групп, 4 швов
2025-11-07 14:46:38,027 - INFO -    - Линия 084-FL-0719 (_Линия: 084-FL-0719): 2 групп, 4 швов
2025-11-07 14:46:38,027 - INFO -    - Линия 084-FR-0710 (_Линия: 084-FR-0710): 3 групп, 4 швов
2025-11-07 14:46:38,027 - INFO -    - Линия 084-FR-0723 (_Линия: 084-FR-0723): 2 групп, 4 швов
2025-11-07 14:46:38,028 - INFO -    - Линия 084-MFG-0708 (_Линия: 084-MFG-0708): 1 групп, 4 швов
2025-11-07 14:46:38,028 - INFO -    - Линия 084-MFG-0709 (_Линия: 084-MFG-0709): 1 групп, 4 швов
2025-11-07 14:46:38,028 - INFO -    - Линия 084-SSB-0716 (_Линия: 084-SSB-0716): 1 групп, 4 швов
2025-11-07 14:46:38,029 - INFO -    - Линия 087-LC-0619 (_Линия: 087-LC-0619): 1 групп, 4 швов
2025-11-07 14:46:38,029 - INFO -    - Линия 033-DW-0016 (_Линия: 033-DW-0016): 1 групп, 3 швов
2025-11-07 14:46:38,030 - INFO -    - Линия 069-LC-0201 (_Линия: 069-LC-0201): 3 групп, 3 швов
2025-11-07 14:46:38,030 - INFO -    - Линия 084-DR-0750 (_Линия: 084-DR-0750): 1 групп, 3 швов
2025-11-07 14:46:38,030 - INFO -    - Линия 084-FC-0723 (_Линия: 084-FC-0723): 1 групп, 3 швов
2025-11-07 14:46:38,030 - INFO -    - Линия 084-FC-0724 (_Линия: 084-FC-0724): 1 групп, 3 швов
2025-11-07 14:46:38,031 - INFO -    - Линия 084-FH-0705 (_Линия: 084-FH-0705): 3 групп, 3 швов
2025-11-07 14:46:38,031 - INFO -    - Линия 084-FH-0709 (_Линия: 084-FH-0709): 2 групп, 3 швов
2025-11-07 14:46:38,031 - INFO -    - Линия 084-FH-0723 (_Линия: 084-FH-0723): 1 групп, 3 швов
2025-11-07 14:46:38,031 - INFO -    - Линия 084-FH-0743 (_Линия: 084-FH-0743): 1 групп, 3 швов
2025-11-07 14:46:38,032 - INFO -    - Линия 084-FL-0730 (_Линия: 084-FL-0730): 1 групп, 3 швов
2025-11-07 14:46:38,032 - INFO -    - Линия 084-FR-0709 (_Линия: 084-FR-0709): 1 групп, 3 швов
2025-11-07 14:46:38,032 - INFO -    - Линия 084-LI-0706 (_Линия: 084-LI-0706): 1 групп, 3 швов
2025-11-07 14:46:38,032 - INFO -    - Линия 084-LI-0707 (_Линия: 084-LI-0707): 1 групп, 3 швов
2025-11-07 14:46:38,033 - INFO -    - Линия 084-MFG-0710 (_Линия: 084-MFG-0710): 1 групп, 3 швов
2025-11-07 14:46:38,033 - INFO -    - Линия 084-MFG-0719 (_Линия: 084-MFG-0719): 1 групп, 3 швов
2025-11-07 14:46:38,033 - INFO -    - Линия 084-SSB-0721 (_Линия: 084-SSB-0721): 1 групп, 3 швов
2025-11-07 14:46:38,034 - INFO -    - Линия 084-ST-0719 (_Линия: 084-ST-0719): 2 групп, 3 швов
2025-11-07 14:46:38,034 - INFO -    - Линия 084-ST-0721 (_Линия: 084-ST-0721): 2 групп, 3 швов
2025-11-07 14:46:38,035 - INFO -    - Линия 084-ST-0724 (_Линия: 084-ST-0724): 1 групп, 3 швов
2025-11-07 14:46:38,035 - INFO -    - Линия 084-ST-0725 (_Линия: 084-ST-0725): 1 групп, 3 швов
2025-11-07 14:46:38,036 - INFO -    - Линия 087-DN-0603 (_Линия: 087-DN-0603): 2 групп, 3 швов
2025-11-07 14:46:38,036 - INFO -    - Линия 087-DN-0604 (_Линия: 087-DN-0604): 2 групп, 3 швов
2025-11-07 14:46:38,036 - INFO -    - Линия 087-FLL-0609 (_Линия: 087-FLL-0609): 1 групп, 3 швов
2025-11-07 14:46:38,037 - INFO -    - Линия 087-FLL-0610 (_Линия: 087-FLL-0610): 1 групп, 3 швов
2025-11-07 14:46:38,037 - INFO -    - Линия 087-FLL-0611 (_Линия: 087-FLL-0611): 1 групп, 3 швов
2025-11-07 14:46:38,037 - INFO -    - Линия 087-LC-0611 (_Линия: 087-LC-0611): 1 групп, 3 швов
2025-11-07 14:46:38,038 - INFO -    - Линия 087-LC-0612 (_Линия: 087-LC-0612): 1 групп, 3 швов
2025-11-07 14:46:38,038 - INFO -    - Линия 087-LC-0613 (_Линия: 087-LC-0613): 1 групп, 3 швов
2025-11-07 14:46:38,038 - INFO -    - Линия 087-LC-0614 (_Линия: 087-LC-0614): 1 групп, 3 швов
2025-11-07 14:46:38,038 - INFO -    - Линия 087-LC-0620 (_Линия: 087-LC-0620): 1 групп, 3 швов
2025-11-07 14:46:38,038 - INFO -    - Линия 084-DR-0737 (_Линия: 084-DR-0737): 1 групп, 2 швов
2025-11-07 14:46:38,039 - INFO -    - Линия 084-DR-0738 (_Линия: 084-DR-0738): 1 групп, 2 швов
2025-11-07 14:46:38,039 - INFO -    - Линия 084-FC-0702 (_Линия: 084-FC-0702): 2 групп, 2 швов
2025-11-07 14:46:38,039 - INFO -    - Линия 084-FC-0727 (_Линия: 084-FC-0727): 2 групп, 2 швов
2025-11-07 14:46:38,039 - INFO -    - Линия 084-FC-0729 (_Линия: 084-FC-0729): 2 групп, 2 швов
2025-11-07 14:46:38,040 - INFO -    - Линия 084-FC-0730 (_Линия: 084-FC-0730): 2 групп, 2 швов
2025-11-07 14:46:38,040 - INFO -    - Линия 084-FC-0736 (_Линия: 084-FC-0736): 2 групп, 2 швов
2025-11-07 14:46:38,040 - INFO -    - Линия 084-FC-0737 (_Линия: 084-FC-0737): 2 групп, 2 швов
2025-11-07 14:46:38,040 - INFO -    - Линия 084-FC-0738 (_Линия: 084-FC-0738): 2 групп, 2 швов
2025-11-07 14:46:38,040 - INFO -    - Линия 084-FH-0721 (_Линия: 084-FH-0721): 1 групп, 2 швов
2025-11-07 14:46:38,041 - INFO -    - Линия 084-FH-0725 (_Линия: 084-FH-0725): 1 групп, 2 швов
2025-11-07 14:46:38,041 - INFO -    - Линия 084-FH-0734 (_Линия: 084-FH-0734): 2 групп, 2 швов
2025-11-07 14:46:38,041 - INFO -    - Линия 084-FL-0708 (_Линия: 084-FL-0708): 2 групп, 2 швов
2025-11-07 14:46:38,041 - INFO -    - Линия 084-FL-0709 (_Линия: 084-FL-0709): 2 групп, 2 швов
2025-11-07 14:46:38,042 - INFO -    - Линия 084-FL-0711 (_Линия: 084-FL-0711): 2 групп, 2 швов
2025-11-07 14:46:38,042 - INFO -    - Линия 084-FR-0700 (_Линия: 084-FR-0700): 2 групп, 2 швов
2025-11-07 14:46:38,042 - INFO -    - Линия 084-FR-0704 (_Линия: 084-FR-0704): 2 групп, 2 швов
2025-11-07 14:46:38,042 - INFO -    - Линия 084-FR-0708 (_Линия: 084-FR-0708): 2 групп, 2 швов
2025-11-07 14:46:38,043 - INFO -    - Линия 084-FR-0719 (_Линия: 084-FR-0719): 1 групп, 2 швов
2025-11-07 14:46:38,043 - INFO -    - Линия 084-FR-0726 (_Линия: 084-FR-0726): 1 групп, 2 швов
2025-11-07 14:46:38,043 - INFO -    - Линия 084-ST-0730 (_Линия: 084-ST-0730): 1 групп, 2 швов
2025-11-07 14:46:38,043 - INFO -    - Линия 084-ST-0731 (_Линия: 084-ST-0731): 1 групп, 2 швов
2025-11-07 14:46:38,044 - INFO -    - Линия 084-ST-0732 (_Линия: 084-ST-0732): 1 групп, 2 швов
2025-11-07 14:46:38,044 - INFO -    - Линия 087-FLL-0606 (_Линия: 087-FLL-0606): 1 групп, 2 швов
2025-11-07 14:46:38,045 - INFO -    - Линия 087-FLL-0607 (_Линия: 087-FLL-0607): 1 групп, 2 швов
2025-11-07 14:46:38,045 - INFO -    - Линия 087-FLL-0608 (_Линия: 087-FLL-0608): 1 групп, 2 швов
2025-11-07 14:46:38,045 - INFO -    - Линия 087-MFG-0611 (_Линия: 087-MFG-0611): 2 групп, 2 швов
2025-11-07 14:46:38,045 - INFO -    - Линия 087-MFG-0612 (_Линия: 087-MFG-0612): 2 групп, 2 швов
2025-11-07 14:46:38,046 - INFO -    - Линия 087-PA-0605 (2) (_Линия: 087-PA-0605): 1 групп, 2 швов
2025-11-07 14:46:38,046 - INFO -    - Линия 084-DR-0715 (_Линия: 084-DR-0715): 1 групп, 1 швов
2025-11-07 14:46:38,047 - INFO -    - Линия 084-DR-0718 (_Линия: 084-DR-0718): 1 групп, 1 швов
2025-11-07 14:46:38,047 - INFO -    - Линия 084-FH-0700 (_Линия: 084-FH-0700): 1 групп, 1 швов
2025-11-07 14:46:38,047 - INFO -    - Линия 084-FH-0728 (_Линия: 084-FH-0728): 1 групп, 1 швов
2025-11-07 14:46:38,047 - INFO -    - Линия 084-FH-0730 (_Линия: 084-FH-0730): 1 групп, 1 швов
2025-11-07 14:46:38,047 - INFO -    - Линия 084-FL-0720 (_Линия: 084-FL-0720): 1 групп, 1 швов
2025-11-07 14:46:38,047 - INFO -    - Линия 084-FL-0721 (_Линия: 084-FL-0721): 1 групп, 1 швов
2025-11-07 14:46:38,048 - INFO -    - Линия 084-FR-0705 (_Линия: 084-FR-0705): 1 групп, 1 швов
2025-11-07 14:46:38,048 - INFO -    - Линия 084-FR-0711 (_Линия: 084-FR-0711): 1 групп, 1 швов
2025-11-07 14:46:38,048 - INFO -    - Линия 084-FR-0715 (_Линия: 084-FR-0715): 1 групп, 1 швов
2025-11-07 14:46:38,048 - INFO -    - Линия 084-FR-0716 (_Линия: 084-FR-0716): 1 групп, 1 швов
2025-11-07 14:46:38,049 - INFO -    - Линия 084-MFG-0707 (_Линия: 084-MFG-0707): 1 групп, 1 швов
2025-11-07 14:46:38,049 - INFO -    - Линия 084-MFG-0711 (_Линия: 084-MFG-0711): 1 групп, 1 швов
2025-11-07 14:46:38,049 - INFO -    - Линия 084-MFG-0728 (_Линия: 084-MFG-0728): 1 групп, 1 швов
2025-11-07 14:46:38,049 - INFO -    - Линия 084-DW-0702 (_Линия: 084-DW-0702): 1 групп, 0 швов
2025-11-07 14:46:38,049 - INFO -    - Линия 084-PA-0701 (_Линия: 084-PA-0701): 1 групп, 0 швов
2025-11-07 14:46:38,051 - INFO - 📊 Статистика по _Линия:
2025-11-07 14:46:38,051 - INFO -    - _Линия 084-ATM-0700: 30 групп, 452 швов
2025-11-07 14:46:38,052 - INFO -    - _Линия 084-IA-0700: 11 групп, 271 швов
2025-11-07 14:46:38,052 - INFO -    - _Линия 084-MS-0700: 21 групп, 207 швов
2025-11-07 14:46:38,052 - INFO -    - _Линия 084-HGWR-0700: 14 групп, 172 швов
2025-11-07 14:46:38,052 - INFO -    - _Линия 084-HGWS-0700: 16 групп, 170 швов
2025-11-07 14:46:38,052 - INFO -    - _Линия 087-IA-0600: 7 групп, 167 швов
2025-11-07 14:46:38,052 - INFO -    - _Линия 084-HGWR-0719: 3 групп, 165 швов
2025-11-07 14:46:38,052 - INFO -    - _Линия 084-LI-0700: 5 групп, 159 швов
2025-11-07 14:46:38,052 - INFO -    - _Линия 087-MS-0600: 15 групп, 155 швов
2025-11-07 14:46:38,052 - INFO -    - _Линия 084-FC-0700: 8 групп, 155 швов
2025-11-07 14:46:38,052 - INFO -    - _Линия 084-HGWR-0715: 2 групп, 149 швов
2025-11-07 14:46:38,052 - INFO -    - _Линия 084-HGWR-0717: 3 групп, 148 швов
2025-11-07 14:46:38,052 - INFO -    - _Линия 087-LC-0602: 2 групп, 146 швов
2025-11-07 14:46:38,052 - INFO -    - _Линия 084-HGWS-0715: 4 групп, 141 швов
2025-11-07 14:46:38,052 - INFO -    - _Линия 087-HGWR-0600: 8 групп, 137 швов
2025-11-07 14:46:38,052 - INFO -    - _Линия 084-HGWR-0713: 7 групп, 136 швов
2025-11-07 14:46:38,052 - INFO -    - _Линия 087-HGWS-0600: 6 групп, 134 швов
2025-11-07 14:46:38,052 - INFO -    - _Линия 084-PA-0700: 10 групп, 129 швов
2025-11-07 14:46:38,052 - INFO -    - _Линия 084-HGWR-0721: 2 групп, 125 швов
2025-11-07 14:46:38,052 - INFO -    - _Линия 084-HGWS-0717: 4 групп, 122 швов
2025-11-07 14:46:38,052 - INFO -    - _Линия 084-HGWR-0718: 2 групп, 117 швов
2025-11-07 14:46:38,052 - INFO -    - _Линия 087-PA-0600: 8 групп, 116 швов
2025-11-07 14:46:38,052 - INFO -    - _Линия 084-HGWS-0719: 2 групп, 111 швов
2025-11-07 14:46:38,052 - INFO -    - _Линия 084-HGWR-0716: 3 групп, 108 швов
2025-11-07 14:46:38,052 - INFO -    - _Линия 084-HGWS-0718: 2 групп, 106 швов
2025-11-07 14:46:38,052 - INFO -    - _Линия 084-HGWR-0723: 1 групп, 105 швов
2025-11-07 14:46:38,052 - INFO -    - _Линия 084-LI-0701: 1 групп, 104 швов
2025-11-07 14:46:38,052 - INFO -    - _Линия 084-HGWS-0723: 2 групп, 100 швов
2025-11-07 14:46:38,052 - INFO -    - _Линия 084-LC-0708: 2 групп, 95 швов
2025-11-07 14:46:38,052 - INFO -    - _Линия 084-HGWS-0709: 4 групп, 95 швов
2025-11-07 14:46:38,059 - INFO -    - _Линия 084-HGWR-0714: 3 групп, 92 швов
2025-11-07 14:46:38,060 - INFO -    - _Линия 084-HGWR-0709: 4 групп, 92 швов
2025-11-07 14:46:38,060 - INFO -    - _Линия 084-MFG-0701: 3 групп, 91 швов
2025-11-07 14:46:38,060 - INFO -    - _Линия 084-HGWS-0713: 5 групп, 87 швов
2025-11-07 14:46:38,060 - INFO -    - _Линия 084-HGWR-0710: 1 групп, 86 швов
2025-11-07 14:46:38,061 - INFO -    - _Линия 084-HGWS-0721: 1 групп, 84 швов
2025-11-07 14:46:38,061 - INFO -    - _Линия 084-HGWS-0710: 2 групп, 84 швов
2025-11-07 14:46:38,062 - INFO -    - _Линия 084-HGWR-0711: 2 групп, 83 швов
2025-11-07 14:46:38,062 - INFO -    - _Линия 084-HGWR-0712: 2 групп, 82 швов
2025-11-07 14:46:38,063 - INFO -    - _Линия 084-HGWS-0714: 2 групп, 81 швов
2025-11-07 14:46:38,063 - INFO -    - _Линия 084-HGWS-0712: 5 групп, 79 швов
2025-11-07 14:46:38,063 - INFO -    - _Линия 084-HGWS-0716: 2 групп, 76 швов
2025-11-07 14:46:38,063 - INFO -    - _Линия 084-HGWR-0720: 3 групп, 76 швов
2025-11-07 14:46:38,063 - INFO -    - _Линия 087-LC-0601: 2 групп, 74 швов
2025-11-07 14:46:38,063 - INFO -    - _Линия 087-DN-0602: 5 групп, 74 швов
2025-11-07 14:46:38,063 - INFO -    - _Линия 087-SSB-0601: 8 групп, 71 швов
2025-11-07 14:46:38,063 - INFO -    - _Линия 087-ATM-0600: 4 групп, 70 швов
2025-11-07 14:46:38,063 - INFO -    - _Линия 087-SSB-0600: 8 групп, 69 швов
2025-11-07 14:46:38,063 - INFO -    - _Линия 087-SSB-0602: 12 групп, 67 швов
2025-11-07 14:46:38,063 - INFO -    - _Линия 084-HGWS-0711: 1 групп, 67 швов
2025-11-07 14:46:38,063 - INFO -    - _Линия 084-FL-0705: 6 групп, 67 швов
2025-11-07 14:46:38,063 - INFO -    - _Линия 087-MFG-0600: 5 групп, 65 швов
2025-11-07 14:46:38,063 - INFO -    - _Линия 087-LC-0600: 5 групп, 65 швов
2025-11-07 14:46:38,063 - INFO -    - _Линия 084-ING-0700: 4 групп, 65 швов
2025-11-07 14:46:38,063 - INFO -    - _Линия 084-HGWS-0720: 3 групп, 65 швов
2025-11-07 14:46:38,063 - INFO -    - _Линия 087-SSB-0603: 9 групп, 64 швов
2025-11-07 14:46:38,063 - INFO -    - _Линия 084-LC-0706: 3 групп, 64 швов
2025-11-07 14:46:38,063 - INFO -    - _Линия 084-ING-0703: 3 групп, 64 швов
2025-11-07 14:46:38,063 - INFO -    - _Линия 084-ING-0716: 2 групп, 63 швов
2025-11-07 14:46:38,068 - INFO -    - _Линия 084-ING-0701: 2 групп, 63 швов
2025-11-07 14:46:38,068 - INFO -    - _Линия 084-MFG-0700: 3 групп, 61 швов
2025-11-07 14:46:38,068 - INFO -    - _Линия 084-LC-0705: 3 групп, 61 швов
2025-11-07 14:46:38,069 - INFO -    - _Линия 087-LI-0600: 6 групп, 58 швов
2025-11-07 14:46:38,069 - INFO -    - _Линия 084-HGWR-0722: 1 групп, 57 швов
2025-11-07 14:46:38,069 - INFO -    - _Линия 084-ING-0717: 3 групп, 56 швов
2025-11-07 14:46:38,070 - INFO -    - _Линия 084-HGWS-0722: 2 групп, 56 швов
2025-11-07 14:46:38,070 - INFO -    - _Линия 084-FGB-0701: 2 групп, 56 швов
2025-11-07 14:46:38,070 - INFO -    - _Линия 084-ING-0713: 3 групп, 54 швов
2025-11-07 14:46:38,070 - INFO -    - _Линия 084-ING-0702: 2 групп, 54 швов
2025-11-07 14:46:38,071 - INFO -    - _Линия 084-DW-0700: 7 групп, 54 швов
2025-11-07 14:46:38,071 - INFO -    - _Линия 084-DR-0700: 2 групп, 54 швов
2025-11-07 14:46:38,071 - INFO -    - _Линия 087-ING-0601: 7 групп, 53 швов
2025-11-07 14:46:38,071 - INFO -    - _Линия 084-FGB-0702: 2 групп, 53 швов
2025-11-07 14:46:38,071 - INFO -    - _Линия 084-LC-0704: 1 групп, 52 швов
2025-11-07 14:46:38,072 - INFO -    - _Линия 084-ST-0700: 8 групп, 51 швов
2025-11-07 14:46:38,072 - INFO -    - _Линия 084-HGWR-0703: 3 групп, 51 швов
2025-11-07 14:46:38,072 - INFO -    - _Линия 084-FGB-0700: 2 групп, 51 швов
2025-11-07 14:46:38,072 - INFO -    - _Линия 084-FC-0728: 2 групп, 51 швов
2025-11-07 14:46:38,072 - INFO -    - _Линия 087-FLL-0603: 11 групп, 50 швов
2025-11-07 14:46:38,073 - INFO -    - _Линия 084-DR-0702: 4 групп, 50 швов
2025-11-07 14:46:38,073 - INFO -    - _Линия 084-FGB-0703: 2 групп, 49 швов
2025-11-07 14:46:38,073 - INFO -    - _Линия 084-DR-0704: 2 групп, 49 швов
2025-11-07 14:46:38,073 - INFO -    - _Линия 087-ING-0604: 5 групп, 48 швов
2025-11-07 14:46:38,074 - INFO -    - _Линия 087-ING-0602: 6 групп, 48 швов
2025-11-07 14:46:38,074 - INFO -    - _Линия 084-SSB-0701: 5 групп, 48 швов
2025-11-07 14:46:38,074 - INFO -    - _Линия 084-ING-0710: 4 групп, 48 швов
2025-11-07 14:46:38,074 - INFO -    - _Линия 084-DR-0706: 2 групп, 48 швов
2025-11-07 14:46:38,074 - INFO -    - _Линия 087-ING-0606: 4 групп, 47 швов
2025-11-07 14:46:38,074 - INFO -    - _Линия 087-ING-0605: 7 групп, 47 швов
2025-11-07 14:46:38,074 - INFO -    - _Линия 087-FLL-0602: 13 групп, 47 швов
2025-11-07 14:46:38,074 - INFO -    - _Линия 087-MFG-0602: 4 групп, 46 швов
2025-11-07 14:46:38,075 - INFO -    - _Линия 087-ING-0607: 4 групп, 45 швов
2025-11-07 14:46:38,075 - INFO -    - _Линия 087-FGB-0601: 4 групп, 45 швов
2025-11-07 14:46:38,075 - INFO -    - _Линия 084-LI-0703: 2 групп, 45 швов
2025-11-07 14:46:38,075 - INFO -    - _Линия 084-ING-0715: 4 групп, 45 швов
2025-11-07 14:46:38,075 - INFO -    - _Линия 084-FC-0710: 2 групп, 45 швов
2025-11-07 14:46:38,075 - INFO -    - _Линия 084-DR-0701: 1 групп, 45 швов
2025-11-07 14:46:38,075 - INFO -    - _Линия 087-ING-0603: 5 групп, 44 швов
2025-11-07 14:46:38,075 - INFO -    - _Линия 084-FC-0709: 7 групп, 44 швов
2025-11-07 14:46:38,075 - INFO -    - _Линия 084-DR-0703: 2 групп, 44 швов
2025-11-07 14:46:38,075 - INFO -    - _Линия 087-ING-0600: 6 групп, 43 швов
2025-11-07 14:46:38,075 - INFO -    - _Линия 084-SSB-0706: 6 групп, 43 швов
2025-11-07 14:46:38,075 - INFO -    - _Линия 084-LC-0707: 3 групп, 43 швов
2025-11-07 14:46:38,075 - INFO -    - _Линия 084-ING-0714: 3 групп, 42 швов
2025-11-07 14:46:38,075 - INFO -    - _Линия 084-HGWR-0704: 2 групп, 42 швов
2025-11-07 14:46:38,075 - INFO -    - _Линия 084-DR-0705: 2 групп, 42 швов
2025-11-07 14:46:38,075 - INFO -    - _Линия 087-FGB-0600: 2 групп, 41 швов
2025-11-07 14:46:38,075 - INFO -    - _Линия 084-SSB-0702: 6 групп, 41 швов
2025-11-07 14:46:38,075 - INFO -    - _Линия 084-LS-0703: 2 групп, 41 швов
2025-11-07 14:46:38,079 - INFO -    - _Линия 084-LC-0703: 2 групп, 40 швов
2025-11-07 14:46:38,079 - INFO -    - _Линия 084-HGWS-0703: 2 групп, 40 швов
2025-11-07 14:46:38,079 - INFO -    - _Линия 087-PA-0608: 5 групп, 39 швов
2025-11-07 14:46:38,080 - INFO -    - _Линия 087-LI-0604: 4 групп, 39 швов
2025-11-07 14:46:38,080 - INFO -    - _Линия 084-SSB-0708: 3 групп, 39 швов
2025-11-07 14:46:38,080 - INFO -    - _Линия 087-HGWR-0601: 4 групп, 38 швов
2025-11-07 14:46:38,081 - INFO -    - _Линия 084-LS-0701: 2 групп, 38 швов
2025-11-07 14:46:38,081 - INFO -    - _Линия 084-SSB-0704: 5 групп, 37 швов
2025-11-07 14:46:38,081 - INFO -    - _Линия 084-PA-0703: 2 групп, 37 швов
2025-11-07 14:46:38,082 - INFO -    - _Линия 084-LS-0704: 2 групп, 37 швов
2025-11-07 14:46:38,082 - INFO -    - _Линия 084-ING-0712: 3 групп, 37 швов
2025-11-07 14:46:38,083 - INFO -    - _Линия 084-ING-0711: 3 групп, 37 швов
2025-11-07 14:46:38,083 - INFO -    - _Линия 087-MFG-0610: 3 групп, 36 швов
2025-11-07 14:46:38,083 - INFO -    - _Линия 084-LS-0702: 2 групп, 36 швов
2025-11-07 14:46:38,083 - INFO -    - _Линия 084-LC-0700: 1 групп, 36 швов
2025-11-07 14:46:38,083 - INFO -    - _Линия 084-ING-0709: 4 групп, 36 швов
2025-11-07 14:46:38,083 - INFO -    - _Линия 084-HGWR-0701: 2 групп, 36 швов
2025-11-07 14:46:38,083 - INFO -    - _Линия 084-FC-0718: 5 групп, 36 швов
2025-11-07 14:46:38,083 - INFO -    - _Линия 087-PA-0601: 4 групп, 34 швов
2025-11-07 14:46:38,083 - INFO -    - _Линия 084-FC-0731: 8 групп, 34 швов
2025-11-07 14:46:38,083 - INFO -    - _Линия 084-DR-0723: 3 групп, 34 швов
2025-11-07 14:46:38,083 - INFO -    - _Линия 084-ST-0713: 1 групп, 33 швов
2025-11-07 14:46:38,083 - INFO -    - _Линия 084-SSB-0710: 1 групп, 33 швов
2025-11-07 14:46:38,083 - INFO -    - _Линия 084-FC-0719: 7 групп, 33 швов
2025-11-07 14:46:38,083 - INFO -    - _Линия 086-FL-2471: 12 групп, 32 швов
2025-11-07 14:46:38,083 - INFO -    - _Линия 084-SSB-0703: 5 групп, 32 швов
2025-11-07 14:46:38,083 - INFO -    - _Линия 084-LC-0709: 3 групп, 32 швов
2025-11-07 14:46:38,083 - INFO -    - _Линия 084-IA-0701: 1 групп, 32 швов
2025-11-07 14:46:38,083 - INFO -    - _Линия 084-FC-0717: 5 групп, 32 швов
2025-11-07 14:46:38,083 - INFO -    - _Линия 084-DR-0728: 3 групп, 32 швов
2025-11-07 14:46:38,083 - INFO -    - _Линия 087-LI-0602: 3 групп, 31 швов
2025-11-07 14:46:38,088 - INFO -    - _Линия 086-FL-2470: 11 групп, 31 швов
2025-11-07 14:46:38,088 - INFO -    - _Линия 084-LS-0700: 1 групп, 31 швов
2025-11-07 14:46:38,088 - INFO -    - _Линия 084-SSB-0705: 5 групп, 30 швов
2025-11-07 14:46:38,089 - INFO -    - _Линия 084-ING-0704: 2 групп, 30 швов
2025-11-07 14:46:38,089 - INFO -    - _Линия 084-HGWS-0701: 2 групп, 30 швов
2025-11-07 14:46:38,089 - INFO -    - _Линия 084-DR-0721: 3 групп, 30 швов
2025-11-07 14:46:38,090 - INFO -    - _Линия 084-DR-0709: 4 групп, 30 швов
2025-11-07 14:46:38,090 - INFO -    - _Линия 087-MFG-0601: 3 групп, 29 швов
2025-11-07 14:46:38,090 - INFO -    - _Линия 084-SSB-0709: 10 групп, 29 швов
2025-11-07 14:46:38,090 - INFO -    - _Линия 084-SSB-0707: 3 групп, 29 швов
2025-11-07 14:46:38,091 - INFO -    - _Линия 084-LC-0702: 2 групп, 29 швов
2025-11-07 14:46:38,091 - INFO -    - _Линия 084-FL-0700: 10 групп, 29 швов
2025-11-07 14:46:38,091 - INFO -    - _Линия 084-FC-0721: 4 групп, 29 швов
2025-11-07 14:46:38,092 - INFO -    - _Линия 084-DR-0725: 3 групп, 29 швов
2025-11-07 14:46:38,092 - INFO -    - _Линия 084-DR-0708: 2 групп, 29 швов
2025-11-07 14:46:38,092 - INFO -    - _Линия 084-PA-0721: 3 групп, 28 швов
2025-11-07 14:46:38,092 - INFO -    - _Линия 084-HGWS-0704: 2 групп, 28 швов
2025-11-07 14:46:38,092 - INFO -    - _Линия 084-DR-0729: 2 групп, 28 швов
2025-11-07 14:46:38,093 - INFO -    - _Линия 084-DR-0707: 1 групп, 28 швов
2025-11-07 14:46:38,093 - INFO -    - _Линия 084-DR-0727: 3 групп, 27 швов
2025-11-07 14:46:38,093 - INFO -    - _Линия 040-FW-0001: 4 групп, 27 швов
2025-11-07 14:46:38,093 - INFO -    - _Линия 084-DR-0724: 1 групп, 26 швов
2025-11-07 14:46:38,093 - INFO -    - _Линия 085-FH-2470: 12 групп, 25 швов
2025-11-07 14:46:38,095 - INFO -    - _Линия 084-LI-0715: 2 групп, 25 швов
2025-11-07 14:46:38,095 - INFO -    - _Линия 084-LC-0701: 1 групп, 25 швов
2025-11-07 14:46:38,095 - INFO -    - _Линия 084-DR-0717: 2 групп, 25 швов
2025-11-07 14:46:38,095 - INFO -    - _Линия 084-DR-0714: 2 групп, 25 швов
2025-11-07 14:46:38,095 - INFO -    - _Линия 087-MFG-0604: 6 групп, 24 швов
2025-11-07 14:46:38,095 - INFO -    - _Линия 087-MFG-0603: 7 групп, 24 швов
2025-11-07 14:46:38,095 - INFO -    - _Линия 084-ST-0710: 2 групп, 24 швов
2025-11-07 14:46:38,096 - INFO -    - _Линия 084-PA-0715: 2 групп, 24 швов
2025-11-07 14:46:38,096 - INFO -    - _Линия 084-LI-0718: 1 групп, 24 швов
2025-11-07 14:46:38,096 - INFO -    - _Линия 084-FC-0740: 3 групп, 24 швов
2025-11-07 14:46:38,096 - INFO -    - _Линия 087-MFG-0613: 4 групп, 23 швов
2025-11-07 14:46:38,097 - INFO -    - _Линия 085-FH-2471: 13 групп, 23 швов
2025-11-07 14:46:38,097 - INFO -    - _Линия 084-PA-0719: 1 групп, 23 швов
2025-11-07 14:46:38,097 - INFO -    - _Линия 087-DN-0600: 2 групп, 22 швов
2025-11-07 14:46:38,097 - INFO -    - _Линия 084-SSB-0700: 2 групп, 22 швов
2025-11-07 14:46:38,097 - INFO -    - _Линия 084-DR-0726: 2 групп, 22 швов
2025-11-07 14:46:38,098 - INFO -    - _Линия 087-PA-0609: 3 групп, 21 швов
2025-11-07 14:46:38,098 - INFO -    - _Линия 084-ST-0701: 2 групп, 21 швов
2025-11-07 14:46:38,098 - INFO -    - _Линия 087-PA-0605: 3 групп, 20 швов
2025-11-07 14:46:38,098 - INFO -    - _Линия 084-SSB-0713: 1 групп, 20 швов
2025-11-07 14:46:38,098 - INFO -    - _Линия 084-LI-0725: 2 групп, 20 швов
2025-11-07 14:46:38,099 - INFO -    - _Линия 084-HGWS-0707: 2 групп, 20 швов
2025-11-07 14:46:38,099 - INFO -    - _Линия 084-ST-0703: 2 групп, 19 швов
2025-11-07 14:46:38,099 - INFO -    - _Линия 084-MFG-0714: 3 групп, 19 швов
2025-11-07 14:46:38,100 - INFO -    - _Линия 084-MFG-0702: 1 групп, 19 швов
2025-11-07 14:46:38,100 - INFO -    - _Линия 084-HGWR-0706: 1 групп, 19 швов
2025-11-07 14:46:38,100 - INFO -    - _Линия 084-HGWR-0705: 1 групп, 19 швов
2025-11-07 14:46:38,100 - INFO -    - _Линия 084-FL-0723: 6 групп, 19 швов
2025-11-07 14:46:38,101 - INFO -    - _Линия 072-HGWS-0203: 3 групп, 19 швов
2025-11-07 14:46:38,101 - INFO -    - _Линия 087-DN-0601: 2 групп, 18 швов
2025-11-07 14:46:38,101 - INFO -    - _Линия 084-ST-0704: 1 групп, 18 швов
2025-11-07 14:46:38,101 - INFO -    - _Линия 084-MFG-0715: 1 групп, 18 швов
2025-11-07 14:46:38,102 - INFO -    - _Линия 084-ING-0708: 2 групп, 18 швов
2025-11-07 14:46:38,102 - INFO -    - _Линия 084-ING-0705: 2 групп, 18 швов
2025-11-07 14:46:38,102 - INFO -    - _Линия 084-HGWR-0702: 1 групп, 18 швов
2025-11-07 14:46:38,102 - INFO -    - _Линия 084-FR-0702: 7 групп, 18 швов
2025-11-07 14:46:38,103 - INFO -    - _Линия 084-FC-0739: 3 групп, 18 швов
2025-11-07 14:46:38,103 - INFO -    - _Линия 084-DR-0731: 1 групп, 18 швов
2025-11-07 14:46:38,103 - INFO -    - _Линия 084-PA-0705: 2 групп, 17 швов
2025-11-07 14:46:38,104 - INFO -    - _Линия 084-HGWS-0706: 1 групп, 17 швов
2025-11-07 14:46:38,104 - INFO -    - _Линия 084-HGWR-0707: 1 групп, 17 швов
2025-11-07 14:46:38,105 - INFO -    - _Линия 084-DR-0722: 1 групп, 17 швов
2025-11-07 14:46:38,105 - INFO -    - _Линия 087-SSB-0610: 3 групп, 16 швов
2025-11-07 14:46:38,106 - INFO -    - _Линия 087-MFG-0605: 3 групп, 16 швов
2025-11-07 14:46:38,106 - INFO -    - _Линия 087-FLL-0604: 3 групп, 16 швов
2025-11-07 14:46:38,106 - INFO -    - _Линия 084-SSB-0717: 1 групп, 16 швов
2025-11-07 14:46:38,107 - INFO -    - _Линия 084-LI-0724: 1 групп, 16 швов
2025-11-07 14:46:38,107 - INFO -    - _Линия 084-LI-0710: 3 групп, 16 швов
2025-11-07 14:46:38,107 - INFO -    - _Линия 084-HGWS-0702: 2 групп, 16 швов
2025-11-07 14:46:38,107 - INFO -    - _Линия 084-DW-0701: 1 групп, 16 швов
2025-11-07 14:46:38,108 - INFO -    - _Линия 087-MS-0601: 3 групп, 15 швов
2025-11-07 14:46:38,108 - INFO -    - _Линия 087-LC-0618: 1 групп, 15 швов
2025-11-07 14:46:38,108 - INFO -    - _Линия 087-HGWS-0601: 3 групп, 15 швов
2025-11-07 14:46:38,108 - INFO -    - _Линия 087-FLL-0605: 2 групп, 15 швов
2025-11-07 14:46:38,109 - INFO -    - _Линия 084-ST-0711: 1 групп, 15 швов
2025-11-07 14:46:38,109 - INFO -    - _Линия 084-ST-0702: 2 групп, 15 швов
2025-11-07 14:46:38,109 - INFO -    - _Линия 084-PA-0717: 1 групп, 15 швов
2025-11-07 14:46:38,109 - INFO -    - _Линия 084-LI-0716: 2 групп, 15 швов
2025-11-07 14:46:38,110 - INFO -    - _Линия 084-LI-0705: 1 групп, 15 швов
2025-11-07 14:46:38,111 - INFO -    - _Линия 084-ING-0707: 2 групп, 15 швов
2025-11-07 14:46:38,111 - INFO -    - _Линия 084-FL-0726: 1 групп, 15 швов
2025-11-07 14:46:38,111 - INFO -    - _Линия 084-FL-0722: 3 групп, 15 швов
2025-11-07 14:46:38,111 - INFO -    - _Линия 084-FC-0722: 1 групп, 15 швов
2025-11-07 14:46:38,112 - INFO -    - _Линия 084-FC-0712: 1 групп, 15 швов
2025-11-07 14:46:38,112 - INFO -    - _Линия 084-DW-0704: 1 групп, 15 швов
2025-11-07 14:46:38,112 - INFO -    - _Линия 087-SSB-0609: 2 групп, 14 швов
2025-11-07 14:46:38,112 - INFO -    - _Линия 087-LI-0609: 1 групп, 14 швов
2025-11-07 14:46:38,113 - INFO -    - _Линия 084-ST-0712: 2 групп, 14 швов
2025-11-07 14:46:38,113 - INFO -    - _Линия 084-MS-0701: 1 групп, 14 швов
2025-11-07 14:46:38,113 - INFO -    - _Линия 084-LS-0705: 1 групп, 14 швов
2025-11-07 14:46:38,113 - INFO -    - _Линия 084-LI-0723: 1 групп, 14 швов
2025-11-07 14:46:38,113 - INFO -    - _Линия 084-HGWS-0705: 1 групп, 14 швов
2025-11-07 14:46:38,113 - INFO -    - _Линия 084-FL-0701: 4 групп, 14 швов
2025-11-07 14:46:38,114 - INFO -    - _Линия 084-DR-0733: 1 групп, 14 швов
2025-11-07 14:46:38,114 - INFO -    - _Линия 084-DR-0732: 1 групп, 14 швов
2025-11-07 14:46:38,114 - INFO -    - _Линия 084-DR-0720: 2 групп, 14 швов
2025-11-07 14:46:38,114 - INFO -    - _Линия 087-SSB-0607: 3 групп, 13 швов
2025-11-07 14:46:38,114 - INFO -    - _Линия 087-PA-0604: 1 групп, 13 швов
2025-11-07 14:46:38,115 - INFO -    - _Линия 087-LI-0610: 2 групп, 13 швов
2025-11-07 14:46:38,115 - INFO -    - _Линия 087-LI-0603: 2 групп, 13 швов
2025-11-07 14:46:38,115 - INFO -    - _Линия 087-LC-0616: 1 групп, 13 швов
2025-11-07 14:46:38,115 - INFO -    - _Линия 087-FLL-0614: 3 групп, 13 швов
2025-11-07 14:46:38,115 - INFO -    - _Линия 084-PA-0718: 2 групп, 13 швов
2025-11-07 14:46:38,116 - INFO -    - _Линия 084-PA-0716: 2 групп, 13 швов
2025-11-07 14:46:38,116 - INFO -    - _Линия 084-LI-0717: 1 групп, 13 швов
2025-11-07 14:46:38,116 - INFO -    - _Линия 084-LI-0714: 2 групп, 13 швов
2025-11-07 14:46:38,116 - INFO -    - _Линия 084-HGWR-0708: 1 групп, 13 швов
2025-11-07 14:46:38,116 - INFO -    - _Линия 084-DR-0735: 1 групп, 13 швов
2025-11-07 14:46:38,116 - INFO -    - _Линия 072-HGWS-0201: 5 групп, 13 швов
2025-11-07 14:46:38,117 - INFO -    - _Линия 062-MS-0201: 6 групп, 13 швов
2025-11-07 14:46:38,117 - INFO -    - _Линия 087-SSB-0611: 2 групп, 12 швов
2025-11-07 14:46:38,117 - INFO -    - _Линия 087-SSB-0608: 2 групп, 12 швов
2025-11-07 14:46:38,117 - INFO -    - _Линия 087-SSB-0606: 3 групп, 12 швов
2025-11-07 14:46:38,118 - INFO -    - _Линия 087-SSB-0605: 2 групп, 12 швов
2025-11-07 14:46:38,118 - INFO -    - _Линия 087-SSB-0604: 3 групп, 12 швов
2025-11-07 14:46:38,118 - INFO -    - _Линия 087-LI-0605: 3 групп, 12 швов
2025-11-07 14:46:38,118 - INFO -    - _Линия 087-FLL-0615: 2 групп, 12 швов
2025-11-07 14:46:38,118 - INFO -    - _Линия 087-FLL-0613: 2 групп, 12 швов
2025-11-07 14:46:38,119 - INFO -    - _Линия 087-FLL-0612: 2 групп, 12 швов
2025-11-07 14:46:38,119 - INFO -    - _Линия 087-FLL-0600: 7 групп, 12 швов
2025-11-07 14:46:38,119 - INFO -    - _Линия 084-ING-0706: 1 групп, 12 швов
2025-11-07 14:46:38,119 - INFO -    - _Линия 087-ATM-0602: 2 групп, 11 швов
2025-11-07 14:46:38,120 - INFO -    - _Линия 084-ST-0707: 1 групп, 11 швов
2025-11-07 14:46:38,120 - INFO -    - _Линия 084-ST-0706: 2 групп, 11 швов
2025-11-07 14:46:38,120 - INFO -    - _Линия 084-SSB-0714: 1 групп, 11 швов
2025-11-07 14:46:38,120 - INFO -    - _Линия 084-PA-0709: 1 групп, 11 швов
2025-11-07 14:46:38,121 - INFO -    - _Линия 084-LI-0709: 2 групп, 11 швов
2025-11-07 14:46:38,121 - INFO -    - _Линия 084-LI-0704: 1 групп, 11 швов
2025-11-07 14:46:38,121 - INFO -    - _Линия 084-FL-0729: 1 групп, 11 швов
2025-11-07 14:46:38,122 - INFO -    - _Линия 084-FL-0718: 2 групп, 11 швов
2025-11-07 14:46:38,122 - INFO -    - _Линия 084-FC-0732: 1 групп, 11 швов
2025-11-07 14:46:38,122 - INFO -    - _Линия 084-FC-0716: 1 групп, 11 швов
2025-11-07 14:46:38,122 - INFO -    - _Линия 072-HGWR-0201: 3 групп, 11 швов
2025-11-07 14:46:38,123 - INFO -    - _Линия 087-PC-0600: 2 групп, 10 швов
2025-11-07 14:46:38,124 - INFO -    - _Линия 087-PA-0606: 3 групп, 10 швов
2025-11-07 14:46:38,124 - INFO -    - _Линия 084-ST-0729: 1 групп, 10 швов
2025-11-07 14:46:38,125 - INFO -    - _Линия 084-ST-0708: 1 групп, 10 швов
2025-11-07 14:46:38,125 - INFO -    - _Линия 084-MS-0707: 1 групп, 10 швов
2025-11-07 14:46:38,125 - INFO -    - _Линия 084-MFG-0704: 1 групп, 10 швов
2025-11-07 14:46:38,127 - INFO -    - _Линия 084-LI-0708: 1 групп, 10 швов
2025-11-07 14:46:38,127 - INFO -    - _Линия 084-FH-0745: 2 групп, 10 швов
2025-11-07 14:46:38,127 - INFO -    - _Линия 084-FH-0708: 2 групп, 10 швов
2025-11-07 14:46:38,128 - INFO -    - _Линия 084-FC-0714: 1 групп, 10 швов
2025-11-07 14:46:38,128 - INFO -    - _Линия 084-FC-0705: 1 групп, 10 швов
2025-11-07 14:46:38,129 - INFO -    - _Линия 084-FC-0703: 2 групп, 10 швов
2025-11-07 14:46:38,129 - INFO -    - _Линия 084-FC-0701: 4 групп, 10 швов
2025-11-07 14:46:38,129 - INFO -    - _Линия 087-PA-0602: 2 групп, 9 швов
2025-11-07 14:46:38,130 - INFO -    - _Линия 087-LI-0601: 2 групп, 9 швов
2025-11-07 14:46:38,131 - INFO -    - _Линия 087-LC-0615: 1 групп, 9 швов
2025-11-07 14:46:38,131 - INFO -    - _Линия 087-ATM-0601: 4 групп, 9 швов
2025-11-07 14:46:38,131 - INFO -    - _Линия 084-ST-0715: 1 групп, 9 швов
2025-11-07 14:46:38,132 - INFO -    - _Линия 084-ST-0709: 1 групп, 9 швов
2025-11-07 14:46:38,132 - INFO -    - _Линия 084-SSB-0715: 1 групп, 9 швов
2025-11-07 14:46:38,132 - INFO -    - _Линия 084-PC-0700: 2 групп, 9 швов
2025-11-07 14:46:38,132 - INFO -    - _Линия 084-LI-0712: 1 групп, 9 швов
2025-11-07 14:46:38,133 - INFO -    - _Линия 084-FR-0717: 2 групп, 9 швов
2025-11-07 14:46:38,133 - INFO -    - _Линия 084-FL-0725: 1 групп, 9 швов
2025-11-07 14:46:38,133 - INFO -    - _Линия 084-FL-0724: 2 групп, 9 швов
2025-11-07 14:46:38,133 - INFO -    - _Линия 084-FH-0736: 2 групп, 9 швов
2025-11-07 14:46:38,133 - INFO -    - _Линия 084-FH-0731: 2 групп, 9 швов
2025-11-07 14:46:38,134 - INFO -    - _Линия 084-DR-0739: 1 групп, 9 швов
2025-11-07 14:46:38,134 - INFO -    - _Линия 072-HGWR-0203: 3 групп, 9 швов
2025-11-07 14:46:38,134 - INFO -    - _Линия 062-MS-0205: 2 групп, 9 швов
2025-11-07 14:46:38,135 - INFO -    - _Линия 087-MFG-0615: 2 групп, 8 швов
2025-11-07 14:46:38,135 - INFO -    - _Линия 087-LI-0606: 2 групп, 8 швов
2025-11-07 14:46:38,135 - INFO -    - _Линия 087-LC-0617: 1 групп, 8 швов
2025-11-07 14:46:38,136 - INFO -    - _Линия 084-ST-0726: 1 групп, 8 швов
2025-11-07 14:46:38,136 - INFO -    - _Линия 084-ST-0722: 2 групп, 8 швов
2025-11-07 14:46:38,136 - INFO -    - _Линия 084-ST-0717: 1 групп, 8 швов
2025-11-07 14:46:38,136 - INFO -    - _Линия 084-ST-0716: 1 групп, 8 швов
2025-11-07 14:46:38,137 - INFO -    - _Линия 084-PA-0711: 1 групп, 8 швов
2025-11-07 14:46:38,137 - INFO -    - _Линия 084-LI-0702: 1 групп, 8 швов
2025-11-07 14:46:38,137 - INFO -    - _Линия 084-FR-0703: 4 групп, 8 швов
2025-11-07 14:46:38,137 - INFO -    - _Линия 084-FH-0744: 1 групп, 8 швов
2025-11-07 14:46:38,137 - INFO -    - _Линия 084-DR-0748: 1 групп, 8 швов
2025-11-07 14:46:38,138 - INFO -    - _Линия 084-DR-0747: 2 групп, 8 швов
2025-11-07 14:46:38,138 - INFO -    - _Линия 084-DR-0734: 1 групп, 8 швов
2025-11-07 14:46:38,138 - INFO -    - _Линия 084-ATM-0702: 1 групп, 8 швов
2025-11-07 14:46:38,138 - INFO -    - _Линия 062-MS-0202: 3 групп, 8 швов
2025-11-07 14:46:38,139 - INFO -    - _Линия 005-IA-0601: 3 групп, 8 швов
2025-11-07 14:46:38,139 - INFO -    - _Линия 088-FC-0700: 3 групп, 7 швов
2025-11-07 14:46:38,139 - INFO -    - _Линия 087-PA-0603: 1 групп, 7 швов
2025-11-07 14:46:38,140 - INFO -    - _Линия 087-MFG-0614: 1 групп, 7 швов
2025-11-07 14:46:38,140 - INFO -    - _Линия 087-LI-0608: 1 групп, 7 швов
2025-11-07 14:46:38,140 - INFO -    - _Линия 087-LI-0607: 1 групп, 7 швов
2025-11-07 14:46:38,141 - INFO -    - _Линия 087-LC-0603: 1 групп, 7 швов
2025-11-07 14:46:38,141 - INFO -    - _Линия 087-FLL-0601: 3 групп, 7 швов
2025-11-07 14:46:38,141 - INFO -    - _Линия 084-ST-0720: 1 групп, 7 швов
2025-11-07 14:46:38,141 - INFO -    - _Линия 084-ST-0705: 1 групп, 7 швов
2025-11-07 14:46:38,141 - INFO -    - _Линия 084-SSB-0711: 1 групп, 7 швов
2025-11-07 14:46:38,141 - INFO -    - _Линия 084-MFG-0717: 1 групп, 7 швов
2025-11-07 14:46:38,142 - INFO -    - _Линия 084-MFG-0705: 1 групп, 7 швов
2025-11-07 14:46:38,142 - INFO -    - _Линия 084-LI-0711: 1 групп, 7 швов
2025-11-07 14:46:38,143 - INFO -    - _Линия 084-FR-0725: 1 групп, 7 швов
2025-11-07 14:46:38,143 - INFO -    - _Линия 084-FL-0728: 2 групп, 7 швов
2025-11-07 14:46:38,143 - INFO -    - _Линия 084-FL-0712: 1 групп, 7 швов
2025-11-07 14:46:38,143 - INFO -    - _Линия 084-FL-0702: 5 групп, 7 швов
2025-11-07 14:46:38,144 - INFO -    - _Линия 084-FH-0739: 1 групп, 7 швов
2025-11-07 14:46:38,144 - INFO -    - _Линия 084-FH-0719: 2 групп, 7 швов
2025-11-07 14:46:38,144 - INFO -    - _Линия 084-FH-0703: 2 групп, 7 швов
2025-11-07 14:46:38,144 - INFO -    - _Линия 084-DR-0744: 1 групп, 7 швов
2025-11-07 14:46:38,145 - INFO -    - _Линия 084-DR-0713: 1 групп, 7 швов
2025-11-07 14:46:38,145 - INFO -    - _Линия 084-ATM-0703: 2 групп, 7 швов
2025-11-07 14:46:38,145 - INFO -    - _Линия 062-MS-0204: 1 групп, 7 швов
2025-11-07 14:46:38,145 - INFO -    - _Линия 049-MFG-0504: 2 групп, 7 швов
2025-11-07 14:46:38,145 - INFO -    - _Линия 049-MFG-0501: 4 групп, 7 швов
2025-11-07 14:46:38,146 - INFO -    - _Линия 005-LI-0602: 3 групп, 7 швов
2025-11-07 14:46:38,146 - INFO -    - _Линия 005-LI-0601: 3 групп, 7 швов
2025-11-07 14:46:38,146 - INFO -    - _Линия 084-ST-0718: 1 групп, 6 швов
2025-11-07 14:46:38,146 - INFO -    - _Линия 084-ST-0714: 1 групп, 6 швов
2025-11-07 14:46:38,147 - INFO -    - _Линия 084-SSB-0719: 2 групп, 6 швов
2025-11-07 14:46:38,147 - INFO -    - _Линия 084-PA-0704: 1 групп, 6 швов
2025-11-07 14:46:38,147 - INFO -    - _Линия 084-MFG-0718: 1 групп, 6 швов
2025-11-07 14:46:38,148 - INFO -    - _Линия 084-MFG-0716: 1 групп, 6 швов
2025-11-07 14:46:38,148 - INFO -    - _Линия 084-LI-0726: 1 групп, 6 швов
2025-11-07 14:46:38,148 - INFO -    - _Линия 084-FR-0722: 1 групп, 6 швов
2025-11-07 14:46:38,148 - INFO -    - _Линия 084-FR-0712: 1 групп, 6 швов
2025-11-07 14:46:38,148 - INFO -    - _Линия 084-FH-0740: 1 групп, 6 швов
2025-11-07 14:46:38,149 - INFO -    - _Линия 084-FH-0716: 1 групп, 6 швов
2025-11-07 14:46:38,149 - INFO -    - _Линия 084-FH-0712: 1 групп, 6 швов
2025-11-07 14:46:38,149 - INFO -    - _Линия 084-FC-0726: 1 групп, 6 швов
2025-11-07 14:46:38,149 - INFO -    - _Линия 084-FC-0715: 2 групп, 6 швов
2025-11-07 14:46:38,150 - INFO -    - _Линия 084-FC-0706: 1 групп, 6 швов
2025-11-07 14:46:38,151 - INFO -    - _Линия 084-DR-0746: 1 групп, 6 швов
2025-11-07 14:46:38,152 - INFO -    - _Линия 084-DR-0742: 1 групп, 6 швов
2025-11-07 14:46:38,152 - INFO -    - _Линия 084-DR-0719: 2 групп, 6 швов
2025-11-07 14:46:38,152 - INFO -    - _Линия 084-DR-0710: 1 групп, 6 швов
2025-11-07 14:46:38,152 - INFO -    - _Линия 005-PA-0602: 2 групп, 6 швов
2025-11-07 14:46:38,153 - INFO -    - _Линия 005-PA-0601: 3 групп, 6 швов
2025-11-07 14:46:38,153 - INFO -    - _Линия 005-IA-0602: 2 групп, 6 швов
2025-11-07 14:46:38,153 - INFO -    - _Линия 087-PA-0607: 2 групп, 5 швов
2025-11-07 14:46:38,153 - INFO -    - _Линия 084-SSB-0718: 1 групп, 5 швов
2025-11-07 14:46:38,153 - INFO -    - _Линия 084-SSB-0712: 1 групп, 5 швов
2025-11-07 14:46:38,154 - INFO -    - _Линия 084-PA-0720: 1 групп, 5 швов
2025-11-07 14:46:38,154 - INFO -    - _Линия 084-PA-0706: 1 групп, 5 швов
2025-11-07 14:46:38,154 - INFO -    - _Линия 084-PA-0702: 1 групп, 5 швов
2025-11-07 14:46:38,154 - INFO -    - _Линия 084-MFG-0713: 1 групп, 5 швов
2025-11-07 14:46:38,154 - INFO -    - _Линия 084-MFG-0712: 1 групп, 5 швов
2025-11-07 14:46:38,155 - INFO -    - _Линия 084-MFG-0706: 2 групп, 5 швов
2025-11-07 14:46:38,155 - INFO -    - _Линия 084-MFG-0703: 1 групп, 5 швов
2025-11-07 14:46:38,155 - INFO -    - _Линия 084-LI-0721: 1 групп, 5 швов
2025-11-07 14:46:38,155 - INFO -    - _Линия 084-LI-0720: 1 групп, 5 швов
2025-11-07 14:46:38,156 - INFO -    - _Линия 084-FR-0724: 1 групп, 5 швов
2025-11-07 14:46:38,156 - INFO -    - _Линия 084-FR-0714: 1 групп, 5 швов
2025-11-07 14:46:38,156 - INFO -    - _Линия 084-FL-0715: 1 групп, 5 швов
2025-11-07 14:46:38,157 - INFO -    - _Линия 084-FH-0747: 1 групп, 5 швов
2025-11-07 14:46:38,157 - INFO -    - _Линия 084-FH-0746: 1 групп, 5 швов
2025-11-07 14:46:38,157 - INFO -    - _Линия 084-FH-0742: 2 групп, 5 швов
2025-11-07 14:46:38,157 - INFO -    - _Линия 084-FH-0718: 3 групп, 5 швов
2025-11-07 14:46:38,157 - INFO -    - _Линия 084-FH-0715: 2 групп, 5 швов
2025-11-07 14:46:38,158 - INFO -    - _Линия 084-FH-0713: 1 групп, 5 швов
2025-11-07 14:46:38,159 - INFO -    - _Линия 084-FH-0702: 3 групп, 5 швов
2025-11-07 14:46:38,159 - INFO -    - _Линия 084-FC-0720: 1 групп, 5 швов
2025-11-07 14:46:38,159 - INFO -    - _Линия 084-DW-0703: 2 групп, 5 швов
2025-11-07 14:46:38,160 - INFO -    - _Линия 084-DR-0740: 1 групп, 5 швов
2025-11-07 14:46:38,160 - INFO -    - _Линия 084-DR-0736: 1 групп, 5 швов
2025-11-07 14:46:38,160 - INFO -    - _Линия 084-DR-0712: 1 групп, 5 швов
2025-11-07 14:46:38,161 - INFO -    - _Линия 084-DR-0711: 1 групп, 5 швов
2025-11-07 14:46:38,161 - INFO -    - _Линия 084-ATM-0704: 1 групп, 5 швов
2025-11-07 14:46:38,161 - INFO -    - _Линия 087-LC-0619: 1 групп, 4 швов
2025-11-07 14:46:38,161 - INFO -    - _Линия 084-SSB-0716: 1 групп, 4 швов
2025-11-07 14:46:38,162 - INFO -    - _Линия 084-MFG-0709: 1 групп, 4 швов
2025-11-07 14:46:38,162 - INFO -    - _Линия 084-MFG-0708: 1 групп, 4 швов
2025-11-07 14:46:38,162 - INFO -    - _Линия 084-FR-0723: 2 групп, 4 швов
2025-11-07 14:46:38,162 - INFO -    - _Линия 084-FR-0710: 3 групп, 4 швов
2025-11-07 14:46:38,163 - INFO -    - _Линия 084-FL-0719: 2 групп, 4 швов
2025-11-07 14:46:38,163 - INFO -    - _Линия 084-FL-0717: 2 групп, 4 швов
2025-11-07 14:46:38,163 - INFO -    - _Линия 084-FL-0714: 2 групп, 4 швов
2025-11-07 14:46:38,163 - INFO -    - _Линия 084-FL-0707: 2 групп, 4 швов
2025-11-07 14:46:38,164 - INFO -    - _Линия 084-FL-0706: 3 групп, 4 швов
2025-11-07 14:46:38,164 - INFO -    - _Линия 084-FH-0733: 1 групп, 4 швов
2025-11-07 14:46:38,164 - INFO -    - _Линия 084-FH-0724: 2 групп, 4 швов
2025-11-07 14:46:38,164 - INFO -    - _Линия 084-FH-0722: 2 групп, 4 швов
2025-11-07 14:46:38,165 - INFO -    - _Линия 084-FH-0714: 1 групп, 4 швов
2025-11-07 14:46:38,166 - INFO -    - _Линия 084-FH-0710: 3 групп, 4 швов
2025-11-07 14:46:38,166 - INFO -    - _Линия 084-FH-0704: 4 групп, 4 швов
2025-11-07 14:46:38,166 - INFO -    - _Линия 084-FC-0735: 1 групп, 4 швов
2025-11-07 14:46:38,167 - INFO -    - _Линия 084-FC-0734: 1 групп, 4 швов
2025-11-07 14:46:38,167 - INFO -    - _Линия 084-FC-0733: 1 групп, 4 швов
2025-11-07 14:46:38,167 - INFO -    - _Линия 084-FC-0725: 1 групп, 4 швов
2025-11-07 14:46:38,168 - INFO -    - _Линия 084-FC-0713: 1 групп, 4 швов
2025-11-07 14:46:38,168 - INFO -    - _Линия 084-FC-0711: 1 групп, 4 швов
2025-11-07 14:46:38,168 - INFO -    - _Линия 084-FC-0708: 1 групп, 4 швов
2025-11-07 14:46:38,169 - INFO -    - _Линия 084-FC-0707: 1 групп, 4 швов
2025-11-07 14:46:38,169 - INFO -    - _Линия 084-FC-0704: 1 групп, 4 швов
2025-11-07 14:46:38,169 - INFO -    - _Линия 084-DR-0751: 1 групп, 4 швов
2025-11-07 14:46:38,169 - INFO -    - _Линия 084-DR-0743: 1 групп, 4 швов
2025-11-07 14:46:38,170 - INFO -    - _Линия 084-DR-0741: 2 групп, 4 швов
2025-11-07 14:46:38,170 - INFO -    - _Линия 084-DR-0730: 2 групп, 4 швов
2025-11-07 14:46:38,170 - INFO -    - _Линия 084-DR-0716: 1 групп, 4 швов
2025-11-07 14:46:38,171 - INFO -    - _Линия 069-LC-0202: 1 групп, 4 швов
2025-11-07 14:46:38,171 - INFO -    - _Линия 087-LC-0620: 1 групп, 3 швов
2025-11-07 14:46:38,172 - INFO -    - _Линия 087-LC-0614: 1 групп, 3 швов
2025-11-07 14:46:38,172 - INFO -    - _Линия 087-LC-0613: 1 групп, 3 швов
2025-11-07 14:46:38,172 - INFO -    - _Линия 087-LC-0612: 1 групп, 3 швов
2025-11-07 14:46:38,173 - INFO -    - _Линия 087-LC-0611: 1 групп, 3 швов
2025-11-07 14:46:38,174 - INFO -    - _Линия 087-FLL-0611: 1 групп, 3 швов
2025-11-07 14:46:38,175 - INFO -    - _Линия 087-FLL-0610: 1 групп, 3 швов
2025-11-07 14:46:38,175 - INFO -    - _Линия 087-FLL-0609: 1 групп, 3 швов
2025-11-07 14:46:38,176 - INFO -    - _Линия 087-DN-0604: 2 групп, 3 швов
2025-11-07 14:46:38,176 - INFO -    - _Линия 087-DN-0603: 2 групп, 3 швов
2025-11-07 14:46:38,176 - INFO -    - _Линия 084-ST-0725: 1 групп, 3 швов
2025-11-07 14:46:38,176 - INFO -    - _Линия 084-ST-0724: 1 групп, 3 швов
2025-11-07 14:46:38,177 - INFO -    - _Линия 084-ST-0721: 2 групп, 3 швов
2025-11-07 14:46:38,177 - INFO -    - _Линия 084-ST-0719: 2 групп, 3 швов
2025-11-07 14:46:38,177 - INFO -    - _Линия 084-SSB-0721: 1 групп, 3 швов
2025-11-07 14:46:38,178 - INFO -    - _Линия 084-MFG-0719: 1 групп, 3 швов
2025-11-07 14:46:38,178 - INFO -    - _Линия 084-MFG-0710: 1 групп, 3 швов
2025-11-07 14:46:38,178 - INFO -    - _Линия 084-LI-0707: 1 групп, 3 швов
2025-11-07 14:46:38,178 - INFO -    - _Линия 084-LI-0706: 1 групп, 3 швов
2025-11-07 14:46:38,179 - INFO -    - _Линия 084-FR-0709: 1 групп, 3 швов
2025-11-07 14:46:38,179 - INFO -    - _Линия 084-FL-0730: 1 групп, 3 швов
2025-11-07 14:46:38,179 - INFO -    - _Линия 084-FH-0743: 1 групп, 3 швов
2025-11-07 14:46:38,179 - INFO -    - _Линия 084-FH-0723: 1 групп, 3 швов
2025-11-07 14:46:38,180 - INFO -    - _Линия 084-FH-0709: 2 групп, 3 швов
2025-11-07 14:46:38,180 - INFO -    - _Линия 084-FH-0705: 3 групп, 3 швов
2025-11-07 14:46:38,180 - INFO -    - _Линия 084-FC-0724: 1 групп, 3 швов
2025-11-07 14:46:38,180 - INFO -    - _Линия 084-FC-0723: 1 групп, 3 швов
2025-11-07 14:46:38,181 - INFO -    - _Линия 084-DR-0750: 1 групп, 3 швов
2025-11-07 14:46:38,181 - INFO -    - _Линия 069-LC-0201: 3 групп, 3 швов
2025-11-07 14:46:38,181 - INFO -    - _Линия 033-DW-0016: 1 групп, 3 швов
2025-11-07 14:46:38,182 - INFO -    - _Линия 087-MFG-0612: 2 групп, 2 швов
2025-11-07 14:46:38,182 - INFO -    - _Линия 087-MFG-0611: 2 групп, 2 швов
2025-11-07 14:46:38,182 - INFO -    - _Линия 087-FLL-0608: 1 групп, 2 швов
2025-11-07 14:46:38,182 - INFO -    - _Линия 087-FLL-0607: 1 групп, 2 швов
2025-11-07 14:46:38,183 - INFO -    - _Линия 087-FLL-0606: 1 групп, 2 швов
2025-11-07 14:46:38,183 - INFO -    - _Линия 084-ST-0732: 1 групп, 2 швов
2025-11-07 14:46:38,183 - INFO -    - _Линия 084-ST-0731: 1 групп, 2 швов
2025-11-07 14:46:38,184 - INFO -    - _Линия 084-ST-0730: 1 групп, 2 швов
2025-11-07 14:46:38,184 - INFO -    - _Линия 084-FR-0726: 1 групп, 2 швов
2025-11-07 14:46:38,184 - INFO -    - _Линия 084-FR-0719: 1 групп, 2 швов
2025-11-07 14:46:38,184 - INFO -    - _Линия 084-FR-0708: 2 групп, 2 швов
2025-11-07 14:46:38,185 - INFO -    - _Линия 084-FR-0704: 2 групп, 2 швов
2025-11-07 14:46:38,185 - INFO -    - _Линия 084-FR-0700: 2 групп, 2 швов
2025-11-07 14:46:38,185 - INFO -    - _Линия 084-FL-0711: 2 групп, 2 швов
2025-11-07 14:46:38,186 - INFO -    - _Линия 084-FL-0709: 2 групп, 2 швов
2025-11-07 14:46:38,186 - INFO -    - _Линия 084-FL-0708: 2 групп, 2 швов
2025-11-07 14:46:38,186 - INFO -    - _Линия 084-FH-0734: 2 групп, 2 швов
2025-11-07 14:46:38,187 - INFO -    - _Линия 084-FH-0725: 1 групп, 2 швов
2025-11-07 14:46:38,187 - INFO -    - _Линия 084-FH-0721: 1 групп, 2 швов
2025-11-07 14:46:38,187 - INFO -    - _Линия 084-FC-0738: 2 групп, 2 швов
2025-11-07 14:46:38,187 - INFO -    - _Линия 084-FC-0737: 2 групп, 2 швов
2025-11-07 14:46:38,188 - INFO -    - _Линия 084-FC-0736: 2 групп, 2 швов
2025-11-07 14:46:38,188 - INFO -    - _Линия 084-FC-0730: 2 групп, 2 швов
2025-11-07 14:46:38,188 - INFO -    - _Линия 084-FC-0729: 2 групп, 2 швов
2025-11-07 14:46:38,188 - INFO -    - _Линия 084-FC-0727: 2 групп, 2 швов
2025-11-07 14:46:38,188 - INFO -    - _Линия 084-FC-0702: 2 групп, 2 швов
2025-11-07 14:46:38,189 - INFO -    - _Линия 084-DR-0738: 1 групп, 2 швов
2025-11-07 14:46:38,189 - INFO -    - _Линия 084-DR-0737: 1 групп, 2 швов
2025-11-07 14:46:38,190 - INFO -    - _Линия 084-MFG-0728: 1 групп, 1 швов
2025-11-07 14:46:38,190 - INFO -    - _Линия 084-MFG-0711: 1 групп, 1 швов
2025-11-07 14:46:38,190 - INFO -    - _Линия 084-MFG-0707: 1 групп, 1 швов
2025-11-07 14:46:38,190 - INFO -    - _Линия 084-FR-0716: 1 групп, 1 швов
2025-11-07 14:46:38,191 - INFO -    - _Линия 084-FR-0715: 1 групп, 1 швов
2025-11-07 14:46:38,191 - INFO -    - _Линия 084-FR-0711: 1 групп, 1 швов
2025-11-07 14:46:38,191 - INFO -    - _Линия 084-FR-0705: 1 групп, 1 швов
2025-11-07 14:46:38,191 - INFO -    - _Линия 084-FL-0721: 1 групп, 1 швов
2025-11-07 14:46:38,192 - INFO -    - _Линия 084-FL-0720: 1 групп, 1 швов
2025-11-07 14:46:38,192 - INFO -    - _Линия 084-FH-0730: 1 групп, 1 швов
2025-11-07 14:46:38,192 - INFO -    - _Линия 084-FH-0728: 1 групп, 1 швов
2025-11-07 14:46:38,192 - INFO -    - _Линия 084-FH-0700: 1 групп, 1 швов
2025-11-07 14:46:38,193 - INFO -    - _Линия 084-DR-0718: 1 групп, 1 швов
2025-11-07 14:46:38,193 - INFO -    - _Линия 084-DR-0715: 1 групп, 1 швов
2025-11-07 14:46:38,193 - INFO -    - _Линия 084-PA-0701: 1 групп, 0 швов
2025-11-07 14:46:38,193 - INFO -    - _Линия 084-DW-0702: 1 групп, 0 швов
2025-11-07 14:46:38,194 - INFO - ============================================================
2025-11-07 14:46:38,194 - INFO - ИТОГОВЫЙ ОТЧЕТ СОЗДАНИЯ ТАБЛИЦЫ СВАРЕНО_СВАРЩИКОМ
2025-11-07 14:46:38,194 - INFO - ============================================================
2025-11-07 14:46:38,195 - INFO - 📊 Статистика:
2025-11-07 14:46:38,195 - INFO -    - Всего записей в wl_china: 14118
2025-11-07 14:46:38,195 - INFO -    - Создано групп: 0
2025-11-07 14:46:38,195 - INFO -    - Ошибок: 1
2025-11-07 14:46:38,195 - INFO - ============================================================
2025-11-07 14:46:38,196 - WARNING - ⚠️ Создание таблицы завершено с 1 ошибками
2025-11-07 14:46:38,196 - INFO - ✅ Все изменения закоммичены в базу данных
2025-11-07 14:46:38,201 - INFO - 🔌 Соединение с базой данных закрыто
