2025-11-01 12:57:04,007 - INFO - ============================================================
2025-11-01 12:57:04,008 - INFO - НАЧАЛО СОЗДАНИЯ ТАБЛИЦЫ СВАРЕНО_СВАРЩИКОМ
2025-11-01 12:57:04,008 - INFO - ============================================================
2025-11-01 12:57:04,009 - INFO - ✅ Подключение к базе данных успешно
2025-11-01 12:57:04,010 - INFO - 🔧 Предварительная обработка: обнуляем клейма при пустой дате сварки...
2025-11-01 12:57:09,448 - ERROR - ❌ Ошибка предварительной обработки: database is locked
2025-11-01 12:57:09,469 - INFO - 📊 Статистика таблицы wl_china:
2025-11-01 12:57:09,470 - INFO -    - Всего записей: 14071
2025-11-01 12:57:09,470 - INFO - 🔍 Проверка структуры таблицы wl_china...
2025-11-01 12:57:09,470 - INFO - ✅ Все необходимые колонки найдены
2025-11-01 12:57:09,470 - INFO - ✅ Найден столбец Базовый_материал_1 - будет применяться исключение для стилоскопирования
2025-11-01 12:57:09,490 - INFO - 📊 Записей с клеймами сварщиков: 13703
2025-11-01 12:57:09,490 - INFO - 🗑️ Удаление существующей таблицы сварено_сварщиком...
2025-11-01 12:57:14,962 - ERROR - ❌ Ошибка удаления таблицы: database is locked
2025-11-01 12:57:14,962 - INFO - 🏗️ Создание новой таблицы сварено_сварщиком...
2025-11-01 12:57:14,963 - ERROR - ❌ Ошибка создания таблицы: table сварено_сварщиком already exists
2025-11-01 12:57:14,963 - INFO - 📝 Заполнение таблицы данными...
2025-11-01 12:57:14,963 - INFO - 🔧 Применяется исключение для стилоскопирования: исключаются записи с Базовый_материал_1 содержащим '09Г2C' или '09Г2С', а также записи где Результаты_Заключения_РК = 'Не годен'
2025-11-01 12:57:20,443 - ERROR - ❌ Ошибка заполнения таблицы: database is locked
2025-11-01 12:57:20,444 - INFO - 🔍 Проверка результатов...
2025-11-01 12:57:20,446 - INFO - 📊 Результаты создания таблицы:
2025-11-01 12:57:20,447 - INFO -    - Всего записей: 0
2025-11-01 12:57:20,447 - INFO -    - Примеры записей (топ-5 по количеству сварных швов):
2025-11-01 12:57:20,447 - INFO - 📊 Статистика по линиям:
2025-11-01 12:57:20,448 - INFO - 📊 Статистика по _Линия:
2025-11-01 12:57:20,448 - ERROR - ❌ Ошибка при проверке результатов
2025-11-01 12:57:20,450 - INFO - 🔌 Соединение с базой данных закрыто
