2025-11-01 12:50:55,171 - INFO - ============================================================
2025-11-01 12:50:55,172 - INFO - НАЧАЛО СОЗДАНИЯ ТАБЛИЦЫ СВАРЕНО_СВАРЩИКОМ
2025-11-01 12:50:55,172 - INFO - ============================================================
2025-11-01 12:50:55,174 - INFO - ✅ Подключение к базе данных успешно
2025-11-01 12:50:55,175 - INFO - 🔧 Предварительная обработка: обнуляем клейма при пустой дате сварки...
2025-11-01 12:51:00,752 - ERROR - ❌ Ошибка предварительной обработки: database is locked
2025-11-01 12:51:00,772 - INFO - 📊 Статистика таблицы wl_china:
2025-11-01 12:51:00,773 - INFO -    - Всего записей: 14071
2025-11-01 12:51:00,773 - INFO - 🔍 Проверка структуры таблицы wl_china...
2025-11-01 12:51:00,774 - INFO - ✅ Все необходимые колонки найдены
2025-11-01 12:51:00,774 - INFO - ✅ Найден столбец Базовый_материал_1 - будет применяться исключение для стилоскопирования
2025-11-01 12:51:00,789 - INFO - 📊 Записей с клеймами сварщиков: 13703
2025-11-01 12:51:00,790 - INFO - 🗑️ Удаление существующей таблицы сварено_сварщиком...
2025-11-01 12:51:06,361 - ERROR - ❌ Ошибка удаления таблицы: database is locked
2025-11-01 12:51:06,362 - INFO - 🏗️ Создание новой таблицы сварено_сварщиком...
2025-11-01 12:51:06,362 - ERROR - ❌ Ошибка создания таблицы: table сварено_сварщиком already exists
2025-11-01 12:51:06,362 - INFO - 📝 Заполнение таблицы данными...
2025-11-01 12:51:06,363 - INFO - 🔧 Применяется исключение для стилоскопирования: исключаются записи с Базовый_материал_1 содержащим '09Г2C' или '09Г2С', а также записи где Результаты_Заключения_РК = 'Не годен'
2025-11-01 12:51:11,923 - ERROR - ❌ Ошибка заполнения таблицы: database is locked
2025-11-01 12:51:11,923 - INFO - 🔍 Проверка результатов...
2025-11-01 12:51:11,924 - INFO - 📊 Результаты создания таблицы:
2025-11-01 12:51:11,924 - INFO -    - Всего записей: 0
2025-11-01 12:51:11,924 - INFO -    - Примеры записей (топ-5 по количеству сварных швов):
2025-11-01 12:51:11,925 - INFO - 📊 Статистика по линиям:
2025-11-01 12:51:11,925 - INFO - 📊 Статистика по _Линия:
2025-11-01 12:51:11,925 - ERROR - ❌ Ошибка при проверке результатов
2025-11-01 12:51:11,928 - INFO - 🔌 Соединение с базой данных закрыто
