2025-11-01 12:57:12,388 - INFO - ============================================================
2025-11-01 12:57:12,389 - INFO - НАЧАЛО СОЗДАНИЯ ТАБЛИЦЫ СВАРЕНО_СВАРЩИКОМ
2025-11-01 12:57:12,390 - INFO - ============================================================
2025-11-01 12:57:12,391 - INFO - ✅ Подключение к базе данных успешно
2025-11-01 12:57:12,392 - INFO - 🔧 Предварительная обработка: обнуляем клейма при пустой дате сварки...
2025-11-01 12:57:17,898 - ERROR - ❌ Ошибка предварительной обработки: database is locked
2025-11-01 12:57:17,923 - INFO - 📊 Статистика таблицы wl_china:
2025-11-01 12:57:17,924 - INFO -    - Всего записей: 14071
2025-11-01 12:57:17,924 - INFO - 🔍 Проверка структуры таблицы wl_china...
2025-11-01 12:57:17,925 - INFO - ✅ Все необходимые колонки найдены
2025-11-01 12:57:17,926 - INFO - ✅ Найден столбец Базовый_материал_1 - будет применяться исключение для стилоскопирования
2025-11-01 12:57:17,945 - INFO - 📊 Записей с клеймами сварщиков: 13703
2025-11-01 12:57:17,945 - INFO - 🗑️ Удаление существующей таблицы сварено_сварщиком...
2025-11-01 12:57:23,424 - ERROR - ❌ Ошибка удаления таблицы: database is locked
2025-11-01 12:57:23,425 - INFO - 🏗️ Создание новой таблицы сварено_сварщиком...
2025-11-01 12:57:23,426 - ERROR - ❌ Ошибка создания таблицы: table сварено_сварщиком already exists
2025-11-01 12:57:23,426 - INFO - 📝 Заполнение таблицы данными...
2025-11-01 12:57:23,427 - INFO - 🔧 Применяется исключение для стилоскопирования: исключаются записи с Базовый_материал_1 содержащим '09Г2C' или '09Г2С', а также записи где Результаты_Заключения_РК = 'Не годен'
2025-11-01 12:57:28,855 - ERROR - ❌ Ошибка заполнения таблицы: database is locked
2025-11-01 12:57:28,856 - INFO - 🔍 Проверка результатов...
2025-11-01 12:57:28,857 - INFO - 📊 Результаты создания таблицы:
2025-11-01 12:57:28,858 - INFO -    - Всего записей: 0
2025-11-01 12:57:28,858 - INFO -    - Примеры записей (топ-5 по количеству сварных швов):
2025-11-01 12:57:28,859 - INFO - 📊 Статистика по линиям:
2025-11-01 12:57:28,859 - INFO - 📊 Статистика по _Линия:
2025-11-01 12:57:28,859 - ERROR - ❌ Ошибка при проверке результатов
2025-11-01 12:57:28,859 - INFO - 🔌 Соединение с базой данных закрыто
