2026-01-17 10:59:16,102 - INFO - === НАЧАЛО РАСЧЕТА СРЕДНИХ ЗНАЧЕНИЙ DN ===
2026-01-17 10:59:16,106 - INFO - Подключение к базе данных: D:\МК_Кран\script_M_Kran\database\BD_Kingisepp\M_Kran_Kingesepp.db
2026-01-17 10:59:16,134 - INFO - Столбец 'DN' найден
2026-01-17 10:59:16,135 - INFO - Используется столбец с датой: Дата_сварки
2026-01-17 10:59:16,180 - INFO - Рассчитано средних значений DN на каждый день: 432
2026-01-17 10:59:16,212 - INFO - Рассчитано среднее значение DN на весь период
2026-01-17 10:59:17,368 - INFO - Добавлен лист 'Среднее_DN_по_дням': 432 строк
2026-01-17 10:59:17,375 - INFO - Добавлен лист 'Среднее_DN_за_период'
2026-01-17 10:59:17,381 - INFO - Добавлен лист 'Статистика_DN'
2026-01-17 10:59:17,466 - INFO - Результаты успешно экспортированы в: D:\Загрузка\Среднее_DN_wl_report_smr_20260117_105916.xlsx
2026-01-17 10:59:17,468 - INFO - 
=== РАСЧЕТ СРЕДНИХ ЗНАЧЕНИЙ DN ЗАВЕРШЕН УСПЕШНО ===
2026-01-17 10:59:17,472 - INFO - Соединение с базой данных закрыто
2026-01-17 11:13:29,961 - INFO - === НАЧАЛО РАСЧЕТА СРЕДНИХ ЗНАЧЕНИЙ DN ===
2026-01-17 11:13:29,963 - INFO - Подключение к базе данных: D:\МК_Кран\script_M_Kran\database\BD_Kingisepp\M_Kran_Kingesepp.db
2026-01-17 11:13:29,970 - INFO - Столбец 'DN' найден
2026-01-17 11:13:29,972 - INFO - Используется столбец с датой: Дата_сварки
2026-01-17 11:13:30,001 - INFO - Рассчитано средних значений DN на каждый день: 432
2026-01-17 11:13:30,039 - INFO - Рассчитано средних значений DN по неделям: 68
2026-01-17 11:13:30,069 - INFO - Рассчитано средних значений DN по месяцам: 17
2026-01-17 11:13:30,093 - INFO - Рассчитано среднее значение DN на весь период
2026-01-17 11:13:30,593 - INFO - Добавлен лист 'Среднее_DN_по_дням': 432 строк
2026-01-17 11:13:30,598 - INFO - Добавлен лист 'Среднее_DN_по_неделям': 68 строк
2026-01-17 11:13:30,607 - INFO - Добавлен лист 'Среднее_DN_по_месяцам': 17 строк
2026-01-17 11:13:30,610 - INFO - Добавлен лист 'Среднее_DN_за_период'
2026-01-17 11:13:30,611 - INFO - Добавлен лист 'Статистика_DN'
2026-01-17 11:13:30,702 - INFO - Результаты успешно экспортированы в: D:\Загрузка\Среднее_DN_wl_report_smr_20260117_111330.xlsx
2026-01-17 11:13:30,703 - INFO - 
=== РАСЧЕТ СРЕДНИХ ЗНАЧЕНИЙ DN ЗАВЕРШЕН УСПЕШНО ===
2026-01-17 11:13:30,709 - INFO - Соединение с базой данных закрыто
2026-01-17 11:16:24,059 - INFO - === НАЧАЛО РАСЧЕТА СРЕДНИХ ЗНАЧЕНИЙ DN ===
2026-01-17 11:16:24,061 - INFO - Подключение к базе данных: D:\МК_Кран\script_M_Kran\database\BD_Kingisepp\M_Kran_Kingesepp.db
2026-01-17 11:16:24,064 - INFO - Столбец 'DN' найден
2026-01-17 11:16:24,064 - INFO - Используется столбец с датой: Дата_сварки
2026-01-17 11:16:24,097 - INFO - Рассчитано средних значений DN на каждый день: 432
2026-01-17 11:16:24,273 - INFO - Рассчитано средних значений DN по неделям (неделя с понедельника): 67
2026-01-17 11:16:24,303 - INFO - Рассчитано средних значений DN по месяцам: 17
2026-01-17 11:16:24,328 - INFO - Рассчитано среднее значение DN на весь период
2026-01-17 11:16:24,872 - INFO - Добавлен лист 'Среднее_DN_по_дням': 432 строк
2026-01-17 11:16:24,880 - INFO - Добавлен лист 'Среднее_DN_по_неделям': 67 строк
2026-01-17 11:16:24,884 - INFO - Добавлен лист 'Среднее_DN_по_месяцам': 17 строк
2026-01-17 11:16:24,888 - INFO - Добавлен лист 'Среднее_DN_за_период'
2026-01-17 11:16:24,892 - INFO - Добавлен лист 'Статистика_DN'
2026-01-17 11:16:24,957 - INFO - Результаты успешно экспортированы в: D:\Загрузка\Среднее_DN_wl_report_smr_20260117_111624.xlsx
2026-01-17 11:16:24,958 - INFO - 
=== РАСЧЕТ СРЕДНИХ ЗНАЧЕНИЙ DN ЗАВЕРШЕН УСПЕШНО ===
2026-01-17 11:16:24,962 - INFO - Соединение с базой данных закрыто
2026-01-17 11:18:47,841 - INFO - === НАЧАЛО РАСЧЕТА СРЕДНИХ ЗНАЧЕНИЙ DN ===
2026-01-17 11:18:47,844 - INFO - Подключение к базе данных: D:\МК_Кран\script_M_Kran\database\BD_Kingisepp\M_Kran_Kingesepp.db
2026-01-17 11:18:47,849 - INFO - Столбец 'DN' найден
2026-01-17 11:18:47,850 - INFO - Используется столбец с датой: Дата_сварки
2026-01-17 11:18:47,899 - INFO - Рассчитано средних значений DN на каждый день: 432
2026-01-17 11:18:47,989 - INFO - Рассчитано средних значений DN по неделям (неделя с понедельника): 67
2026-01-17 11:18:48,017 - INFO - Рассчитано средних значений DN по месяцам: 17
2026-01-17 11:18:48,046 - INFO - Рассчитано среднее значение DN на весь период
2026-01-17 11:18:48,566 - INFO - Добавлен лист 'Среднее_DN_по_дням': 432 строк
2026-01-17 11:18:48,573 - INFO - Добавлен лист 'Среднее_DN_по_неделям': 67 строк
2026-01-17 11:18:48,578 - INFO - Добавлен лист 'Среднее_DN_по_месяцам': 17 строк
2026-01-17 11:18:48,581 - INFO - Добавлен лист 'Среднее_DN_за_период'
2026-01-17 11:18:48,585 - INFO - Добавлен лист 'Статистика_DN'
2026-01-17 11:18:48,649 - INFO - Результаты успешно экспортированы в: D:\Загрузка\Среднее_DN_wl_report_smr_20260117_111848.xlsx
2026-01-17 11:18:48,650 - INFO - 
=== РАСЧЕТ СРЕДНИХ ЗНАЧЕНИЙ DN ЗАВЕРШЕН УСПЕШНО ===
2026-01-17 11:18:48,653 - INFO - Соединение с базой данных закрыто
2026-01-17 11:33:47,637 - INFO - === НАЧАЛО РАСЧЕТА СРЕДНИХ ЗНАЧЕНИЙ DN ===
2026-01-17 11:33:47,639 - INFO - Подключение к базе данных: D:\МК_Кран\script_M_Kran\database\BD_Kingisepp\M_Kran_Kingesepp.db
2026-01-17 11:33:47,643 - INFO - Столбец 'DN' найден
2026-01-17 11:33:47,644 - INFO - Используется столбец с датой: Дата_сварки
2026-01-17 11:33:47,684 - INFO - Рассчитано средних значений DN на каждый день: 432
2026-01-17 11:33:47,771 - INFO - Рассчитано средних значений DN по неделям (неделя с понедельника): 67
2026-01-17 11:33:47,802 - INFO - Рассчитано средних значений DN по месяцам: 17
2026-01-17 11:33:47,839 - INFO - Рассчитано средних значений DN по годам: 3
2026-01-17 11:33:47,864 - INFO - Рассчитано среднее значение DN на весь период
2026-01-17 11:33:48,466 - INFO - Добавлен лист 'Среднее_DN_по_дням': 432 строк
2026-01-17 11:33:48,475 - INFO - Добавлен лист 'Среднее_DN_по_неделям': 67 строк
2026-01-17 11:33:48,479 - INFO - Добавлен лист 'Среднее_DN_по_месяцам': 17 строк
2026-01-17 11:33:48,484 - INFO - Добавлен лист 'Среднее_DN_по_годам': 3 строк
2026-01-17 11:33:48,491 - INFO - Добавлен лист 'Среднее_DN_за_период'
2026-01-17 11:33:48,494 - INFO - Добавлен лист 'Статистика_DN'
2026-01-17 11:33:48,586 - INFO - Результаты успешно экспортированы в: D:\Загрузка\Среднее_DN_wl_report_smr_20260117_113347.xlsx
2026-01-17 11:33:48,588 - INFO - 
=== РАСЧЕТ СРЕДНИХ ЗНАЧЕНИЙ DN ЗАВЕРШЕН УСПЕШНО ===
2026-01-17 11:33:48,590 - INFO - Соединение с базой данных закрыто
2026-01-17 11:38:50,640 - INFO - === НАЧАЛО РАСЧЕТА СРЕДНИХ ЗНАЧЕНИЙ DN ===
2026-01-17 11:38:50,644 - INFO - Подключение к базе данных: D:\МК_Кран\script_M_Kran\database\BD_Kingisepp\M_Kran_Kingesepp.db
2026-01-17 11:38:50,649 - INFO - Столбец 'DN' найден
2026-01-17 11:38:50,650 - INFO - Используется столбец с датой: Дата_сварки
2026-01-17 11:38:50,684 - INFO - Рассчитано средних значений DN на каждый день: 432
2026-01-17 11:38:50,761 - INFO - Рассчитано средних значений DN по неделям (неделя с понедельника): 67
2026-01-17 11:38:50,800 - INFO - Рассчитано средних значений DN по месяцам: 17
2026-01-17 11:38:50,833 - INFO - Рассчитано средних значений DN по годам: 3
2026-01-17 11:38:50,860 - INFO - Рассчитано среднее значение DN на весь период
2026-01-17 11:38:51,388 - INFO - Добавлен лист 'Среднее_DN_по_дням': 432 строк
2026-01-17 11:38:51,400 - INFO - Добавлен лист 'Среднее_DN_по_неделям': 67 строк
2026-01-17 11:38:51,403 - INFO - Добавлен лист 'Среднее_DN_по_месяцам': 17 строк
2026-01-17 11:38:51,408 - INFO - Добавлен лист 'Среднее_DN_по_годам': 3 строк
2026-01-17 11:38:51,417 - INFO - Добавлен лист 'Среднее_DN_за_период'
2026-01-17 11:38:51,419 - INFO - Добавлен лист 'Статистика_DN'
2026-01-17 11:38:51,499 - INFO - Результаты успешно экспортированы в: D:\Загрузка\Среднее_DN_wl_report_smr_20260117_113850.xlsx
2026-01-17 11:38:51,501 - INFO - 
=== РАСЧЕТ СРЕДНИХ ЗНАЧЕНИЙ DN ЗАВЕРШЕН УСПЕШНО ===
2026-01-17 11:38:51,504 - INFO - Соединение с базой данных закрыто
2026-01-17 12:28:37,692 - INFO - === НАЧАЛО РАСЧЕТА СРЕДНИХ ЗНАЧЕНИЙ DN ===
2026-01-17 12:28:37,692 - INFO - Подключение к базе данных: D:\МК_Кран\script_M_Kran\database\BD_Kingisepp\M_Kran_Kingesepp.db
2026-01-17 12:28:37,693 - INFO - Столбец 'DN' найден
2026-01-17 12:28:37,694 - INFO - Используется столбец с датой: Дата_сварки
2026-01-17 12:28:37,708 - INFO - Рассчитано средних значений DN на каждый день: 432
2026-01-17 12:28:37,741 - INFO - Рассчитано средних значений DN по неделям (неделя с понедельника): 67
2026-01-17 12:28:37,755 - INFO - Рассчитано средних значений DN по месяцам: 17
2026-01-17 12:28:37,770 - INFO - Рассчитано средних значений DN по годам: 3
2026-01-17 12:28:37,778 - INFO - Рассчитано среднее значение DN на весь период
2026-01-17 12:28:38,084 - INFO - Добавлен лист 'Среднее_DN_по_дням': 432 строк
2026-01-17 12:28:38,088 - INFO - Добавлен лист 'Среднее_DN_по_неделям': 67 строк
2026-01-17 12:28:38,090 - INFO - Добавлен лист 'Среднее_DN_по_месяцам': 17 строк
2026-01-17 12:28:38,091 - INFO - Добавлен лист 'Среднее_DN_по_годам': 3 строк
2026-01-17 12:28:38,093 - INFO - Добавлен лист 'Среднее_DN_за_период'
2026-01-17 12:28:38,094 - INFO - Добавлен лист 'Статистика_DN'
2026-01-17 12:28:38,127 - INFO - Результаты успешно экспортированы в: D:\Загрузка\Среднее_DN_wl_report_smr_20260117_122837.xlsx
2026-01-17 12:28:38,127 - INFO - 
=== РАСЧЕТ СРЕДНИХ ЗНАЧЕНИЙ DN ЗАВЕРШЕН УСПЕШНО ===
2026-01-17 12:28:38,128 - INFO - Соединение с базой данных закрыто
2026-01-17 12:28:54,466 - INFO - === НАЧАЛО РАСЧЕТА СРЕДНИХ ЗНАЧЕНИЙ DN ===
2026-01-17 12:28:54,467 - INFO - Подключение к базе данных: D:\МК_Кран\script_M_Kran\database\BD_Kingisepp\M_Kran_Kingesepp.db
2026-01-17 12:28:54,469 - INFO - Столбец 'DN' найден
2026-01-17 12:28:54,469 - INFO - Используется столбец с датой: Дата_сварки
2026-01-17 12:28:54,483 - INFO - Рассчитано средних значений DN на каждый день: 432
2026-01-17 12:28:54,518 - INFO - Рассчитано средних значений DN по неделям (неделя с понедельника): 67
2026-01-17 12:28:54,532 - INFO - Рассчитано средних значений DN по месяцам: 17
2026-01-17 12:28:54,548 - INFO - Рассчитано средних значений DN по годам: 3
2026-01-17 12:28:54,556 - INFO - Рассчитано среднее значение DN на весь период
2026-01-17 12:28:54,872 - INFO - Добавлен лист 'Среднее_DN_по_дням': 432 строк
2026-01-17 12:28:54,876 - INFO - Добавлен лист 'Среднее_DN_по_неделям': 67 строк
2026-01-17 12:28:54,878 - INFO - Добавлен лист 'Среднее_DN_по_месяцам': 17 строк
2026-01-17 12:28:54,879 - INFO - Добавлен лист 'Среднее_DN_по_годам': 3 строк
2026-01-17 12:28:54,881 - INFO - Добавлен лист 'Среднее_DN_за_период'
2026-01-17 12:28:54,882 - INFO - Добавлен лист 'Статистика_DN'
2026-01-17 12:28:54,915 - INFO - Результаты успешно экспортированы в: D:\Загрузка\Среднее_DN_wl_report_smr_20260117_122854.xlsx
2026-01-17 12:28:54,915 - INFO - 
=== РАСЧЕТ СРЕДНИХ ЗНАЧЕНИЙ DN ЗАВЕРШЕН УСПЕШНО ===
2026-01-17 12:28:54,916 - INFO - Соединение с базой данных закрыто
2026-01-17 12:40:57,190 - INFO - === НАЧАЛО РАСЧЕТА СРЕДНИХ ЗНАЧЕНИЙ DN ===
2026-01-17 12:40:57,190 - INFO - Подключение к базе данных: D:\МК_Кран\script_M_Kran\database\BD_Kingisepp\M_Kran_Kingesepp.db
2026-01-17 12:40:57,192 - INFO - Столбец 'DN' найден
2026-01-17 12:40:57,192 - INFO - Используется столбец с датой: Дата_сварки
2026-01-17 12:40:57,207 - INFO - Рассчитано средних значений DN на каждый день: 432
2026-01-17 12:40:57,243 - INFO - Рассчитано средних значений DN по неделям (неделя с понедельника): 67
2026-01-17 12:40:57,255 - INFO - Рассчитано средних значений DN по месяцам: 17
2026-01-17 12:40:57,270 - INFO - Рассчитано средних значений DN по годам: 3
2026-01-17 12:40:57,278 - INFO - Рассчитано среднее значение DN на весь период
2026-01-17 12:40:57,565 - INFO - Добавлен лист 'Среднее_DN_по_дням': 432 строк
2026-01-17 12:40:57,570 - INFO - Добавлен лист 'Среднее_DN_по_неделям': 67 строк
2026-01-17 12:40:57,572 - INFO - Добавлен лист 'Среднее_DN_по_месяцам': 17 строк
2026-01-17 12:40:57,573 - INFO - Добавлен лист 'Среднее_DN_по_годам': 3 строк
2026-01-17 12:40:57,575 - INFO - Добавлен лист 'Среднее_DN_за_период'
2026-01-17 12:40:57,575 - INFO - Добавлен лист 'Статистика_DN'
2026-01-17 12:40:57,612 - INFO - Результаты успешно экспортированы в: D:\Загрузка\Среднее_DN_wl_report_smr_20260117_124057.xlsx
2026-01-17 12:40:57,612 - INFO - 
=== РАСЧЕТ СРЕДНИХ ЗНАЧЕНИЙ DN ЗАВЕРШЕН УСПЕШНО ===
2026-01-17 12:40:57,614 - INFO - Соединение с базой данных закрыто
2026-01-17 13:21:36,830 - INFO - === НАЧАЛО РАСЧЕТА СРЕДНИХ ЗНАЧЕНИЙ DN ===
2026-01-17 13:21:36,831 - INFO - Подключение к базе данных: D:\МК_Кран\script_M_Kran\database\BD_Kingisepp\M_Kran_Kingesepp.db
2026-01-17 13:21:36,837 - INFO - Столбец 'DN' найден
2026-01-17 13:21:36,837 - INFO - Используется столбец с датой: Дата_сварки
2026-01-17 13:21:36,875 - INFO - Рассчитано средних значений DN на каждый день: 432
2026-01-17 13:21:36,953 - INFO - Рассчитано средних значений DN по неделям (неделя с понедельника): 67
2026-01-17 13:21:36,984 - INFO - Рассчитано средних значений DN по месяцам: 17
2026-01-17 13:21:37,015 - INFO - Рассчитано средних значений DN по годам: 3
2026-01-17 13:21:37,032 - INFO - Рассчитано среднее значение DN на весь период
2026-01-17 13:21:37,594 - INFO - Добавлен лист 'Среднее_DN_по_дням': 432 строк
2026-01-17 13:21:37,608 - INFO - Добавлен лист 'Среднее_DN_по_неделям': 67 строк
2026-01-17 13:21:37,619 - INFO - Добавлен лист 'Среднее_DN_по_месяцам': 17 строк
2026-01-17 13:21:37,626 - INFO - Добавлен лист 'Среднее_DN_по_годам': 3 строк
2026-01-17 13:21:37,633 - INFO - Добавлен лист 'Среднее_DN_за_период'
2026-01-17 13:21:37,635 - INFO - Добавлен лист 'Статистика_DN'
2026-01-17 13:21:37,734 - INFO - Результаты успешно экспортированы в: D:\Загрузка\Среднее_DN_wl_report_smr_20260117_132137.xlsx
2026-01-17 13:21:37,735 - INFO - 
=== РАСЧЕТ СРЕДНИХ ЗНАЧЕНИЙ DN ЗАВЕРШЕН УСПЕШНО ===
2026-01-17 13:21:37,738 - INFO - Соединение с базой данных закрыто
2026-01-18 09:19:56,977 - INFO - === НАЧАЛО РАСЧЕТА СРЕДНИХ ЗНАЧЕНИЙ DN ===
2026-01-18 09:19:56,978 - INFO - Подключение к базе данных: D:\МК_Кран\script_M_Kran\database\BD_Kingisepp\M_Kran_Kingesepp.db
2026-01-18 09:19:56,979 - INFO - Столбец 'DN' найден
2026-01-18 09:19:56,979 - INFO - Используется столбец с датой: Дата_сварки
2026-01-18 09:19:56,999 - INFO - Рассчитано средних значений DN на каждый день: 433
2026-01-18 09:19:57,041 - INFO - Рассчитано средних значений DN по неделям (неделя с понедельника): 68
2026-01-18 09:19:57,054 - INFO - Рассчитано средних значений DN по месяцам: 17
2026-01-18 09:19:57,070 - INFO - Рассчитано средних значений DN по годам: 3
2026-01-18 09:19:57,078 - INFO - Рассчитано среднее значение DN на весь период
2026-01-18 09:19:57,387 - INFO - Добавлен лист 'Среднее_DN_по_дням': 433 строк
2026-01-18 09:19:57,391 - INFO - Добавлен лист 'Среднее_DN_по_неделям': 68 строк
2026-01-18 09:19:57,393 - INFO - Добавлен лист 'Среднее_DN_по_месяцам': 17 строк
2026-01-18 09:19:57,394 - INFO - Добавлен лист 'Среднее_DN_по_годам': 3 строк
2026-01-18 09:19:57,396 - INFO - Добавлен лист 'Среднее_DN_за_период'
2026-01-18 09:19:57,397 - INFO - Добавлен лист 'Статистика_DN'
2026-01-18 09:19:57,430 - INFO - Результаты успешно экспортированы в: D:\Загрузка\Среднее_DN_wl_report_smr_20260118_091957.xlsx
2026-01-18 09:19:57,430 - INFO - 
=== РАСЧЕТ СРЕДНИХ ЗНАЧЕНИЙ DN ЗАВЕРШЕН УСПЕШНО ===
2026-01-18 09:19:57,430 - INFO - Соединение с базой данных закрыто
2026-01-18 09:26:00,303 - INFO - === НАЧАЛО РАСЧЕТА СРЕДНИХ ЗНАЧЕНИЙ DN ===
2026-01-18 09:26:00,304 - INFO - Подключение к базе данных: D:\МК_Кран\script_M_Kran\database\BD_Kingisepp\M_Kran_Kingesepp.db
2026-01-18 09:26:00,305 - INFO - Столбец 'DN' найден
2026-01-18 09:26:00,305 - INFO - Используется столбец с датой: Дата_сварки
2026-01-18 09:26:00,320 - INFO - Рассчитано средних значений DN на каждый день: 433
2026-01-18 09:26:00,355 - INFO - Рассчитано средних значений DN по неделям (неделя с понедельника): 68
2026-01-18 09:26:00,369 - INFO - Рассчитано средних значений DN по месяцам: 17
2026-01-18 09:26:00,385 - INFO - Рассчитано средних значений DN по годам: 3
2026-01-18 09:26:00,394 - INFO - Рассчитано среднее значение DN на весь период
2026-01-18 09:26:00,735 - INFO - Добавлен лист 'Среднее_DN_по_дням': 433 строк
2026-01-18 09:26:00,739 - INFO - Добавлен лист 'Среднее_DN_по_неделям': 68 строк
2026-01-18 09:26:00,741 - INFO - Добавлен лист 'Среднее_DN_по_месяцам': 17 строк
2026-01-18 09:26:00,743 - INFO - Добавлен лист 'Среднее_DN_по_годам': 3 строк
2026-01-18 09:26:00,745 - INFO - Добавлен лист 'Среднее_DN_за_период'
2026-01-18 09:26:00,746 - INFO - Добавлен лист 'Статистика_DN'
2026-01-18 09:26:00,784 - INFO - Результаты успешно экспортированы в: D:\Загрузка\Среднее_DN_wl_report_smr_20260118_092600.xlsx
2026-01-18 09:26:00,784 - INFO - 
=== РАСЧЕТ СРЕДНИХ ЗНАЧЕНИЙ DN ЗАВЕРШЕН УСПЕШНО ===
2026-01-18 09:26:00,785 - INFO - Соединение с базой данных закрыто
