2026-04-21 14:03:37,779 - ERROR - Flask errorhandler captured exception: I/O operation on closed file | path=/api/get_deletion_codes | method=GET | args={}
Traceback (most recent call last):
  File "C:\Users\Andrey\AppData\Local\Programs\Python\Python314\Lib\site-packages\flask\app.py", line 867, in full_dispatch_request
    rv = self.dispatch_request()
  File "C:\Users\Andrey\AppData\Local\Programs\Python\Python314\Lib\site-packages\flask\app.py", line 852, in dispatch_request
    return self.ensure_sync(self.view_functions[rule.endpoint])(**view_args)
           ~~~~~~~~~~~~~~~~~~~~~~~~~~~~~~~~~~~~~~~~~~~~~~~~~~~~^^^^^^^^^^^^^
  File "D:\МК_Кран\script_M_Kran\web\app\app.py", line 4534, in get_deletion_codes
    print("DEBUG: API get_deletion_codes вызван")
    ~~~~~^^^^^^^^^^^^^^^^^^^^^^^^^^^^^^^^^^^^^^^^
ValueError: I/O operation on closed file
2026-04-21 14:03:53,442 - ERROR - Flask errorhandler captured exception: I/O operation on closed file | path=/api/get_deletion_codes | method=GET | args={}
Traceback (most recent call last):
  File "C:\Users\Andrey\AppData\Local\Programs\Python\Python314\Lib\site-packages\flask\app.py", line 867, in full_dispatch_request
    rv = self.dispatch_request()
  File "C:\Users\Andrey\AppData\Local\Programs\Python\Python314\Lib\site-packages\flask\app.py", line 852, in dispatch_request
    return self.ensure_sync(self.view_functions[rule.endpoint])(**view_args)
           ~~~~~~~~~~~~~~~~~~~~~~~~~~~~~~~~~~~~~~~~~~~~~~~~~~~~^^^^^^^^^^^^^
  File "D:\МК_Кран\script_M_Kran\web\app\app.py", line 4534, in get_deletion_codes
    print("DEBUG: API get_deletion_codes вызван")
    ~~~~~^^^^^^^^^^^^^^^^^^^^^^^^^^^^^^^^^^^^^^^^
ValueError: I/O operation on closed file
2026-04-22 16:34:40,319 - ERROR - Flask errorhandler captured exception: I/O operation on closed file | path=/scripts | method=GET | args={}
Traceback (most recent call last):
  File "D:\МК_Кран\script_M_Kran\web\app\app.py", line 2408, in scripts
    print("DEBUG: Начинаем загрузку ETL скриптов...")
    ~~~~~^^^^^^^^^^^^^^^^^^^^^^^^^^^^^^^^^^^^^^^^^^^^
ValueError: I/O operation on closed file

During handling of the above exception, another exception occurred:

Traceback (most recent call last):
  File "C:\Users\Andrey\AppData\Local\Programs\Python\Python314\Lib\site-packages\flask\app.py", line 867, in full_dispatch_request
    rv = self.dispatch_request()
  File "C:\Users\Andrey\AppData\Local\Programs\Python\Python314\Lib\site-packages\flask\app.py", line 852, in dispatch_request
    return self.ensure_sync(self.view_functions[rule.endpoint])(**view_args)
           ~~~~~~~~~~~~~~~~~~~~~~~~~~~~~~~~~~~~~~~~~~~~~~~~~~~~^^^^^^^^^^^^^
  File "D:\МК_Кран\script_M_Kran\web\app\app.py", line 2435, in scripts
    print(f"DEBUG: Ошибка в функции scripts(): {e}")
    ~~~~~^^^^^^^^^^^^^^^^^^^^^^^^^^^^^^^^^^^^^^^^^^^
ValueError: I/O operation on closed file
2026-04-22 16:34:40,370 - ERROR - Flask errorhandler captured exception: 404 Not Found: The requested URL was not found on the server. If you entered the URL manually please check your spelling and try again. | path=/favicon.ico | method=GET | args={}
Traceback (most recent call last):
  File "C:\Users\Andrey\AppData\Local\Programs\Python\Python314\Lib\site-packages\flask\app.py", line 867, in full_dispatch_request
    rv = self.dispatch_request()
  File "C:\Users\Andrey\AppData\Local\Programs\Python\Python314\Lib\site-packages\flask\app.py", line 841, in dispatch_request
    self.raise_routing_exception(req)
    ~~~~~~~~~~~~~~~~~~~~~~~~~~~~^^^^^
  File "C:\Users\Andrey\AppData\Local\Programs\Python\Python314\Lib\site-packages\flask\app.py", line 450, in raise_routing_exception
    raise request.routing_exception  # type: ignore
    ^^^^^^^^^^^^^^^^^^^^^^^^^^^^^^^
  File "C:\Users\Andrey\AppData\Local\Programs\Python\Python314\Lib\site-packages\flask\ctx.py", line 353, in match_request
    result = self.url_adapter.match(return_rule=True)  # type: ignore
  File "C:\Users\Andrey\AppData\Local\Programs\Python\Python314\Lib\site-packages\werkzeug\routing\map.py", line 629, in match
    raise NotFound() from None
werkzeug.exceptions.NotFound: 404 Not Found: The requested URL was not found on the server. If you entered the URL manually please check your spelling and try again.
2026-04-23 13:36:44,997 - ERROR - Flask errorhandler captured exception: I/O operation on closed file | path=/scripts | method=GET | args={}
Traceback (most recent call last):
  File "D:\МК_Кран\script_M_Kran\web\app\app.py", line 2408, in scripts
    print("DEBUG: Начинаем загрузку ETL скриптов...")
    ~~~~~^^^^^^^^^^^^^^^^^^^^^^^^^^^^^^^^^^^^^^^^^^^^
ValueError: I/O operation on closed file

During handling of the above exception, another exception occurred:

Traceback (most recent call last):
  File "C:\Users\Andrey\AppData\Local\Programs\Python\Python314\Lib\site-packages\flask\app.py", line 867, in full_dispatch_request
    rv = self.dispatch_request()
  File "C:\Users\Andrey\AppData\Local\Programs\Python\Python314\Lib\site-packages\flask\app.py", line 852, in dispatch_request
    return self.ensure_sync(self.view_functions[rule.endpoint])(**view_args)
           ~~~~~~~~~~~~~~~~~~~~~~~~~~~~~~~~~~~~~~~~~~~~~~~~~~~~^^^^^^^^^^^^^
  File "D:\МК_Кран\script_M_Kran\web\app\app.py", line 2435, in scripts
    print(f"DEBUG: Ошибка в функции scripts(): {e}")
    ~~~~~^^^^^^^^^^^^^^^^^^^^^^^^^^^^^^^^^^^^^^^^^^^
ValueError: I/O operation on closed file
2026-04-23 13:36:45,048 - ERROR - Flask errorhandler captured exception: 404 Not Found: The requested URL was not found on the server. If you entered the URL manually please check your spelling and try again. | path=/favicon.ico | method=GET | args={}
Traceback (most recent call last):
  File "C:\Users\Andrey\AppData\Local\Programs\Python\Python314\Lib\site-packages\flask\app.py", line 867, in full_dispatch_request
    rv = self.dispatch_request()
  File "C:\Users\Andrey\AppData\Local\Programs\Python\Python314\Lib\site-packages\flask\app.py", line 841, in dispatch_request
    self.raise_routing_exception(req)
    ~~~~~~~~~~~~~~~~~~~~~~~~~~~~^^^^^
  File "C:\Users\Andrey\AppData\Local\Programs\Python\Python314\Lib\site-packages\flask\app.py", line 450, in raise_routing_exception
    raise request.routing_exception  # type: ignore
    ^^^^^^^^^^^^^^^^^^^^^^^^^^^^^^^
  File "C:\Users\Andrey\AppData\Local\Programs\Python\Python314\Lib\site-packages\flask\ctx.py", line 353, in match_request
    result = self.url_adapter.match(return_rule=True)  # type: ignore
  File "C:\Users\Andrey\AppData\Local\Programs\Python\Python314\Lib\site-packages\werkzeug\routing\map.py", line 629, in match
    raise NotFound() from None
werkzeug.exceptions.NotFound: 404 Not Found: The requested URL was not found on the server. If you entered the URL manually please check your spelling and try again.
2026-04-27 09:16:52,338 - ERROR - Скрипт не найден по пути: D:\МК_Кран\МК_Кран_Кингесеп\ОГС\Журналы\gost_32569_12_3_17_analyzer_v5.py
2026-04-27 09:16:52,339 - ERROR - Скрипт не найден ни по одному из путей
2026-04-27 09:18:23,038 - ERROR - Скрипт не найден по пути: D:\МК_Кран\МК_Кран_Кингесеп\ОГС\Журналы\gost_32569_12_3_17_analyzer_v5.py
2026-04-27 09:18:23,039 - ERROR - Скрипт не найден ни по одному из путей
2026-04-27 09:19:23,146 - ERROR - Скрипт не найден по пути: D:\МК_Кран\МК_Кран_Кингесеп\ОГС\Журналы\gost_32569_12_3_17_analyzer_v5.py
2026-04-27 09:19:23,147 - ERROR - Скрипт не найден ни по одному из путей
2026-04-27 09:21:07,506 - ERROR - Скрипт не найден по пути: D:\МК_Кран\МК_Кран_Кингесеп\ОГС\Журналы\gost_32569_12_3_17_analyzer_v5.py
2026-04-27 09:21:07,507 - ERROR - Скрипт не найден ни по одному из путей
2026-04-28 08:20:02,887 - ERROR - Скрипт не найден по пути: D:\МК_Кран\МК_Кран_Кингесеп\ОГС\Журналы\gost_32569_12_3_17_analyzer_v5.py
2026-04-28 08:20:02,891 - ERROR - Скрипт не найден ни по одному из путей
2026-04-28 12:44:39,894 - ERROR - Скрипт не найден по пути: D:\МК_Кран\МК_Кран_Кингесеп\ОГС\Журналы\gost_32569_12_3_17_analyzer_v5.py
2026-04-28 12:44:39,900 - ERROR - Скрипт не найден ни по одному из путей
2026-04-28 12:50:46,503 - ERROR - Скрипт не найден по пути: D:\МК_Кран\МК_Кран_Кингесеп\ОГС\Журналы\gost_32569_12_3_17_analyzer_v5.py
2026-04-28 12:50:46,504 - ERROR - Скрипт не найден ни по одному из путей
2026-04-28 12:50:59,143 - ERROR - Скрипт не найден по пути: D:\МК_Кран\МК_Кран_Кингесеп\ОГС\Журналы\gost_32569_12_3_17_analyzer_v5.py
2026-04-28 12:50:59,144 - ERROR - Скрипт не найден ни по одному из путей
2026-04-28 12:52:17,655 - ERROR - Скрипт не найден по пути: D:\МК_Кран\МК_Кран_Кингесеп\ОГС\Журналы\gost_32569_12_3_17_analyzer_v5.py
2026-04-28 12:52:17,656 - ERROR - Скрипт не найден ни по одному из путей
2026-04-29 08:48:47,932 - ERROR - Скрипт не найден по пути: D:\МК_Кран\МК_Кран_Кингесеп\ОГС\Журналы\gost_32569_12_3_17_analyzer_v5.py
2026-04-29 08:48:47,933 - ERROR - Скрипт не найден ни по одному из путей
2026-04-29 10:32:35,548 - ERROR - Скрипт не найден по пути: D:\МК_Кран\МК_Кран_Кингесеп\ОГС\Журналы\gost_32569_12_3_17_analyzer_v5.py
2026-04-29 10:32:35,550 - ERROR - Скрипт не найден ни по одному из путей
2026-05-01 09:20:28,632 - ERROR - Скрипт не найден по пути: D:\МК_Кран\МК_Кран_Кингесеп\ОГС\Журналы\gost_32569_12_3_17_analyzer_v5.py
2026-05-01 09:20:28,637 - ERROR - Скрипт не найден ни по одному из путей
2026-05-01 10:24:53,990 - ERROR - Flask errorhandler captured exception: I/O operation on closed file | path=/api/get_deletion_codes | method=GET | args={}
Traceback (most recent call last):
  File "C:\Users\Andrey\AppData\Local\Programs\Python\Python314\Lib\site-packages\flask\app.py", line 867, in full_dispatch_request
    rv = self.dispatch_request()
  File "C:\Users\Andrey\AppData\Local\Programs\Python\Python314\Lib\site-packages\flask\app.py", line 852, in dispatch_request
    return self.ensure_sync(self.view_functions[rule.endpoint])(**view_args)
           ~~~~~~~~~~~~~~~~~~~~~~~~~~~~~~~~~~~~~~~~~~~~~~~~~~~~^^^^^^^^^^^^^
  File "D:\МК_Кран\script_M_Kran\web\app\app.py", line 4544, in get_deletion_codes
    print("DEBUG: API get_deletion_codes вызван")
    ~~~~~^^^^^^^^^^^^^^^^^^^^^^^^^^^^^^^^^^^^^^^^
  File "D:\МК_Кран\script_M_Kran\web\app\script_runner.py", line 35, in write
    self._buffer.write(text)
    ~~~~~~~~~~~~~~~~~~^^^^^^
ValueError: I/O operation on closed file
2026-05-01 10:24:58,384 - ERROR - Flask errorhandler captured exception: I/O operation on closed file | path=/api/get_deletion_codes | method=GET | args={}
Traceback (most recent call last):
  File "C:\Users\Andrey\AppData\Local\Programs\Python\Python314\Lib\site-packages\flask\app.py", line 867, in full_dispatch_request
    rv = self.dispatch_request()
  File "C:\Users\Andrey\AppData\Local\Programs\Python\Python314\Lib\site-packages\flask\app.py", line 852, in dispatch_request
    return self.ensure_sync(self.view_functions[rule.endpoint])(**view_args)
           ~~~~~~~~~~~~~~~~~~~~~~~~~~~~~~~~~~~~~~~~~~~~~~~~~~~~^^^^^^^^^^^^^
  File "D:\МК_Кран\script_M_Kran\web\app\app.py", line 4544, in get_deletion_codes
    print("DEBUG: API get_deletion_codes вызван")
    ~~~~~^^^^^^^^^^^^^^^^^^^^^^^^^^^^^^^^^^^^^^^^
  File "D:\МК_Кран\script_M_Kran\web\app\script_runner.py", line 35, in write
    self._buffer.write(text)
    ~~~~~~~~~~~~~~~~~~^^^^^^
ValueError: I/O operation on closed file
2026-05-01 10:25:07,761 - ERROR - Flask errorhandler captured exception: I/O operation on closed file | path=/api/get_deletion_codes | method=GET | args={}
Traceback (most recent call last):
  File "C:\Users\Andrey\AppData\Local\Programs\Python\Python314\Lib\site-packages\flask\app.py", line 867, in full_dispatch_request
    rv = self.dispatch_request()
  File "C:\Users\Andrey\AppData\Local\Programs\Python\Python314\Lib\site-packages\flask\app.py", line 852, in dispatch_request
    return self.ensure_sync(self.view_functions[rule.endpoint])(**view_args)
           ~~~~~~~~~~~~~~~~~~~~~~~~~~~~~~~~~~~~~~~~~~~~~~~~~~~~^^^^^^^^^^^^^
  File "D:\МК_Кран\script_M_Kran\web\app\app.py", line 4544, in get_deletion_codes
    print("DEBUG: API get_deletion_codes вызван")
    ~~~~~^^^^^^^^^^^^^^^^^^^^^^^^^^^^^^^^^^^^^^^^
  File "D:\МК_Кран\script_M_Kran\web\app\script_runner.py", line 35, in write
    self._buffer.write(text)
    ~~~~~~~~~~~~~~~~~~^^^^^^
ValueError: I/O operation on closed file
2026-05-02 11:00:22,477 - ERROR - Скрипт не найден по пути: D:\МК_Кран\МК_Кран_Кингесеп\ОГС\Журналы\gost_32569_12_3_17_analyzer_v5.py
2026-05-02 11:00:22,479 - ERROR - Скрипт не найден ни по одному из путей
2026-05-02 11:02:48,351 - ERROR - Скрипт не найден по пути: D:\МК_Кран\МК_Кран_Кингесеп\ОГС\Журналы\gost_32569_12_3_17_analyzer_v5.py
2026-05-02 11:02:48,352 - ERROR - Скрипт не найден ни по одному из путей
2026-05-02 11:05:53,097 - ERROR - Скрипт не найден по пути: D:\МК_Кран\МК_Кран_Кингесеп\ОГС\Журналы\gost_32569_12_3_17_analyzer_v5.py
2026-05-02 11:05:53,099 - ERROR - Скрипт не найден ни по одному из путей
2026-05-02 11:08:57,127 - ERROR - Скрипт не найден по пути: D:\МК_Кран\МК_Кран_Кингесеп\ОГС\Журналы\gost_32569_12_3_17_analyzer_v5.py
2026-05-02 11:08:57,128 - ERROR - Скрипт не найден ни по одному из путей
2026-05-02 12:10:27,770 - ERROR - Flask errorhandler captured exception: I/O operation on closed file | path=/scripts | method=GET | args={}
Traceback (most recent call last):
  File "D:\МК_Кран\script_M_Kran\web\app\app.py", line 2408, in scripts
    print("DEBUG: Начинаем загрузку ETL скриптов...")
    ~~~~~^^^^^^^^^^^^^^^^^^^^^^^^^^^^^^^^^^^^^^^^^^^^
  File "D:\МК_Кран\script_M_Kran\web\app\script_runner.py", line 35, in write
    self._buffer.write(text)
    ~~~~~~~~~~~~~~~~~~^^^^^^
ValueError: I/O operation on closed file

During handling of the above exception, another exception occurred:

Traceback (most recent call last):
  File "C:\Users\Andrey\AppData\Local\Programs\Python\Python314\Lib\site-packages\flask\app.py", line 867, in full_dispatch_request
    rv = self.dispatch_request()
  File "C:\Users\Andrey\AppData\Local\Programs\Python\Python314\Lib\site-packages\flask\app.py", line 852, in dispatch_request
    return self.ensure_sync(self.view_functions[rule.endpoint])(**view_args)
           ~~~~~~~~~~~~~~~~~~~~~~~~~~~~~~~~~~~~~~~~~~~~~~~~~~~~^^^^^^^^^^^^^
  File "D:\МК_Кран\script_M_Kran\web\app\app.py", line 2435, in scripts
    print(f"DEBUG: Ошибка в функции scripts(): {e}")
    ~~~~~^^^^^^^^^^^^^^^^^^^^^^^^^^^^^^^^^^^^^^^^^^^
  File "D:\МК_Кран\script_M_Kran\web\app\script_runner.py", line 35, in write
    self._buffer.write(text)
    ~~~~~~~~~~~~~~~~~~^^^^^^
ValueError: I/O operation on closed file
2026-05-02 12:10:27,926 - ERROR - Flask errorhandler captured exception: 404 Not Found: The requested URL was not found on the server. If you entered the URL manually please check your spelling and try again. | path=/favicon.ico | method=GET | args={}
Traceback (most recent call last):
  File "C:\Users\Andrey\AppData\Local\Programs\Python\Python314\Lib\site-packages\flask\app.py", line 867, in full_dispatch_request
    rv = self.dispatch_request()
  File "C:\Users\Andrey\AppData\Local\Programs\Python\Python314\Lib\site-packages\flask\app.py", line 841, in dispatch_request
    self.raise_routing_exception(req)
    ~~~~~~~~~~~~~~~~~~~~~~~~~~~~^^^^^
  File "C:\Users\Andrey\AppData\Local\Programs\Python\Python314\Lib\site-packages\flask\app.py", line 450, in raise_routing_exception
    raise request.routing_exception  # type: ignore
    ^^^^^^^^^^^^^^^^^^^^^^^^^^^^^^^
  File "C:\Users\Andrey\AppData\Local\Programs\Python\Python314\Lib\site-packages\flask\ctx.py", line 353, in match_request
    result = self.url_adapter.match(return_rule=True)  # type: ignore
  File "C:\Users\Andrey\AppData\Local\Programs\Python\Python314\Lib\site-packages\werkzeug\routing\map.py", line 629, in match
    raise NotFound() from None
werkzeug.exceptions.NotFound: 404 Not Found: The requested URL was not found on the server. If you entered the URL manually please check your spelling and try again.
2026-05-02 12:10:48,460 - ERROR - Flask errorhandler captured exception: I/O operation on closed file | path=/scripts | method=GET | args={}
Traceback (most recent call last):
  File "D:\МК_Кран\script_M_Kran\web\app\app.py", line 2408, in scripts
    print("DEBUG: Начинаем загрузку ETL скриптов...")
    ~~~~~^^^^^^^^^^^^^^^^^^^^^^^^^^^^^^^^^^^^^^^^^^^^
  File "D:\МК_Кран\script_M_Kran\web\app\script_runner.py", line 35, in write
    self._buffer.write(text)
    ~~~~~~~~~~~~~~~~~~^^^^^^
ValueError: I/O operation on closed file

During handling of the above exception, another exception occurred:

Traceback (most recent call last):
  File "C:\Users\Andrey\AppData\Local\Programs\Python\Python314\Lib\site-packages\flask\app.py", line 867, in full_dispatch_request
    rv = self.dispatch_request()
  File "C:\Users\Andrey\AppData\Local\Programs\Python\Python314\Lib\site-packages\flask\app.py", line 852, in dispatch_request
    return self.ensure_sync(self.view_functions[rule.endpoint])(**view_args)
           ~~~~~~~~~~~~~~~~~~~~~~~~~~~~~~~~~~~~~~~~~~~~~~~~~~~~^^^^^^^^^^^^^
  File "D:\МК_Кран\script_M_Kran\web\app\app.py", line 2435, in scripts
    print(f"DEBUG: Ошибка в функции scripts(): {e}")
    ~~~~~^^^^^^^^^^^^^^^^^^^^^^^^^^^^^^^^^^^^^^^^^^^
  File "D:\МК_Кран\script_M_Kran\web\app\script_runner.py", line 35, in write
    self._buffer.write(text)
    ~~~~~~~~~~~~~~~~~~^^^^^^
ValueError: I/O operation on closed file
2026-05-02 12:10:48,502 - ERROR - Flask errorhandler captured exception: 404 Not Found: The requested URL was not found on the server. If you entered the URL manually please check your spelling and try again. | path=/favicon.ico | method=GET | args={}
Traceback (most recent call last):
  File "C:\Users\Andrey\AppData\Local\Programs\Python\Python314\Lib\site-packages\flask\app.py", line 867, in full_dispatch_request
    rv = self.dispatch_request()
  File "C:\Users\Andrey\AppData\Local\Programs\Python\Python314\Lib\site-packages\flask\app.py", line 841, in dispatch_request
    self.raise_routing_exception(req)
    ~~~~~~~~~~~~~~~~~~~~~~~~~~~~^^^^^
  File "C:\Users\Andrey\AppData\Local\Programs\Python\Python314\Lib\site-packages\flask\app.py", line 450, in raise_routing_exception
    raise request.routing_exception  # type: ignore
    ^^^^^^^^^^^^^^^^^^^^^^^^^^^^^^^
  File "C:\Users\Andrey\AppData\Local\Programs\Python\Python314\Lib\site-packages\flask\ctx.py", line 353, in match_request
    result = self.url_adapter.match(return_rule=True)  # type: ignore
  File "C:\Users\Andrey\AppData\Local\Programs\Python\Python314\Lib\site-packages\werkzeug\routing\map.py", line 629, in match
    raise NotFound() from None
werkzeug.exceptions.NotFound: 404 Not Found: The requested URL was not found on the server. If you entered the URL manually please check your spelling and try again.
2026-05-02 12:35:09,550 - ERROR - Скрипт не найден по пути: D:\МК_Кран\МК_Кран_Кингесеп\ОГС\Журналы\gost_32569_12_3_17_analyzer_v5.py
2026-05-02 12:35:09,551 - ERROR - Скрипт не найден ни по одному из путей
2026-05-02 13:00:17,327 - ERROR - Flask errorhandler captured exception: I/O operation on closed file | path=/api/get_deletion_codes | method=GET | args={}
Traceback (most recent call last):
  File "C:\Users\Andrey\AppData\Local\Programs\Python\Python314\Lib\site-packages\flask\app.py", line 867, in full_dispatch_request
    rv = self.dispatch_request()
  File "C:\Users\Andrey\AppData\Local\Programs\Python\Python314\Lib\site-packages\flask\app.py", line 852, in dispatch_request
    return self.ensure_sync(self.view_functions[rule.endpoint])(**view_args)
           ~~~~~~~~~~~~~~~~~~~~~~~~~~~~~~~~~~~~~~~~~~~~~~~~~~~~^^^^^^^^^^^^^
  File "D:\МК_Кран\script_M_Kran\web\app\app.py", line 4544, in get_deletion_codes
    print("DEBUG: API get_deletion_codes вызван")
    ~~~~~^^^^^^^^^^^^^^^^^^^^^^^^^^^^^^^^^^^^^^^^
  File "D:\МК_Кран\script_M_Kran\web\app\script_runner.py", line 35, in write
    self._buffer.write(text)
    ~~~~~~~~~~~~~~~~~~^^^^^^
ValueError: I/O operation on closed file
2026-05-02 13:04:48,919 - ERROR - Скрипт не найден по пути: D:\МК_Кран\МК_Кран_Кингесеп\ОГС\Журналы\gost_32569_12_3_17_analyzer_v5.py
2026-05-02 13:04:48,920 - ERROR - Скрипт не найден ни по одному из путей
2026-05-02 13:51:26,641 - ERROR - Скрипт не найден по пути: D:\МК_Кран\МК_Кран_Кингесеп\ОГС\Журналы\gost_32569_12_3_17_analyzer_v5.py
2026-05-02 13:51:26,643 - ERROR - Скрипт не найден ни по одному из путей
2026-05-04 16:46:42,739 - ERROR - Скрипт не найден по пути: D:\МК_Кран\МК_Кран_Кингесеп\ОГС\Журналы\gost_32569_12_3_17_analyzer_v5.py
2026-05-04 16:46:42,744 - ERROR - Скрипт не найден ни по одному из путей
2026-05-05 14:06:46,543 - ERROR - Скрипт не найден по пути: D:\МК_Кран\МК_Кран_Кингесеп\ОГС\Журналы\gost_32569_12_3_17_analyzer_v5.py
2026-05-05 14:06:46,544 - ERROR - Скрипт не найден ни по одному из путей
2026-05-05 14:20:25,544 - ERROR - Скрипт не найден по пути: D:\МК_Кран\МК_Кран_Кингесеп\ОГС\Журналы\gost_32569_12_3_17_analyzer_v5.py
2026-05-05 14:20:25,545 - ERROR - Скрипт не найден ни по одному из путей
2026-05-05 17:00:58,111 - ERROR - Скрипт не найден по пути: D:\МК_Кран\МК_Кран_Кингесеп\ОГС\Журналы\gost_32569_12_3_17_analyzer_v5.py
2026-05-05 17:00:58,118 - ERROR - Скрипт не найден ни по одному из путей
2026-05-06 09:13:49,878 - ERROR - Скрипт не найден по пути: D:\МК_Кран\МК_Кран_Кингесеп\ОГС\Журналы\gost_32569_12_3_17_analyzer_v5.py
2026-05-06 09:13:49,881 - ERROR - Скрипт не найден ни по одному из путей
2026-05-06 12:14:45,125 - ERROR - Flask errorhandler captured exception: I/O operation on closed file | path=/api/get_deletion_codes | method=GET | args={}
Traceback (most recent call last):
  File "C:\Users\Andrey\AppData\Local\Programs\Python\Python314\Lib\site-packages\flask\app.py", line 867, in full_dispatch_request
    rv = self.dispatch_request()
  File "C:\Users\Andrey\AppData\Local\Programs\Python\Python314\Lib\site-packages\flask\app.py", line 852, in dispatch_request
    return self.ensure_sync(self.view_functions[rule.endpoint])(**view_args)
           ~~~~~~~~~~~~~~~~~~~~~~~~~~~~~~~~~~~~~~~~~~~~~~~~~~~~^^^^^^^^^^^^^
  File "D:\МК_Кран\script_M_Kran\web\app\app.py", line 4544, in get_deletion_codes
    print("DEBUG: API get_deletion_codes вызван")
    ~~~~~^^^^^^^^^^^^^^^^^^^^^^^^^^^^^^^^^^^^^^^^
  File "D:\МК_Кран\script_M_Kran\web\app\script_runner.py", line 35, in write
    self._buffer.write(text)
    ~~~~~~~~~~~~~~~~~~^^^^^^
ValueError: I/O operation on closed file
2026-05-06 12:23:32,324 - ERROR - Скрипт не найден по пути: D:\МК_Кран\МК_Кран_Кингесеп\ОГС\Журналы\gost_32569_12_3_17_analyzer_v5.py
2026-05-06 12:23:32,325 - ERROR - Скрипт не найден ни по одному из путей
2026-05-07 10:10:08,048 - ERROR - Скрипт не найден по пути: D:\МК_Кран\МК_Кран_Кингесеп\ОГС\Журналы\gost_32569_12_3_17_analyzer_v5.py
2026-05-07 10:10:08,053 - ERROR - Скрипт не найден ни по одному из путей
2026-05-07 10:45:55,612 - ERROR - Скрипт не найден по пути: D:\МК_Кран\МК_Кран_Кингесеп\ОГС\Журналы\gost_32569_12_3_17_analyzer_v5.py
2026-05-07 10:45:55,615 - ERROR - Скрипт не найден ни по одному из путей
2026-05-11 09:18:14,995 - ERROR - Flask errorhandler captured exception: I/O operation on closed file | path=/scripts | method=GET | args={}
Traceback (most recent call last):
  File "D:\МК_Кран\script_M_Kran\web\app\app.py", line 2408, in scripts
    print("DEBUG: Начинаем загрузку ETL скриптов...")
    ~~~~~^^^^^^^^^^^^^^^^^^^^^^^^^^^^^^^^^^^^^^^^^^^^
  File "D:\МК_Кран\script_M_Kran\web\app\script_runner.py", line 35, in write
    self._buffer.write(text)
    ~~~~~~~~~~~~~~~~~~^^^^^^
ValueError: I/O operation on closed file

During handling of the above exception, another exception occurred:

Traceback (most recent call last):
  File "C:\Users\Andrey\AppData\Local\Programs\Python\Python314\Lib\site-packages\flask\app.py", line 867, in full_dispatch_request
    rv = self.dispatch_request()
  File "C:\Users\Andrey\AppData\Local\Programs\Python\Python314\Lib\site-packages\flask\app.py", line 852, in dispatch_request
    return self.ensure_sync(self.view_functions[rule.endpoint])(**view_args)
           ~~~~~~~~~~~~~~~~~~~~~~~~~~~~~~~~~~~~~~~~~~~~~~~~~~~~^^^^^^^^^^^^^
  File "D:\МК_Кран\script_M_Kran\web\app\app.py", line 2435, in scripts
    print(f"DEBUG: Ошибка в функции scripts(): {e}")
    ~~~~~^^^^^^^^^^^^^^^^^^^^^^^^^^^^^^^^^^^^^^^^^^^
  File "D:\МК_Кран\script_M_Kran\web\app\script_runner.py", line 35, in write
    self._buffer.write(text)
    ~~~~~~~~~~~~~~~~~~^^^^^^
ValueError: I/O operation on closed file
2026-05-11 09:18:15,046 - ERROR - Flask errorhandler captured exception: 404 Not Found: The requested URL was not found on the server. If you entered the URL manually please check your spelling and try again. | path=/favicon.ico | method=GET | args={}
Traceback (most recent call last):
  File "C:\Users\Andrey\AppData\Local\Programs\Python\Python314\Lib\site-packages\flask\app.py", line 867, in full_dispatch_request
    rv = self.dispatch_request()
  File "C:\Users\Andrey\AppData\Local\Programs\Python\Python314\Lib\site-packages\flask\app.py", line 841, in dispatch_request
    self.raise_routing_exception(req)
    ~~~~~~~~~~~~~~~~~~~~~~~~~~~~^^^^^
  File "C:\Users\Andrey\AppData\Local\Programs\Python\Python314\Lib\site-packages\flask\app.py", line 450, in raise_routing_exception
    raise request.routing_exception  # type: ignore
    ^^^^^^^^^^^^^^^^^^^^^^^^^^^^^^^
  File "C:\Users\Andrey\AppData\Local\Programs\Python\Python314\Lib\site-packages\flask\ctx.py", line 353, in match_request
    result = self.url_adapter.match(return_rule=True)  # type: ignore
  File "C:\Users\Andrey\AppData\Local\Programs\Python\Python314\Lib\site-packages\werkzeug\routing\map.py", line 629, in match
    raise NotFound() from None
werkzeug.exceptions.NotFound: 404 Not Found: The requested URL was not found on the server. If you entered the URL manually please check your spelling and try again.
2026-05-11 09:18:17,561 - ERROR - Flask errorhandler captured exception: I/O operation on closed file | path=/scripts | method=GET | args={}
Traceback (most recent call last):
  File "D:\МК_Кран\script_M_Kran\web\app\app.py", line 2408, in scripts
    print("DEBUG: Начинаем загрузку ETL скриптов...")
    ~~~~~^^^^^^^^^^^^^^^^^^^^^^^^^^^^^^^^^^^^^^^^^^^^
  File "D:\МК_Кран\script_M_Kran\web\app\script_runner.py", line 35, in write
    self._buffer.write(text)
    ~~~~~~~~~~~~~~~~~~^^^^^^
ValueError: I/O operation on closed file

During handling of the above exception, another exception occurred:

Traceback (most recent call last):
  File "C:\Users\Andrey\AppData\Local\Programs\Python\Python314\Lib\site-packages\flask\app.py", line 867, in full_dispatch_request
    rv = self.dispatch_request()
  File "C:\Users\Andrey\AppData\Local\Programs\Python\Python314\Lib\site-packages\flask\app.py", line 852, in dispatch_request
    return self.ensure_sync(self.view_functions[rule.endpoint])(**view_args)
           ~~~~~~~~~~~~~~~~~~~~~~~~~~~~~~~~~~~~~~~~~~~~~~~~~~~~^^^^^^^^^^^^^
  File "D:\МК_Кран\script_M_Kran\web\app\app.py", line 2435, in scripts
    print(f"DEBUG: Ошибка в функции scripts(): {e}")
    ~~~~~^^^^^^^^^^^^^^^^^^^^^^^^^^^^^^^^^^^^^^^^^^^
  File "D:\МК_Кран\script_M_Kran\web\app\script_runner.py", line 35, in write
    self._buffer.write(text)
    ~~~~~~~~~~~~~~~~~~^^^^^^
ValueError: I/O operation on closed file
2026-05-11 09:18:17,586 - ERROR - Flask errorhandler captured exception: 404 Not Found: The requested URL was not found on the server. If you entered the URL manually please check your spelling and try again. | path=/favicon.ico | method=GET | args={}
Traceback (most recent call last):
  File "C:\Users\Andrey\AppData\Local\Programs\Python\Python314\Lib\site-packages\flask\app.py", line 867, in full_dispatch_request
    rv = self.dispatch_request()
  File "C:\Users\Andrey\AppData\Local\Programs\Python\Python314\Lib\site-packages\flask\app.py", line 841, in dispatch_request
    self.raise_routing_exception(req)
    ~~~~~~~~~~~~~~~~~~~~~~~~~~~~^^^^^
  File "C:\Users\Andrey\AppData\Local\Programs\Python\Python314\Lib\site-packages\flask\app.py", line 450, in raise_routing_exception
    raise request.routing_exception  # type: ignore
    ^^^^^^^^^^^^^^^^^^^^^^^^^^^^^^^
  File "C:\Users\Andrey\AppData\Local\Programs\Python\Python314\Lib\site-packages\flask\ctx.py", line 353, in match_request
    result = self.url_adapter.match(return_rule=True)  # type: ignore
  File "C:\Users\Andrey\AppData\Local\Programs\Python\Python314\Lib\site-packages\werkzeug\routing\map.py", line 629, in match
    raise NotFound() from None
werkzeug.exceptions.NotFound: 404 Not Found: The requested URL was not found on the server. If you entered the URL manually please check your spelling and try again.
2026-05-11 10:38:14,019 - ERROR - Скрипт не найден по пути: D:\МК_Кран\МК_Кран_Кингесеп\ОГС\Журналы\gost_32569_12_3_17_analyzer_v5.py
2026-05-11 10:38:14,020 - ERROR - Скрипт не найден ни по одному из путей
