2025-11-15 13:15:10,848 - INFO - ============================================================
2025-11-15 13:15:10,849 - INFO - НАЧАЛО СОЗДАНИЯ ТАБЛИЦЫ СВАРЕНО_СВАРЩИКОМ
2025-11-15 13:15:10,849 - INFO - ============================================================
2025-11-15 13:15:10,851 - INFO - ✅ Подключение к базе данных успешно
2025-11-15 13:15:10,851 - INFO - 🔧 Предварительная обработка: обнуляем клейма при пустой дате сварки...
2025-11-15 13:15:11,113 - INFO - ✅ Предварительная обработка завершена
2025-11-15 13:15:11,128 - INFO - 📊 Статистика таблицы wl_china:
2025-11-15 13:15:11,129 - INFO -    - Всего записей: 14183
2025-11-15 13:15:11,129 - INFO - 🔍 Проверка структуры таблицы wl_china...
2025-11-15 13:15:11,130 - INFO - ✅ Все необходимые колонки найдены
2025-11-15 13:15:11,131 - INFO - ✅ Найден столбец Базовый_материал_1 - будет применяться исключение для стилоскопирования
2025-11-15 13:15:11,144 - INFO - 📊 Записей с клеймами сварщиков: 13932
2025-11-15 13:15:11,145 - INFO - 🗑️ Удаление существующей таблицы сварено_сварщиком...
2025-11-15 13:15:11,150 - INFO - ✅ Таблица сварено_сварщиком удалена (если существовала)
2025-11-15 13:15:11,150 - INFO - 🏗️ Создание новой таблицы сварено_сварщиком...
2025-11-15 13:15:11,153 - INFO - ✅ Таблица сварено_сварщиком создана успешно
2025-11-15 13:15:11,155 - INFO - 📝 Заполнение таблицы данными...
2025-11-15 13:15:11,156 - INFO - 🔧 Применяется исключение для стилоскопирования: исключаются записи с Базовый_материал_1 содержащим '09Г2C' или '09Г2С', а также записи где Результаты_Заключения_РК = 'Не годен'
2025-11-15 13:15:11,350 - INFO - 🔧 Заполнение не сваренных записей...
2025-11-15 13:15:11,375 - INFO - 🧮 Расчет столбца РК на основе RT из 'основнаяНК'...
2025-11-15 13:15:11,411 - INFO - 🧮 Пересчет не_подан_рк как РК - заявлен_рк...
2025-11-15 13:15:11,423 - INFO - 🧮 Расчет столбца Стило(PMI) с учетом процентов в основнойНК...
2025-11-15 13:15:11,533 - INFO - 🧮 Пересчет не_подан_стилоскопирование как 'Стило(PMI)' - заявлен_стилоскопирование - годен_стилоскопирование...
2025-11-15 13:15:11,538 - INFO - 🧮 Расчет столбца ПВК с учетом процента и исключением 'Не годен' по РК и типов У17/У19...
2025-11-15 13:15:11,569 - INFO - 🧮 Пересчет не_подан_pt как ПВК - заявлен_pt - годен_pt...
2025-11-15 13:15:11,582 - INFO - 🧮 Расчет столбца МПД с исключением 'Не годен' по РК и типов У17/У19...
2025-11-15 13:15:11,605 - INFO - 🧮 Пересчет не_подан_мпд как МПД - заявлен_мпд...
2025-11-15 13:15:11,612 - INFO - 🧮 Заполнение ВИК значением заявлен_вик...
2025-11-15 13:15:11,618 - INFO - 🔗 Заполнение 'No TEST-PACK' и '№ ИЧ' из LstTp_12460...
2025-11-15 13:15:11,702 - INFO - 🔗 Копирование справочных полей из основнойНК...
2025-11-15 13:15:11,826 - INFO - ✅ Вставлено 1310 записей в таблицу сварено_сварщиком
2025-11-15 13:15:11,826 - INFO - 🔍 Проверка результатов...
2025-11-15 13:15:11,826 - INFO - 📊 Результаты создания таблицы:
2025-11-15 13:15:11,826 - INFO -    - Всего записей: 1310
2025-11-15 13:15:11,826 - INFO -    - Примеры записей (топ-5 по количеству сварных швов):
2025-11-15 13:15:11,826 - INFO -      1. Линия 087-LC-0602 (_Линия: 087-LC-0602), Чертеж GCC-NAG-DDD-12460-12-1500-TK-ISO-00040: 146 швов
2025-11-15 13:15:11,826 - INFO -         Клейма: CHN5
2025-11-15 13:15:11,826 - INFO -         Методы сварки: GTAW
2025-11-15 13:15:11,826 - INFO -         Типы сварных швов: С17
2025-11-15 13:15:11,826 - INFO -         АКТ ВИК - Заявлен: 0, Годен: 146, Не годен: 0, Не подан: 0
2025-11-15 13:15:11,826 - INFO -         Заключения РК - Заявлен: 0, Годен: 3, Не годен: 0
2025-11-15 13:15:11,826 - INFO -      2. Линия 084-HGWR-0717 (_Линия: 084-HGWR-0717), Чертеж GCC-NAG-DDD-12470-14-1400-TK-ISO-00075: 133 швов
2025-11-15 13:15:11,826 - INFO -         Клейма: 4S6N
2025-11-15 13:15:11,826 - INFO -         Методы сварки: GTAW
2025-11-15 13:15:11,837 - INFO -         Типы сварных швов: С17
2025-11-15 13:15:11,838 - INFO -         АКТ ВИК - Заявлен: 1, Годен: 119, Не годен: 0, Не подан: 13
2025-11-15 13:15:11,838 - INFO -         Заключения РК - Заявлен: 0, Годен: 2, Не годен: 0
2025-11-15 13:15:11,838 - INFO -      3. Линия 084-HGWR-0715 (_Линия: 084-HGWR-0715), Чертеж GCC-NAG-DDD-12470-13-1400-TK-ISO-00124: 122 швов
2025-11-15 13:15:11,839 - INFO -         Клейма: 3BBF
2025-11-15 13:15:11,839 - INFO -         Методы сварки: GTAW
2025-11-15 13:15:11,840 - INFO -         Типы сварных швов: С17
2025-11-15 13:15:11,840 - INFO -         АКТ ВИК - Заявлен: 3, Годен: 119, Не годен: 0, Не подан: 0
2025-11-15 13:15:11,841 - INFO -         Заключения РК - Заявлен: 0, Годен: 10, Не годен: 0
2025-11-15 13:15:11,841 - INFO -      4. Линия 084-HGWR-0718 (_Линия: 084-HGWR-0718), Чертеж GCC-NAG-DDD-12470-14-1400-TK-ISO-00079: 113 швов
2025-11-15 13:15:11,842 - INFO -         Клейма: 3BBF
2025-11-15 13:15:11,842 - INFO -         Методы сварки: GTAW
2025-11-15 13:15:11,842 - INFO -         Типы сварных швов: С17
2025-11-15 13:15:11,843 - INFO -         АКТ ВИК - Заявлен: 0, Годен: 97, Не годен: 0, Не подан: 16
2025-11-15 13:15:11,843 - INFO -         Заключения РК - Заявлен: 0, Годен: 2, Не годен: 0
2025-11-15 13:15:11,843 - INFO -      5. Линия 084-HGWR-0723 (_Линия: 084-HGWR-0723), Чертеж GCC-NAG-DDD-12470-14-1400-TK-ISO-00208: 105 швов
2025-11-15 13:15:11,844 - INFO -         Клейма: 7KRM
2025-11-15 13:15:11,844 - INFO -         Методы сварки: GTAW
2025-11-15 13:15:11,844 - INFO -         Типы сварных швов: С17
2025-11-15 13:15:11,845 - INFO -         АКТ ВИК - Заявлен: 23, Годен: 82, Не годен: 0, Не подан: 0
2025-11-15 13:15:11,845 - INFO -         Заключения РК - Заявлен: 0, Годен: 0, Не годен: 0
2025-11-15 13:15:11,848 - INFO - 📊 Статистика по линиям:
2025-11-15 13:15:11,849 - INFO -    - Линия 084-IA-0700 (_Линия: 084-IA-0700): 11 групп, 271 швов
2025-11-15 13:15:11,849 - INFO -    - Линия 084-ATM-0700 (1) (_Линия: 084-ATM-0700): 7 групп, 227 швов
2025-11-15 13:15:11,850 - INFO -    - Линия 084-MS-0700 (_Линия: 084-MS-0700): 21 групп, 208 швов
2025-11-15 13:15:11,850 - INFO -    - Линия 084-HGWR-0700 (_Линия: 084-HGWR-0700): 14 групп, 172 швов
2025-11-15 13:15:11,851 - INFO -    - Линия 084-HGWS-0700 (_Линия: 084-HGWS-0700): 16 групп, 170 швов
2025-11-15 13:15:11,851 - INFO -    - Линия 087-IA-0600 (_Линия: 087-IA-0600): 7 групп, 167 швов
2025-11-15 13:15:11,851 - INFO -    - Линия 084-HGWR-0719 (_Линия: 084-HGWR-0719): 3 групп, 165 швов
2025-11-15 13:15:11,852 - INFO -    - Линия 084-LI-0700 (_Линия: 084-LI-0700): 5 групп, 159 швов
2025-11-15 13:15:11,852 - INFO -    - Линия 084-FC-0700 (_Линия: 084-FC-0700): 8 групп, 155 швов
2025-11-15 13:15:11,853 - INFO -    - Линия 087-MS-0600 (_Линия: 087-MS-0600): 15 групп, 155 швов
2025-11-15 13:15:11,853 - INFO -    - Линия 084-HGWR-0715 (_Линия: 084-HGWR-0715): 2 групп, 149 швов
2025-11-15 13:15:11,853 - INFO -    - Линия 084-HGWR-0717 (_Линия: 084-HGWR-0717): 3 групп, 148 швов
2025-11-15 13:15:11,854 - INFO -    - Линия 087-LC-0602 (_Линия: 087-LC-0602): 2 групп, 146 швов
2025-11-15 13:15:11,854 - INFO -    - Линия 084-HGWS-0715 (_Линия: 084-HGWS-0715): 4 групп, 141 швов
2025-11-15 13:15:11,854 - INFO -    - Линия 087-HGWR-0600 (_Линия: 087-HGWR-0600): 8 групп, 137 швов
2025-11-15 13:15:11,855 - INFO -    - Линия 084-HGWR-0713 (_Линия: 084-HGWR-0713): 7 групп, 136 швов
2025-11-15 13:15:11,855 - INFO -    - Линия 087-HGWS-0600 (_Линия: 087-HGWS-0600): 6 групп, 134 швов
2025-11-15 13:15:11,856 - INFO -    - Линия 084-PA-0700 (_Линия: 084-PA-0700): 10 групп, 129 швов
2025-11-15 13:15:11,856 - INFO -    - Линия 084-HGWR-0721 (_Линия: 084-HGWR-0721): 2 групп, 125 швов
2025-11-15 13:15:11,856 - INFO -    - Линия 084-HGWS-0717 (_Линия: 084-HGWS-0717): 4 групп, 122 швов
2025-11-15 13:15:11,857 - INFO -    - Линия 084-HGWR-0718 (_Линия: 084-HGWR-0718): 2 групп, 117 швов
2025-11-15 13:15:11,857 - INFO -    - Линия 087-PA-0600 (_Линия: 087-PA-0600): 8 групп, 116 швов
2025-11-15 13:15:11,858 - INFO -    - Линия 084-HGWS-0719 (_Линия: 084-HGWS-0719): 2 групп, 111 швов
2025-11-15 13:15:11,858 - INFO -    - Линия 084-HGWR-0716 (_Линия: 084-HGWR-0716): 3 групп, 108 швов
2025-11-15 13:15:11,859 - INFO -    - Линия 084-HGWS-0718 (_Линия: 084-HGWS-0718): 2 групп, 106 швов
2025-11-15 13:15:11,859 - INFO -    - Линия 084-HGWR-0723 (_Линия: 084-HGWR-0723): 1 групп, 105 швов
2025-11-15 13:15:11,860 - INFO -    - Линия 084-LI-0701 (_Линия: 084-LI-0701): 1 групп, 104 швов
2025-11-15 13:15:11,860 - INFO -    - Линия 084-HGWS-0723 (_Линия: 084-HGWS-0723): 2 групп, 100 швов
2025-11-15 13:15:11,861 - INFO -    - Линия 084-HGWS-0709 (_Линия: 084-HGWS-0709): 4 групп, 95 швов
2025-11-15 13:15:11,861 - INFO -    - Линия 084-LC-0708 (_Линия: 084-LC-0708): 2 групп, 95 швов
2025-11-15 13:15:11,861 - INFO -    - Линия 084-HGWR-0709 (_Линия: 084-HGWR-0709): 4 групп, 92 швов
2025-11-15 13:15:11,862 - INFO -    - Линия 084-HGWR-0714 (_Линия: 084-HGWR-0714): 3 групп, 92 швов
2025-11-15 13:15:11,862 - INFO -    - Линия 084-MFG-0701 (_Линия: 084-MFG-0701): 3 групп, 91 швов
2025-11-15 13:15:11,863 - INFO -    - Линия 084-HGWS-0713 (_Линия: 084-HGWS-0713): 5 групп, 87 швов
2025-11-15 13:15:11,863 - INFO -    - Линия 084-HGWR-0710 (_Линия: 084-HGWR-0710): 1 групп, 86 швов
2025-11-15 13:15:11,864 - INFO -    - Линия 084-HGWS-0710 (_Линия: 084-HGWS-0710): 2 групп, 84 швов
2025-11-15 13:15:11,864 - INFO -    - Линия 084-HGWS-0721 (_Линия: 084-HGWS-0721): 1 групп, 84 швов
2025-11-15 13:15:11,864 - INFO -    - Линия 084-HGWR-0711 (_Линия: 084-HGWR-0711): 2 групп, 83 швов
2025-11-15 13:15:11,865 - INFO -    - Линия 084-HGWR-0712 (_Линия: 084-HGWR-0712): 2 групп, 82 швов
2025-11-15 13:15:11,867 - INFO -    - Линия 084-HGWS-0714 (_Линия: 084-HGWS-0714): 2 групп, 81 швов
2025-11-15 13:15:11,867 - INFO -    - Линия 084-ATM-0700 (_Линия: 084-ATM-0700): 7 групп, 80 швов
2025-11-15 13:15:11,867 - INFO -    - Линия 084-HGWS-0712 (_Линия: 084-HGWS-0712): 5 групп, 79 швов
2025-11-15 13:15:11,868 - INFO -    - Линия 084-HGWR-0720 (_Линия: 084-HGWR-0720): 3 групп, 76 швов
2025-11-15 13:15:11,868 - INFO -    - Линия 084-HGWS-0716 (_Линия: 084-HGWS-0716): 2 групп, 76 швов
2025-11-15 13:15:11,869 - INFO -    - Линия 087-DN-0602 (_Линия: 087-DN-0602): 5 групп, 74 швов
2025-11-15 13:15:11,869 - INFO -    - Линия 087-LC-0601 (_Линия: 087-LC-0601): 2 групп, 74 швов
2025-11-15 13:15:11,869 - INFO -    - Линия 087-SSB-0601 (_Линия: 087-SSB-0601): 8 групп, 71 швов
2025-11-15 13:15:11,869 - INFO -    - Линия 087-ATM-0600 (_Линия: 087-ATM-0600): 4 групп, 70 швов
2025-11-15 13:15:11,870 - INFO -    - Линия 087-SSB-0600 (_Линия: 087-SSB-0600): 8 групп, 69 швов
2025-11-15 13:15:11,870 - INFO -    - Линия 087-SSB-0602 (_Линия: 087-SSB-0602): 13 групп, 68 швов
2025-11-15 13:15:11,870 - INFO -    - Линия 084-FL-0705 (_Линия: 084-FL-0705): 6 групп, 67 швов
2025-11-15 13:15:11,871 - INFO -    - Линия 084-HGWS-0711 (_Линия: 084-HGWS-0711): 1 групп, 67 швов
2025-11-15 13:15:11,871 - INFO -    - Линия 084-HGWS-0720 (_Линия: 084-HGWS-0720): 3 групп, 65 швов
2025-11-15 13:15:11,871 - INFO -    - Линия 084-ING-0700 (_Линия: 084-ING-0700): 4 групп, 65 швов
2025-11-15 13:15:11,872 - INFO -    - Линия 087-LC-0600 (_Линия: 087-LC-0600): 5 групп, 65 швов
2025-11-15 13:15:11,872 - INFO -    - Линия 087-MFG-0600 (_Линия: 087-MFG-0600): 5 групп, 65 швов
2025-11-15 13:15:11,872 - INFO -    - Линия 084-ING-0703 (_Линия: 084-ING-0703): 3 групп, 64 швов
2025-11-15 13:15:11,873 - INFO -    - Линия 084-LC-0706 (_Линия: 084-LC-0706): 3 групп, 64 швов
2025-11-15 13:15:11,873 - INFO -    - Линия 087-SSB-0603 (_Линия: 087-SSB-0603): 9 групп, 64 швов
2025-11-15 13:15:11,873 - INFO -    - Линия 084-ING-0701 (_Линия: 084-ING-0701): 2 групп, 63 швов
2025-11-15 13:15:11,873 - INFO -    - Линия 084-ING-0716 (_Линия: 084-ING-0716): 2 групп, 63 швов
2025-11-15 13:15:11,874 - INFO -    - Линия 084-LC-0705 (_Линия: 084-LC-0705): 3 групп, 61 швов
2025-11-15 13:15:11,874 - INFO -    - Линия 084-MFG-0700 (_Линия: 084-MFG-0700): 3 групп, 61 швов
2025-11-15 13:15:11,874 - INFO -    - Линия 087-LI-0600 (_Линия: 087-LI-0600): 6 групп, 58 швов
2025-11-15 13:15:11,875 - INFO -    - Линия 084-HGWR-0722 (_Линия: 084-HGWR-0722): 1 групп, 57 швов
2025-11-15 13:15:11,875 - INFO -    - Линия 084-FGB-0701 (_Линия: 084-FGB-0701): 2 групп, 56 швов
2025-11-15 13:15:11,875 - INFO -    - Линия 084-HGWS-0722 (_Линия: 084-HGWS-0722): 2 групп, 56 швов
2025-11-15 13:15:11,876 - INFO -    - Линия 084-ING-0717 (_Линия: 084-ING-0717): 3 групп, 56 швов
2025-11-15 13:15:11,876 - INFO -    - Линия 084-DR-0700 (_Линия: 084-DR-0700): 2 групп, 54 швов
2025-11-15 13:15:11,876 - INFO -    - Линия 084-DW-0700 (_Линия: 084-DW-0700): 7 групп, 54 швов
2025-11-15 13:15:11,877 - INFO -    - Линия 084-ING-0702 (_Линия: 084-ING-0702): 2 групп, 54 швов
2025-11-15 13:15:11,877 - INFO -    - Линия 084-ING-0713 (_Линия: 084-ING-0713): 3 групп, 54 швов
2025-11-15 13:15:11,877 - INFO -    - Линия 084-FGB-0702 (_Линия: 084-FGB-0702): 2 групп, 53 швов
2025-11-15 13:15:11,878 - INFO -    - Линия 087-ING-0601 (_Линия: 087-ING-0601): 7 групп, 53 швов
2025-11-15 13:15:11,878 - INFO -    - Линия 084-ING-0704 (_Линия: 084-ING-0704): 2 групп, 52 швов
2025-11-15 13:15:11,879 - INFO -    - Линия 084-LC-0704 (_Линия: 084-LC-0704): 1 групп, 52 швов
2025-11-15 13:15:11,879 - INFO -    - Линия 084-FC-0728 (_Линия: 084-FC-0728): 2 групп, 51 швов
2025-11-15 13:15:11,879 - INFO -    - Линия 084-FGB-0700 (_Линия: 084-FGB-0700): 2 групп, 51 швов
2025-11-15 13:15:11,880 - INFO -    - Линия 084-HGWR-0703 (_Линия: 084-HGWR-0703): 3 групп, 51 швов
2025-11-15 13:15:11,880 - INFO -    - Линия 084-ST-0700 (_Линия: 084-ST-0700): 8 групп, 51 швов
2025-11-15 13:15:11,880 - INFO -    - Линия 084-DR-0702 (_Линия: 084-DR-0702): 4 групп, 50 швов
2025-11-15 13:15:11,881 - INFO -    - Линия 087-FLL-0603 (_Линия: 087-FLL-0603): 11 групп, 50 швов
2025-11-15 13:15:11,881 - INFO -    - Линия 084-DR-0704 (_Линия: 084-DR-0704): 2 групп, 49 швов
2025-11-15 13:15:11,881 - INFO -    - Линия 084-FGB-0703 (_Линия: 084-FGB-0703): 2 групп, 49 швов
2025-11-15 13:15:11,882 - INFO -    - Линия 084-DR-0701 (_Линия: 084-DR-0701): 1 групп, 48 швов
2025-11-15 13:15:11,882 - INFO -    - Линия 084-DR-0706 (_Линия: 084-DR-0706): 2 групп, 48 швов
2025-11-15 13:15:11,883 - INFO -    - Линия 084-ING-0710 (_Линия: 084-ING-0710): 4 групп, 48 швов
2025-11-15 13:15:11,883 - INFO -    - Линия 084-SSB-0701 (_Линия: 084-SSB-0701): 5 групп, 48 швов
2025-11-15 13:15:11,884 - INFO -    - Линия 087-ING-0602 (_Линия: 087-ING-0602): 6 групп, 48 швов
2025-11-15 13:15:11,884 - INFO -    - Линия 087-ING-0604 (_Линия: 087-ING-0604): 5 групп, 48 швов
2025-11-15 13:15:11,885 - INFO -    - Линия 087-FLL-0602 (_Линия: 087-FLL-0602): 13 групп, 47 швов
2025-11-15 13:15:11,885 - INFO -    - Линия 087-ING-0605 (_Линия: 087-ING-0605): 7 групп, 47 швов
2025-11-15 13:15:11,886 - INFO -    - Линия 087-ING-0606 (_Линия: 087-ING-0606): 4 групп, 47 швов
2025-11-15 13:15:11,886 - INFO -    - Линия 087-MFG-0602 (_Линия: 087-MFG-0602): 4 групп, 46 швов
2025-11-15 13:15:11,887 - INFO -    - Линия 084-DR-0703 (_Линия: 084-DR-0703): 2 групп, 45 швов
2025-11-15 13:15:11,887 - INFO -    - Линия 084-FC-0710 (_Линия: 084-FC-0710): 2 групп, 45 швов
2025-11-15 13:15:11,888 - INFO -    - Линия 084-ING-0715 (_Линия: 084-ING-0715): 4 групп, 45 швов
2025-11-15 13:15:11,888 - INFO -    - Линия 084-LI-0703 (_Линия: 084-LI-0703): 2 групп, 45 швов
2025-11-15 13:15:11,888 - INFO -    - Линия 087-FGB-0601 (_Линия: 087-FGB-0601): 4 групп, 45 швов
2025-11-15 13:15:11,889 - INFO -    - Линия 087-ING-0607 (_Линия: 087-ING-0607): 4 групп, 45 швов
2025-11-15 13:15:11,889 - INFO -    - Линия 084-FC-0709 (_Линия: 084-FC-0709): 7 групп, 44 швов
2025-11-15 13:15:11,889 - INFO -    - Линия 087-ING-0603 (_Линия: 087-ING-0603): 5 групп, 44 швов
2025-11-15 13:15:11,890 - INFO -    - Линия 084-LC-0707 (_Линия: 084-LC-0707): 3 групп, 43 швов
2025-11-15 13:15:11,890 - INFO -    - Линия 084-SSB-0706 (_Линия: 084-SSB-0706): 6 групп, 43 швов
2025-11-15 13:15:11,890 - INFO -    - Линия 087-ING-0600 (_Линия: 087-ING-0600): 6 групп, 43 швов
2025-11-15 13:15:11,891 - INFO -    - Линия 084-DR-0705 (_Линия: 084-DR-0705): 2 групп, 42 швов
2025-11-15 13:15:11,891 - INFO -    - Линия 084-HGWR-0704 (_Линия: 084-HGWR-0704): 2 групп, 42 швов
2025-11-15 13:15:11,891 - INFO -    - Линия 084-ING-0714 (_Линия: 084-ING-0714): 3 групп, 42 швов
2025-11-15 13:15:11,892 - INFO -    - Линия 084-LS-0703 (_Линия: 084-LS-0703): 2 групп, 41 швов
2025-11-15 13:15:11,892 - INFO -    - Линия 084-SSB-0702 (_Линия: 084-SSB-0702): 6 групп, 41 швов
2025-11-15 13:15:11,893 - INFO -    - Линия 087-FGB-0600 (_Линия: 087-FGB-0600): 2 групп, 41 швов
2025-11-15 13:15:11,893 - INFO -    - Линия 084-HGWS-0703 (_Линия: 084-HGWS-0703): 2 групп, 40 швов
2025-11-15 13:15:11,893 - INFO -    - Линия 084-LC-0703 (_Линия: 084-LC-0703): 2 групп, 40 швов
2025-11-15 13:15:11,894 - INFO -    - Линия 084-SSB-0708 (_Линия: 084-SSB-0708): 3 групп, 39 швов
2025-11-15 13:15:11,894 - INFO -    - Линия 087-PA-0608 (_Линия: 087-PA-0608): 5 групп, 39 швов
2025-11-15 13:15:11,894 - INFO -    - Линия 084-ATM-0700 (7) (_Линия: 084-ATM-0700): 2 групп, 38 швов
2025-11-15 13:15:11,895 - INFO -    - Линия 084-LS-0701 (_Линия: 084-LS-0701): 2 групп, 38 швов
2025-11-15 13:15:11,895 - INFO -    - Линия 087-HGWR-0601 (_Линия: 087-HGWR-0601): 4 групп, 38 швов
2025-11-15 13:15:11,895 - INFO -    - Линия 084-ING-0711 (_Линия: 084-ING-0711): 3 групп, 37 швов
2025-11-15 13:15:11,896 - INFO -    - Линия 084-ING-0712 (_Линия: 084-ING-0712): 3 групп, 37 швов
2025-11-15 13:15:11,896 - INFO -    - Линия 084-LS-0704 (_Линия: 084-LS-0704): 2 групп, 37 швов
2025-11-15 13:15:11,896 - INFO -    - Линия 084-PA-0703 (_Линия: 084-PA-0703): 2 групп, 37 швов
2025-11-15 13:15:11,897 - INFO -    - Линия 084-SSB-0704 (_Линия: 084-SSB-0704): 5 групп, 37 швов
2025-11-15 13:15:11,897 - INFO -    - Линия 084-FC-0718 (_Линия: 084-FC-0718): 5 групп, 36 швов
2025-11-15 13:15:11,897 - INFO -    - Линия 084-HGWR-0701 (_Линия: 084-HGWR-0701): 2 групп, 36 швов
2025-11-15 13:15:11,898 - INFO -    - Линия 084-ING-0709 (_Линия: 084-ING-0709): 4 групп, 36 швов
2025-11-15 13:15:11,898 - INFO -    - Линия 084-LC-0700 (_Линия: 084-LC-0700): 1 групп, 36 швов
2025-11-15 13:15:11,898 - INFO -    - Линия 084-LS-0702 (_Линия: 084-LS-0702): 2 групп, 36 швов
2025-11-15 13:15:11,899 - INFO -    - Линия 087-MFG-0610 (_Линия: 087-MFG-0610): 3 групп, 36 швов
2025-11-15 13:15:11,899 - INFO -    - Линия 084-DR-0723 (_Линия: 084-DR-0723): 3 групп, 34 швов
2025-11-15 13:15:11,899 - INFO -    - Линия 084-FC-0731 (_Линия: 084-FC-0731): 8 групп, 34 швов
2025-11-15 13:15:11,900 - INFO -    - Линия 087-PA-0601 (_Линия: 087-PA-0601): 4 групп, 34 швов
2025-11-15 13:15:11,900 - INFO -    - Линия 084-FC-0719 (_Линия: 084-FC-0719): 7 групп, 33 швов
2025-11-15 13:15:11,900 - INFO -    - Линия 084-SSB-0710 (_Линия: 084-SSB-0710): 1 групп, 33 швов
2025-11-15 13:15:11,900 - INFO -    - Линия 084-ST-0713 (_Линия: 084-ST-0713): 1 групп, 33 швов
2025-11-15 13:15:11,901 - INFO -    - Линия 087-LI-0604 (1) (_Линия: 087-LI-0604): 3 групп, 33 швов
2025-11-15 13:15:11,901 - INFO -    - Линия 084-ATM-0700 (6) (_Линия: 084-ATM-0700): 2 групп, 32 швов
2025-11-15 13:15:11,901 - INFO -    - Линия 084-DR-0728 (_Линия: 084-DR-0728): 3 групп, 32 швов
2025-11-15 13:15:11,902 - INFO -    - Линия 084-FC-0717 (_Линия: 084-FC-0717): 5 групп, 32 швов
2025-11-15 13:15:11,902 - INFO -    - Линия 084-IA-0701 (_Линия: 084-IA-0701): 1 групп, 32 швов
2025-11-15 13:15:11,902 - INFO -    - Линия 084-LC-0709 (_Линия: 084-LC-0709): 3 групп, 32 швов
2025-11-15 13:15:11,903 - INFO -    - Линия 084-SSB-0703 (_Линия: 084-SSB-0703): 5 групп, 32 швов
2025-11-15 13:15:11,903 - INFO -    - Линия 086-FL-2471 (_Линия: 086-FL-2471): 12 групп, 32 швов
2025-11-15 13:15:11,903 - INFO -    - Линия 084-ING-0706 (_Линия: 084-ING-0706): 2 групп, 31 швов
2025-11-15 13:15:11,903 - INFO -    - Линия 084-LS-0700 (_Линия: 084-LS-0700): 1 групп, 31 швов
2025-11-15 13:15:11,904 - INFO -    - Линия 086-FL-2470 (_Линия: 086-FL-2470): 11 групп, 31 швов
2025-11-15 13:15:11,904 - INFO -    - Линия 087-LI-0602 (_Линия: 087-LI-0602): 3 групп, 31 швов
2025-11-15 13:15:11,904 - INFO -    - Линия 084-DR-0721 (_Линия: 084-DR-0721): 3 групп, 30 швов
2025-11-15 13:15:11,905 - INFO -    - Линия 084-HGWS-0701 (_Линия: 084-HGWS-0701): 2 групп, 30 швов
2025-11-15 13:15:11,905 - INFO -    - Линия 084-SSB-0705 (_Линия: 084-SSB-0705): 5 групп, 30 швов
2025-11-15 13:15:11,906 - INFO -    - Линия 084-DR-0708 (_Линия: 084-DR-0708): 2 групп, 29 швов
2025-11-15 13:15:11,906 - INFO -    - Линия 084-DR-0725 (_Линия: 084-DR-0725): 3 групп, 29 швов
2025-11-15 13:15:11,906 - INFO -    - Линия 084-FC-0721 (_Линия: 084-FC-0721): 4 групп, 29 швов
2025-11-15 13:15:11,907 - INFO -    - Линия 084-FL-0700 (_Линия: 084-FL-0700): 10 групп, 29 швов
2025-11-15 13:15:11,907 - INFO -    - Линия 084-LC-0702 (_Линия: 084-LC-0702): 2 групп, 29 швов
2025-11-15 13:15:11,908 - INFO -    - Линия 084-SSB-0707 (_Линия: 084-SSB-0707): 3 групп, 29 швов
2025-11-15 13:15:11,909 - INFO -    - Линия 084-SSB-0709 (_Линия: 084-SSB-0709): 10 групп, 29 швов
2025-11-15 13:15:11,909 - INFO -    - Линия 087-MFG-0601 (_Линия: 087-MFG-0601): 3 групп, 29 швов
2025-11-15 13:15:11,910 - INFO -    - Линия 084-DR-0707 (_Линия: 084-DR-0707): 1 групп, 28 швов
2025-11-15 13:15:11,910 - INFO -    - Линия 084-DR-0729 (_Линия: 084-DR-0729): 2 групп, 28 швов
2025-11-15 13:15:11,911 - INFO -    - Линия 084-HGWS-0704 (_Линия: 084-HGWS-0704): 2 групп, 28 швов
2025-11-15 13:15:11,911 - INFO -    - Линия 040-FW-0001 (_Линия: 040-FW-0001): 4 групп, 27 швов
2025-11-15 13:15:11,912 - INFO -    - Линия 084-DR-0727 (_Линия: 084-DR-0727): 3 групп, 27 швов
2025-11-15 13:15:11,912 - INFO -    - Линия 084-DR-0724 (_Линия: 084-DR-0724): 1 групп, 26 швов
2025-11-15 13:15:11,912 - INFO -    - Линия 084-LC-0701 (_Линия: 084-LC-0701): 1 групп, 25 швов
2025-11-15 13:15:11,913 - INFO -    - Линия 084-LI-0715 (_Линия: 084-LI-0715): 2 групп, 25 швов
2025-11-15 13:15:11,913 - INFO -    - Линия 085-FH-2470 (_Линия: 085-FH-2470): 12 групп, 25 швов
2025-11-15 13:15:11,914 - INFO -    - Линия 084-ATM-0700 (3) (_Линия: 084-ATM-0700): 3 групп, 24 швов
2025-11-15 13:15:11,915 - INFO -    - Линия 084-FC-0740 (_Линия: 084-FC-0740): 3 групп, 24 швов
2025-11-15 13:15:11,915 - INFO -    - Линия 084-LI-0718 (_Линия: 084-LI-0718): 1 групп, 24 швов
2025-11-15 13:15:11,916 - INFO -    - Линия 084-PA-0715 (_Линия: 084-PA-0715): 2 групп, 24 швов
2025-11-15 13:15:11,916 - INFO -    - Линия 084-ST-0710 (_Линия: 084-ST-0710): 2 групп, 24 швов
2025-11-15 13:15:11,916 - INFO -    - Линия 087-MFG-0603 (_Линия: 087-MFG-0603): 7 групп, 24 швов
2025-11-15 13:15:11,917 - INFO -    - Линия 087-MFG-0604 (_Линия: 087-MFG-0604): 6 групп, 24 швов
2025-11-15 13:15:11,917 - INFO -    - Линия 084-PA-0719 (_Линия: 084-PA-0719): 1 групп, 23 швов
2025-11-15 13:15:11,918 - INFO -    - Линия 084-ST-0701 (_Линия: 084-ST-0701): 2 групп, 23 швов
2025-11-15 13:15:11,918 - INFO -    - Линия 085-FH-2471 (_Линия: 085-FH-2471): 13 групп, 23 швов
2025-11-15 13:15:11,919 - INFO -    - Линия 087-MFG-0613 (_Линия: 087-MFG-0613): 4 групп, 23 швов
2025-11-15 13:15:11,919 - INFO -    - Линия 084-DR-0726 (_Линия: 084-DR-0726): 2 групп, 22 швов
2025-11-15 13:15:11,919 - INFO -    - Линия 084-SSB-0700 (_Линия: 084-SSB-0700): 2 групп, 22 швов
2025-11-15 13:15:11,920 - INFO -    - Линия 087-DN-0600 (_Линия: 087-DN-0600): 2 групп, 22 швов
2025-11-15 13:15:11,920 - INFO -    - Линия 084-ATM-0700 (2) (_Линия: 084-ATM-0700): 4 групп, 21 швов
2025-11-15 13:15:11,920 - INFO -    - Линия 087-PA-0609 (_Линия: 087-PA-0609): 3 групп, 21 швов
2025-11-15 13:15:11,921 - INFO -    - Линия 084-ATM-0700 (4) (_Линия: 084-ATM-0700): 3 групп, 20 швов
2025-11-15 13:15:11,921 - INFO -    - Линия 084-HGWS-0707 (_Линия: 084-HGWS-0707): 2 групп, 20 швов
2025-11-15 13:15:11,921 - INFO -    - Линия 084-LI-0725 (_Линия: 084-LI-0725): 2 групп, 20 швов
2025-11-15 13:15:11,922 - INFO -    - Линия 084-SSB-0713 (_Линия: 084-SSB-0713): 1 групп, 20 швов
2025-11-15 13:15:11,922 - INFO -    - Линия 072-HGWS-0203 (_Линия: 072-HGWS-0203): 3 групп, 19 швов
2025-11-15 13:15:11,922 - INFO -    - Линия 084-FL-0723 (_Линия: 084-FL-0723): 6 групп, 19 швов
2025-11-15 13:15:11,923 - INFO -    - Линия 084-HGWR-0705 (_Линия: 084-HGWR-0705): 1 групп, 19 швов
2025-11-15 13:15:11,923 - INFO -    - Линия 084-HGWR-0706 (_Линия: 084-HGWR-0706): 1 групп, 19 швов
2025-11-15 13:15:11,923 - INFO -    - Линия 084-MFG-0702 (_Линия: 084-MFG-0702): 1 групп, 19 швов
2025-11-15 13:15:11,923 - INFO -    - Линия 084-MFG-0714 (_Линия: 084-MFG-0714): 3 групп, 19 швов
2025-11-15 13:15:11,924 - INFO -    - Линия 084-ST-0703 (_Линия: 084-ST-0703): 2 групп, 19 швов
2025-11-15 13:15:11,924 - INFO -    - Линия 084-DR-0731 (_Линия: 084-DR-0731): 1 групп, 18 швов
2025-11-15 13:15:11,925 - INFO -    - Линия 084-FC-0739 (_Линия: 084-FC-0739): 3 групп, 18 швов
2025-11-15 13:15:11,925 - INFO -    - Линия 084-FR-0702 (_Линия: 084-FR-0702): 7 групп, 18 швов
2025-11-15 13:15:11,925 - INFO -    - Линия 084-HGWR-0702 (_Линия: 084-HGWR-0702): 1 групп, 18 швов
2025-11-15 13:15:11,926 - INFO -    - Линия 084-ING-0705 (_Линия: 084-ING-0705): 2 групп, 18 швов
2025-11-15 13:15:11,926 - INFO -    - Линия 084-ING-0708 (_Линия: 084-ING-0708): 2 групп, 18 швов
2025-11-15 13:15:11,926 - INFO -    - Линия 084-MFG-0715 (_Линия: 084-MFG-0715): 1 групп, 18 швов
2025-11-15 13:15:11,927 - INFO -    - Линия 084-ST-0704 (_Линия: 084-ST-0704): 1 групп, 18 швов
2025-11-15 13:15:11,927 - INFO -    - Линия 087-DN-0601 (_Линия: 087-DN-0601): 2 групп, 18 швов
2025-11-15 13:15:11,927 - INFO -    - Линия 087-PA-0605 (1) (_Линия: 087-PA-0605): 2 групп, 18 швов
2025-11-15 13:15:11,928 - INFO -    - Линия 084-DR-0714 (_Линия: 084-DR-0714): 1 групп, 17 швов
2025-11-15 13:15:11,928 - INFO -    - Линия 084-DR-0717 (_Линия: 084-DR-0717): 1 групп, 17 швов
2025-11-15 13:15:11,928 - INFO -    - Линия 084-DR-0722 (_Линия: 084-DR-0722): 1 групп, 17 швов
2025-11-15 13:15:11,929 - INFO -    - Линия 084-HGWR-0707 (_Линия: 084-HGWR-0707): 1 групп, 17 швов
2025-11-15 13:15:11,930 - INFO -    - Линия 084-HGWS-0706 (_Линия: 084-HGWS-0706): 1 групп, 17 швов
2025-11-15 13:15:11,931 - INFO -    - Линия 084-PA-0705 (_Линия: 084-PA-0705): 2 групп, 17 швов
2025-11-15 13:15:11,931 - INFO -    - Линия 084-DW-0701 (_Линия: 084-DW-0701): 1 групп, 16 швов
2025-11-15 13:15:11,932 - INFO -    - Линия 084-HGWS-0702 (_Линия: 084-HGWS-0702): 2 групп, 16 швов
2025-11-15 13:15:11,933 - INFO -    - Линия 084-LI-0710 (_Линия: 084-LI-0710): 3 групп, 16 швов
2025-11-15 13:15:11,934 - INFO -    - Линия 084-LI-0724 (_Линия: 084-LI-0724): 1 групп, 16 швов
2025-11-15 13:15:11,934 - INFO -    - Линия 084-SSB-0717 (_Линия: 084-SSB-0717): 1 групп, 16 швов
2025-11-15 13:15:11,935 - INFO -    - Линия 084-ST-0702 (_Линия: 084-ST-0702): 2 групп, 16 швов
2025-11-15 13:15:11,935 - INFO -    - Линия 087-FLL-0604 (_Линия: 087-FLL-0604): 3 групп, 16 швов
2025-11-15 13:15:11,936 - INFO -    - Линия 087-SSB-0610 (_Линия: 087-SSB-0610): 3 групп, 16 швов
2025-11-15 13:15:11,936 - INFO -    - Линия 084-DR-0732 (_Линия: 084-DR-0732): 1 групп, 15 швов
2025-11-15 13:15:11,937 - INFO -    - Линия 084-DW-0704 (_Линия: 084-DW-0704): 1 групп, 15 швов
2025-11-15 13:15:11,937 - INFO -    - Линия 084-FC-0712 (_Линия: 084-FC-0712): 1 групп, 15 швов
2025-11-15 13:15:11,938 - INFO -    - Линия 084-FC-0722 (_Линия: 084-FC-0722): 1 групп, 15 швов
2025-11-15 13:15:11,938 - INFO -    - Линия 084-FL-0722 (_Линия: 084-FL-0722): 3 групп, 15 швов
2025-11-15 13:15:11,939 - INFO -    - Линия 084-FL-0726 (_Линия: 084-FL-0726): 1 групп, 15 швов
2025-11-15 13:15:11,939 - INFO -    - Линия 084-ING-0707 (_Линия: 084-ING-0707): 2 групп, 15 швов
2025-11-15 13:15:11,940 - INFO -    - Линия 084-LI-0705 (_Линия: 084-LI-0705): 1 групп, 15 швов
2025-11-15 13:15:11,941 - INFO -    - Линия 084-LI-0716 (_Линия: 084-LI-0716): 2 групп, 15 швов
2025-11-15 13:15:11,941 - INFO -    - Линия 084-PA-0717 (_Линия: 084-PA-0717): 1 групп, 15 швов
2025-11-15 13:15:11,942 - INFO -    - Линия 084-ST-0711 (_Линия: 084-ST-0711): 1 групп, 15 швов
2025-11-15 13:15:11,942 - INFO -    - Линия 087-FLL-0605 (_Линия: 087-FLL-0605): 2 групп, 15 швов
2025-11-15 13:15:11,943 - INFO -    - Линия 087-HGWS-0601 (_Линия: 087-HGWS-0601): 3 групп, 15 швов
2025-11-15 13:15:11,943 - INFO -    - Линия 087-LC-0618 (_Линия: 087-LC-0618): 1 групп, 15 швов
2025-11-15 13:15:11,944 - INFO -    - Линия 087-MS-0601 (_Линия: 087-MS-0601): 3 групп, 15 швов
2025-11-15 13:15:11,944 - INFO -    - Линия 084-DR-0733 (_Линия: 084-DR-0733): 1 групп, 14 швов
2025-11-15 13:15:11,944 - INFO -    - Линия 084-FL-0701 (_Линия: 084-FL-0701): 4 групп, 14 швов
2025-11-15 13:15:11,945 - INFO -    - Линия 084-HGWS-0705 (_Линия: 084-HGWS-0705): 1 групп, 14 швов
2025-11-15 13:15:11,945 - INFO -    - Линия 084-LI-0723 (_Линия: 084-LI-0723): 1 групп, 14 швов
2025-11-15 13:15:11,945 - INFO -    - Линия 084-LS-0705 (_Линия: 084-LS-0705): 1 групп, 14 швов
2025-11-15 13:15:11,946 - INFO -    - Линия 084-MS-0701 (_Линия: 084-MS-0701): 1 групп, 14 швов
2025-11-15 13:15:11,946 - INFO -    - Линия 084-PA-0721 (_Линия: 084-PA-0721): 1 групп, 14 швов
2025-11-15 13:15:11,946 - INFO -    - Линия 084-ST-0712 (_Линия: 084-ST-0712): 2 групп, 14 швов
2025-11-15 13:15:11,947 - INFO -    - Линия 087-LI-0609 (_Линия: 087-LI-0609): 1 групп, 14 швов
2025-11-15 13:15:11,947 - INFO -    - Линия 087-SSB-0609 (_Линия: 087-SSB-0609): 2 групп, 14 швов
2025-11-15 13:15:11,947 - INFO -    - Линия 062-MS-0201 (_Линия: 062-MS-0201): 6 групп, 13 швов
2025-11-15 13:15:11,948 - INFO -    - Линия 072-HGWS-0201 (_Линия: 072-HGWS-0201): 5 групп, 13 швов
2025-11-15 13:15:11,948 - INFO -    - Линия 084-ATM-0700 (5) (_Линия: 084-ATM-0700): 1 групп, 13 швов
2025-11-15 13:15:11,948 - INFO -    - Линия 084-DR-0735 (_Линия: 084-DR-0735): 1 групп, 13 швов
2025-11-15 13:15:11,949 - INFO -    - Линия 084-HGWR-0708 (_Линия: 084-HGWR-0708): 1 групп, 13 швов
2025-11-15 13:15:11,949 - INFO -    - Линия 084-LI-0714 (_Линия: 084-LI-0714): 2 групп, 13 швов
2025-11-15 13:15:11,949 - INFO -    - Линия 084-LI-0717 (_Линия: 084-LI-0717): 1 групп, 13 швов
2025-11-15 13:15:11,950 - INFO -    - Линия 084-PA-0716 (_Линия: 084-PA-0716): 2 групп, 13 швов
2025-11-15 13:15:11,950 - INFO -    - Линия 084-PA-0718 (_Линия: 084-PA-0718): 2 групп, 13 швов
2025-11-15 13:15:11,950 - INFO -    - Линия 087-FLL-0614 (_Линия: 087-FLL-0614): 3 групп, 13 швов
2025-11-15 13:15:11,951 - INFO -    - Линия 087-LC-0616 (_Линия: 087-LC-0616): 1 групп, 13 швов
2025-11-15 13:15:11,951 - INFO -    - Линия 087-LI-0603 (_Линия: 087-LI-0603): 2 групп, 13 швов
2025-11-15 13:15:11,951 - INFO -    - Линия 087-LI-0610 (_Линия: 087-LI-0610): 2 групп, 13 швов
2025-11-15 13:15:11,952 - INFO -    - Линия 087-PA-0604 (_Линия: 087-PA-0604): 1 групп, 13 швов
2025-11-15 13:15:11,952 - INFO -    - Линия 087-SSB-0607 (_Линия: 087-SSB-0607): 3 групп, 13 швов
2025-11-15 13:15:11,953 - INFO -    - Линия 084-DR-0709 (_Линия: 084-DR-0709): 1 групп, 12 швов
2025-11-15 13:15:11,953 - INFO -    - Линия 087-FLL-0600 (_Линия: 087-FLL-0600): 7 групп, 12 швов
2025-11-15 13:15:11,953 - INFO -    - Линия 087-FLL-0612 (_Линия: 087-FLL-0612): 2 групп, 12 швов
2025-11-15 13:15:11,953 - INFO -    - Линия 087-FLL-0613 (_Линия: 087-FLL-0613): 2 групп, 12 швов
2025-11-15 13:15:11,954 - INFO -    - Линия 087-FLL-0615 (_Линия: 087-FLL-0615): 2 групп, 12 швов
2025-11-15 13:15:11,955 - INFO -    - Линия 087-LI-0605 (_Линия: 087-LI-0605): 3 групп, 12 швов
2025-11-15 13:15:11,955 - INFO -    - Линия 087-SSB-0604 (_Линия: 087-SSB-0604): 3 групп, 12 швов
2025-11-15 13:15:11,956 - INFO -    - Линия 087-SSB-0605 (_Линия: 087-SSB-0605): 2 групп, 12 швов
2025-11-15 13:15:11,956 - INFO -    - Линия 087-SSB-0606 (_Линия: 087-SSB-0606): 3 групп, 12 швов
2025-11-15 13:15:11,957 - INFO -    - Линия 087-SSB-0608 (_Линия: 087-SSB-0608): 2 групп, 12 швов
2025-11-15 13:15:11,957 - INFO -    - Линия 087-SSB-0611 (_Линия: 087-SSB-0611): 2 групп, 12 швов
2025-11-15 13:15:11,958 - INFO -    - Линия 072-HGWR-0201 (_Линия: 072-HGWR-0201): 3 групп, 11 швов
2025-11-15 13:15:11,959 - INFO -    - Линия 084-FC-0716 (_Линия: 084-FC-0716): 1 групп, 11 швов
2025-11-15 13:15:11,959 - INFO -    - Линия 084-FC-0732 (_Линия: 084-FC-0732): 1 групп, 11 швов
2025-11-15 13:15:11,960 - INFO -    - Линия 084-FL-0718 (_Линия: 084-FL-0718): 2 групп, 11 швов
2025-11-15 13:15:11,960 - INFO -    - Линия 084-FL-0729 (_Линия: 084-FL-0729): 1 групп, 11 швов
2025-11-15 13:15:11,961 - INFO -    - Линия 084-LI-0704 (_Линия: 084-LI-0704): 1 групп, 11 швов
2025-11-15 13:15:11,961 - INFO -    - Линия 084-LI-0709 (_Линия: 084-LI-0709): 2 групп, 11 швов
2025-11-15 13:15:11,961 - INFO -    - Линия 084-PA-0709 (_Линия: 084-PA-0709): 1 групп, 11 швов
2025-11-15 13:15:11,962 - INFO -    - Линия 084-SSB-0714 (_Линия: 084-SSB-0714): 1 групп, 11 швов
2025-11-15 13:15:11,963 - INFO -    - Линия 084-ST-0706 (_Линия: 084-ST-0706): 2 групп, 11 швов
2025-11-15 13:15:11,963 - INFO -    - Линия 084-ST-0707 (_Линия: 084-ST-0707): 1 групп, 11 швов
2025-11-15 13:15:11,963 - INFO -    - Линия 087-ATM-0602 (_Линия: 087-ATM-0602): 2 групп, 11 швов
2025-11-15 13:15:11,964 - INFO -    - Линия 087-MFG-0605 (2) (_Линия: 087-MFG-0605): 2 групп, 11 швов
2025-11-15 13:15:11,965 - INFO -    - Линия 084-DR-0709 (3) (_Линия: 084-DR-0709): 1 групп, 10 швов
2025-11-15 13:15:11,965 - INFO -    - Линия 084-FC-0701 (_Линия: 084-FC-0701): 4 групп, 10 швов
2025-11-15 13:15:11,966 - INFO -    - Линия 084-FC-0703 (_Линия: 084-FC-0703): 2 групп, 10 швов
2025-11-15 13:15:11,966 - INFO -    - Линия 084-FC-0705 (_Линия: 084-FC-0705): 1 групп, 10 швов
2025-11-15 13:15:11,966 - INFO -    - Линия 084-FC-0714 (_Линия: 084-FC-0714): 1 групп, 10 швов
2025-11-15 13:15:11,967 - INFO -    - Линия 084-FH-0708 (_Линия: 084-FH-0708): 2 групп, 10 швов
2025-11-15 13:15:11,967 - INFO -    - Линия 084-FH-0745 (_Линия: 084-FH-0745): 2 групп, 10 швов
2025-11-15 13:15:11,967 - INFO -    - Линия 084-LI-0708 (_Линия: 084-LI-0708): 1 групп, 10 швов
2025-11-15 13:15:11,968 - INFO -    - Линия 084-MFG-0704 (_Линия: 084-MFG-0704): 1 групп, 10 швов
2025-11-15 13:15:11,968 - INFO -    - Линия 084-MS-0707 (_Линия: 084-MS-0707): 1 групп, 10 швов
2025-11-15 13:15:11,968 - INFO -    - Линия 084-ST-0708 (_Линия: 084-ST-0708): 1 групп, 10 швов
2025-11-15 13:15:11,969 - INFO -    - Линия 084-ST-0729 (_Линия: 084-ST-0729): 1 групп, 10 швов
2025-11-15 13:15:11,969 - INFO -    - Линия 087-PA-0606 (_Линия: 087-PA-0606): 3 групп, 10 швов
2025-11-15 13:15:11,970 - INFO -    - Линия 087-PC-0600 (_Линия: 087-PC-0600): 2 групп, 10 швов
2025-11-15 13:15:11,970 - INFO -    - Линия 062-MS-0205 (_Линия: 062-MS-0205): 2 групп, 9 швов
2025-11-15 13:15:11,970 - INFO -    - Линия 072-HGWR-0203 (_Линия: 072-HGWR-0203): 3 групп, 9 швов
2025-11-15 13:15:11,971 - INFO -    - Линия 084-DR-0739 (_Линия: 084-DR-0739): 1 групп, 9 швов
2025-11-15 13:15:11,971 - INFO -    - Линия 084-FH-0731 (_Линия: 084-FH-0731): 2 групп, 9 швов
2025-11-15 13:15:11,972 - INFO -    - Линия 084-FH-0736 (_Линия: 084-FH-0736): 2 групп, 9 швов
2025-11-15 13:15:11,972 - INFO -    - Линия 084-FL-0724 (_Линия: 084-FL-0724): 2 групп, 9 швов
2025-11-15 13:15:11,972 - INFO -    - Линия 084-FL-0725 (_Линия: 084-FL-0725): 1 групп, 9 швов
2025-11-15 13:15:11,972 - INFO -    - Линия 084-FR-0717 (_Линия: 084-FR-0717): 2 групп, 9 швов
2025-11-15 13:15:11,973 - INFO -    - Линия 084-LI-0712 (_Линия: 084-LI-0712): 1 групп, 9 швов
2025-11-15 13:15:11,973 - INFO -    - Линия 084-PC-0700 (_Линия: 084-PC-0700): 2 групп, 9 швов
2025-11-15 13:15:11,973 - INFO -    - Линия 084-SSB-0715 (_Линия: 084-SSB-0715): 1 групп, 9 швов
2025-11-15 13:15:11,974 - INFO -    - Линия 084-ST-0709 (_Линия: 084-ST-0709): 1 групп, 9 швов
2025-11-15 13:15:11,974 - INFO -    - Линия 084-ST-0715 (_Линия: 084-ST-0715): 1 групп, 9 швов
2025-11-15 13:15:11,974 - INFO -    - Линия 087-ATM-0601 (_Линия: 087-ATM-0601): 4 групп, 9 швов
2025-11-15 13:15:11,975 - INFO -    - Линия 087-LC-0615 (_Линия: 087-LC-0615): 1 групп, 9 швов
2025-11-15 13:15:11,975 - INFO -    - Линия 087-LI-0601 (_Линия: 087-LI-0601): 2 групп, 9 швов
2025-11-15 13:15:11,975 - INFO -    - Линия 087-PA-0602 (_Линия: 087-PA-0602): 2 групп, 9 швов
2025-11-15 13:15:11,976 - INFO -    - Линия 005-IA-0601 (_Линия: 005-IA-0601): 3 групп, 8 швов
2025-11-15 13:15:11,976 - INFO -    - Линия 062-MS-0202 (_Линия: 062-MS-0202): 3 групп, 8 швов
2025-11-15 13:15:11,977 - INFO -    - Линия 084-ATM-0702 (_Линия: 084-ATM-0702): 1 групп, 8 швов
2025-11-15 13:15:11,977 - INFO -    - Линия 084-DR-0714 (1) (_Линия: 084-DR-0714): 1 групп, 8 швов
2025-11-15 13:15:11,977 - INFO -    - Линия 084-DR-0717 (1) (_Линия: 084-DR-0717): 1 групп, 8 швов
2025-11-15 13:15:11,978 - INFO -    - Линия 084-DR-0720 (1) (_Линия: 084-DR-0720): 1 групп, 8 швов
2025-11-15 13:15:11,978 - INFO -    - Линия 084-DR-0734 (_Линия: 084-DR-0734): 1 групп, 8 швов
2025-11-15 13:15:11,978 - INFO -    - Линия 084-DR-0747 (_Линия: 084-DR-0747): 2 групп, 8 швов
2025-11-15 13:15:11,979 - INFO -    - Линия 084-DR-0748 (_Линия: 084-DR-0748): 1 групп, 8 швов
2025-11-15 13:15:11,979 - INFO -    - Линия 084-FH-0744 (_Линия: 084-FH-0744): 1 групп, 8 швов
2025-11-15 13:15:11,979 - INFO -    - Линия 084-FR-0703 (_Линия: 084-FR-0703): 4 групп, 8 швов
2025-11-15 13:15:11,980 - INFO -    - Линия 084-LI-0702 (_Линия: 084-LI-0702): 1 групп, 8 швов
2025-11-15 13:15:11,980 - INFO -    - Линия 084-PA-0711 (_Линия: 084-PA-0711): 1 групп, 8 швов
2025-11-15 13:15:11,980 - INFO -    - Линия 084-ST-0716 (_Линия: 084-ST-0716): 1 групп, 8 швов
2025-11-15 13:15:11,981 - INFO -    - Линия 084-ST-0717 (_Линия: 084-ST-0717): 1 групп, 8 швов
2025-11-15 13:15:11,981 - INFO -    - Линия 084-ST-0722 (_Линия: 084-ST-0722): 2 групп, 8 швов
2025-11-15 13:15:11,981 - INFO -    - Линия 084-ST-0726 (_Линия: 084-ST-0726): 1 групп, 8 швов
2025-11-15 13:15:11,982 - INFO -    - Линия 087-LC-0617 (_Линия: 087-LC-0617): 1 групп, 8 швов
2025-11-15 13:15:11,982 - INFO -    - Линия 087-LI-0606 (_Линия: 087-LI-0606): 2 групп, 8 швов
2025-11-15 13:15:11,983 - INFO -    - Линия 087-MFG-0615 (_Линия: 087-MFG-0615): 2 групп, 8 швов
2025-11-15 13:15:11,983 - INFO -    - Линия 005-LI-0601 (_Линия: 005-LI-0601): 3 групп, 7 швов
2025-11-15 13:15:11,983 - INFO -    - Линия 005-LI-0602 (_Линия: 005-LI-0602): 3 групп, 7 швов
2025-11-15 13:15:11,984 - INFO -    - Линия 005-PA-0601 (_Линия: 005-PA-0601): 3 групп, 7 швов
2025-11-15 13:15:11,984 - INFO -    - Линия 049-MFG-0501 (_Линия: 049-MFG-0501): 4 групп, 7 швов
2025-11-15 13:15:11,985 - INFO -    - Линия 049-MFG-0504 (_Линия: 049-MFG-0504): 2 групп, 7 швов
2025-11-15 13:15:11,985 - INFO -    - Линия 062-MS-0204 (_Линия: 062-MS-0204): 1 групп, 7 швов
2025-11-15 13:15:11,985 - INFO -    - Линия 084-ATM-0703 (_Линия: 084-ATM-0703): 2 групп, 7 швов
2025-11-15 13:15:11,986 - INFO -    - Линия 084-DR-0713 (_Линия: 084-DR-0713): 1 групп, 7 швов
2025-11-15 13:15:11,986 - INFO -    - Линия 084-DR-0744 (_Линия: 084-DR-0744): 1 групп, 7 швов
2025-11-15 13:15:11,986 - INFO -    - Линия 084-FH-0703 (_Линия: 084-FH-0703): 2 групп, 7 швов
2025-11-15 13:15:11,987 - INFO -    - Линия 084-FH-0719 (_Линия: 084-FH-0719): 2 групп, 7 швов
2025-11-15 13:15:11,987 - INFO -    - Линия 084-FH-0739 (_Линия: 084-FH-0739): 1 групп, 7 швов
2025-11-15 13:15:11,988 - INFO -    - Линия 084-FL-0702 (_Линия: 084-FL-0702): 5 групп, 7 швов
2025-11-15 13:15:11,988 - INFO -    - Линия 084-FL-0712 (_Линия: 084-FL-0712): 1 групп, 7 швов
2025-11-15 13:15:11,989 - INFO -    - Линия 084-FL-0728 (_Линия: 084-FL-0728): 2 групп, 7 швов
2025-11-15 13:15:11,989 - INFO -    - Линия 084-FR-0725 (_Линия: 084-FR-0725): 1 групп, 7 швов
2025-11-15 13:15:11,990 - INFO -    - Линия 084-LI-0711 (_Линия: 084-LI-0711): 1 групп, 7 швов
2025-11-15 13:15:11,991 - INFO -    - Линия 084-MFG-0705 (_Линия: 084-MFG-0705): 1 групп, 7 швов
2025-11-15 13:15:11,991 - INFO -    - Линия 084-MFG-0717 (_Линия: 084-MFG-0717): 1 групп, 7 швов
2025-11-15 13:15:11,992 - INFO -    - Линия 084-PA-0721 (1) (_Линия: 084-PA-0721): 1 групп, 7 швов
2025-11-15 13:15:11,992 - INFO -    - Линия 084-PA-0721 (2) (_Линия: 084-PA-0721): 1 групп, 7 швов
2025-11-15 13:15:11,994 - INFO -    - Линия 084-SSB-0711 (_Линия: 084-SSB-0711): 1 групп, 7 швов
2025-11-15 13:15:11,994 - INFO -    - Линия 084-ST-0705 (_Линия: 084-ST-0705): 1 групп, 7 швов
2025-11-15 13:15:11,995 - INFO -    - Линия 084-ST-0720 (_Линия: 084-ST-0720): 1 групп, 7 швов
2025-11-15 13:15:11,995 - INFO -    - Линия 087-FLL-0601 (_Линия: 087-FLL-0601): 3 групп, 7 швов
2025-11-15 13:15:11,995 - INFO -    - Линия 087-LC-0603 (_Линия: 087-LC-0603): 1 групп, 7 швов
2025-11-15 13:15:11,996 - INFO -    - Линия 087-LI-0607 (_Линия: 087-LI-0607): 1 групп, 7 швов
2025-11-15 13:15:11,996 - INFO -    - Линия 087-LI-0608 (_Линия: 087-LI-0608): 1 групп, 7 швов
2025-11-15 13:15:11,997 - INFO -    - Линия 087-MFG-0614 (_Линия: 087-MFG-0614): 1 групп, 7 швов
2025-11-15 13:15:11,997 - INFO -    - Линия 087-PA-0603 (_Линия: 087-PA-0603): 1 групп, 7 швов
2025-11-15 13:15:11,997 - INFO -    - Линия 088-FC-0700 (_Линия: 088-FC-0700): 3 групп, 7 швов
2025-11-15 13:15:11,998 - INFO -    - Линия 005-IA-0602 (_Линия: 005-IA-0602): 2 групп, 6 швов
2025-11-15 13:15:11,998 - INFO -    - Линия 005-PA-0602 (_Линия: 005-PA-0602): 2 групп, 6 швов
2025-11-15 13:15:11,999 - INFO -    - Линия 084-DR-0710 (_Линия: 084-DR-0710): 1 групп, 6 швов
2025-11-15 13:15:11,999 - INFO -    - Линия 084-DR-0719 (_Линия: 084-DR-0719): 2 групп, 6 швов
2025-11-15 13:15:12,000 - INFO -    - Линия 084-DR-0720 (_Линия: 084-DR-0720): 1 групп, 6 швов
2025-11-15 13:15:12,000 - INFO -    - Линия 084-DR-0742 (_Линия: 084-DR-0742): 1 групп, 6 швов
2025-11-15 13:15:12,001 - INFO -    - Линия 084-DR-0746 (_Линия: 084-DR-0746): 1 групп, 6 швов
2025-11-15 13:15:12,001 - INFO -    - Линия 084-FC-0706 (_Линия: 084-FC-0706): 1 групп, 6 швов
2025-11-15 13:15:12,002 - INFO -    - Линия 084-FC-0715 (_Линия: 084-FC-0715): 2 групп, 6 швов
2025-11-15 13:15:12,002 - INFO -    - Линия 084-FC-0726 (_Линия: 084-FC-0726): 1 групп, 6 швов
2025-11-15 13:15:12,003 - INFO -    - Линия 084-FH-0702 (_Линия: 084-FH-0702): 3 групп, 6 швов
2025-11-15 13:15:12,003 - INFO -    - Линия 084-FH-0712 (_Линия: 084-FH-0712): 1 групп, 6 швов
2025-11-15 13:15:12,004 - INFO -    - Линия 084-FH-0716 (_Линия: 084-FH-0716): 1 групп, 6 швов
2025-11-15 13:15:12,004 - INFO -    - Линия 084-FH-0740 (_Линия: 084-FH-0740): 1 групп, 6 швов
2025-11-15 13:15:12,005 - INFO -    - Линия 084-FR-0712 (_Линия: 084-FR-0712): 1 групп, 6 швов
2025-11-15 13:15:12,005 - INFO -    - Линия 084-FR-0722 (_Линия: 084-FR-0722): 1 групп, 6 швов
2025-11-15 13:15:12,005 - INFO -    - Линия 084-LI-0726 (_Линия: 084-LI-0726): 1 групп, 6 швов
2025-11-15 13:15:12,006 - INFO -    - Линия 084-MFG-0716 (_Линия: 084-MFG-0716): 1 групп, 6 швов
2025-11-15 13:15:12,006 - INFO -    - Линия 084-MFG-0718 (_Линия: 084-MFG-0718): 1 групп, 6 швов
2025-11-15 13:15:12,007 - INFO -    - Линия 084-PA-0704 (_Линия: 084-PA-0704): 1 групп, 6 швов
2025-11-15 13:15:12,007 - INFO -    - Линия 084-SSB-0719 (_Линия: 084-SSB-0719): 2 групп, 6 швов
2025-11-15 13:15:12,007 - INFO -    - Линия 084-ST-0714 (_Линия: 084-ST-0714): 1 групп, 6 швов
2025-11-15 13:15:12,008 - INFO -    - Линия 084-ST-0718 (_Линия: 084-ST-0718): 1 групп, 6 швов
2025-11-15 13:15:12,008 - INFO -    - Линия 087-LI-0604 (2) (_Линия: 087-LI-0604): 1 групп, 6 швов
2025-11-15 13:15:12,008 - INFO -    - Линия 084-ATM-0704 (_Линия: 084-ATM-0704): 1 групп, 5 швов
2025-11-15 13:15:12,009 - INFO -    - Линия 084-DR-0711 (_Линия: 084-DR-0711): 1 групп, 5 швов
2025-11-15 13:15:12,009 - INFO -    - Линия 084-DR-0712 (_Линия: 084-DR-0712): 1 групп, 5 швов
2025-11-15 13:15:12,011 - INFO -    - Линия 084-DR-0736 (_Линия: 084-DR-0736): 1 групп, 5 швов
2025-11-15 13:15:12,011 - INFO -    - Линия 084-DR-0740 (_Линия: 084-DR-0740): 1 групп, 5 швов
2025-11-15 13:15:12,012 - INFO -    - Линия 084-DW-0703 (_Линия: 084-DW-0703): 2 групп, 5 швов
2025-11-15 13:15:12,012 - INFO -    - Линия 084-FC-0720 (_Линия: 084-FC-0720): 1 групп, 5 швов
2025-11-15 13:15:12,013 - INFO -    - Линия 084-FH-0713 (_Линия: 084-FH-0713): 1 групп, 5 швов
2025-11-15 13:15:12,013 - INFO -    - Линия 084-FH-0715 (_Линия: 084-FH-0715): 2 групп, 5 швов
2025-11-15 13:15:12,014 - INFO -    - Линия 084-FH-0718 (_Линия: 084-FH-0718): 3 групп, 5 швов
2025-11-15 13:15:12,014 - INFO -    - Линия 084-FH-0742 (_Линия: 084-FH-0742): 2 групп, 5 швов
2025-11-15 13:15:12,015 - INFO -    - Линия 084-FH-0746 (_Линия: 084-FH-0746): 1 групп, 5 швов
2025-11-15 13:15:12,015 - INFO -    - Линия 084-FH-0747 (_Линия: 084-FH-0747): 1 групп, 5 швов
2025-11-15 13:15:12,016 - INFO -    - Линия 084-FL-0715 (_Линия: 084-FL-0715): 1 групп, 5 швов
2025-11-15 13:15:12,016 - INFO -    - Линия 084-FR-0700 (_Линия: 084-FR-0700): 4 групп, 5 швов
2025-11-15 13:15:12,017 - INFO -    - Линия 084-FR-0714 (_Линия: 084-FR-0714): 1 групп, 5 швов
2025-11-15 13:15:12,017 - INFO -    - Линия 084-FR-0724 (_Линия: 084-FR-0724): 1 групп, 5 швов
2025-11-15 13:15:12,018 - INFO -    - Линия 084-LI-0720 (_Линия: 084-LI-0720): 1 групп, 5 швов
2025-11-15 13:15:12,018 - INFO -    - Линия 084-LI-0721 (_Линия: 084-LI-0721): 1 групп, 5 швов
2025-11-15 13:15:12,019 - INFO -    - Линия 084-MFG-0703 (_Линия: 084-MFG-0703): 1 групп, 5 швов
2025-11-15 13:15:12,019 - INFO -    - Линия 084-MFG-0706 (_Линия: 084-MFG-0706): 2 групп, 5 швов
2025-11-15 13:15:12,020 - INFO -    - Линия 084-MFG-0712 (_Линия: 084-MFG-0712): 1 групп, 5 швов
2025-11-15 13:15:12,020 - INFO -    - Линия 084-MFG-0713 (_Линия: 084-MFG-0713): 1 групп, 5 швов
2025-11-15 13:15:12,020 - INFO -    - Линия 084-PA-0702 (_Линия: 084-PA-0702): 1 групп, 5 швов
2025-11-15 13:15:12,021 - INFO -    - Линия 084-PA-0706 (_Линия: 084-PA-0706): 1 групп, 5 швов
2025-11-15 13:15:12,021 - INFO -    - Линия 084-PA-0720 (_Линия: 084-PA-0720): 1 групп, 5 швов
2025-11-15 13:15:12,022 - INFO -    - Линия 084-SSB-0712 (_Линия: 084-SSB-0712): 1 групп, 5 швов
2025-11-15 13:15:12,022 - INFO -    - Линия 084-SSB-0718 (_Линия: 084-SSB-0718): 1 групп, 5 швов
2025-11-15 13:15:12,023 - INFO -    - Линия 087-MFG-0605 (1) (_Линия: 087-MFG-0605): 1 групп, 5 швов
2025-11-15 13:15:12,023 - INFO -    - Линия 087-PA-0607 (_Линия: 087-PA-0607): 2 групп, 5 швов
2025-11-15 13:15:12,023 - INFO -    - Линия 069-LC-0202 (_Линия: 069-LC-0202): 1 групп, 4 швов
2025-11-15 13:15:12,024 - INFO -    - Линия 084-DR-0709 (1) (_Линия: 084-DR-0709): 1 групп, 4 швов
2025-11-15 13:15:12,024 - INFO -    - Линия 084-DR-0709 (2) (_Линия: 084-DR-0709): 1 групп, 4 швов
2025-11-15 13:15:12,024 - INFO -    - Линия 084-DR-0716 (_Линия: 084-DR-0716): 1 групп, 4 швов
2025-11-15 13:15:12,025 - INFO -    - Линия 084-DR-0730 (_Линия: 084-DR-0730): 2 групп, 4 швов
2025-11-15 13:15:12,025 - INFO -    - Линия 084-DR-0741 (_Линия: 084-DR-0741): 2 групп, 4 швов
2025-11-15 13:15:12,025 - INFO -    - Линия 084-DR-0743 (_Линия: 084-DR-0743): 1 групп, 4 швов
2025-11-15 13:15:12,026 - INFO -    - Линия 084-DR-0751 (_Линия: 084-DR-0751): 1 групп, 4 швов
2025-11-15 13:15:12,026 - INFO -    - Линия 084-FC-0704 (_Линия: 084-FC-0704): 1 групп, 4 швов
2025-11-15 13:15:12,026 - INFO -    - Линия 084-FC-0707 (_Линия: 084-FC-0707): 1 групп, 4 швов
2025-11-15 13:15:12,027 - INFO -    - Линия 084-FC-0708 (_Линия: 084-FC-0708): 1 групп, 4 швов
2025-11-15 13:15:12,027 - INFO -    - Линия 084-FC-0711 (_Линия: 084-FC-0711): 1 групп, 4 швов
2025-11-15 13:15:12,027 - INFO -    - Линия 084-FC-0713 (_Линия: 084-FC-0713): 1 групп, 4 швов
2025-11-15 13:15:12,028 - INFO -    - Линия 084-FC-0725 (_Линия: 084-FC-0725): 1 групп, 4 швов
2025-11-15 13:15:12,028 - INFO -    - Линия 084-FC-0733 (_Линия: 084-FC-0733): 1 групп, 4 швов
2025-11-15 13:15:12,028 - INFO -    - Линия 084-FC-0734 (_Линия: 084-FC-0734): 1 групп, 4 швов
2025-11-15 13:15:12,029 - INFO -    - Линия 084-FC-0735 (_Линия: 084-FC-0735): 1 групп, 4 швов
2025-11-15 13:15:12,029 - INFO -    - Линия 084-FH-0704 (_Линия: 084-FH-0704): 4 групп, 4 швов
2025-11-15 13:15:12,030 - INFO -    - Линия 084-FH-0710 (_Линия: 084-FH-0710): 3 групп, 4 швов
2025-11-15 13:15:12,030 - INFO -    - Линия 084-FH-0714 (_Линия: 084-FH-0714): 1 групп, 4 швов
2025-11-15 13:15:12,031 - INFO -    - Линия 084-FH-0722 (_Линия: 084-FH-0722): 2 групп, 4 швов
2025-11-15 13:15:12,031 - INFO -    - Линия 084-FH-0724 (_Линия: 084-FH-0724): 2 групп, 4 швов
2025-11-15 13:15:12,031 - INFO -    - Линия 084-FH-0733 (_Линия: 084-FH-0733): 1 групп, 4 швов
2025-11-15 13:15:12,032 - INFO -    - Линия 084-FL-0706 (_Линия: 084-FL-0706): 3 групп, 4 швов
2025-11-15 13:15:12,032 - INFO -    - Линия 084-FL-0707 (_Линия: 084-FL-0707): 2 групп, 4 швов
2025-11-15 13:15:12,033 - INFO -    - Линия 084-FL-0714 (_Линия: 084-FL-0714): 2 групп, 4 швов
2025-11-15 13:15:12,033 - INFO -    - Линия 084-FL-0717 (_Линия: 084-FL-0717): 2 групп, 4 швов
2025-11-15 13:15:12,033 - INFO -    - Линия 084-FL-0719 (_Линия: 084-FL-0719): 2 групп, 4 швов
2025-11-15 13:15:12,034 - INFO -    - Линия 084-FR-0710 (_Линия: 084-FR-0710): 3 групп, 4 швов
2025-11-15 13:15:12,034 - INFO -    - Линия 084-FR-0723 (_Линия: 084-FR-0723): 2 групп, 4 швов
2025-11-15 13:15:12,034 - INFO -    - Линия 084-MFG-0708 (_Линия: 084-MFG-0708): 1 групп, 4 швов
2025-11-15 13:15:12,035 - INFO -    - Линия 084-MFG-0709 (_Линия: 084-MFG-0709): 1 групп, 4 швов
2025-11-15 13:15:12,035 - INFO -    - Линия 084-SSB-0716 (_Линия: 084-SSB-0716): 1 групп, 4 швов
2025-11-15 13:15:12,035 - INFO -    - Линия 087-LC-0619 (_Линия: 087-LC-0619): 1 групп, 4 швов
2025-11-15 13:15:12,036 - INFO -    - Линия 033-DW-0016 (_Линия: 033-DW-0016): 1 групп, 3 швов
2025-11-15 13:15:12,036 - INFO -    - Линия 069-LC-0201 (_Линия: 069-LC-0201): 3 групп, 3 швов
2025-11-15 13:15:12,036 - INFO -    - Линия 084-DR-0750 (_Линия: 084-DR-0750): 1 групп, 3 швов
2025-11-15 13:15:12,037 - INFO -    - Линия 084-FC-0723 (_Линия: 084-FC-0723): 1 групп, 3 швов
2025-11-15 13:15:12,037 - INFO -    - Линия 084-FC-0724 (_Линия: 084-FC-0724): 1 групп, 3 швов
2025-11-15 13:15:12,037 - INFO -    - Линия 084-FH-0705 (_Линия: 084-FH-0705): 3 групп, 3 швов
2025-11-15 13:15:12,038 - INFO -    - Линия 084-FH-0709 (_Линия: 084-FH-0709): 2 групп, 3 швов
2025-11-15 13:15:12,038 - INFO -    - Линия 084-FH-0723 (_Линия: 084-FH-0723): 1 групп, 3 швов
2025-11-15 13:15:12,038 - INFO -    - Линия 084-FH-0743 (_Линия: 084-FH-0743): 1 групп, 3 швов
2025-11-15 13:15:12,039 - INFO -    - Линия 084-FL-0730 (_Линия: 084-FL-0730): 1 групп, 3 швов
2025-11-15 13:15:12,039 - INFO -    - Линия 084-FR-0708 (_Линия: 084-FR-0708): 2 групп, 3 швов
2025-11-15 13:15:12,039 - INFO -    - Линия 084-FR-0709 (_Линия: 084-FR-0709): 1 групп, 3 швов
2025-11-15 13:15:12,040 - INFO -    - Линия 084-LI-0706 (_Линия: 084-LI-0706): 1 групп, 3 швов
2025-11-15 13:15:12,040 - INFO -    - Линия 084-LI-0707 (_Линия: 084-LI-0707): 1 групп, 3 швов
2025-11-15 13:15:12,041 - INFO -    - Линия 084-MFG-0710 (_Линия: 084-MFG-0710): 1 групп, 3 швов
2025-11-15 13:15:12,041 - INFO -    - Линия 084-MFG-0719 (_Линия: 084-MFG-0719): 1 групп, 3 швов
2025-11-15 13:15:12,041 - INFO -    - Линия 084-SSB-0721 (_Линия: 084-SSB-0721): 1 групп, 3 швов
2025-11-15 13:15:12,042 - INFO -    - Линия 084-ST-0719 (_Линия: 084-ST-0719): 2 групп, 3 швов
2025-11-15 13:15:12,042 - INFO -    - Линия 084-ST-0721 (_Линия: 084-ST-0721): 2 групп, 3 швов
2025-11-15 13:15:12,043 - INFO -    - Линия 084-ST-0724 (_Линия: 084-ST-0724): 1 групп, 3 швов
2025-11-15 13:15:12,043 - INFO -    - Линия 084-ST-0725 (_Линия: 084-ST-0725): 1 групп, 3 швов
2025-11-15 13:15:12,043 - INFO -    - Линия 087-DN-0603 (_Линия: 087-DN-0603): 2 групп, 3 швов
2025-11-15 13:15:12,044 - INFO -    - Линия 087-DN-0604 (_Линия: 087-DN-0604): 2 групп, 3 швов
2025-11-15 13:15:12,044 - INFO -    - Линия 087-FLL-0609 (_Линия: 087-FLL-0609): 1 групп, 3 швов
2025-11-15 13:15:12,044 - INFO -    - Линия 087-FLL-0610 (_Линия: 087-FLL-0610): 1 групп, 3 швов
2025-11-15 13:15:12,045 - INFO -    - Линия 087-FLL-0611 (_Линия: 087-FLL-0611): 1 групп, 3 швов
2025-11-15 13:15:12,045 - INFO -    - Линия 087-LC-0611 (_Линия: 087-LC-0611): 1 групп, 3 швов
2025-11-15 13:15:12,046 - INFO -    - Линия 087-LC-0612 (_Линия: 087-LC-0612): 1 групп, 3 швов
2025-11-15 13:15:12,046 - INFO -    - Линия 087-LC-0613 (_Линия: 087-LC-0613): 1 групп, 3 швов
2025-11-15 13:15:12,047 - INFO -    - Линия 087-LC-0614 (_Линия: 087-LC-0614): 1 групп, 3 швов
2025-11-15 13:15:12,047 - INFO -    - Линия 087-LC-0620 (_Линия: 087-LC-0620): 1 групп, 3 швов
2025-11-15 13:15:12,047 - INFO -    - Линия 084-DR-0737 (_Линия: 084-DR-0737): 1 групп, 2 швов
2025-11-15 13:15:12,048 - INFO -    - Линия 084-DR-0738 (_Линия: 084-DR-0738): 1 групп, 2 швов
2025-11-15 13:15:12,048 - INFO -    - Линия 084-FC-0702 (_Линия: 084-FC-0702): 2 групп, 2 швов
2025-11-15 13:15:12,048 - INFO -    - Линия 084-FC-0727 (_Линия: 084-FC-0727): 2 групп, 2 швов
2025-11-15 13:15:12,049 - INFO -    - Линия 084-FC-0729 (_Линия: 084-FC-0729): 2 групп, 2 швов
2025-11-15 13:15:12,049 - INFO -    - Линия 084-FC-0730 (_Линия: 084-FC-0730): 2 групп, 2 швов
2025-11-15 13:15:12,050 - INFO -    - Линия 084-FC-0736 (_Линия: 084-FC-0736): 2 групп, 2 швов
2025-11-15 13:15:12,050 - INFO -    - Линия 084-FC-0737 (_Линия: 084-FC-0737): 2 групп, 2 швов
2025-11-15 13:15:12,050 - INFO -    - Линия 084-FC-0738 (_Линия: 084-FC-0738): 2 групп, 2 швов
2025-11-15 13:15:12,051 - INFO -    - Линия 084-FH-0721 (_Линия: 084-FH-0721): 1 групп, 2 швов
2025-11-15 13:15:12,051 - INFO -    - Линия 084-FH-0725 (_Линия: 084-FH-0725): 1 групп, 2 швов
2025-11-15 13:15:12,051 - INFO -    - Линия 084-FH-0734 (_Линия: 084-FH-0734): 2 групп, 2 швов
2025-11-15 13:15:12,052 - INFO -    - Линия 084-FL-0708 (_Линия: 084-FL-0708): 2 групп, 2 швов
2025-11-15 13:15:12,052 - INFO -    - Линия 084-FL-0709 (_Линия: 084-FL-0709): 2 групп, 2 швов
2025-11-15 13:15:12,053 - INFO -    - Линия 084-FL-0711 (_Линия: 084-FL-0711): 2 групп, 2 швов
2025-11-15 13:15:12,054 - INFO -    - Линия 084-FR-0704 (_Линия: 084-FR-0704): 2 групп, 2 швов
2025-11-15 13:15:12,054 - INFO -    - Линия 084-FR-0719 (_Линия: 084-FR-0719): 1 групп, 2 швов
2025-11-15 13:15:12,055 - INFO -    - Линия 084-FR-0726 (_Линия: 084-FR-0726): 1 групп, 2 швов
2025-11-15 13:15:12,055 - INFO -    - Линия 084-ST-0730 (_Линия: 084-ST-0730): 1 групп, 2 швов
2025-11-15 13:15:12,055 - INFO -    - Линия 084-ST-0731 (_Линия: 084-ST-0731): 1 групп, 2 швов
2025-11-15 13:15:12,056 - INFO -    - Линия 084-ST-0732 (_Линия: 084-ST-0732): 1 групп, 2 швов
2025-11-15 13:15:12,056 - INFO -    - Линия 087-FLL-0606 (_Линия: 087-FLL-0606): 2 групп, 2 швов
2025-11-15 13:15:12,056 - INFO -    - Линия 087-FLL-0607 (_Линия: 087-FLL-0607): 1 групп, 2 швов
2025-11-15 13:15:12,057 - INFO -    - Линия 087-FLL-0608 (_Линия: 087-FLL-0608): 1 групп, 2 швов
2025-11-15 13:15:12,057 - INFO -    - Линия 087-MFG-0611 (_Линия: 087-MFG-0611): 2 групп, 2 швов
2025-11-15 13:15:12,058 - INFO -    - Линия 087-MFG-0612 (_Линия: 087-MFG-0612): 2 групп, 2 швов
2025-11-15 13:15:12,058 - INFO -    - Линия 087-PA-0605 (2) (_Линия: 087-PA-0605): 1 групп, 2 швов
2025-11-15 13:15:12,058 - INFO -    - Линия 084-DR-0715 (_Линия: 084-DR-0715): 1 групп, 1 швов
2025-11-15 13:15:12,058 - INFO -    - Линия 084-DR-0718 (_Линия: 084-DR-0718): 1 групп, 1 швов
2025-11-15 13:15:12,059 - INFO -    - Линия 084-FH-0700 (_Линия: 084-FH-0700): 1 групп, 1 швов
2025-11-15 13:15:12,059 - INFO -    - Линия 084-FH-0728 (_Линия: 084-FH-0728): 1 групп, 1 швов
2025-11-15 13:15:12,060 - INFO -    - Линия 084-FH-0730 (_Линия: 084-FH-0730): 1 групп, 1 швов
2025-11-15 13:15:12,060 - INFO -    - Линия 084-FL-0720 (_Линия: 084-FL-0720): 1 групп, 1 швов
2025-11-15 13:15:12,060 - INFO -    - Линия 084-FL-0721 (_Линия: 084-FL-0721): 1 групп, 1 швов
2025-11-15 13:15:12,061 - INFO -    - Линия 084-FR-0701 (_Линия: 084-FR-0701): 1 групп, 1 швов
2025-11-15 13:15:12,062 - INFO -    - Линия 084-FR-0705 (_Линия: 084-FR-0705): 1 групп, 1 швов
2025-11-15 13:15:12,062 - INFO -    - Линия 084-FR-0711 (_Линия: 084-FR-0711): 1 групп, 1 швов
2025-11-15 13:15:12,063 - INFO -    - Линия 084-FR-0715 (_Линия: 084-FR-0715): 1 групп, 1 швов
2025-11-15 13:15:12,063 - INFO -    - Линия 084-FR-0716 (_Линия: 084-FR-0716): 1 групп, 1 швов
2025-11-15 13:15:12,063 - INFO -    - Линия 084-MFG-0707 (_Линия: 084-MFG-0707): 1 групп, 1 швов
2025-11-15 13:15:12,064 - INFO -    - Линия 084-MFG-0711 (_Линия: 084-MFG-0711): 1 групп, 1 швов
2025-11-15 13:15:12,064 - INFO -    - Линия 084-MFG-0728 (_Линия: 084-MFG-0728): 1 групп, 1 швов
2025-11-15 13:15:12,064 - INFO -    - Линия 084-DW-0702 (_Линия: 084-DW-0702): 1 групп, 0 швов
2025-11-15 13:15:12,065 - INFO -    - Линия 084-PA-0701 (_Линия: 084-PA-0701): 1 групп, 0 швов
2025-11-15 13:15:12,067 - INFO - 📊 Статистика по _Линия:
2025-11-15 13:15:12,068 - INFO -    - _Линия 084-ATM-0700: 29 групп, 455 швов
2025-11-15 13:15:12,068 - INFO -    - _Линия 084-IA-0700: 11 групп, 271 швов
2025-11-15 13:15:12,069 - INFO -    - _Линия 084-MS-0700: 21 групп, 208 швов
2025-11-15 13:15:12,069 - INFO -    - _Линия 084-HGWR-0700: 14 групп, 172 швов
2025-11-15 13:15:12,069 - INFO -    - _Линия 084-HGWS-0700: 16 групп, 170 швов
2025-11-15 13:15:12,070 - INFO -    - _Линия 087-IA-0600: 7 групп, 167 швов
2025-11-15 13:15:12,070 - INFO -    - _Линия 084-HGWR-0719: 3 групп, 165 швов
2025-11-15 13:15:12,070 - INFO -    - _Линия 084-LI-0700: 5 групп, 159 швов
2025-11-15 13:15:12,071 - INFO -    - _Линия 087-MS-0600: 15 групп, 155 швов
2025-11-15 13:15:12,071 - INFO -    - _Линия 084-FC-0700: 8 групп, 155 швов
2025-11-15 13:15:12,071 - INFO -    - _Линия 084-HGWR-0715: 2 групп, 149 швов
2025-11-15 13:15:12,072 - INFO -    - _Линия 084-HGWR-0717: 3 групп, 148 швов
2025-11-15 13:15:12,072 - INFO -    - _Линия 087-LC-0602: 2 групп, 146 швов
2025-11-15 13:15:12,073 - INFO -    - _Линия 084-HGWS-0715: 4 групп, 141 швов
2025-11-15 13:15:12,073 - INFO -    - _Линия 087-HGWR-0600: 8 групп, 137 швов
2025-11-15 13:15:12,073 - INFO -    - _Линия 084-HGWR-0713: 7 групп, 136 швов
2025-11-15 13:15:12,074 - INFO -    - _Линия 087-HGWS-0600: 6 групп, 134 швов
2025-11-15 13:15:12,074 - INFO -    - _Линия 084-PA-0700: 10 групп, 129 швов
2025-11-15 13:15:12,074 - INFO -    - _Линия 084-HGWR-0721: 2 групп, 125 швов
2025-11-15 13:15:12,075 - INFO -    - _Линия 084-HGWS-0717: 4 групп, 122 швов
2025-11-15 13:15:12,075 - INFO -    - _Линия 084-HGWR-0718: 2 групп, 117 швов
2025-11-15 13:15:12,075 - INFO -    - _Линия 087-PA-0600: 8 групп, 116 швов
2025-11-15 13:15:12,076 - INFO -    - _Линия 084-HGWS-0719: 2 групп, 111 швов
2025-11-15 13:15:12,077 - INFO -    - _Линия 084-HGWR-0716: 3 групп, 108 швов
2025-11-15 13:15:12,077 - INFO -    - _Линия 084-HGWS-0718: 2 групп, 106 швов
2025-11-15 13:15:12,078 - INFO -    - _Линия 084-HGWR-0723: 1 групп, 105 швов
2025-11-15 13:15:12,078 - INFO -    - _Линия 084-LI-0701: 1 групп, 104 швов
2025-11-15 13:15:12,078 - INFO -    - _Линия 084-HGWS-0723: 2 групп, 100 швов
2025-11-15 13:15:12,079 - INFO -    - _Линия 084-LC-0708: 2 групп, 95 швов
2025-11-15 13:15:12,079 - INFO -    - _Линия 084-HGWS-0709: 4 групп, 95 швов
2025-11-15 13:15:12,080 - INFO -    - _Линия 084-HGWR-0714: 3 групп, 92 швов
2025-11-15 13:15:12,080 - INFO -    - _Линия 084-HGWR-0709: 4 групп, 92 швов
2025-11-15 13:15:12,081 - INFO -    - _Линия 084-MFG-0701: 3 групп, 91 швов
2025-11-15 13:15:12,082 - INFO -    - _Линия 084-HGWS-0713: 5 групп, 87 швов
2025-11-15 13:15:12,082 - INFO -    - _Линия 084-HGWR-0710: 1 групп, 86 швов
2025-11-15 13:15:12,082 - INFO -    - _Линия 084-HGWS-0721: 1 групп, 84 швов
2025-11-15 13:15:12,083 - INFO -    - _Линия 084-HGWS-0710: 2 групп, 84 швов
2025-11-15 13:15:12,083 - INFO -    - _Линия 084-HGWR-0711: 2 групп, 83 швов
2025-11-15 13:15:12,083 - INFO -    - _Линия 084-HGWR-0712: 2 групп, 82 швов
2025-11-15 13:15:12,084 - INFO -    - _Линия 084-HGWS-0714: 2 групп, 81 швов
2025-11-15 13:15:12,084 - INFO -    - _Линия 084-HGWS-0712: 5 групп, 79 швов
2025-11-15 13:15:12,084 - INFO -    - _Линия 084-HGWS-0716: 2 групп, 76 швов
2025-11-15 13:15:12,085 - INFO -    - _Линия 084-HGWR-0720: 3 групп, 76 швов
2025-11-15 13:15:12,085 - INFO -    - _Линия 087-LC-0601: 2 групп, 74 швов
2025-11-15 13:15:12,086 - INFO -    - _Линия 087-DN-0602: 5 групп, 74 швов
2025-11-15 13:15:12,086 - INFO -    - _Линия 087-SSB-0601: 8 групп, 71 швов
2025-11-15 13:15:12,087 - INFO -    - _Линия 087-ATM-0600: 4 групп, 70 швов
2025-11-15 13:15:12,087 - INFO -    - _Линия 087-SSB-0600: 8 групп, 69 швов
2025-11-15 13:15:12,087 - INFO -    - _Линия 087-SSB-0602: 13 групп, 68 швов
2025-11-15 13:15:12,088 - INFO -    - _Линия 084-HGWS-0711: 1 групп, 67 швов
2025-11-15 13:15:12,088 - INFO -    - _Линия 084-FL-0705: 6 групп, 67 швов
2025-11-15 13:15:12,089 - INFO -    - _Линия 087-MFG-0600: 5 групп, 65 швов
2025-11-15 13:15:12,089 - INFO -    - _Линия 087-LC-0600: 5 групп, 65 швов
2025-11-15 13:15:12,089 - INFO -    - _Линия 084-ING-0700: 4 групп, 65 швов
2025-11-15 13:15:12,089 - INFO -    - _Линия 084-HGWS-0720: 3 групп, 65 швов
2025-11-15 13:15:12,090 - INFO -    - _Линия 087-SSB-0603: 9 групп, 64 швов
2025-11-15 13:15:12,090 - INFO -    - _Линия 084-LC-0706: 3 групп, 64 швов
2025-11-15 13:15:12,090 - INFO -    - _Линия 084-ING-0703: 3 групп, 64 швов
2025-11-15 13:15:12,091 - INFO -    - _Линия 084-ING-0716: 2 групп, 63 швов
2025-11-15 13:15:12,091 - INFO -    - _Линия 084-ING-0701: 2 групп, 63 швов
2025-11-15 13:15:12,091 - INFO -    - _Линия 084-MFG-0700: 3 групп, 61 швов
2025-11-15 13:15:12,091 - INFO -    - _Линия 084-LC-0705: 3 групп, 61 швов
2025-11-15 13:15:12,092 - INFO -    - _Линия 087-LI-0600: 6 групп, 58 швов
2025-11-15 13:15:12,092 - INFO -    - _Линия 084-HGWR-0722: 1 групп, 57 швов
2025-11-15 13:15:12,092 - INFO -    - _Линия 084-ING-0717: 3 групп, 56 швов
2025-11-15 13:15:12,093 - INFO -    - _Линия 084-HGWS-0722: 2 групп, 56 швов
2025-11-15 13:15:12,093 - INFO -    - _Линия 084-FGB-0701: 2 групп, 56 швов
2025-11-15 13:15:12,093 - INFO -    - _Линия 084-ING-0713: 3 групп, 54 швов
2025-11-15 13:15:12,093 - INFO -    - _Линия 084-ING-0702: 2 групп, 54 швов
2025-11-15 13:15:12,094 - INFO -    - _Линия 084-DW-0700: 7 групп, 54 швов
2025-11-15 13:15:12,094 - INFO -    - _Линия 084-DR-0700: 2 групп, 54 швов
2025-11-15 13:15:12,094 - INFO -    - _Линия 087-ING-0601: 7 групп, 53 швов
2025-11-15 13:15:12,095 - INFO -    - _Линия 084-FGB-0702: 2 групп, 53 швов
2025-11-15 13:15:12,095 - INFO -    - _Линия 084-LC-0704: 1 групп, 52 швов
2025-11-15 13:15:12,095 - INFO -    - _Линия 084-ING-0704: 2 групп, 52 швов
2025-11-15 13:15:12,095 - INFO -    - _Линия 084-ST-0700: 8 групп, 51 швов
2025-11-15 13:15:12,096 - INFO -    - _Линия 084-HGWR-0703: 3 групп, 51 швов
2025-11-15 13:15:12,096 - INFO -    - _Линия 084-FGB-0700: 2 групп, 51 швов
2025-11-15 13:15:12,096 - INFO -    - _Линия 084-FC-0728: 2 групп, 51 швов
2025-11-15 13:15:12,097 - INFO -    - _Линия 087-FLL-0603: 11 групп, 50 швов
2025-11-15 13:15:12,097 - INFO -    - _Линия 084-DR-0702: 4 групп, 50 швов
2025-11-15 13:15:12,097 - INFO -    - _Линия 084-FGB-0703: 2 групп, 49 швов
2025-11-15 13:15:12,097 - INFO -    - _Линия 084-DR-0704: 2 групп, 49 швов
2025-11-15 13:15:12,098 - INFO -    - _Линия 087-ING-0604: 5 групп, 48 швов
2025-11-15 13:15:12,098 - INFO -    - _Линия 087-ING-0602: 6 групп, 48 швов
2025-11-15 13:15:12,099 - INFO -    - _Линия 084-SSB-0701: 5 групп, 48 швов
2025-11-15 13:15:12,099 - INFO -    - _Линия 084-ING-0710: 4 групп, 48 швов
2025-11-15 13:15:12,099 - INFO -    - _Линия 084-DR-0706: 2 групп, 48 швов
2025-11-15 13:15:12,099 - INFO -    - _Линия 084-DR-0701: 1 групп, 48 швов
2025-11-15 13:15:12,100 - INFO -    - _Линия 087-ING-0606: 4 групп, 47 швов
2025-11-15 13:15:12,100 - INFO -    - _Линия 087-ING-0605: 7 групп, 47 швов
2025-11-15 13:15:12,100 - INFO -    - _Линия 087-FLL-0602: 13 групп, 47 швов
2025-11-15 13:15:12,101 - INFO -    - _Линия 087-MFG-0602: 4 групп, 46 швов
2025-11-15 13:15:12,102 - INFO -    - _Линия 087-ING-0607: 4 групп, 45 швов
2025-11-15 13:15:12,102 - INFO -    - _Линия 087-FGB-0601: 4 групп, 45 швов
2025-11-15 13:15:12,102 - INFO -    - _Линия 084-LI-0703: 2 групп, 45 швов
2025-11-15 13:15:12,102 - INFO -    - _Линия 084-ING-0715: 4 групп, 45 швов
2025-11-15 13:15:12,103 - INFO -    - _Линия 084-FC-0710: 2 групп, 45 швов
2025-11-15 13:15:12,104 - INFO -    - _Линия 084-DR-0703: 2 групп, 45 швов
2025-11-15 13:15:12,104 - INFO -    - _Линия 087-ING-0603: 5 групп, 44 швов
2025-11-15 13:15:12,105 - INFO -    - _Линия 084-FC-0709: 7 групп, 44 швов
2025-11-15 13:15:12,106 - INFO -    - _Линия 087-ING-0600: 6 групп, 43 швов
2025-11-15 13:15:12,106 - INFO -    - _Линия 084-SSB-0706: 6 групп, 43 швов
2025-11-15 13:15:12,107 - INFO -    - _Линия 084-LC-0707: 3 групп, 43 швов
2025-11-15 13:15:12,107 - INFO -    - _Линия 084-ING-0714: 3 групп, 42 швов
2025-11-15 13:15:12,107 - INFO -    - _Линия 084-HGWR-0704: 2 групп, 42 швов
2025-11-15 13:15:12,108 - INFO -    - _Линия 084-DR-0705: 2 групп, 42 швов
2025-11-15 13:15:12,108 - INFO -    - _Линия 087-FGB-0600: 2 групп, 41 швов
2025-11-15 13:15:12,109 - INFO -    - _Линия 084-SSB-0702: 6 групп, 41 швов
2025-11-15 13:15:12,109 - INFO -    - _Линия 084-LS-0703: 2 групп, 41 швов
2025-11-15 13:15:12,109 - INFO -    - _Линия 084-LC-0703: 2 групп, 40 швов
2025-11-15 13:15:12,110 - INFO -    - _Линия 084-HGWS-0703: 2 групп, 40 швов
2025-11-15 13:15:12,110 - INFO -    - _Линия 087-PA-0608: 5 групп, 39 швов
2025-11-15 13:15:12,110 - INFO -    - _Линия 087-LI-0604: 4 групп, 39 швов
2025-11-15 13:15:12,111 - INFO -    - _Линия 084-SSB-0708: 3 групп, 39 швов
2025-11-15 13:15:12,111 - INFO -    - _Линия 087-HGWR-0601: 4 групп, 38 швов
2025-11-15 13:15:12,111 - INFO -    - _Линия 084-LS-0701: 2 групп, 38 швов
2025-11-15 13:15:12,112 - INFO -    - _Линия 084-SSB-0704: 5 групп, 37 швов
2025-11-15 13:15:12,112 - INFO -    - _Линия 084-PA-0703: 2 групп, 37 швов
2025-11-15 13:15:12,112 - INFO -    - _Линия 084-LS-0704: 2 групп, 37 швов
2025-11-15 13:15:12,113 - INFO -    - _Линия 084-ING-0712: 3 групп, 37 швов
2025-11-15 13:15:12,113 - INFO -    - _Линия 084-ING-0711: 3 групп, 37 швов
2025-11-15 13:15:12,113 - INFO -    - _Линия 087-MFG-0610: 3 групп, 36 швов
2025-11-15 13:15:12,114 - INFO -    - _Линия 084-LS-0702: 2 групп, 36 швов
2025-11-15 13:15:12,114 - INFO -    - _Линия 084-LC-0700: 1 групп, 36 швов
2025-11-15 13:15:12,115 - INFO -    - _Линия 084-ING-0709: 4 групп, 36 швов
2025-11-15 13:15:12,115 - INFO -    - _Линия 084-HGWR-0701: 2 групп, 36 швов
2025-11-15 13:15:12,115 - INFO -    - _Линия 084-FC-0718: 5 групп, 36 швов
2025-11-15 13:15:12,115 - INFO -    - _Линия 087-PA-0601: 4 групп, 34 швов
2025-11-15 13:15:12,116 - INFO -    - _Линия 084-FC-0731: 8 групп, 34 швов
2025-11-15 13:15:12,116 - INFO -    - _Линия 084-DR-0723: 3 групп, 34 швов
2025-11-15 13:15:12,116 - INFO -    - _Линия 084-ST-0713: 1 групп, 33 швов
2025-11-15 13:15:12,117 - INFO -    - _Линия 084-SSB-0710: 1 групп, 33 швов
2025-11-15 13:15:12,117 - INFO -    - _Линия 084-FC-0719: 7 групп, 33 швов
2025-11-15 13:15:12,117 - INFO -    - _Линия 086-FL-2471: 12 групп, 32 швов
2025-11-15 13:15:12,118 - INFO -    - _Линия 084-SSB-0703: 5 групп, 32 швов
2025-11-15 13:15:12,118 - INFO -    - _Линия 084-LC-0709: 3 групп, 32 швов
2025-11-15 13:15:12,118 - INFO -    - _Линия 084-IA-0701: 1 групп, 32 швов
2025-11-15 13:15:12,119 - INFO -    - _Линия 084-FC-0717: 5 групп, 32 швов
2025-11-15 13:15:12,119 - INFO -    - _Линия 084-DR-0728: 3 групп, 32 швов
2025-11-15 13:15:12,119 - INFO -    - _Линия 087-LI-0602: 3 групп, 31 швов
2025-11-15 13:15:12,120 - INFO -    - _Линия 086-FL-2470: 11 групп, 31 швов
2025-11-15 13:15:12,120 - INFO -    - _Линия 084-LS-0700: 1 групп, 31 швов
2025-11-15 13:15:12,120 - INFO -    - _Линия 084-ING-0706: 2 групп, 31 швов
2025-11-15 13:15:12,121 - INFO -    - _Линия 084-SSB-0705: 5 групп, 30 швов
2025-11-15 13:15:12,121 - INFO -    - _Линия 084-HGWS-0701: 2 групп, 30 швов
2025-11-15 13:15:12,121 - INFO -    - _Линия 084-DR-0721: 3 групп, 30 швов
2025-11-15 13:15:12,122 - INFO -    - _Линия 084-DR-0709: 4 групп, 30 швов
2025-11-15 13:15:12,122 - INFO -    - _Линия 087-MFG-0601: 3 групп, 29 швов
2025-11-15 13:15:12,122 - INFO -    - _Линия 084-SSB-0709: 10 групп, 29 швов
2025-11-15 13:15:12,123 - INFO -    - _Линия 084-SSB-0707: 3 групп, 29 швов
2025-11-15 13:15:12,123 - INFO -    - _Линия 084-LC-0702: 2 групп, 29 швов
2025-11-15 13:15:12,123 - INFO -    - _Линия 084-FL-0700: 10 групп, 29 швов
2025-11-15 13:15:12,124 - INFO -    - _Линия 084-FC-0721: 4 групп, 29 швов
2025-11-15 13:15:12,124 - INFO -    - _Линия 084-DR-0725: 3 групп, 29 швов
2025-11-15 13:15:12,124 - INFO -    - _Линия 084-DR-0708: 2 групп, 29 швов
2025-11-15 13:15:12,124 - INFO -    - _Линия 084-PA-0721: 3 групп, 28 швов
2025-11-15 13:15:12,125 - INFO -    - _Линия 084-HGWS-0704: 2 групп, 28 швов
2025-11-15 13:15:12,125 - INFO -    - _Линия 084-DR-0729: 2 групп, 28 швов
2025-11-15 13:15:12,125 - INFO -    - _Линия 084-DR-0707: 1 групп, 28 швов
2025-11-15 13:15:12,126 - INFO -    - _Линия 084-DR-0727: 3 групп, 27 швов
2025-11-15 13:15:12,126 - INFO -    - _Линия 040-FW-0001: 4 групп, 27 швов
2025-11-15 13:15:12,126 - INFO -    - _Линия 084-DR-0724: 1 групп, 26 швов
2025-11-15 13:15:12,127 - INFO -    - _Линия 085-FH-2470: 12 групп, 25 швов
2025-11-15 13:15:12,127 - INFO -    - _Линия 084-LI-0715: 2 групп, 25 швов
2025-11-15 13:15:12,127 - INFO -    - _Линия 084-LC-0701: 1 групп, 25 швов
2025-11-15 13:15:12,128 - INFO -    - _Линия 084-DR-0717: 2 групп, 25 швов
2025-11-15 13:15:12,128 - INFO -    - _Линия 084-DR-0714: 2 групп, 25 швов
2025-11-15 13:15:12,129 - INFO -    - _Линия 087-MFG-0604: 6 групп, 24 швов
2025-11-15 13:15:12,130 - INFO -    - _Линия 087-MFG-0603: 7 групп, 24 швов
2025-11-15 13:15:12,130 - INFO -    - _Линия 084-ST-0710: 2 групп, 24 швов
2025-11-15 13:15:12,131 - INFO -    - _Линия 084-PA-0715: 2 групп, 24 швов
2025-11-15 13:15:12,131 - INFO -    - _Линия 084-LI-0718: 1 групп, 24 швов
2025-11-15 13:15:12,131 - INFO -    - _Линия 084-FC-0740: 3 групп, 24 швов
2025-11-15 13:15:12,132 - INFO -    - _Линия 087-MFG-0613: 4 групп, 23 швов
2025-11-15 13:15:12,132 - INFO -    - _Линия 085-FH-2471: 13 групп, 23 швов
2025-11-15 13:15:12,132 - INFO -    - _Линия 084-ST-0701: 2 групп, 23 швов
2025-11-15 13:15:12,133 - INFO -    - _Линия 084-PA-0719: 1 групп, 23 швов
2025-11-15 13:15:12,133 - INFO -    - _Линия 087-DN-0600: 2 групп, 22 швов
2025-11-15 13:15:12,133 - INFO -    - _Линия 084-SSB-0700: 2 групп, 22 швов
2025-11-15 13:15:12,134 - INFO -    - _Линия 084-DR-0726: 2 групп, 22 швов
2025-11-15 13:15:12,134 - INFO -    - _Линия 087-PA-0609: 3 групп, 21 швов
2025-11-15 13:15:12,135 - INFO -    - _Линия 087-PA-0605: 3 групп, 20 швов
2025-11-15 13:15:12,136 - INFO -    - _Линия 084-SSB-0713: 1 групп, 20 швов
2025-11-15 13:15:12,137 - INFO -    - _Линия 084-LI-0725: 2 групп, 20 швов
2025-11-15 13:15:12,137 - INFO -    - _Линия 084-HGWS-0707: 2 групп, 20 швов
2025-11-15 13:15:12,137 - INFO -    - _Линия 084-ST-0703: 2 групп, 19 швов
2025-11-15 13:15:12,138 - INFO -    - _Линия 084-MFG-0714: 3 групп, 19 швов
2025-11-15 13:15:12,138 - INFO -    - _Линия 084-MFG-0702: 1 групп, 19 швов
2025-11-15 13:15:12,139 - INFO -    - _Линия 084-HGWR-0706: 1 групп, 19 швов
2025-11-15 13:15:12,139 - INFO -    - _Линия 084-HGWR-0705: 1 групп, 19 швов
2025-11-15 13:15:12,140 - INFO -    - _Линия 084-FL-0723: 6 групп, 19 швов
2025-11-15 13:15:12,140 - INFO -    - _Линия 072-HGWS-0203: 3 групп, 19 швов
2025-11-15 13:15:12,140 - INFO -    - _Линия 087-DN-0601: 2 групп, 18 швов
2025-11-15 13:15:12,141 - INFO -    - _Линия 084-ST-0704: 1 групп, 18 швов
2025-11-15 13:15:12,141 - INFO -    - _Линия 084-MFG-0715: 1 групп, 18 швов
2025-11-15 13:15:12,141 - INFO -    - _Линия 084-ING-0708: 2 групп, 18 швов
2025-11-15 13:15:12,142 - INFO -    - _Линия 084-ING-0705: 2 групп, 18 швов
2025-11-15 13:15:12,142 - INFO -    - _Линия 084-HGWR-0702: 1 групп, 18 швов
2025-11-15 13:15:12,143 - INFO -    - _Линия 084-FR-0702: 7 групп, 18 швов
2025-11-15 13:15:12,143 - INFO -    - _Линия 084-FC-0739: 3 групп, 18 швов
2025-11-15 13:15:12,144 - INFO -    - _Линия 084-DR-0731: 1 групп, 18 швов
2025-11-15 13:15:12,144 - INFO -    - _Линия 084-PA-0705: 2 групп, 17 швов
2025-11-15 13:15:12,145 - INFO -    - _Линия 084-HGWS-0706: 1 групп, 17 швов
2025-11-15 13:15:12,145 - INFO -    - _Линия 084-HGWR-0707: 1 групп, 17 швов
2025-11-15 13:15:12,145 - INFO -    - _Линия 084-DR-0722: 1 групп, 17 швов
2025-11-15 13:15:12,146 - INFO -    - _Линия 087-SSB-0610: 3 групп, 16 швов
2025-11-15 13:15:12,146 - INFO -    - _Линия 087-MFG-0605: 3 групп, 16 швов
2025-11-15 13:15:12,146 - INFO -    - _Линия 087-FLL-0604: 3 групп, 16 швов
2025-11-15 13:15:12,146 - INFO -    - _Линия 084-ST-0702: 2 групп, 16 швов
2025-11-15 13:15:12,147 - INFO -    - _Линия 084-SSB-0717: 1 групп, 16 швов
2025-11-15 13:15:12,147 - INFO -    - _Линия 084-LI-0724: 1 групп, 16 швов
2025-11-15 13:15:12,148 - INFO -    - _Линия 084-LI-0710: 3 групп, 16 швов
2025-11-15 13:15:12,148 - INFO -    - _Линия 084-HGWS-0702: 2 групп, 16 швов
2025-11-15 13:15:12,148 - INFO -    - _Линия 084-DW-0701: 1 групп, 16 швов
2025-11-15 13:15:12,148 - INFO -    - _Линия 087-MS-0601: 3 групп, 15 швов
2025-11-15 13:15:12,149 - INFO -    - _Линия 087-LC-0618: 1 групп, 15 швов
2025-11-15 13:15:12,149 - INFO -    - _Линия 087-HGWS-0601: 3 групп, 15 швов
2025-11-15 13:15:12,149 - INFO -    - _Линия 087-FLL-0605: 2 групп, 15 швов
2025-11-15 13:15:12,150 - INFO -    - _Линия 084-ST-0711: 1 групп, 15 швов
2025-11-15 13:15:12,150 - INFO -    - _Линия 084-PA-0717: 1 групп, 15 швов
2025-11-15 13:15:12,150 - INFO -    - _Линия 084-LI-0716: 2 групп, 15 швов
2025-11-15 13:15:12,151 - INFO -    - _Линия 084-LI-0705: 1 групп, 15 швов
2025-11-15 13:15:12,151 - INFO -    - _Линия 084-ING-0707: 2 групп, 15 швов
2025-11-15 13:15:12,152 - INFO -    - _Линия 084-FL-0726: 1 групп, 15 швов
2025-11-15 13:15:12,152 - INFO -    - _Линия 084-FL-0722: 3 групп, 15 швов
2025-11-15 13:15:12,152 - INFO -    - _Линия 084-FC-0722: 1 групп, 15 швов
2025-11-15 13:15:12,153 - INFO -    - _Линия 084-FC-0712: 1 групп, 15 швов
2025-11-15 13:15:12,153 - INFO -    - _Линия 084-DW-0704: 1 групп, 15 швов
2025-11-15 13:15:12,153 - INFO -    - _Линия 084-DR-0732: 1 групп, 15 швов
2025-11-15 13:15:12,153 - INFO -    - _Линия 087-SSB-0609: 2 групп, 14 швов
2025-11-15 13:15:12,154 - INFO -    - _Линия 087-LI-0609: 1 групп, 14 швов
2025-11-15 13:15:12,154 - INFO -    - _Линия 084-ST-0712: 2 групп, 14 швов
2025-11-15 13:15:12,155 - INFO -    - _Линия 084-MS-0701: 1 групп, 14 швов
2025-11-15 13:15:12,155 - INFO -    - _Линия 084-LS-0705: 1 групп, 14 швов
2025-11-15 13:15:12,155 - INFO -    - _Линия 084-LI-0723: 1 групп, 14 швов
2025-11-15 13:15:12,155 - INFO -    - _Линия 084-HGWS-0705: 1 групп, 14 швов
2025-11-15 13:15:12,156 - INFO -    - _Линия 084-FL-0701: 4 групп, 14 швов
2025-11-15 13:15:12,156 - INFO -    - _Линия 084-DR-0733: 1 групп, 14 швов
2025-11-15 13:15:12,157 - INFO -    - _Линия 084-DR-0720: 2 групп, 14 швов
2025-11-15 13:15:12,157 - INFO -    - _Линия 087-SSB-0607: 3 групп, 13 швов
2025-11-15 13:15:12,157 - INFO -    - _Линия 087-PA-0604: 1 групп, 13 швов
2025-11-15 13:15:12,158 - INFO -    - _Линия 087-LI-0610: 2 групп, 13 швов
2025-11-15 13:15:12,158 - INFO -    - _Линия 087-LI-0603: 2 групп, 13 швов
2025-11-15 13:15:12,159 - INFO -    - _Линия 087-LC-0616: 1 групп, 13 швов
2025-11-15 13:15:12,159 - INFO -    - _Линия 087-FLL-0614: 3 групп, 13 швов
2025-11-15 13:15:12,159 - INFO -    - _Линия 084-PA-0718: 2 групп, 13 швов
2025-11-15 13:15:12,160 - INFO -    - _Линия 084-PA-0716: 2 групп, 13 швов
2025-11-15 13:15:12,160 - INFO -    - _Линия 084-LI-0717: 1 групп, 13 швов
2025-11-15 13:15:12,160 - INFO -    - _Линия 084-LI-0714: 2 групп, 13 швов
2025-11-15 13:15:12,161 - INFO -    - _Линия 084-HGWR-0708: 1 групп, 13 швов
2025-11-15 13:15:12,161 - INFO -    - _Линия 084-DR-0735: 1 групп, 13 швов
2025-11-15 13:15:12,162 - INFO -    - _Линия 072-HGWS-0201: 5 групп, 13 швов
2025-11-15 13:15:12,162 - INFO -    - _Линия 062-MS-0201: 6 групп, 13 швов
2025-11-15 13:15:12,163 - INFO -    - _Линия 087-SSB-0611: 2 групп, 12 швов
2025-11-15 13:15:12,163 - INFO -    - _Линия 087-SSB-0608: 2 групп, 12 швов
2025-11-15 13:15:12,164 - INFO -    - _Линия 087-SSB-0606: 3 групп, 12 швов
2025-11-15 13:15:12,164 - INFO -    - _Линия 087-SSB-0605: 2 групп, 12 швов
2025-11-15 13:15:12,165 - INFO -    - _Линия 087-SSB-0604: 3 групп, 12 швов
2025-11-15 13:15:12,165 - INFO -    - _Линия 087-LI-0605: 3 групп, 12 швов
2025-11-15 13:15:12,165 - INFO -    - _Линия 087-FLL-0615: 2 групп, 12 швов
2025-11-15 13:15:12,166 - INFO -    - _Линия 087-FLL-0613: 2 групп, 12 швов
2025-11-15 13:15:12,166 - INFO -    - _Линия 087-FLL-0612: 2 групп, 12 швов
2025-11-15 13:15:12,166 - INFO -    - _Линия 087-FLL-0600: 7 групп, 12 швов
2025-11-15 13:15:12,167 - INFO -    - _Линия 087-ATM-0602: 2 групп, 11 швов
2025-11-15 13:15:12,167 - INFO -    - _Линия 084-ST-0707: 1 групп, 11 швов
2025-11-15 13:15:12,168 - INFO -    - _Линия 084-ST-0706: 2 групп, 11 швов
2025-11-15 13:15:12,168 - INFO -    - _Линия 084-SSB-0714: 1 групп, 11 швов
2025-11-15 13:15:12,169 - INFO -    - _Линия 084-PA-0709: 1 групп, 11 швов
2025-11-15 13:15:12,169 - INFO -    - _Линия 084-LI-0709: 2 групп, 11 швов
2025-11-15 13:15:12,169 - INFO -    - _Линия 084-LI-0704: 1 групп, 11 швов
2025-11-15 13:15:12,170 - INFO -    - _Линия 084-FL-0729: 1 групп, 11 швов
2025-11-15 13:15:12,170 - INFO -    - _Линия 084-FL-0718: 2 групп, 11 швов
2025-11-15 13:15:12,171 - INFO -    - _Линия 084-FC-0732: 1 групп, 11 швов
2025-11-15 13:15:12,171 - INFO -    - _Линия 084-FC-0716: 1 групп, 11 швов
2025-11-15 13:15:12,171 - INFO -    - _Линия 072-HGWR-0201: 3 групп, 11 швов
2025-11-15 13:15:12,172 - INFO -    - _Линия 087-PC-0600: 2 групп, 10 швов
2025-11-15 13:15:12,172 - INFO -    - _Линия 087-PA-0606: 3 групп, 10 швов
2025-11-15 13:15:12,172 - INFO -    - _Линия 084-ST-0729: 1 групп, 10 швов
2025-11-15 13:15:12,172 - INFO -    - _Линия 084-ST-0708: 1 групп, 10 швов
2025-11-15 13:15:12,173 - INFO -    - _Линия 084-MS-0707: 1 групп, 10 швов
2025-11-15 13:15:12,173 - INFO -    - _Линия 084-MFG-0704: 1 групп, 10 швов
2025-11-15 13:15:12,173 - INFO -    - _Линия 084-LI-0708: 1 групп, 10 швов
2025-11-15 13:15:12,174 - INFO -    - _Линия 084-FH-0745: 2 групп, 10 швов
2025-11-15 13:15:12,174 - INFO -    - _Линия 084-FH-0708: 2 групп, 10 швов
2025-11-15 13:15:12,174 - INFO -    - _Линия 084-FC-0714: 1 групп, 10 швов
2025-11-15 13:15:12,175 - INFO -    - _Линия 084-FC-0705: 1 групп, 10 швов
2025-11-15 13:15:12,175 - INFO -    - _Линия 084-FC-0703: 2 групп, 10 швов
2025-11-15 13:15:12,175 - INFO -    - _Линия 084-FC-0701: 4 групп, 10 швов
2025-11-15 13:15:12,176 - INFO -    - _Линия 087-PA-0602: 2 групп, 9 швов
2025-11-15 13:15:12,176 - INFO -    - _Линия 087-LI-0601: 2 групп, 9 швов
2025-11-15 13:15:12,176 - INFO -    - _Линия 087-LC-0615: 1 групп, 9 швов
2025-11-15 13:15:12,177 - INFO -    - _Линия 087-ATM-0601: 4 групп, 9 швов
2025-11-15 13:15:12,177 - INFO -    - _Линия 084-ST-0715: 1 групп, 9 швов
2025-11-15 13:15:12,178 - INFO -    - _Линия 084-ST-0709: 1 групп, 9 швов
2025-11-15 13:15:12,178 - INFO -    - _Линия 084-SSB-0715: 1 групп, 9 швов
2025-11-15 13:15:12,178 - INFO -    - _Линия 084-PC-0700: 2 групп, 9 швов
2025-11-15 13:15:12,179 - INFO -    - _Линия 084-LI-0712: 1 групп, 9 швов
2025-11-15 13:15:12,179 - INFO -    - _Линия 084-FR-0717: 2 групп, 9 швов
2025-11-15 13:15:12,179 - INFO -    - _Линия 084-FL-0725: 1 групп, 9 швов
2025-11-15 13:15:12,180 - INFO -    - _Линия 084-FL-0724: 2 групп, 9 швов
2025-11-15 13:15:12,180 - INFO -    - _Линия 084-FH-0736: 2 групп, 9 швов
2025-11-15 13:15:12,181 - INFO -    - _Линия 084-FH-0731: 2 групп, 9 швов
2025-11-15 13:15:12,181 - INFO -    - _Линия 084-DR-0739: 1 групп, 9 швов
2025-11-15 13:15:12,181 - INFO -    - _Линия 072-HGWR-0203: 3 групп, 9 швов
2025-11-15 13:15:12,181 - INFO -    - _Линия 062-MS-0205: 2 групп, 9 швов
2025-11-15 13:15:12,182 - INFO -    - _Линия 087-MFG-0615: 2 групп, 8 швов
2025-11-15 13:15:12,182 - INFO -    - _Линия 087-LI-0606: 2 групп, 8 швов
2025-11-15 13:15:12,183 - INFO -    - _Линия 087-LC-0617: 1 групп, 8 швов
2025-11-15 13:15:12,183 - INFO -    - _Линия 084-ST-0726: 1 групп, 8 швов
2025-11-15 13:15:12,184 - INFO -    - _Линия 084-ST-0722: 2 групп, 8 швов
2025-11-15 13:15:12,184 - INFO -    - _Линия 084-ST-0717: 1 групп, 8 швов
2025-11-15 13:15:12,184 - INFO -    - _Линия 084-ST-0716: 1 групп, 8 швов
2025-11-15 13:15:12,185 - INFO -    - _Линия 084-PA-0711: 1 групп, 8 швов
2025-11-15 13:15:12,185 - INFO -    - _Линия 084-LI-0702: 1 групп, 8 швов
2025-11-15 13:15:12,186 - INFO -    - _Линия 084-FR-0703: 4 групп, 8 швов
2025-11-15 13:15:12,187 - INFO -    - _Линия 084-FH-0744: 1 групп, 8 швов
2025-11-15 13:15:12,187 - INFO -    - _Линия 084-DR-0748: 1 групп, 8 швов
2025-11-15 13:15:12,188 - INFO -    - _Линия 084-DR-0747: 2 групп, 8 швов
2025-11-15 13:15:12,188 - INFO -    - _Линия 084-DR-0734: 1 групп, 8 швов
2025-11-15 13:15:12,188 - INFO -    - _Линия 084-ATM-0702: 1 групп, 8 швов
2025-11-15 13:15:12,189 - INFO -    - _Линия 062-MS-0202: 3 групп, 8 швов
2025-11-15 13:15:12,189 - INFO -    - _Линия 005-IA-0601: 3 групп, 8 швов
2025-11-15 13:15:12,189 - INFO -    - _Линия 088-FC-0700: 3 групп, 7 швов
2025-11-15 13:15:12,190 - INFO -    - _Линия 087-PA-0603: 1 групп, 7 швов
2025-11-15 13:15:12,190 - INFO -    - _Линия 087-MFG-0614: 1 групп, 7 швов
2025-11-15 13:15:12,190 - INFO -    - _Линия 087-LI-0608: 1 групп, 7 швов
2025-11-15 13:15:12,191 - INFO -    - _Линия 087-LI-0607: 1 групп, 7 швов
2025-11-15 13:15:12,191 - INFO -    - _Линия 087-LC-0603: 1 групп, 7 швов
2025-11-15 13:15:12,191 - INFO -    - _Линия 087-FLL-0601: 3 групп, 7 швов
2025-11-15 13:15:12,191 - INFO -    - _Линия 084-ST-0720: 1 групп, 7 швов
2025-11-15 13:15:12,192 - INFO -    - _Линия 084-ST-0705: 1 групп, 7 швов
2025-11-15 13:15:12,192 - INFO -    - _Линия 084-SSB-0711: 1 групп, 7 швов
2025-11-15 13:15:12,192 - INFO -    - _Линия 084-MFG-0717: 1 групп, 7 швов
2025-11-15 13:15:12,193 - INFO -    - _Линия 084-MFG-0705: 1 групп, 7 швов
2025-11-15 13:15:12,193 - INFO -    - _Линия 084-LI-0711: 1 групп, 7 швов
2025-11-15 13:15:12,193 - INFO -    - _Линия 084-FR-0725: 1 групп, 7 швов
2025-11-15 13:15:12,194 - INFO -    - _Линия 084-FL-0728: 2 групп, 7 швов
2025-11-15 13:15:12,194 - INFO -    - _Линия 084-FL-0712: 1 групп, 7 швов
2025-11-15 13:15:12,194 - INFO -    - _Линия 084-FL-0702: 5 групп, 7 швов
2025-11-15 13:15:12,195 - INFO -    - _Линия 084-FH-0739: 1 групп, 7 швов
2025-11-15 13:15:12,195 - INFO -    - _Линия 084-FH-0719: 2 групп, 7 швов
2025-11-15 13:15:12,195 - INFO -    - _Линия 084-FH-0703: 2 групп, 7 швов
2025-11-15 13:15:12,196 - INFO -    - _Линия 084-DR-0744: 1 групп, 7 швов
2025-11-15 13:15:12,196 - INFO -    - _Линия 084-DR-0713: 1 групп, 7 швов
2025-11-15 13:15:12,196 - INFO -    - _Линия 084-ATM-0703: 2 групп, 7 швов
2025-11-15 13:15:12,197 - INFO -    - _Линия 062-MS-0204: 1 групп, 7 швов
2025-11-15 13:15:12,197 - INFO -    - _Линия 049-MFG-0504: 2 групп, 7 швов
2025-11-15 13:15:12,197 - INFO -    - _Линия 049-MFG-0501: 4 групп, 7 швов
2025-11-15 13:15:12,198 - INFO -    - _Линия 005-PA-0601: 3 групп, 7 швов
2025-11-15 13:15:12,198 - INFO -    - _Линия 005-LI-0602: 3 групп, 7 швов
2025-11-15 13:15:12,199 - INFO -    - _Линия 005-LI-0601: 3 групп, 7 швов
2025-11-15 13:15:12,199 - INFO -    - _Линия 084-ST-0718: 1 групп, 6 швов
2025-11-15 13:15:12,200 - INFO -    - _Линия 084-ST-0714: 1 групп, 6 швов
2025-11-15 13:15:12,200 - INFO -    - _Линия 084-SSB-0719: 2 групп, 6 швов
2025-11-15 13:15:12,200 - INFO -    - _Линия 084-PA-0704: 1 групп, 6 швов
2025-11-15 13:15:12,200 - INFO -    - _Линия 084-MFG-0718: 1 групп, 6 швов
2025-11-15 13:15:12,201 - INFO -    - _Линия 084-MFG-0716: 1 групп, 6 швов
2025-11-15 13:15:12,201 - INFO -    - _Линия 084-LI-0726: 1 групп, 6 швов
2025-11-15 13:15:12,201 - INFO -    - _Линия 084-FR-0722: 1 групп, 6 швов
2025-11-15 13:15:12,202 - INFO -    - _Линия 084-FR-0712: 1 групп, 6 швов
2025-11-15 13:15:12,202 - INFO -    - _Линия 084-FH-0740: 1 групп, 6 швов
2025-11-15 13:15:12,202 - INFO -    - _Линия 084-FH-0716: 1 групп, 6 швов
2025-11-15 13:15:12,203 - INFO -    - _Линия 084-FH-0712: 1 групп, 6 швов
2025-11-15 13:15:12,203 - INFO -    - _Линия 084-FH-0702: 3 групп, 6 швов
2025-11-15 13:15:12,204 - INFO -    - _Линия 084-FC-0726: 1 групп, 6 швов
2025-11-15 13:15:12,204 - INFO -    - _Линия 084-FC-0715: 2 групп, 6 швов
2025-11-15 13:15:12,204 - INFO -    - _Линия 084-FC-0706: 1 групп, 6 швов
2025-11-15 13:15:12,205 - INFO -    - _Линия 084-DR-0746: 1 групп, 6 швов
2025-11-15 13:15:12,205 - INFO -    - _Линия 084-DR-0742: 1 групп, 6 швов
2025-11-15 13:15:12,205 - INFO -    - _Линия 084-DR-0719: 2 групп, 6 швов
2025-11-15 13:15:12,206 - INFO -    - _Линия 084-DR-0710: 1 групп, 6 швов
2025-11-15 13:15:12,206 - INFO -    - _Линия 005-PA-0602: 2 групп, 6 швов
2025-11-15 13:15:12,207 - INFO -    - _Линия 005-IA-0602: 2 групп, 6 швов
2025-11-15 13:15:12,207 - INFO -    - _Линия 087-PA-0607: 2 групп, 5 швов
2025-11-15 13:15:12,207 - INFO -    - _Линия 084-SSB-0718: 1 групп, 5 швов
2025-11-15 13:15:12,208 - INFO -    - _Линия 084-SSB-0712: 1 групп, 5 швов
2025-11-15 13:15:12,208 - INFO -    - _Линия 084-PA-0720: 1 групп, 5 швов
2025-11-15 13:15:12,208 - INFO -    - _Линия 084-PA-0706: 1 групп, 5 швов
2025-11-15 13:15:12,209 - INFO -    - _Линия 084-PA-0702: 1 групп, 5 швов
2025-11-15 13:15:12,209 - INFO -    - _Линия 084-MFG-0713: 1 групп, 5 швов
2025-11-15 13:15:12,210 - INFO -    - _Линия 084-MFG-0712: 1 групп, 5 швов
2025-11-15 13:15:12,210 - INFO -    - _Линия 084-MFG-0706: 2 групп, 5 швов
2025-11-15 13:15:12,211 - INFO -    - _Линия 084-MFG-0703: 1 групп, 5 швов
2025-11-15 13:15:12,211 - INFO -    - _Линия 084-LI-0721: 1 групп, 5 швов
2025-11-15 13:15:12,212 - INFO -    - _Линия 084-LI-0720: 1 групп, 5 швов
2025-11-15 13:15:12,212 - INFO -    - _Линия 084-FR-0724: 1 групп, 5 швов
2025-11-15 13:15:12,213 - INFO -    - _Линия 084-FR-0714: 1 групп, 5 швов
2025-11-15 13:15:12,213 - INFO -    - _Линия 084-FR-0700: 4 групп, 5 швов
2025-11-15 13:15:12,213 - INFO -    - _Линия 084-FL-0715: 1 групп, 5 швов
2025-11-15 13:15:12,214 - INFO -    - _Линия 084-FH-0747: 1 групп, 5 швов
2025-11-15 13:15:12,214 - INFO -    - _Линия 084-FH-0746: 1 групп, 5 швов
2025-11-15 13:15:12,214 - INFO -    - _Линия 084-FH-0742: 2 групп, 5 швов
2025-11-15 13:15:12,215 - INFO -    - _Линия 084-FH-0718: 3 групп, 5 швов
2025-11-15 13:15:12,215 - INFO -    - _Линия 084-FH-0715: 2 групп, 5 швов
2025-11-15 13:15:12,215 - INFO -    - _Линия 084-FH-0713: 1 групп, 5 швов
2025-11-15 13:15:12,216 - INFO -    - _Линия 084-FC-0720: 1 групп, 5 швов
2025-11-15 13:15:12,216 - INFO -    - _Линия 084-DW-0703: 2 групп, 5 швов
2025-11-15 13:15:12,216 - INFO -    - _Линия 084-DR-0740: 1 групп, 5 швов
2025-11-15 13:15:12,217 - INFO -    - _Линия 084-DR-0736: 1 групп, 5 швов
2025-11-15 13:15:12,217 - INFO -    - _Линия 084-DR-0712: 1 групп, 5 швов
2025-11-15 13:15:12,217 - INFO -    - _Линия 084-DR-0711: 1 групп, 5 швов
2025-11-15 13:15:12,218 - INFO -    - _Линия 084-ATM-0704: 1 групп, 5 швов
2025-11-15 13:15:12,218 - INFO -    - _Линия 087-LC-0619: 1 групп, 4 швов
2025-11-15 13:15:12,218 - INFO -    - _Линия 084-SSB-0716: 1 групп, 4 швов
2025-11-15 13:15:12,219 - INFO -    - _Линия 084-MFG-0709: 1 групп, 4 швов
2025-11-15 13:15:12,219 - INFO -    - _Линия 084-MFG-0708: 1 групп, 4 швов
2025-11-15 13:15:12,219 - INFO -    - _Линия 084-FR-0723: 2 групп, 4 швов
2025-11-15 13:15:12,219 - INFO -    - _Линия 084-FR-0710: 3 групп, 4 швов
2025-11-15 13:15:12,220 - INFO -    - _Линия 084-FL-0719: 2 групп, 4 швов
2025-11-15 13:15:12,220 - INFO -    - _Линия 084-FL-0717: 2 групп, 4 швов
2025-11-15 13:15:12,220 - INFO -    - _Линия 084-FL-0714: 2 групп, 4 швов
2025-11-15 13:15:12,220 - INFO -    - _Линия 084-FL-0707: 2 групп, 4 швов
2025-11-15 13:15:12,221 - INFO -    - _Линия 084-FL-0706: 3 групп, 4 швов
2025-11-15 13:15:12,221 - INFO -    - _Линия 084-FH-0733: 1 групп, 4 швов
2025-11-15 13:15:12,221 - INFO -    - _Линия 084-FH-0724: 2 групп, 4 швов
2025-11-15 13:15:12,222 - INFO -    - _Линия 084-FH-0722: 2 групп, 4 швов
2025-11-15 13:15:12,222 - INFO -    - _Линия 084-FH-0714: 1 групп, 4 швов
2025-11-15 13:15:12,222 - INFO -    - _Линия 084-FH-0710: 3 групп, 4 швов
2025-11-15 13:15:12,223 - INFO -    - _Линия 084-FH-0704: 4 групп, 4 швов
2025-11-15 13:15:12,223 - INFO -    - _Линия 084-FC-0735: 1 групп, 4 швов
2025-11-15 13:15:12,223 - INFO -    - _Линия 084-FC-0734: 1 групп, 4 швов
2025-11-15 13:15:12,224 - INFO -    - _Линия 084-FC-0733: 1 групп, 4 швов
2025-11-15 13:15:12,224 - INFO -    - _Линия 084-FC-0725: 1 групп, 4 швов
2025-11-15 13:15:12,224 - INFO -    - _Линия 084-FC-0713: 1 групп, 4 швов
2025-11-15 13:15:12,225 - INFO -    - _Линия 084-FC-0711: 1 групп, 4 швов
2025-11-15 13:15:12,225 - INFO -    - _Линия 084-FC-0708: 1 групп, 4 швов
2025-11-15 13:15:12,225 - INFO -    - _Линия 084-FC-0707: 1 групп, 4 швов
2025-11-15 13:15:12,226 - INFO -    - _Линия 084-FC-0704: 1 групп, 4 швов
2025-11-15 13:15:12,226 - INFO -    - _Линия 084-DR-0751: 1 групп, 4 швов
2025-11-15 13:15:12,226 - INFO -    - _Линия 084-DR-0743: 1 групп, 4 швов
2025-11-15 13:15:12,227 - INFO -    - _Линия 084-DR-0741: 2 групп, 4 швов
2025-11-15 13:15:12,227 - INFO -    - _Линия 084-DR-0730: 2 групп, 4 швов
2025-11-15 13:15:12,228 - INFO -    - _Линия 084-DR-0716: 1 групп, 4 швов
2025-11-15 13:15:12,228 - INFO -    - _Линия 069-LC-0202: 1 групп, 4 швов
2025-11-15 13:15:12,228 - INFO -    - _Линия 087-LC-0620: 1 групп, 3 швов
2025-11-15 13:15:12,228 - INFO -    - _Линия 087-LC-0614: 1 групп, 3 швов
2025-11-15 13:15:12,229 - INFO -    - _Линия 087-LC-0613: 1 групп, 3 швов
2025-11-15 13:15:12,229 - INFO -    - _Линия 087-LC-0612: 1 групп, 3 швов
2025-11-15 13:15:12,229 - INFO -    - _Линия 087-LC-0611: 1 групп, 3 швов
2025-11-15 13:15:12,230 - INFO -    - _Линия 087-FLL-0611: 1 групп, 3 швов
2025-11-15 13:15:12,230 - INFO -    - _Линия 087-FLL-0610: 1 групп, 3 швов
2025-11-15 13:15:12,231 - INFO -    - _Линия 087-FLL-0609: 1 групп, 3 швов
2025-11-15 13:15:12,231 - INFO -    - _Линия 087-DN-0604: 2 групп, 3 швов
2025-11-15 13:15:12,232 - INFO -    - _Линия 087-DN-0603: 2 групп, 3 швов
2025-11-15 13:15:12,232 - INFO -    - _Линия 084-ST-0725: 1 групп, 3 швов
2025-11-15 13:15:12,233 - INFO -    - _Линия 084-ST-0724: 1 групп, 3 швов
2025-11-15 13:15:12,233 - INFO -    - _Линия 084-ST-0721: 2 групп, 3 швов
2025-11-15 13:15:12,234 - INFO -    - _Линия 084-ST-0719: 2 групп, 3 швов
2025-11-15 13:15:12,235 - INFO -    - _Линия 084-SSB-0721: 1 групп, 3 швов
2025-11-15 13:15:12,235 - INFO -    - _Линия 084-MFG-0719: 1 групп, 3 швов
2025-11-15 13:15:12,235 - INFO -    - _Линия 084-MFG-0710: 1 групп, 3 швов
2025-11-15 13:15:12,236 - INFO -    - _Линия 084-LI-0707: 1 групп, 3 швов
2025-11-15 13:15:12,236 - INFO -    - _Линия 084-LI-0706: 1 групп, 3 швов
2025-11-15 13:15:12,236 - INFO -    - _Линия 084-FR-0709: 1 групп, 3 швов
2025-11-15 13:15:12,237 - INFO -    - _Линия 084-FR-0708: 2 групп, 3 швов
2025-11-15 13:15:12,237 - INFO -    - _Линия 084-FL-0730: 1 групп, 3 швов
2025-11-15 13:15:12,237 - INFO -    - _Линия 084-FH-0743: 1 групп, 3 швов
2025-11-15 13:15:12,237 - INFO -    - _Линия 084-FH-0723: 1 групп, 3 швов
2025-11-15 13:15:12,238 - INFO -    - _Линия 084-FH-0709: 2 групп, 3 швов
2025-11-15 13:15:12,238 - INFO -    - _Линия 084-FH-0705: 3 групп, 3 швов
2025-11-15 13:15:12,238 - INFO -    - _Линия 084-FC-0724: 1 групп, 3 швов
2025-11-15 13:15:12,239 - INFO -    - _Линия 084-FC-0723: 1 групп, 3 швов
2025-11-15 13:15:12,239 - INFO -    - _Линия 084-DR-0750: 1 групп, 3 швов
2025-11-15 13:15:12,239 - INFO -    - _Линия 069-LC-0201: 3 групп, 3 швов
2025-11-15 13:15:12,239 - INFO -    - _Линия 033-DW-0016: 1 групп, 3 швов
2025-11-15 13:15:12,240 - INFO -    - _Линия 087-MFG-0612: 2 групп, 2 швов
2025-11-15 13:15:12,240 - INFO -    - _Линия 087-MFG-0611: 2 групп, 2 швов
2025-11-15 13:15:12,240 - INFO -    - _Линия 087-FLL-0608: 1 групп, 2 швов
2025-11-15 13:15:12,241 - INFO -    - _Линия 087-FLL-0607: 1 групп, 2 швов
2025-11-15 13:15:12,241 - INFO -    - _Линия 087-FLL-0606: 2 групп, 2 швов
2025-11-15 13:15:12,242 - INFO -    - _Линия 084-ST-0732: 1 групп, 2 швов
2025-11-15 13:15:12,242 - INFO -    - _Линия 084-ST-0731: 1 групп, 2 швов
2025-11-15 13:15:12,242 - INFO -    - _Линия 084-ST-0730: 1 групп, 2 швов
2025-11-15 13:15:12,243 - INFO -    - _Линия 084-FR-0726: 1 групп, 2 швов
2025-11-15 13:15:12,243 - INFO -    - _Линия 084-FR-0719: 1 групп, 2 швов
2025-11-15 13:15:12,243 - INFO -    - _Линия 084-FR-0704: 2 групп, 2 швов
2025-11-15 13:15:12,244 - INFO -    - _Линия 084-FL-0711: 2 групп, 2 швов
2025-11-15 13:15:12,244 - INFO -    - _Линия 084-FL-0709: 2 групп, 2 швов
2025-11-15 13:15:12,244 - INFO -    - _Линия 084-FL-0708: 2 групп, 2 швов
2025-11-15 13:15:12,245 - INFO -    - _Линия 084-FH-0734: 2 групп, 2 швов
2025-11-15 13:15:12,245 - INFO -    - _Линия 084-FH-0725: 1 групп, 2 швов
2025-11-15 13:15:12,245 - INFO -    - _Линия 084-FH-0721: 1 групп, 2 швов
2025-11-15 13:15:12,246 - INFO -    - _Линия 084-FC-0738: 2 групп, 2 швов
2025-11-15 13:15:12,246 - INFO -    - _Линия 084-FC-0737: 2 групп, 2 швов
2025-11-15 13:15:12,246 - INFO -    - _Линия 084-FC-0736: 2 групп, 2 швов
2025-11-15 13:15:12,247 - INFO -    - _Линия 084-FC-0730: 2 групп, 2 швов
2025-11-15 13:15:12,247 - INFO -    - _Линия 084-FC-0729: 2 групп, 2 швов
2025-11-15 13:15:12,247 - INFO -    - _Линия 084-FC-0727: 2 групп, 2 швов
2025-11-15 13:15:12,248 - INFO -    - _Линия 084-FC-0702: 2 групп, 2 швов
2025-11-15 13:15:12,248 - INFO -    - _Линия 084-DR-0738: 1 групп, 2 швов
2025-11-15 13:15:12,248 - INFO -    - _Линия 084-DR-0737: 1 групп, 2 швов
2025-11-15 13:15:12,249 - INFO -    - _Линия 084-MFG-0728: 1 групп, 1 швов
2025-11-15 13:15:12,249 - INFO -    - _Линия 084-MFG-0711: 1 групп, 1 швов
2025-11-15 13:15:12,249 - INFO -    - _Линия 084-MFG-0707: 1 групп, 1 швов
2025-11-15 13:15:12,249 - INFO -    - _Линия 084-FR-0716: 1 групп, 1 швов
2025-11-15 13:15:12,250 - INFO -    - _Линия 084-FR-0715: 1 групп, 1 швов
2025-11-15 13:15:12,250 - INFO -    - _Линия 084-FR-0711: 1 групп, 1 швов
2025-11-15 13:15:12,250 - INFO -    - _Линия 084-FR-0705: 1 групп, 1 швов
2025-11-15 13:15:12,250 - INFO -    - _Линия 084-FR-0701: 1 групп, 1 швов
2025-11-15 13:15:12,251 - INFO -    - _Линия 084-FL-0721: 1 групп, 1 швов
2025-11-15 13:15:12,251 - INFO -    - _Линия 084-FL-0720: 1 групп, 1 швов
2025-11-15 13:15:12,251 - INFO -    - _Линия 084-FH-0730: 1 групп, 1 швов
2025-11-15 13:15:12,251 - INFO -    - _Линия 084-FH-0728: 1 групп, 1 швов
2025-11-15 13:15:12,252 - INFO -    - _Линия 084-FH-0700: 1 групп, 1 швов
2025-11-15 13:15:12,252 - INFO -    - _Линия 084-DR-0718: 1 групп, 1 швов
2025-11-15 13:15:12,252 - INFO -    - _Линия 084-DR-0715: 1 групп, 1 швов
2025-11-15 13:15:12,253 - INFO -    - _Линия 084-PA-0701: 1 групп, 0 швов
2025-11-15 13:15:12,253 - INFO -    - _Линия 084-DW-0702: 1 групп, 0 швов
2025-11-15 13:15:12,254 - INFO - ============================================================
2025-11-15 13:15:12,254 - INFO - ИТОГОВЫЙ ОТЧЕТ СОЗДАНИЯ ТАБЛИЦЫ СВАРЕНО_СВАРЩИКОМ
2025-11-15 13:15:12,254 - INFO - ============================================================
2025-11-15 13:15:12,254 - INFO - 📊 Статистика:
2025-11-15 13:15:12,255 - INFO -    - Всего записей в wl_china: 14183
2025-11-15 13:15:12,255 - INFO -    - Создано групп: 1310
2025-11-15 13:15:12,255 - INFO -    - Ошибок: 0
2025-11-15 13:15:12,255 - INFO - ============================================================
2025-11-15 13:15:12,255 - INFO - ✅ Таблица сварено_сварщиком создана успешно!
2025-11-15 13:15:12,260 - INFO - 🔌 Соединение с базой данных закрыто
